[2016-07-05 14:19:11] error.ERROR: [516:Failed opening controller script /Users/zhouhong/xianrou/yaframe/application/modules/Coffer/controllers/Order.php: Undefined error: 0]	[/Users/zhouhong/xianrou/yaframe/application/controllers/Error.php:19] [] []
[2016-07-05 14:19:49] error.ERROR: [516:Failed opening controller script /Users/zhouhong/xianrou/yaframe/application/modules/Coffer/controllers/Order.php: Undefined error: 0]	[/Users/zhouhong/xianrou/yaframe/application/controllers/Error.php:19] [] []
[2016-07-05 14:22:37] error.ERROR: [516:Failed opening controller script /Users/zhouhong/xianrou/yaframe/application/modules/Coffer/controllers/Order.php: Undefined error: 0]	[/Users/zhouhong/xianrou/yaframe/application/controllers/Error.php:19] [] []
[2016-07-05 14:23:16] error.ERROR: [516:Failed opening controller script /Users/zhouhong/xianrou/yaframe/application/modules/Coffer/controllers/Order.php: Undefined error: 0]	[/Users/zhouhong/xianrou/yaframe/application/controllers/Error.php:19] [] []
[2016-07-05 14:28:53] error.ERROR: [516:Failed opening controller script /Users/zhouhong/xianrou/yaframe/application/modules/Coffer/controllers/Order.php: Undefined error: 0]	[/Users/zhouhong/xianrou/yaframe/application/controllers/Error.php:19] [] []
[2016-07-05 14:31:07] error.ERROR: [516:Failed opening controller script /Users/zhouhong/xianrou/yaframe/application/modules/Coffer/controllers/Order.php: Undefined error: 0]	[/Users/zhouhong/xianrou/yaframe/application/controllers/Error.php:19] [] []
[2016-07-05 14:31:53] error.ERROR: [516:Failed opening controller script /Users/zhouhong/xianrou/yaframe/application/modules/Coffer/controllers/Order.php: Undefined error: 0]	[/Users/zhouhong/xianrou/yaframe/application/controllers/Error.php:19] [] []
[2016-07-05 14:31:58] error.ERROR: [516:Failed opening controller script /Users/zhouhong/xianrou/yaframe/application/modules/Coffer/controllers/Order.php: Undefined error: 0]	[/Users/zhouhong/xianrou/yaframe/application/controllers/Error.php:19] [] []
[2016-07-05 14:33:31] error.ERROR: [516:Failed opening controller script /Users/zhouhong/xianrou/yaframe/application/modules/Coffer/controllers/Order.php: Undefined error: 0]	[/Users/zhouhong/xianrou/yaframe/application/controllers/Error.php:19] [] []
[2016-07-05 14:42:35] error.ERROR: [516:Failed opening controller script /Users/zhouhong/xianrou/yaframe/application/modules/Coffer/controllers/Order.php: Undefined error: 0]	[/Users/zhouhong/xianrou/yaframe/application/controllers/Error.php:19] [] []
[2016-07-05 14:43:53] error.ERROR: [516:Failed opening controller script /Users/zhouhong/xianrou/yaframe/application/modules/Coffer/controllers/Order.php: Undefined error: 0]	[/Users/zhouhong/xianrou/yaframe/application/controllers/Error.php:19] [] []
[2016-07-05 14:44:00] error.ERROR: [516:Failed opening controller script /Users/zhouhong/xianrou/yaframe/application/modules/Coffer/controllers/Order.php: Undefined error: 0]	[/Users/zhouhong/xianrou/yaframe/application/controllers/Error.php:19] [] []
[2016-07-05 14:44:04] error.ERROR: [516:Failed opening controller script /Users/zhouhong/xianrou/yaframe/application/modules/Coffer/controllers/Order.php: Undefined error: 0]	[/Users/zhouhong/xianrou/yaframe/application/controllers/Error.php:19] [] []
[2016-07-05 14:45:01] error.ERROR: [1004:参数错误]	[/Users/zhouhong/xianrou/yaframe/application/controllers/Error.php:17] [] []
[2016-07-05 14:45:12] error.ERROR: [1004:参数错误]	[/Users/zhouhong/xianrou/yaframe/application/controllers/Error.php:17] [] []
[2016-07-05 14:45:50] error.ERROR: [516:Failed opening controller script /Users/zhouhong/xianrou/yaframe/application/modules/Coffer/controllers/Order.php: Undefined error: 0]	[/Users/zhouhong/xianrou/yaframe/application/controllers/Error.php:19] [] []
[2016-07-05 14:46:23] error.ERROR: [517:There is no method indexAction in NotifyController]	[/Users/zhouhong/xianrou/yaframe/application/controllers/Error.php:19] [] []
[2016-07-05 14:46:36] error.ERROR: [1004:参数错误]	[/Users/zhouhong/xianrou/yaframe/application/controllers/Error.php:17] [] []
[2016-07-05 14:46:44] error.ERROR: [516:Failed opening controller script /Users/zhouhong/xianrou/yaframe/application/modules/Coffer/controllers/Order.php: Undefined error: 0]	[/Users/zhouhong/xianrou/yaframe/application/controllers/Error.php:19] [] []
[2016-07-05 14:47:15] error.ERROR: [1004:参数错误]	[/Users/zhouhong/xianrou/yaframe/application/controllers/Error.php:17] [] []
[2016-07-05 14:48:11] error.ERROR: [1004:参数错误]	[/Users/zhouhong/xianrou/yaframe/application/controllers/Error.php:17] [] []
[2016-07-05 14:48:16] error.ERROR: [1004:参数错误]	[/Users/zhouhong/xianrou/yaframe/application/controllers/Error.php:17] [] []
[2016-07-05 14:48:34] error.ERROR: [1004:参数错误]	[/Users/zhouhong/xianrou/yaframe/application/controllers/Error.php:17] [] []
[2016-07-05 14:48:40] error.ERROR: [1004:参数错误]	[/Users/zhouhong/xianrou/yaframe/application/controllers/Error.php:17] [] []
[2016-07-05 14:50:47] error.ERROR: [1004:参数错误]	[/Users/zhouhong/xianrou/yaframe/application/controllers/Error.php:17] [] []
[2016-07-05 14:51:40] error.ERROR: [0:Call to undefined method Illuminate\Database\Query\Builder::toArray()]	[/Users/zhouhong/xianrou/yaframe/application/controllers/Error.php:19] [] []
[2016-07-05 14:52:15] error.ERROR: [0:Call to undefined method Illuminate\Database\Query\Builder::toArray()]	[/Users/zhouhong/xianrou/yaframe/application/controllers/Error.php:19] [] []
[2016-07-05 14:52:16] error.ERROR: [0:Call to undefined method Illuminate\Database\Query\Builder::toArray()]	[/Users/zhouhong/xianrou/yaframe/application/controllers/Error.php:19] [] []
[2016-07-05 14:52:58] error.ERROR: [0:Call to undefined method Illuminate\Database\Query\Builder::toArray()]	[/Users/zhouhong/xianrou/yaframe/application/controllers/Error.php:19] [] []
[2016-07-05 14:53:30] error.ERROR: [0:Call to undefined method Illuminate\Database\Query\Builder::toArray()]	[/Users/zhouhong/xianrou/yaframe/application/controllers/Error.php:19] [] []
[2016-07-05 14:55:29] error.ERROR: [0:Call to undefined method Illuminate\Database\Query\Builder::toArray()]	[/Users/zhouhong/xianrou/yaframe/application/controllers/Error.php:19] [] []
[2016-07-05 14:56:36] error.ERROR: [42:SQLSTATE[42S22]: Column not found: 1054 Unknown column 'status' in 'where clause' (SQL: select * from `user_address` where `id` = 0 and `status` = 1 limit 1)]	[/Users/zhouhong/xianrou/yaframe/application/controllers/Error.php:19] [] []
