[2016-07-04 17:00:34] error.ERROR: [23000:SQLSTATE[23000]: Integrity constraint violation: 1048 Column 'user_id' cannot be null (SQL: insert into `share` (`product_id`, `type_id`, `user_id`, `price`, `status`) values (9, 50, , 10000, 1))]	[/Users/zhouhong/xianrou/yaframe/application/controllers/Error.php:19] [] []
[2016-07-04 17:02:46] error.ERROR: [1004:参数错误]	[/Users/zhouhong/xianrou/yaframe/application/controllers/Error.php:17] [] []
[2016-07-04 17:03:00] error.ERROR: [1004:参数错误]	[/Users/zhouhong/xianrou/yaframe/application/controllers/Error.php:17] [] []
[2016-07-04 17:03:07] error.ERROR: [1004:参数错误]	[/Users/zhouhong/xianrou/yaframe/application/controllers/Error.php:17] [] []
[2016-07-04 17:12:43] error.ERROR: [23000:SQLSTATE[23000]: Integrity constraint violation: 1048 Column 'user_id' cannot be null (SQL: insert into `share` (`product_id`, `type_id`, `user_id`, `price`, `status`) values (10, 50, , 10000, 1))]	[/Users/zhouhong/xianrou/yaframe/application/controllers/Error.php:19] [] []
[2016-07-04 17:13:37] error.ERROR: [10002:上传图片失败]	[/Users/zhouhong/xianrou/yaframe/application/controllers/Error.php:17] [] []
[2016-07-04 17:13:54] error.ERROR: [10002:上传图片失败]	[/Users/zhouhong/xianrou/yaframe/application/controllers/Error.php:17] [] []
[2016-07-04 17:23:39] error.ERROR: [8100:Cannot find uploaded file(s) identified by key: cover]	[/Users/zhouhong/xianrou/yaframe/application/controllers/Error.php:17] [] []
[2016-07-04 17:23:44] error.ERROR: [8100:Cannot find uploaded file(s) identified by key: cover]	[/Users/zhouhong/xianrou/yaframe/application/controllers/Error.php:17] [] []
[2016-07-04 17:30:24] error.ERROR: [1004:参数错误]	[/Users/zhouhong/xianrou/yaframe/application/controllers/Error.php:17] [] []
[2016-07-04 17:44:45] error.ERROR: [10002:上传图片失败]	[/Users/zhouhong/xianrou/yaframe/application/controllers/Error.php:17] [] []
[2016-07-04 17:45:11] error.ERROR: [10002:上传图片失败]	[/Users/zhouhong/xianrou/yaframe/application/controllers/Error.php:17] [] []
[2016-07-04 17:45:26] error.ERROR: [10002:上传图片失败]	[/Users/zhouhong/xianrou/yaframe/application/controllers/Error.php:17] [] []
[2016-07-04 17:45:33] error.ERROR: [10002:上传图片失败]	[/Users/zhouhong/xianrou/yaframe/application/controllers/Error.php:17] [] []
[2016-07-04 17:45:40] error.ERROR: [10002:上传图片失败]	[/Users/zhouhong/xianrou/yaframe/application/controllers/Error.php:17] [] []
[2016-07-04 17:45:45] error.ERROR: [10002:上传图片失败]	[/Users/zhouhong/xianrou/yaframe/application/controllers/Error.php:17] [] []
[2016-07-04 17:45:47] error.ERROR: [10002:上传图片失败]	[/Users/zhouhong/xianrou/yaframe/application/controllers/Error.php:17] [] []
[2016-07-04 17:46:51] error.ERROR: [10002:上传图片失败]	[/Users/zhouhong/xianrou/yaframe/application/controllers/Error.php:17] [] []
[2016-07-04 17:47:25] error.ERROR: [10002:上传图片失败]	[/Users/zhouhong/xianrou/yaframe/application/controllers/Error.php:17] [] []
[2016-07-04 17:47:44] error.ERROR: [10002:上传图片失败]	[/Users/zhouhong/xianrou/yaframe/application/controllers/Error.php:17] [] []
[2016-07-04 17:54:57] error.ERROR: [10002:上传图片失败]	[/Users/zhouhong/xianrou/yaframe/application/controllers/Error.php:17] [] []
[2016-07-04 17:58:44] error.ERROR: [23000:SQLSTATE[23000]: Integrity constraint violation: 1048 Column 'share_id' cannot be null (SQL: insert into `image` (`share_id`, `album_id`, `user_id`, `image_o`, `image_a`, `image_b`, `image_c`, `image_d`, `image_e`, `image_f`, `image_g`, `image_x`, `image_width`, `image_height`, `status`, `file_name`, `file_ext`, `mime_type`, `file_size`, `hash_key`) values (, , , , , , , , , , , , , , 1, , , , , ))]	[/Users/zhouhong/xianrou/yaframe/application/controllers/Error.php:19] [] []
