[2016-06-30 16:27:32] error.WARNING: [520:Could not find class ProductinfoController in controller script /Users/zhouhong/xianrou/yaframe/application/modules/Warehouse/controllers/Productinfo.php]	[/Users/zhouhong/xianrou/yaframe/application/controllers/Error.php:19] [] []
[2016-06-30 16:27:32] error.ERROR: [520:Could not find class ProductinfoController in controller script /Users/zhouhong/xianrou/yaframe/application/modules/Warehouse/controllers/Productinfo.php]	[/Users/zhouhong/xianrou/yaframe/application/controllers/Error.php:19] [] []
[2016-06-30 16:27:58] error.WARNING: [520:Could not find class ProductinfoController in controller script /Users/zhouhong/xianrou/yaframe/application/modules/Warehouse/controllers/Productinfo.php]	[/Users/zhouhong/xianrou/yaframe/application/controllers/Error.php:19] [] []
[2016-06-30 16:27:58] error.ERROR: [520:Could not find class ProductinfoController in controller script /Users/zhouhong/xianrou/yaframe/application/modules/Warehouse/controllers/Productinfo.php]	[/Users/zhouhong/xianrou/yaframe/application/controllers/Error.php:19] [] []
[2016-06-30 16:33:40] error.WARNING: [1004:参数错误]	[/Users/zhouhong/xianrou/yaframe/application/controllers/Error.php:17] [] []
[2016-06-30 16:33:40] error.ERROR: [1004:参数错误]	[/Users/zhouhong/xianrou/yaframe/application/controllers/Error.php:17] [] []
[2016-06-30 16:34:17] error.WARNING: [10000:非法类型]	[/Users/zhouhong/xianrou/yaframe/application/controllers/Error.php:17] [] []
[2016-06-30 16:34:17] error.ERROR: [10000:非法类型]	[/Users/zhouhong/xianrou/yaframe/application/controllers/Error.php:17] [] []
[2016-06-30 16:34:29] error.WARNING: [10000:非法类型]	[/Users/zhouhong/xianrou/yaframe/application/controllers/Error.php:17] [] []
[2016-06-30 16:34:29] error.ERROR: [10000:非法类型]	[/Users/zhouhong/xianrou/yaframe/application/controllers/Error.php:17] [] []
[2016-06-30 16:34:31] error.WARNING: [10000:非法类型]	[/Users/zhouhong/xianrou/yaframe/application/controllers/Error.php:17] [] []
[2016-06-30 16:34:31] error.ERROR: [10000:非法类型]	[/Users/zhouhong/xianrou/yaframe/application/controllers/Error.php:17] [] []
[2016-06-30 16:34:36] error.WARNING: [10000:非法类型]	[/Users/zhouhong/xianrou/yaframe/application/controllers/Error.php:17] [] []
[2016-06-30 16:34:36] error.ERROR: [10000:非法类型]	[/Users/zhouhong/xianrou/yaframe/application/controllers/Error.php:17] [] []
[2016-06-30 16:35:00] error.WARNING: [10001:请认证后再操作]	[/Users/zhouhong/xianrou/yaframe/application/controllers/Error.php:17] [] []
[2016-06-30 16:35:00] error.ERROR: [10001:请认证后再操作]	[/Users/zhouhong/xianrou/yaframe/application/controllers/Error.php:17] [] []
[2016-06-30 16:35:08] error.WARNING: [10000:非法类型]	[/Users/zhouhong/xianrou/yaframe/application/controllers/Error.php:17] [] []
[2016-06-30 16:35:08] error.ERROR: [10000:非法类型]	[/Users/zhouhong/xianrou/yaframe/application/controllers/Error.php:17] [] []
[2016-06-30 16:37:46] error.WARNING: [8100:Cannot find uploaded file(s) identified by key: cover]	[/Users/zhouhong/xianrou/yaframe/application/controllers/Error.php:17] [] []
[2016-06-30 16:37:46] error.ERROR: [8100:Cannot find uploaded file(s) identified by key: cover]	[/Users/zhouhong/xianrou/yaframe/application/controllers/Error.php:17] [] []
[2016-06-30 16:40:13] error.WARNING: [22001:SQLSTATE[22001]: String data, right truncated: 1406 Data too long for column 'product_sn' at row 1 (SQL: insert into `product_info` (`catalog_id`, `product_version`, `product_attr`, `product_number`, `product_name`, `product_type`, `market_price`, `product_price`, `product_discount_fee`, `product_image`, `product_sn`) values (1, 1, , 1, 2, 51, 2, 2, 2, 230, CF61AC6E-A65C-7524-1400-D286E579FEB4))]	[/Users/zhouhong/xianrou/yaframe/application/controllers/Error.php:19] [] []
[2016-06-30 16:40:13] error.ERROR: [22001:SQLSTATE[22001]: String data, right truncated: 1406 Data too long for column 'product_sn' at row 1 (SQL: insert into `product_info` (`catalog_id`, `product_version`, `product_attr`, `product_number`, `product_name`, `product_type`, `market_price`, `product_price`, `product_discount_fee`, `product_image`, `product_sn`) values (1, 1, , 1, 2, 51, 2, 2, 2, 230, CF61AC6E-A65C-7524-1400-D286E579FEB4))]	[/Users/zhouhong/xianrou/yaframe/application/controllers/Error.php:19] [] []
[2016-06-30 16:41:50] error.WARNING: [23000:SQLSTATE[23000]: Integrity constraint violation: 1048 Column 'image_id' cannot be null (SQL: insert into `product_image_relation` (`product_id`, `image_id`, `status`) values (1, , 1))]	[/Users/zhouhong/xianrou/yaframe/application/controllers/Error.php:19] [] []
[2016-06-30 16:41:50] error.ERROR: [23000:SQLSTATE[23000]: Integrity constraint violation: 1048 Column 'image_id' cannot be null (SQL: insert into `product_image_relation` (`product_id`, `image_id`, `status`) values (1, , 1))]	[/Users/zhouhong/xianrou/yaframe/application/controllers/Error.php:19] [] []
