[2016-07-08 16:00:04] error.ERROR: 8 IN FILE /Users/zhouhong/xianrou/yaframe/application/Bootstrap.php ON LINE 147 {"Undefined index: ffmpeg":8} []
[2016-07-08 16:00:04] error.ERROR: 8 IN FILE /Users/zhouhong/xianrou/yaframe/application/Bootstrap.php ON LINE 148 {"Undefined index: ffprobe":8} []
[2016-07-08 16:00:04] error.ERROR: 2 IN FILE /Users/zhouhong/xianrou/yaframe/library/Sphinx/SphinxClient.php ON LINE 232 {"assert(): assert(is_int($port)) failed":2} []
[2016-07-08 16:00:04] error.ERROR: 8 IN FILE /Users/zhouhong/xianrou/yaframe/library/Http/BasicRequest.php ON LINE 67 {"Undefined index: HTTP_SIGN":8} []
[2016-07-08 16:00:04] error.ERROR: 8 IN FILE /Users/zhouhong/xianrou/yaframe/library/Http/BasicRequest.php ON LINE 68 {"Undefined index: HTTP_VERSION":8} []
[2016-07-08 16:00:04] error.ERROR: 8 IN FILE /Users/zhouhong/xianrou/yaframe/library/Http/BasicRequest.php ON LINE 69 {"Undefined index: HTTP_TIMESTAMP":8} []
[2016-07-08 16:00:04] error.ERROR: 2 IN FILE /Users/zhouhong/xianrou/yaframe/application/models/Warehouse/ProductInfoData.php ON LINE 448 {"Declaration of Warehouse\\ProductInfoDataModel::getData($params) should be compatible with Common\\BaseModel::getData($params = Array, $columns = Array, $order = Array, $toArray = true)":2} []
[2016-07-08 16:00:04] error.ERROR: 8 IN FILE /Users/zhouhong/xianrou/yaframe/library/Uploader/Imager.php ON LINE 68 {"Undefined variable: leftWidth":8} []
[2016-07-08 16:00:08] error.ERROR: 8 IN FILE /Users/zhouhong/xianrou/yaframe/library/Uploader/Imager.php ON LINE 68 {"Undefined variable: leftWidth":8} []
[2016-07-08 16:00:10] error.ERROR: 8 IN FILE /Users/zhouhong/xianrou/yaframe/application/models/Warehouse/ProductInfoData.php ON LINE 59 {"Undefined index: product_id":8} []
[2016-07-08 16:00:10] error.ERROR: 8 IN FILE /Users/zhouhong/xianrou/yaframe/library/Sphinx/SphinxClient.php ON LINE 195 {"Undefined property: Sphinx\\SphinxClient::$_socket":8} []
[2016-07-08 16:00:10] error.ERROR: 8 IN FILE /Users/zhouhong/xianrou/yaframe/library/Sphinx/SphinxClient.php ON LINE 196 {"Undefined property: Sphinx\\SphinxClient::$_socket":8} []
[2016-07-08 16:00:10] error.ERROR: 2 IN FILE /Users/zhouhong/xianrou/yaframe/library/Sphinx/SphinxClient.php ON LINE 196 {"fclose() expects parameter 1 to be resource, null given":2} []
[2016-07-08 16:00:48] error.ERROR: 8 IN FILE /Users/zhouhong/xianrou/yaframe/application/Bootstrap.php ON LINE 147 {"Undefined index: ffmpeg":8} []
[2016-07-08 16:00:48] error.ERROR: 8 IN FILE /Users/zhouhong/xianrou/yaframe/application/Bootstrap.php ON LINE 148 {"Undefined index: ffprobe":8} []
[2016-07-08 16:00:48] error.ERROR: 2 IN FILE /Users/zhouhong/xianrou/yaframe/library/Sphinx/SphinxClient.php ON LINE 232 {"assert(): assert(is_int($port)) failed":2} []
[2016-07-08 16:00:48] error.ERROR: 8 IN FILE /Users/zhouhong/xianrou/yaframe/library/Http/BasicRequest.php ON LINE 67 {"Undefined index: HTTP_SIGN":8} []
[2016-07-08 16:00:48] error.ERROR: 8 IN FILE /Users/zhouhong/xianrou/yaframe/library/Http/BasicRequest.php ON LINE 68 {"Undefined index: HTTP_VERSION":8} []
[2016-07-08 16:00:48] error.ERROR: 8 IN FILE /Users/zhouhong/xianrou/yaframe/library/Http/BasicRequest.php ON LINE 69 {"Undefined index: HTTP_TIMESTAMP":8} []
[2016-07-08 16:00:49] error.ERROR: 2 IN FILE /Users/zhouhong/xianrou/yaframe/application/models/Warehouse/ProductInfoData.php ON LINE 448 {"Declaration of Warehouse\\ProductInfoDataModel::getData($params) should be compatible with Common\\BaseModel::getData($params = Array, $columns = Array, $order = Array, $toArray = true)":2} []
[2016-07-08 16:00:49] error.ERROR: 8 IN FILE /Users/zhouhong/xianrou/yaframe/library/Uploader/Imager.php ON LINE 68 {"Undefined variable: leftWidth":8} []
[2016-07-08 16:00:53] error.ERROR: 8 IN FILE /Users/zhouhong/xianrou/yaframe/library/Uploader/Imager.php ON LINE 68 {"Undefined variable: leftWidth":8} []
[2016-07-08 16:00:55] error.ERROR: 8 IN FILE /Users/zhouhong/xianrou/yaframe/application/models/Warehouse/ProductInfoData.php ON LINE 59 {"Undefined index: product_id":8} []
[2016-07-08 16:00:55] error.ERROR: 8 IN FILE /Users/zhouhong/xianrou/yaframe/library/Sphinx/SphinxClient.php ON LINE 195 {"Undefined property: Sphinx\\SphinxClient::$_socket":8} []
[2016-07-08 16:00:55] error.ERROR: 8 IN FILE /Users/zhouhong/xianrou/yaframe/library/Sphinx/SphinxClient.php ON LINE 196 {"Undefined property: Sphinx\\SphinxClient::$_socket":8} []
[2016-07-08 16:00:55] error.ERROR: 2 IN FILE /Users/zhouhong/xianrou/yaframe/library/Sphinx/SphinxClient.php ON LINE 196 {"fclose() expects parameter 1 to be resource, null given":2} []
[2016-07-08 16:01:39] error.ERROR: 8 IN FILE /Users/zhouhong/xianrou/yaframe/application/Bootstrap.php ON LINE 147 {"Undefined index: ffmpeg":8} []
[2016-07-08 16:01:39] error.ERROR: 8 IN FILE /Users/zhouhong/xianrou/yaframe/application/Bootstrap.php ON LINE 148 {"Undefined index: ffprobe":8} []
[2016-07-08 16:01:39] error.ERROR: 2 IN FILE /Users/zhouhong/xianrou/yaframe/library/Sphinx/SphinxClient.php ON LINE 232 {"assert(): assert(is_int($port)) failed":2} []
[2016-07-08 16:01:39] error.ERROR: 8 IN FILE /Users/zhouhong/xianrou/yaframe/library/Http/BasicRequest.php ON LINE 67 {"Undefined index: HTTP_SIGN":8} []
[2016-07-08 16:01:39] error.ERROR: 8 IN FILE /Users/zhouhong/xianrou/yaframe/library/Http/BasicRequest.php ON LINE 68 {"Undefined index: HTTP_VERSION":8} []
[2016-07-08 16:01:39] error.ERROR: 8 IN FILE /Users/zhouhong/xianrou/yaframe/library/Http/BasicRequest.php ON LINE 69 {"Undefined index: HTTP_TIMESTAMP":8} []
[2016-07-08 16:01:39] error.ERROR: 2 IN FILE /Users/zhouhong/xianrou/yaframe/application/models/Warehouse/ProductInfoData.php ON LINE 448 {"Declaration of Warehouse\\ProductInfoDataModel::getData($params) should be compatible with Common\\BaseModel::getData($params = Array, $columns = Array, $order = Array, $toArray = true)":2} []
[2016-07-08 16:01:39] error.ERROR: 8 IN FILE /Users/zhouhong/xianrou/yaframe/library/Uploader/Imager.php ON LINE 68 {"Undefined variable: leftWidth":8} []
[2016-07-08 16:01:43] error.ERROR: 8 IN FILE /Users/zhouhong/xianrou/yaframe/library/Uploader/Imager.php ON LINE 68 {"Undefined variable: leftWidth":8} []
[2016-07-08 16:01:45] error.ERROR: 8 IN FILE /Users/zhouhong/xianrou/yaframe/application/models/Warehouse/ProductInfoData.php ON LINE 59 {"Undefined index: product_id":8} []
[2016-07-08 16:01:45] error.ERROR: 8 IN FILE /Users/zhouhong/xianrou/yaframe/library/Sphinx/SphinxClient.php ON LINE 195 {"Undefined property: Sphinx\\SphinxClient::$_socket":8} []
[2016-07-08 16:01:45] error.ERROR: 8 IN FILE /Users/zhouhong/xianrou/yaframe/library/Sphinx/SphinxClient.php ON LINE 196 {"Undefined property: Sphinx\\SphinxClient::$_socket":8} []
[2016-07-08 16:01:45] error.ERROR: 2 IN FILE /Users/zhouhong/xianrou/yaframe/library/Sphinx/SphinxClient.php ON LINE 196 {"fclose() expects parameter 1 to be resource, null given":2} []
[2016-07-08 16:07:19] error.ERROR: 8 IN FILE /Users/zhouhong/xianrou/yaframe/application/Bootstrap.php ON LINE 147 {"Undefined index: ffmpeg":8} []
[2016-07-08 16:07:19] error.ERROR: 8 IN FILE /Users/zhouhong/xianrou/yaframe/application/Bootstrap.php ON LINE 148 {"Undefined index: ffprobe":8} []
[2016-07-08 16:07:19] error.ERROR: 2 IN FILE /Users/zhouhong/xianrou/yaframe/library/Sphinx/SphinxClient.php ON LINE 232 {"assert(): assert(is_int($port)) failed":2} []
[2016-07-08 16:07:19] error.ERROR: 8 IN FILE /Users/zhouhong/xianrou/yaframe/library/Http/BasicRequest.php ON LINE 67 {"Undefined index: HTTP_SIGN":8} []
[2016-07-08 16:07:19] error.ERROR: 8 IN FILE /Users/zhouhong/xianrou/yaframe/library/Http/BasicRequest.php ON LINE 68 {"Undefined index: HTTP_VERSION":8} []
[2016-07-08 16:07:19] error.ERROR: 8 IN FILE /Users/zhouhong/xianrou/yaframe/library/Http/BasicRequest.php ON LINE 69 {"Undefined index: HTTP_TIMESTAMP":8} []
[2016-07-08 16:07:19] error.ERROR: 2 IN FILE /Users/zhouhong/xianrou/yaframe/application/models/Warehouse/ProductInfoData.php ON LINE 447 {"Declaration of Warehouse\\ProductInfoDataModel::getData($params) should be compatible with Common\\BaseModel::getData($params = Array, $columns = Array, $order = Array, $toArray = true)":2} []
[2016-07-08 16:07:19] error.ERROR: 8 IN FILE /Users/zhouhong/xianrou/yaframe/library/Uploader/Imager.php ON LINE 68 {"Undefined variable: leftWidth":8} []
[2016-07-08 16:07:24] error.ERROR: 8 IN FILE /Users/zhouhong/xianrou/yaframe/library/Uploader/Imager.php ON LINE 68 {"Undefined variable: leftWidth":8} []
[2016-07-08 16:07:26] error.ERROR: 8 IN FILE /Users/zhouhong/xianrou/yaframe/application/models/Warehouse/ProductInfoData.php ON LINE 59 {"Undefined index: product_id":8} []
[2016-07-08 16:07:26] error.ERROR: 8 IN FILE /Users/zhouhong/xianrou/yaframe/library/Http/BasicRequest.php ON LINE 67 {"Undefined index: HTTP_SIGN":8} []
[2016-07-08 16:07:26] error.ERROR: 8 IN FILE /Users/zhouhong/xianrou/yaframe/library/Http/BasicRequest.php ON LINE 68 {"Undefined index: HTTP_VERSION":8} []
[2016-07-08 16:07:26] error.ERROR: 8 IN FILE /Users/zhouhong/xianrou/yaframe/library/Http/BasicRequest.php ON LINE 69 {"Undefined index: HTTP_TIMESTAMP":8} []
[2016-07-08 16:07:26] error.ERROR: 8 IN FILE /Users/zhouhong/xianrou/yaframe/library/Exception/ErrorException.php ON LINE 33 {"A non well formed numeric value encountered":8} []
[2016-07-08 16:07:26] error.ERROR: 8 IN FILE /Users/zhouhong/xianrou/yaframe/library/Sphinx/SphinxClient.php ON LINE 195 {"Undefined property: Sphinx\\SphinxClient::$_socket":8} []
[2016-07-08 16:07:26] error.ERROR: 8 IN FILE /Users/zhouhong/xianrou/yaframe/library/Sphinx/SphinxClient.php ON LINE 196 {"Undefined property: Sphinx\\SphinxClient::$_socket":8} []
[2016-07-08 16:07:26] error.ERROR: 2 IN FILE /Users/zhouhong/xianrou/yaframe/library/Sphinx/SphinxClient.php ON LINE 196 {"fclose() expects parameter 1 to be resource, null given":2} []
[2016-07-08 16:11:45] error.ERROR: 8 IN FILE /Users/zhouhong/xianrou/yaframe/application/Bootstrap.php ON LINE 147 {"Undefined index: ffmpeg":8} []
[2016-07-08 16:11:45] error.ERROR: 8 IN FILE /Users/zhouhong/xianrou/yaframe/application/Bootstrap.php ON LINE 148 {"Undefined index: ffprobe":8} []
[2016-07-08 16:11:45] error.ERROR: 2 IN FILE /Users/zhouhong/xianrou/yaframe/library/Sphinx/SphinxClient.php ON LINE 232 {"assert(): assert(is_int($port)) failed":2} []
[2016-07-08 16:11:45] error.ERROR: 8 IN FILE /Users/zhouhong/xianrou/yaframe/library/Http/BasicRequest.php ON LINE 67 {"Undefined index: HTTP_SIGN":8} []
[2016-07-08 16:11:45] error.ERROR: 8 IN FILE /Users/zhouhong/xianrou/yaframe/library/Http/BasicRequest.php ON LINE 68 {"Undefined index: HTTP_VERSION":8} []
[2016-07-08 16:11:45] error.ERROR: 8 IN FILE /Users/zhouhong/xianrou/yaframe/library/Http/BasicRequest.php ON LINE 69 {"Undefined index: HTTP_TIMESTAMP":8} []
[2016-07-08 16:11:45] error.ERROR: 2 IN FILE /Users/zhouhong/xianrou/yaframe/application/models/Warehouse/ProductInfoData.php ON LINE 445 {"Declaration of Warehouse\\ProductInfoDataModel::getData($params) should be compatible with Common\\BaseModel::getData($params = Array, $columns = Array, $order = Array, $toArray = true)":2} []
[2016-07-08 16:11:45] error.ERROR: 8 IN FILE /Users/zhouhong/xianrou/yaframe/library/Uploader/Imager.php ON LINE 68 {"Undefined variable: leftWidth":8} []
[2016-07-08 16:11:50] error.ERROR: 8 IN FILE /Users/zhouhong/xianrou/yaframe/library/Uploader/Imager.php ON LINE 68 {"Undefined variable: leftWidth":8} []
[2016-07-08 16:11:52] error.ERROR: 8 IN FILE /Users/zhouhong/xianrou/yaframe/application/models/Warehouse/ProductInfoData.php ON LINE 58 {"Undefined index: product_id":8} []
[2016-07-08 16:11:52] error.ERROR: 8 IN FILE /Users/zhouhong/xianrou/yaframe/library/Sphinx/SphinxClient.php ON LINE 195 {"Undefined property: Sphinx\\SphinxClient::$_socket":8} []
[2016-07-08 16:11:52] error.ERROR: 8 IN FILE /Users/zhouhong/xianrou/yaframe/library/Sphinx/SphinxClient.php ON LINE 196 {"Undefined property: Sphinx\\SphinxClient::$_socket":8} []
[2016-07-08 16:11:52] error.ERROR: 2 IN FILE /Users/zhouhong/xianrou/yaframe/library/Sphinx/SphinxClient.php ON LINE 196 {"fclose() expects parameter 1 to be resource, null given":2} []
[2016-07-08 16:20:12] error.ERROR: 8 IN FILE /Users/zhouhong/xianrou/yaframe/application/Bootstrap.php ON LINE 147 {"Undefined index: ffmpeg":8} []
[2016-07-08 16:20:12] error.ERROR: 8 IN FILE /Users/zhouhong/xianrou/yaframe/application/Bootstrap.php ON LINE 148 {"Undefined index: ffprobe":8} []
[2016-07-08 16:20:12] error.ERROR: 2 IN FILE /Users/zhouhong/xianrou/yaframe/library/Sphinx/SphinxClient.php ON LINE 232 {"assert(): assert(is_int($port)) failed":2} []
[2016-07-08 16:20:12] error.ERROR: 8 IN FILE /Users/zhouhong/xianrou/yaframe/library/Http/BasicRequest.php ON LINE 67 {"Undefined index: HTTP_SIGN":8} []
[2016-07-08 16:20:12] error.ERROR: 8 IN FILE /Users/zhouhong/xianrou/yaframe/library/Http/BasicRequest.php ON LINE 68 {"Undefined index: HTTP_VERSION":8} []
[2016-07-08 16:20:12] error.ERROR: 8 IN FILE /Users/zhouhong/xianrou/yaframe/library/Http/BasicRequest.php ON LINE 69 {"Undefined index: HTTP_TIMESTAMP":8} []
[2016-07-08 16:20:12] error.ERROR: 2 IN FILE /Users/zhouhong/xianrou/yaframe/application/models/Warehouse/ProductInfoData.php ON LINE 445 {"Declaration of Warehouse\\ProductInfoDataModel::getData($params) should be compatible with Common\\BaseModel::getData($params = Array, $columns = Array, $order = Array, $toArray = true)":2} []
[2016-07-08 16:20:12] error.ERROR: 8 IN FILE /Users/zhouhong/xianrou/yaframe/library/Uploader/Imager.php ON LINE 68 {"Undefined variable: leftWidth":8} []
[2016-07-08 16:20:16] error.ERROR: 8 IN FILE /Users/zhouhong/xianrou/yaframe/library/Uploader/Imager.php ON LINE 68 {"Undefined variable: leftWidth":8} []
[2016-07-08 16:20:18] error.ERROR: 8 IN FILE /Users/zhouhong/xianrou/yaframe/application/models/Warehouse/ProductInfoData.php ON LINE 58 {"Undefined index: product_id":8} []
[2016-07-08 16:20:18] error.ERROR: 8 IN FILE /Users/zhouhong/xianrou/yaframe/library/Sphinx/SphinxClient.php ON LINE 195 {"Undefined property: Sphinx\\SphinxClient::$_socket":8} []
[2016-07-08 16:20:18] error.ERROR: 8 IN FILE /Users/zhouhong/xianrou/yaframe/library/Sphinx/SphinxClient.php ON LINE 196 {"Undefined property: Sphinx\\SphinxClient::$_socket":8} []
[2016-07-08 16:20:18] error.ERROR: 2 IN FILE /Users/zhouhong/xianrou/yaframe/library/Sphinx/SphinxClient.php ON LINE 196 {"fclose() expects parameter 1 to be resource, null given":2} []
[2016-07-08 16:20:48] error.ERROR: 8 IN FILE /Users/zhouhong/xianrou/yaframe/application/Bootstrap.php ON LINE 147 {"Undefined index: ffmpeg":8} []
[2016-07-08 16:20:48] error.ERROR: 8 IN FILE /Users/zhouhong/xianrou/yaframe/application/Bootstrap.php ON LINE 148 {"Undefined index: ffprobe":8} []
[2016-07-08 16:20:48] error.ERROR: 2 IN FILE /Users/zhouhong/xianrou/yaframe/library/Sphinx/SphinxClient.php ON LINE 232 {"assert(): assert(is_int($port)) failed":2} []
[2016-07-08 16:20:48] error.ERROR: 8 IN FILE /Users/zhouhong/xianrou/yaframe/library/Http/BasicRequest.php ON LINE 67 {"Undefined index: HTTP_SIGN":8} []
[2016-07-08 16:20:48] error.ERROR: 8 IN FILE /Users/zhouhong/xianrou/yaframe/library/Http/BasicRequest.php ON LINE 68 {"Undefined index: HTTP_VERSION":8} []
[2016-07-08 16:20:48] error.ERROR: 8 IN FILE /Users/zhouhong/xianrou/yaframe/library/Http/BasicRequest.php ON LINE 69 {"Undefined index: HTTP_TIMESTAMP":8} []
[2016-07-08 16:20:48] error.ERROR: 2 IN FILE /Users/zhouhong/xianrou/yaframe/application/models/Warehouse/ProductInfoData.php ON LINE 445 {"Declaration of Warehouse\\ProductInfoDataModel::getData($params) should be compatible with Common\\BaseModel::getData($params = Array, $columns = Array, $order = Array, $toArray = true)":2} []
[2016-07-08 16:20:48] error.ERROR: 8 IN FILE /Users/zhouhong/xianrou/yaframe/library/Uploader/Imager.php ON LINE 68 {"Undefined variable: leftWidth":8} []
[2016-07-08 16:20:52] error.ERROR: 8 IN FILE /Users/zhouhong/xianrou/yaframe/library/Uploader/Imager.php ON LINE 68 {"Undefined variable: leftWidth":8} []
[2016-07-08 16:20:54] error.ERROR: 8 IN FILE /Users/zhouhong/xianrou/yaframe/application/models/Warehouse/ProductInfoData.php ON LINE 58 {"Undefined index: product_id":8} []
[2016-07-08 16:20:54] error.ERROR: 8 IN FILE /Users/zhouhong/xianrou/yaframe/library/Sphinx/SphinxClient.php ON LINE 195 {"Undefined property: Sphinx\\SphinxClient::$_socket":8} []
[2016-07-08 16:20:54] error.ERROR: 8 IN FILE /Users/zhouhong/xianrou/yaframe/library/Sphinx/SphinxClient.php ON LINE 196 {"Undefined property: Sphinx\\SphinxClient::$_socket":8} []
[2016-07-08 16:20:54] error.ERROR: 2 IN FILE /Users/zhouhong/xianrou/yaframe/library/Sphinx/SphinxClient.php ON LINE 196 {"fclose() expects parameter 1 to be resource, null given":2} []
[2016-07-08 16:23:08] error.ERROR: 8 IN FILE /Users/zhouhong/xianrou/yaframe/application/Bootstrap.php ON LINE 147 {"Undefined index: ffmpeg":8} []
[2016-07-08 16:23:08] error.ERROR: 8 IN FILE /Users/zhouhong/xianrou/yaframe/application/Bootstrap.php ON LINE 148 {"Undefined index: ffprobe":8} []
[2016-07-08 16:23:08] error.ERROR: 2 IN FILE /Users/zhouhong/xianrou/yaframe/library/Sphinx/SphinxClient.php ON LINE 232 {"assert(): assert(is_int($port)) failed":2} []
[2016-07-08 16:23:08] error.ERROR: 8 IN FILE /Users/zhouhong/xianrou/yaframe/library/Http/BasicRequest.php ON LINE 67 {"Undefined index: HTTP_SIGN":8} []
[2016-07-08 16:23:08] error.ERROR: 8 IN FILE /Users/zhouhong/xianrou/yaframe/library/Http/BasicRequest.php ON LINE 68 {"Undefined index: HTTP_VERSION":8} []
[2016-07-08 16:23:08] error.ERROR: 8 IN FILE /Users/zhouhong/xianrou/yaframe/library/Http/BasicRequest.php ON LINE 69 {"Undefined index: HTTP_TIMESTAMP":8} []
[2016-07-08 16:23:08] error.ERROR: 2 IN FILE /Users/zhouhong/xianrou/yaframe/application/models/Warehouse/ProductInfoData.php ON LINE 445 {"Declaration of Warehouse\\ProductInfoDataModel::getData($params) should be compatible with Common\\BaseModel::getData($params = Array, $columns = Array, $order = Array, $toArray = true)":2} []
[2016-07-08 16:23:08] error.ERROR: 8 IN FILE /Users/zhouhong/xianrou/yaframe/library/Sphinx/SphinxClient.php ON LINE 195 {"Undefined property: Sphinx\\SphinxClient::$_socket":8} []
[2016-07-08 16:23:08] error.ERROR: 8 IN FILE /Users/zhouhong/xianrou/yaframe/library/Sphinx/SphinxClient.php ON LINE 196 {"Undefined property: Sphinx\\SphinxClient::$_socket":8} []
[2016-07-08 16:23:08] error.ERROR: 2 IN FILE /Users/zhouhong/xianrou/yaframe/library/Sphinx/SphinxClient.php ON LINE 196 {"fclose() expects parameter 1 to be resource, null given":2} []
[2016-07-08 16:37:20] error.ERROR: 8 IN FILE /Users/zhouhong/xianrou/yaframe/application/Bootstrap.php ON LINE 147 {"Undefined index: ffmpeg":8} []
[2016-07-08 16:37:20] error.ERROR: 8 IN FILE /Users/zhouhong/xianrou/yaframe/application/Bootstrap.php ON LINE 148 {"Undefined index: ffprobe":8} []
[2016-07-08 16:37:20] error.ERROR: 2 IN FILE /Users/zhouhong/xianrou/yaframe/library/Sphinx/SphinxClient.php ON LINE 232 {"assert(): assert(is_int($port)) failed":2} []
[2016-07-08 16:37:20] error.ERROR: 8 IN FILE /Users/zhouhong/xianrou/yaframe/library/Http/BasicRequest.php ON LINE 67 {"Undefined index: HTTP_SIGN":8} []
[2016-07-08 16:37:20] error.ERROR: 8 IN FILE /Users/zhouhong/xianrou/yaframe/library/Http/BasicRequest.php ON LINE 68 {"Undefined index: HTTP_VERSION":8} []
[2016-07-08 16:37:20] error.ERROR: 8 IN FILE /Users/zhouhong/xianrou/yaframe/library/Http/BasicRequest.php ON LINE 69 {"Undefined index: HTTP_TIMESTAMP":8} []
[2016-07-08 16:37:20] error.ERROR: 2 IN FILE /Users/zhouhong/xianrou/yaframe/library/Uploader/Uploader.php ON LINE 117 {"Missing argument 1 for Uploader\\Uploader::getFileInfo(), called in /Users/zhouhong/xianrou/yaframe/application/models/Common/VideoDriver.php on line 37 and defined":2} []
[2016-07-08 16:37:20] error.ERROR: 8 IN FILE /Users/zhouhong/xianrou/yaframe/library/Uploader/Uploader.php ON LINE 119 {"Undefined variable: field":8} []
[2016-07-08 16:37:20] error.ERROR: 8 IN FILE /Users/zhouhong/xianrou/yaframe/library/Uploader/Uploader.php ON LINE 123 {"Undefined variable: field":8} []
[2016-07-08 16:37:20] error.ERROR: 8 IN FILE /Users/zhouhong/xianrou/yaframe/library/Uploader/Uploader.php ON LINE 135 {"Undefined variable: field":8} []
[2016-07-08 16:37:20] error.ERROR: 2 IN FILE /Users/zhouhong/xianrou/yaframe/library/Uploader/Uploader.php ON LINE 154 {"Missing argument 1 for Uploader\\Uploader::doUpload(), called in /Users/zhouhong/xianrou/yaframe/application/models/Common/VideoDriver.php on line 44 and defined":2} []
[2016-07-08 16:37:20] error.ERROR: 8 IN FILE /Users/zhouhong/xianrou/yaframe/library/Uploader/Uploader.php ON LINE 158 {"Undefined variable: field":8} []
[2016-07-08 16:37:20] error.ERROR: 8 IN FILE /Users/zhouhong/xianrou/yaframe/library/Uploader/Uploader.php ON LINE 159 {"Undefined variable: field":8} []
[2016-07-08 16:37:20] error.ERROR: 8 IN FILE /Users/zhouhong/xianrou/yaframe/application/models/Common/VideoDriver.php ON LINE 95 {"Undefined variable: files":8} []
[2016-07-08 16:37:20] error.ERROR: 8 IN FILE /Users/zhouhong/xianrou/yaframe/library/Http/BasicRequest.php ON LINE 67 {"Undefined index: HTTP_SIGN":8} []
[2016-07-08 16:37:20] error.ERROR: 8 IN FILE /Users/zhouhong/xianrou/yaframe/library/Http/BasicRequest.php ON LINE 68 {"Undefined index: HTTP_VERSION":8} []
[2016-07-08 16:37:20] error.ERROR: 8 IN FILE /Users/zhouhong/xianrou/yaframe/library/Http/BasicRequest.php ON LINE 69 {"Undefined index: HTTP_TIMESTAMP":8} []
[2016-07-08 16:37:20] error.ERROR: 8 IN FILE /Users/zhouhong/xianrou/yaframe/library/Sphinx/SphinxClient.php ON LINE 195 {"Undefined property: Sphinx\\SphinxClient::$_socket":8} []
[2016-07-08 16:37:20] error.ERROR: 8 IN FILE /Users/zhouhong/xianrou/yaframe/library/Sphinx/SphinxClient.php ON LINE 196 {"Undefined property: Sphinx\\SphinxClient::$_socket":8} []
[2016-07-08 16:37:20] error.ERROR: 2 IN FILE /Users/zhouhong/xianrou/yaframe/library/Sphinx/SphinxClient.php ON LINE 196 {"fclose() expects parameter 1 to be resource, null given":2} []
[2016-07-08 16:37:42] error.ERROR: 8 IN FILE /Users/zhouhong/xianrou/yaframe/application/Bootstrap.php ON LINE 147 {"Undefined index: ffmpeg":8} []
[2016-07-08 16:37:42] error.ERROR: 8 IN FILE /Users/zhouhong/xianrou/yaframe/application/Bootstrap.php ON LINE 148 {"Undefined index: ffprobe":8} []
[2016-07-08 16:37:42] error.ERROR: 2 IN FILE /Users/zhouhong/xianrou/yaframe/library/Sphinx/SphinxClient.php ON LINE 232 {"assert(): assert(is_int($port)) failed":2} []
[2016-07-08 16:37:42] error.ERROR: 8 IN FILE /Users/zhouhong/xianrou/yaframe/library/Http/BasicRequest.php ON LINE 67 {"Undefined index: HTTP_SIGN":8} []
[2016-07-08 16:37:42] error.ERROR: 8 IN FILE /Users/zhouhong/xianrou/yaframe/library/Http/BasicRequest.php ON LINE 68 {"Undefined index: HTTP_VERSION":8} []
[2016-07-08 16:37:42] error.ERROR: 8 IN FILE /Users/zhouhong/xianrou/yaframe/library/Http/BasicRequest.php ON LINE 69 {"Undefined index: HTTP_TIMESTAMP":8} []
[2016-07-08 16:37:42] error.ERROR: 2 IN FILE /Users/zhouhong/xianrou/yaframe/library/Uploader/Uploader.php ON LINE 117 {"Missing argument 1 for Uploader\\Uploader::getFileInfo(), called in /Users/zhouhong/xianrou/yaframe/application/models/Common/VideoDriver.php on line 37 and defined":2} []
[2016-07-08 16:37:42] error.ERROR: 8 IN FILE /Users/zhouhong/xianrou/yaframe/library/Uploader/Uploader.php ON LINE 119 {"Undefined variable: field":8} []
[2016-07-08 16:37:42] error.ERROR: 8 IN FILE /Users/zhouhong/xianrou/yaframe/library/Uploader/Uploader.php ON LINE 123 {"Undefined variable: field":8} []
[2016-07-08 16:37:42] error.ERROR: 8 IN FILE /Users/zhouhong/xianrou/yaframe/library/Uploader/Uploader.php ON LINE 135 {"Undefined variable: field":8} []
[2016-07-08 16:37:42] error.ERROR: 2 IN FILE /Users/zhouhong/xianrou/yaframe/library/Uploader/Uploader.php ON LINE 154 {"Missing argument 1 for Uploader\\Uploader::doUpload(), called in /Users/zhouhong/xianrou/yaframe/application/models/Common/VideoDriver.php on line 44 and defined":2} []
[2016-07-08 16:37:42] error.ERROR: 8 IN FILE /Users/zhouhong/xianrou/yaframe/library/Uploader/Uploader.php ON LINE 158 {"Undefined variable: field":8} []
[2016-07-08 16:37:42] error.ERROR: 8 IN FILE /Users/zhouhong/xianrou/yaframe/library/Uploader/Uploader.php ON LINE 159 {"Undefined variable: field":8} []
[2016-07-08 16:37:42] error.ERROR: 8 IN FILE /Users/zhouhong/xianrou/yaframe/library/Sphinx/SphinxClient.php ON LINE 195 {"Undefined property: Sphinx\\SphinxClient::$_socket":8} []
[2016-07-08 16:37:42] error.ERROR: 8 IN FILE /Users/zhouhong/xianrou/yaframe/library/Sphinx/SphinxClient.php ON LINE 196 {"Undefined property: Sphinx\\SphinxClient::$_socket":8} []
[2016-07-08 16:37:42] error.ERROR: 2 IN FILE /Users/zhouhong/xianrou/yaframe/library/Sphinx/SphinxClient.php ON LINE 196 {"fclose() expects parameter 1 to be resource, null given":2} []
[2016-07-08 16:38:20] error.ERROR: 8 IN FILE /Users/zhouhong/xianrou/yaframe/application/Bootstrap.php ON LINE 147 {"Undefined index: ffmpeg":8} []
[2016-07-08 16:38:20] error.ERROR: 8 IN FILE /Users/zhouhong/xianrou/yaframe/application/Bootstrap.php ON LINE 148 {"Undefined index: ffprobe":8} []
[2016-07-08 16:38:20] error.ERROR: 2 IN FILE /Users/zhouhong/xianrou/yaframe/library/Sphinx/SphinxClient.php ON LINE 232 {"assert(): assert(is_int($port)) failed":2} []
[2016-07-08 16:38:20] error.ERROR: 8 IN FILE /Users/zhouhong/xianrou/yaframe/library/Http/BasicRequest.php ON LINE 67 {"Undefined index: HTTP_SIGN":8} []
[2016-07-08 16:38:20] error.ERROR: 8 IN FILE /Users/zhouhong/xianrou/yaframe/library/Http/BasicRequest.php ON LINE 68 {"Undefined index: HTTP_VERSION":8} []
[2016-07-08 16:38:20] error.ERROR: 8 IN FILE /Users/zhouhong/xianrou/yaframe/library/Http/BasicRequest.php ON LINE 69 {"Undefined index: HTTP_TIMESTAMP":8} []
[2016-07-08 16:38:20] error.ERROR: 2 IN FILE /Users/zhouhong/xianrou/yaframe/library/Uploader/Uploader.php ON LINE 117 {"Missing argument 1 for Uploader\\Uploader::getFileInfo(), called in /Users/zhouhong/xianrou/yaframe/application/models/Common/VideoDriver.php on line 37 and defined":2} []
[2016-07-08 16:38:20] error.ERROR: 8 IN FILE /Users/zhouhong/xianrou/yaframe/library/Uploader/Uploader.php ON LINE 119 {"Undefined variable: field":8} []
[2016-07-08 16:38:20] error.ERROR: 8 IN FILE /Users/zhouhong/xianrou/yaframe/library/Uploader/Uploader.php ON LINE 123 {"Undefined variable: field":8} []
[2016-07-08 16:38:20] error.ERROR: 8 IN FILE /Users/zhouhong/xianrou/yaframe/library/Uploader/Uploader.php ON LINE 135 {"Undefined variable: field":8} []
[2016-07-08 16:38:20] error.ERROR: 2 IN FILE /Users/zhouhong/xianrou/yaframe/library/Uploader/Uploader.php ON LINE 154 {"Missing argument 1 for Uploader\\Uploader::doUpload(), called in /Users/zhouhong/xianrou/yaframe/application/models/Common/VideoDriver.php on line 44 and defined":2} []
[2016-07-08 16:38:20] error.ERROR: 8 IN FILE /Users/zhouhong/xianrou/yaframe/library/Uploader/Uploader.php ON LINE 158 {"Undefined variable: field":8} []
[2016-07-08 16:38:20] error.ERROR: 8 IN FILE /Users/zhouhong/xianrou/yaframe/library/Uploader/Uploader.php ON LINE 159 {"Undefined variable: field":8} []
[2016-07-08 16:38:20] error.ERROR: 8 IN FILE /Users/zhouhong/xianrou/yaframe/library/Http/BasicRequest.php ON LINE 67 {"Undefined index: HTTP_SIGN":8} []
[2016-07-08 16:38:20] error.ERROR: 8 IN FILE /Users/zhouhong/xianrou/yaframe/library/Http/BasicRequest.php ON LINE 68 {"Undefined index: HTTP_VERSION":8} []
[2016-07-08 16:38:20] error.ERROR: 8 IN FILE /Users/zhouhong/xianrou/yaframe/library/Http/BasicRequest.php ON LINE 69 {"Undefined index: HTTP_TIMESTAMP":8} []
[2016-07-08 16:38:20] error.ERROR: 8 IN FILE /Users/zhouhong/xianrou/yaframe/library/Sphinx/SphinxClient.php ON LINE 195 {"Undefined property: Sphinx\\SphinxClient::$_socket":8} []
[2016-07-08 16:38:20] error.ERROR: 8 IN FILE /Users/zhouhong/xianrou/yaframe/library/Sphinx/SphinxClient.php ON LINE 196 {"Undefined property: Sphinx\\SphinxClient::$_socket":8} []
[2016-07-08 16:38:20] error.ERROR: 2 IN FILE /Users/zhouhong/xianrou/yaframe/library/Sphinx/SphinxClient.php ON LINE 196 {"fclose() expects parameter 1 to be resource, null given":2} []
[2016-07-08 16:38:42] error.ERROR: 8 IN FILE /Users/zhouhong/xianrou/yaframe/application/Bootstrap.php ON LINE 147 {"Undefined index: ffmpeg":8} []
[2016-07-08 16:38:42] error.ERROR: 8 IN FILE /Users/zhouhong/xianrou/yaframe/application/Bootstrap.php ON LINE 148 {"Undefined index: ffprobe":8} []
[2016-07-08 16:38:42] error.ERROR: 2 IN FILE /Users/zhouhong/xianrou/yaframe/library/Sphinx/SphinxClient.php ON LINE 232 {"assert(): assert(is_int($port)) failed":2} []
[2016-07-08 16:38:42] error.ERROR: 8 IN FILE /Users/zhouhong/xianrou/yaframe/library/Http/BasicRequest.php ON LINE 67 {"Undefined index: HTTP_SIGN":8} []
[2016-07-08 16:38:42] error.ERROR: 8 IN FILE /Users/zhouhong/xianrou/yaframe/library/Http/BasicRequest.php ON LINE 68 {"Undefined index: HTTP_VERSION":8} []
[2016-07-08 16:38:42] error.ERROR: 8 IN FILE /Users/zhouhong/xianrou/yaframe/library/Http/BasicRequest.php ON LINE 69 {"Undefined index: HTTP_TIMESTAMP":8} []
[2016-07-08 16:38:42] error.ERROR: 2 IN FILE /Users/zhouhong/xianrou/yaframe/library/Uploader/Uploader.php ON LINE 117 {"Missing argument 1 for Uploader\\Uploader::getFileInfo(), called in /Users/zhouhong/xianrou/yaframe/application/models/Common/VideoDriver.php on line 37 and defined":2} []
[2016-07-08 16:38:42] error.ERROR: 8 IN FILE /Users/zhouhong/xianrou/yaframe/library/Uploader/Uploader.php ON LINE 119 {"Undefined variable: field":8} []
[2016-07-08 16:38:42] error.ERROR: 8 IN FILE /Users/zhouhong/xianrou/yaframe/library/Uploader/Uploader.php ON LINE 123 {"Undefined variable: field":8} []
[2016-07-08 16:38:42] error.ERROR: 8 IN FILE /Users/zhouhong/xianrou/yaframe/library/Uploader/Uploader.php ON LINE 135 {"Undefined variable: field":8} []
[2016-07-08 16:38:42] error.ERROR: 2 IN FILE /Users/zhouhong/xianrou/yaframe/library/Uploader/Uploader.php ON LINE 154 {"Missing argument 1 for Uploader\\Uploader::doUpload(), called in /Users/zhouhong/xianrou/yaframe/application/models/Common/VideoDriver.php on line 44 and defined":2} []
[2016-07-08 16:38:42] error.ERROR: 8 IN FILE /Users/zhouhong/xianrou/yaframe/library/Uploader/Uploader.php ON LINE 158 {"Undefined variable: field":8} []
[2016-07-08 16:38:42] error.ERROR: 8 IN FILE /Users/zhouhong/xianrou/yaframe/library/Uploader/Uploader.php ON LINE 159 {"Undefined variable: field":8} []
[2016-07-08 16:38:42] error.ERROR: 8 IN FILE /Users/zhouhong/xianrou/yaframe/library/Sphinx/SphinxClient.php ON LINE 195 {"Undefined property: Sphinx\\SphinxClient::$_socket":8} []
[2016-07-08 16:38:42] error.ERROR: 8 IN FILE /Users/zhouhong/xianrou/yaframe/library/Sphinx/SphinxClient.php ON LINE 196 {"Undefined property: Sphinx\\SphinxClient::$_socket":8} []
[2016-07-08 16:38:42] error.ERROR: 2 IN FILE /Users/zhouhong/xianrou/yaframe/library/Sphinx/SphinxClient.php ON LINE 196 {"fclose() expects parameter 1 to be resource, null given":2} []
[2016-07-08 16:39:24] error.ERROR: 8 IN FILE /Users/zhouhong/xianrou/yaframe/application/Bootstrap.php ON LINE 147 {"Undefined index: ffmpeg":8} []
[2016-07-08 16:39:25] error.ERROR: 8 IN FILE /Users/zhouhong/xianrou/yaframe/application/Bootstrap.php ON LINE 148 {"Undefined index: ffprobe":8} []
[2016-07-08 16:39:25] error.ERROR: 2 IN FILE /Users/zhouhong/xianrou/yaframe/library/Sphinx/SphinxClient.php ON LINE 232 {"assert(): assert(is_int($port)) failed":2} []
[2016-07-08 16:39:25] error.ERROR: 8 IN FILE /Users/zhouhong/xianrou/yaframe/library/Http/BasicRequest.php ON LINE 67 {"Undefined index: HTTP_SIGN":8} []
[2016-07-08 16:39:25] error.ERROR: 8 IN FILE /Users/zhouhong/xianrou/yaframe/library/Http/BasicRequest.php ON LINE 68 {"Undefined index: HTTP_VERSION":8} []
[2016-07-08 16:39:25] error.ERROR: 8 IN FILE /Users/zhouhong/xianrou/yaframe/library/Http/BasicRequest.php ON LINE 69 {"Undefined index: HTTP_TIMESTAMP":8} []
[2016-07-08 16:39:25] error.ERROR: 2 IN FILE /Users/zhouhong/xianrou/yaframe/library/Uploader/Uploader.php ON LINE 117 {"Missing argument 1 for Uploader\\Uploader::getFileInfo(), called in /Users/zhouhong/xianrou/yaframe/application/models/Common/VideoDriver.php on line 37 and defined":2} []
[2016-07-08 16:39:25] error.ERROR: 8 IN FILE /Users/zhouhong/xianrou/yaframe/library/Uploader/Uploader.php ON LINE 119 {"Undefined variable: field":8} []
[2016-07-08 16:39:25] error.ERROR: 8 IN FILE /Users/zhouhong/xianrou/yaframe/library/Uploader/Uploader.php ON LINE 123 {"Undefined variable: field":8} []
[2016-07-08 16:39:25] error.ERROR: 8 IN FILE /Users/zhouhong/xianrou/yaframe/library/Uploader/Uploader.php ON LINE 135 {"Undefined variable: field":8} []
[2016-07-08 16:39:25] error.ERROR: 2 IN FILE /Users/zhouhong/xianrou/yaframe/library/Uploader/Uploader.php ON LINE 154 {"Missing argument 1 for Uploader\\Uploader::doUpload(), called in /Users/zhouhong/xianrou/yaframe/application/models/Common/VideoDriver.php on line 44 and defined":2} []
[2016-07-08 16:39:25] error.ERROR: 8 IN FILE /Users/zhouhong/xianrou/yaframe/library/Uploader/Uploader.php ON LINE 158 {"Undefined variable: field":8} []
[2016-07-08 16:39:25] error.ERROR: 8 IN FILE /Users/zhouhong/xianrou/yaframe/library/Uploader/Uploader.php ON LINE 159 {"Undefined variable: field":8} []
[2016-07-08 16:39:25] error.ERROR: 8 IN FILE /Users/zhouhong/xianrou/yaframe/library/Http/BasicRequest.php ON LINE 67 {"Undefined index: HTTP_SIGN":8} []
[2016-07-08 16:39:25] error.ERROR: 8 IN FILE /Users/zhouhong/xianrou/yaframe/library/Http/BasicRequest.php ON LINE 68 {"Undefined index: HTTP_VERSION":8} []
[2016-07-08 16:39:25] error.ERROR: 8 IN FILE /Users/zhouhong/xianrou/yaframe/library/Http/BasicRequest.php ON LINE 69 {"Undefined index: HTTP_TIMESTAMP":8} []
[2016-07-08 16:39:25] error.ERROR: 8 IN FILE /Users/zhouhong/xianrou/yaframe/library/Sphinx/SphinxClient.php ON LINE 195 {"Undefined property: Sphinx\\SphinxClient::$_socket":8} []
[2016-07-08 16:39:25] error.ERROR: 8 IN FILE /Users/zhouhong/xianrou/yaframe/library/Sphinx/SphinxClient.php ON LINE 196 {"Undefined property: Sphinx\\SphinxClient::$_socket":8} []
[2016-07-08 16:39:25] error.ERROR: 2 IN FILE /Users/zhouhong/xianrou/yaframe/library/Sphinx/SphinxClient.php ON LINE 196 {"fclose() expects parameter 1 to be resource, null given":2} []
[2016-07-08 16:40:01] error.ERROR: 8 IN FILE /Users/zhouhong/xianrou/yaframe/application/Bootstrap.php ON LINE 147 {"Undefined index: ffmpeg":8} []
[2016-07-08 16:40:01] error.ERROR: 8 IN FILE /Users/zhouhong/xianrou/yaframe/application/Bootstrap.php ON LINE 148 {"Undefined index: ffprobe":8} []
[2016-07-08 16:40:01] error.ERROR: 2 IN FILE /Users/zhouhong/xianrou/yaframe/library/Sphinx/SphinxClient.php ON LINE 232 {"assert(): assert(is_int($port)) failed":2} []
[2016-07-08 16:40:01] error.ERROR: 8 IN FILE /Users/zhouhong/xianrou/yaframe/library/Http/BasicRequest.php ON LINE 67 {"Undefined index: HTTP_SIGN":8} []
[2016-07-08 16:40:01] error.ERROR: 8 IN FILE /Users/zhouhong/xianrou/yaframe/library/Http/BasicRequest.php ON LINE 68 {"Undefined index: HTTP_VERSION":8} []
[2016-07-08 16:40:01] error.ERROR: 8 IN FILE /Users/zhouhong/xianrou/yaframe/library/Http/BasicRequest.php ON LINE 69 {"Undefined index: HTTP_TIMESTAMP":8} []
[2016-07-08 16:40:01] error.ERROR: 2 IN FILE /Users/zhouhong/xianrou/yaframe/library/Uploader/Uploader.php ON LINE 117 {"Missing argument 1 for Uploader\\Uploader::getFileInfo(), called in /Users/zhouhong/xianrou/yaframe/application/models/Common/VideoDriver.php on line 37 and defined":2} []
[2016-07-08 16:40:01] error.ERROR: 8 IN FILE /Users/zhouhong/xianrou/yaframe/library/Uploader/Uploader.php ON LINE 119 {"Undefined variable: field":8} []
[2016-07-08 16:40:01] error.ERROR: 8 IN FILE /Users/zhouhong/xianrou/yaframe/library/Uploader/Uploader.php ON LINE 123 {"Undefined variable: field":8} []
[2016-07-08 16:40:01] error.ERROR: 8 IN FILE /Users/zhouhong/xianrou/yaframe/library/Uploader/Uploader.php ON LINE 135 {"Undefined variable: field":8} []
[2016-07-08 16:40:01] error.ERROR: 2 IN FILE /Users/zhouhong/xianrou/yaframe/library/Uploader/Uploader.php ON LINE 154 {"Missing argument 1 for Uploader\\Uploader::doUpload(), called in /Users/zhouhong/xianrou/yaframe/application/models/Common/VideoDriver.php on line 44 and defined":2} []
[2016-07-08 16:40:01] error.ERROR: 8 IN FILE /Users/zhouhong/xianrou/yaframe/library/Uploader/Uploader.php ON LINE 158 {"Undefined variable: field":8} []
[2016-07-08 16:40:01] error.ERROR: 8 IN FILE /Users/zhouhong/xianrou/yaframe/library/Uploader/Uploader.php ON LINE 159 {"Undefined variable: field":8} []
[2016-07-08 16:40:01] error.ERROR: 8 IN FILE /Users/zhouhong/xianrou/yaframe/library/Sphinx/SphinxClient.php ON LINE 195 {"Undefined property: Sphinx\\SphinxClient::$_socket":8} []
[2016-07-08 16:40:01] error.ERROR: 8 IN FILE /Users/zhouhong/xianrou/yaframe/library/Sphinx/SphinxClient.php ON LINE 196 {"Undefined property: Sphinx\\SphinxClient::$_socket":8} []
[2016-07-08 16:40:01] error.ERROR: 2 IN FILE /Users/zhouhong/xianrou/yaframe/library/Sphinx/SphinxClient.php ON LINE 196 {"fclose() expects parameter 1 to be resource, null given":2} []
[2016-07-08 16:40:07] error.ERROR: 8 IN FILE /Users/zhouhong/xianrou/yaframe/application/Bootstrap.php ON LINE 147 {"Undefined index: ffmpeg":8} []
[2016-07-08 16:40:07] error.ERROR: 8 IN FILE /Users/zhouhong/xianrou/yaframe/application/Bootstrap.php ON LINE 148 {"Undefined index: ffprobe":8} []
[2016-07-08 16:40:07] error.ERROR: 2 IN FILE /Users/zhouhong/xianrou/yaframe/library/Sphinx/SphinxClient.php ON LINE 232 {"assert(): assert(is_int($port)) failed":2} []
[2016-07-08 16:40:07] error.ERROR: 8 IN FILE /Users/zhouhong/xianrou/yaframe/library/Http/BasicRequest.php ON LINE 67 {"Undefined index: HTTP_SIGN":8} []
[2016-07-08 16:40:07] error.ERROR: 8 IN FILE /Users/zhouhong/xianrou/yaframe/library/Http/BasicRequest.php ON LINE 68 {"Undefined index: HTTP_VERSION":8} []
[2016-07-08 16:40:07] error.ERROR: 8 IN FILE /Users/zhouhong/xianrou/yaframe/library/Http/BasicRequest.php ON LINE 69 {"Undefined index: HTTP_TIMESTAMP":8} []
[2016-07-08 16:40:07] error.ERROR: 2 IN FILE /Users/zhouhong/xianrou/yaframe/library/Uploader/Uploader.php ON LINE 117 {"Missing argument 1 for Uploader\\Uploader::getFileInfo(), called in /Users/zhouhong/xianrou/yaframe/application/models/Common/VideoDriver.php on line 37 and defined":2} []
[2016-07-08 16:40:07] error.ERROR: 8 IN FILE /Users/zhouhong/xianrou/yaframe/library/Uploader/Uploader.php ON LINE 119 {"Undefined variable: field":8} []
[2016-07-08 16:40:07] error.ERROR: 8 IN FILE /Users/zhouhong/xianrou/yaframe/library/Uploader/Uploader.php ON LINE 123 {"Undefined variable: field":8} []
[2016-07-08 16:40:07] error.ERROR: 8 IN FILE /Users/zhouhong/xianrou/yaframe/library/Uploader/Uploader.php ON LINE 135 {"Undefined variable: field":8} []
[2016-07-08 16:40:07] error.ERROR: 2 IN FILE /Users/zhouhong/xianrou/yaframe/library/Uploader/Uploader.php ON LINE 154 {"Missing argument 1 for Uploader\\Uploader::doUpload(), called in /Users/zhouhong/xianrou/yaframe/application/models/Common/VideoDriver.php on line 44 and defined":2} []
[2016-07-08 16:40:07] error.ERROR: 8 IN FILE /Users/zhouhong/xianrou/yaframe/library/Uploader/Uploader.php ON LINE 158 {"Undefined variable: field":8} []
[2016-07-08 16:40:07] error.ERROR: 8 IN FILE /Users/zhouhong/xianrou/yaframe/library/Uploader/Uploader.php ON LINE 159 {"Undefined variable: field":8} []
[2016-07-08 16:40:07] error.ERROR: 8 IN FILE /Users/zhouhong/xianrou/yaframe/library/Http/BasicRequest.php ON LINE 67 {"Undefined index: HTTP_SIGN":8} []
[2016-07-08 16:40:07] error.ERROR: 8 IN FILE /Users/zhouhong/xianrou/yaframe/library/Http/BasicRequest.php ON LINE 68 {"Undefined index: HTTP_VERSION":8} []
[2016-07-08 16:40:07] error.ERROR: 8 IN FILE /Users/zhouhong/xianrou/yaframe/library/Http/BasicRequest.php ON LINE 69 {"Undefined index: HTTP_TIMESTAMP":8} []
[2016-07-08 16:40:07] error.ERROR: 8 IN FILE /Users/zhouhong/xianrou/yaframe/library/Sphinx/SphinxClient.php ON LINE 195 {"Undefined property: Sphinx\\SphinxClient::$_socket":8} []
[2016-07-08 16:40:07] error.ERROR: 8 IN FILE /Users/zhouhong/xianrou/yaframe/library/Sphinx/SphinxClient.php ON LINE 196 {"Undefined property: Sphinx\\SphinxClient::$_socket":8} []
[2016-07-08 16:40:07] error.ERROR: 2 IN FILE /Users/zhouhong/xianrou/yaframe/library/Sphinx/SphinxClient.php ON LINE 196 {"fclose() expects parameter 1 to be resource, null given":2} []
[2016-07-08 16:40:15] error.ERROR: 8 IN FILE /Users/zhouhong/xianrou/yaframe/application/Bootstrap.php ON LINE 147 {"Undefined index: ffmpeg":8} []
[2016-07-08 16:40:15] error.ERROR: 8 IN FILE /Users/zhouhong/xianrou/yaframe/application/Bootstrap.php ON LINE 148 {"Undefined index: ffprobe":8} []
[2016-07-08 16:40:15] error.ERROR: 2 IN FILE /Users/zhouhong/xianrou/yaframe/library/Sphinx/SphinxClient.php ON LINE 232 {"assert(): assert(is_int($port)) failed":2} []
[2016-07-08 16:40:15] error.ERROR: 8 IN FILE /Users/zhouhong/xianrou/yaframe/library/Http/BasicRequest.php ON LINE 67 {"Undefined index: HTTP_SIGN":8} []
[2016-07-08 16:40:15] error.ERROR: 8 IN FILE /Users/zhouhong/xianrou/yaframe/library/Http/BasicRequest.php ON LINE 68 {"Undefined index: HTTP_VERSION":8} []
[2016-07-08 16:40:15] error.ERROR: 8 IN FILE /Users/zhouhong/xianrou/yaframe/library/Http/BasicRequest.php ON LINE 69 {"Undefined index: HTTP_TIMESTAMP":8} []
[2016-07-08 16:40:15] error.ERROR: 2 IN FILE /Users/zhouhong/xianrou/yaframe/library/Uploader/Uploader.php ON LINE 117 {"Missing argument 1 for Uploader\\Uploader::getFileInfo(), called in /Users/zhouhong/xianrou/yaframe/application/models/Common/VideoDriver.php on line 37 and defined":2} []
[2016-07-08 16:40:15] error.ERROR: 8 IN FILE /Users/zhouhong/xianrou/yaframe/library/Uploader/Uploader.php ON LINE 119 {"Undefined variable: field":8} []
[2016-07-08 16:40:15] error.ERROR: 8 IN FILE /Users/zhouhong/xianrou/yaframe/library/Uploader/Uploader.php ON LINE 123 {"Undefined variable: field":8} []
[2016-07-08 16:40:15] error.ERROR: 8 IN FILE /Users/zhouhong/xianrou/yaframe/library/Uploader/Uploader.php ON LINE 135 {"Undefined variable: field":8} []
[2016-07-08 16:40:15] error.ERROR: 2 IN FILE /Users/zhouhong/xianrou/yaframe/library/Uploader/Uploader.php ON LINE 154 {"Missing argument 1 for Uploader\\Uploader::doUpload(), called in /Users/zhouhong/xianrou/yaframe/application/models/Common/VideoDriver.php on line 44 and defined":2} []
[2016-07-08 16:40:15] error.ERROR: 8 IN FILE /Users/zhouhong/xianrou/yaframe/library/Uploader/Uploader.php ON LINE 158 {"Undefined variable: field":8} []
[2016-07-08 16:40:15] error.ERROR: 8 IN FILE /Users/zhouhong/xianrou/yaframe/library/Uploader/Uploader.php ON LINE 159 {"Undefined variable: field":8} []
[2016-07-08 16:40:15] error.ERROR: 8 IN FILE /Users/zhouhong/xianrou/yaframe/library/Sphinx/SphinxClient.php ON LINE 195 {"Undefined property: Sphinx\\SphinxClient::$_socket":8} []
[2016-07-08 16:40:15] error.ERROR: 8 IN FILE /Users/zhouhong/xianrou/yaframe/library/Sphinx/SphinxClient.php ON LINE 196 {"Undefined property: Sphinx\\SphinxClient::$_socket":8} []
[2016-07-08 16:40:15] error.ERROR: 2 IN FILE /Users/zhouhong/xianrou/yaframe/library/Sphinx/SphinxClient.php ON LINE 196 {"fclose() expects parameter 1 to be resource, null given":2} []
[2016-07-08 16:40:21] error.ERROR: 8 IN FILE /Users/zhouhong/xianrou/yaframe/application/Bootstrap.php ON LINE 147 {"Undefined index: ffmpeg":8} []
[2016-07-08 16:40:21] error.ERROR: 8 IN FILE /Users/zhouhong/xianrou/yaframe/application/Bootstrap.php ON LINE 148 {"Undefined index: ffprobe":8} []
[2016-07-08 16:40:21] error.ERROR: 2 IN FILE /Users/zhouhong/xianrou/yaframe/library/Sphinx/SphinxClient.php ON LINE 232 {"assert(): assert(is_int($port)) failed":2} []
[2016-07-08 16:40:21] error.ERROR: 8 IN FILE /Users/zhouhong/xianrou/yaframe/library/Http/BasicRequest.php ON LINE 67 {"Undefined index: HTTP_SIGN":8} []
[2016-07-08 16:40:21] error.ERROR: 8 IN FILE /Users/zhouhong/xianrou/yaframe/library/Http/BasicRequest.php ON LINE 68 {"Undefined index: HTTP_VERSION":8} []
[2016-07-08 16:40:21] error.ERROR: 8 IN FILE /Users/zhouhong/xianrou/yaframe/library/Http/BasicRequest.php ON LINE 69 {"Undefined index: HTTP_TIMESTAMP":8} []
[2016-07-08 16:40:21] error.ERROR: 2 IN FILE /Users/zhouhong/xianrou/yaframe/library/Uploader/Uploader.php ON LINE 117 {"Missing argument 1 for Uploader\\Uploader::getFileInfo(), called in /Users/zhouhong/xianrou/yaframe/application/models/Common/VideoDriver.php on line 37 and defined":2} []
[2016-07-08 16:40:21] error.ERROR: 8 IN FILE /Users/zhouhong/xianrou/yaframe/library/Uploader/Uploader.php ON LINE 119 {"Undefined variable: field":8} []
[2016-07-08 16:40:21] error.ERROR: 8 IN FILE /Users/zhouhong/xianrou/yaframe/library/Uploader/Uploader.php ON LINE 123 {"Undefined variable: field":8} []
[2016-07-08 16:40:21] error.ERROR: 8 IN FILE /Users/zhouhong/xianrou/yaframe/library/Uploader/Uploader.php ON LINE 135 {"Undefined variable: field":8} []
[2016-07-08 16:40:21] error.ERROR: 2 IN FILE /Users/zhouhong/xianrou/yaframe/library/Uploader/Uploader.php ON LINE 154 {"Missing argument 1 for Uploader\\Uploader::doUpload(), called in /Users/zhouhong/xianrou/yaframe/application/models/Common/VideoDriver.php on line 44 and defined":2} []
[2016-07-08 16:40:21] error.ERROR: 8 IN FILE /Users/zhouhong/xianrou/yaframe/library/Uploader/Uploader.php ON LINE 158 {"Undefined variable: field":8} []
[2016-07-08 16:40:21] error.ERROR: 8 IN FILE /Users/zhouhong/xianrou/yaframe/library/Uploader/Uploader.php ON LINE 159 {"Undefined variable: field":8} []
[2016-07-08 16:40:21] error.ERROR: 8 IN FILE /Users/zhouhong/xianrou/yaframe/library/Http/BasicRequest.php ON LINE 67 {"Undefined index: HTTP_SIGN":8} []
[2016-07-08 16:40:21] error.ERROR: 8 IN FILE /Users/zhouhong/xianrou/yaframe/library/Http/BasicRequest.php ON LINE 68 {"Undefined index: HTTP_VERSION":8} []
[2016-07-08 16:40:21] error.ERROR: 8 IN FILE /Users/zhouhong/xianrou/yaframe/library/Http/BasicRequest.php ON LINE 69 {"Undefined index: HTTP_TIMESTAMP":8} []
[2016-07-08 16:40:21] error.ERROR: 8 IN FILE /Users/zhouhong/xianrou/yaframe/library/Sphinx/SphinxClient.php ON LINE 195 {"Undefined property: Sphinx\\SphinxClient::$_socket":8} []
[2016-07-08 16:40:21] error.ERROR: 8 IN FILE /Users/zhouhong/xianrou/yaframe/library/Sphinx/SphinxClient.php ON LINE 196 {"Undefined property: Sphinx\\SphinxClient::$_socket":8} []
[2016-07-08 16:40:21] error.ERROR: 2 IN FILE /Users/zhouhong/xianrou/yaframe/library/Sphinx/SphinxClient.php ON LINE 196 {"fclose() expects parameter 1 to be resource, null given":2} []
[2016-07-08 16:40:42] error.ERROR: 8 IN FILE /Users/zhouhong/xianrou/yaframe/application/Bootstrap.php ON LINE 147 {"Undefined index: ffmpeg":8} []
[2016-07-08 16:40:42] error.ERROR: 8 IN FILE /Users/zhouhong/xianrou/yaframe/application/Bootstrap.php ON LINE 148 {"Undefined index: ffprobe":8} []
[2016-07-08 16:40:42] error.ERROR: 2 IN FILE /Users/zhouhong/xianrou/yaframe/library/Sphinx/SphinxClient.php ON LINE 232 {"assert(): assert(is_int($port)) failed":2} []
[2016-07-08 16:40:43] error.ERROR: 8 IN FILE /Users/zhouhong/xianrou/yaframe/library/Http/BasicRequest.php ON LINE 67 {"Undefined index: HTTP_SIGN":8} []
[2016-07-08 16:40:43] error.ERROR: 8 IN FILE /Users/zhouhong/xianrou/yaframe/library/Http/BasicRequest.php ON LINE 68 {"Undefined index: HTTP_VERSION":8} []
[2016-07-08 16:40:43] error.ERROR: 8 IN FILE /Users/zhouhong/xianrou/yaframe/library/Http/BasicRequest.php ON LINE 69 {"Undefined index: HTTP_TIMESTAMP":8} []
[2016-07-08 16:40:43] error.ERROR: 2 IN FILE /Users/zhouhong/xianrou/yaframe/library/Uploader/Uploader.php ON LINE 117 {"Missing argument 1 for Uploader\\Uploader::getFileInfo(), called in /Users/zhouhong/xianrou/yaframe/application/models/Common/VideoDriver.php on line 37 and defined":2} []
[2016-07-08 16:40:43] error.ERROR: 8 IN FILE /Users/zhouhong/xianrou/yaframe/library/Uploader/Uploader.php ON LINE 119 {"Undefined variable: field":8} []
[2016-07-08 16:40:43] error.ERROR: 8 IN FILE /Users/zhouhong/xianrou/yaframe/library/Uploader/Uploader.php ON LINE 123 {"Undefined variable: field":8} []
[2016-07-08 16:40:43] error.ERROR: 8 IN FILE /Users/zhouhong/xianrou/yaframe/library/Uploader/Uploader.php ON LINE 135 {"Undefined variable: field":8} []
[2016-07-08 16:40:43] error.ERROR: 2 IN FILE /Users/zhouhong/xianrou/yaframe/library/Uploader/Uploader.php ON LINE 154 {"Missing argument 1 for Uploader\\Uploader::doUpload(), called in /Users/zhouhong/xianrou/yaframe/application/models/Common/VideoDriver.php on line 44 and defined":2} []
[2016-07-08 16:40:43] error.ERROR: 8 IN FILE /Users/zhouhong/xianrou/yaframe/library/Uploader/Uploader.php ON LINE 158 {"Undefined variable: field":8} []
[2016-07-08 16:40:43] error.ERROR: 8 IN FILE /Users/zhouhong/xianrou/yaframe/library/Uploader/Uploader.php ON LINE 159 {"Undefined variable: field":8} []
[2016-07-08 16:40:43] error.ERROR: 8 IN FILE /Users/zhouhong/xianrou/yaframe/library/Http/BasicRequest.php ON LINE 67 {"Undefined index: HTTP_SIGN":8} []
[2016-07-08 16:40:43] error.ERROR: 8 IN FILE /Users/zhouhong/xianrou/yaframe/library/Http/BasicRequest.php ON LINE 68 {"Undefined index: HTTP_VERSION":8} []
[2016-07-08 16:40:43] error.ERROR: 8 IN FILE /Users/zhouhong/xianrou/yaframe/library/Http/BasicRequest.php ON LINE 69 {"Undefined index: HTTP_TIMESTAMP":8} []
[2016-07-08 16:40:43] error.ERROR: 8 IN FILE /Users/zhouhong/xianrou/yaframe/library/Sphinx/SphinxClient.php ON LINE 195 {"Undefined property: Sphinx\\SphinxClient::$_socket":8} []
[2016-07-08 16:40:43] error.ERROR: 8 IN FILE /Users/zhouhong/xianrou/yaframe/library/Sphinx/SphinxClient.php ON LINE 196 {"Undefined property: Sphinx\\SphinxClient::$_socket":8} []
[2016-07-08 16:40:43] error.ERROR: 2 IN FILE /Users/zhouhong/xianrou/yaframe/library/Sphinx/SphinxClient.php ON LINE 196 {"fclose() expects parameter 1 to be resource, null given":2} []
[2016-07-08 16:40:50] error.ERROR: 8 IN FILE /Users/zhouhong/xianrou/yaframe/application/Bootstrap.php ON LINE 147 {"Undefined index: ffmpeg":8} []
[2016-07-08 16:40:50] error.ERROR: 8 IN FILE /Users/zhouhong/xianrou/yaframe/application/Bootstrap.php ON LINE 148 {"Undefined index: ffprobe":8} []
[2016-07-08 16:40:50] error.ERROR: 2 IN FILE /Users/zhouhong/xianrou/yaframe/library/Sphinx/SphinxClient.php ON LINE 232 {"assert(): assert(is_int($port)) failed":2} []
[2016-07-08 16:40:50] error.ERROR: 8 IN FILE /Users/zhouhong/xianrou/yaframe/library/Http/BasicRequest.php ON LINE 67 {"Undefined index: HTTP_SIGN":8} []
[2016-07-08 16:40:50] error.ERROR: 8 IN FILE /Users/zhouhong/xianrou/yaframe/library/Http/BasicRequest.php ON LINE 68 {"Undefined index: HTTP_VERSION":8} []
[2016-07-08 16:40:50] error.ERROR: 8 IN FILE /Users/zhouhong/xianrou/yaframe/library/Http/BasicRequest.php ON LINE 69 {"Undefined index: HTTP_TIMESTAMP":8} []
[2016-07-08 16:40:50] error.ERROR: 2 IN FILE /Users/zhouhong/xianrou/yaframe/library/Uploader/Uploader.php ON LINE 117 {"Missing argument 1 for Uploader\\Uploader::getFileInfo(), called in /Users/zhouhong/xianrou/yaframe/application/models/Common/VideoDriver.php on line 37 and defined":2} []
[2016-07-08 16:40:50] error.ERROR: 8 IN FILE /Users/zhouhong/xianrou/yaframe/library/Uploader/Uploader.php ON LINE 119 {"Undefined variable: field":8} []
[2016-07-08 16:40:50] error.ERROR: 8 IN FILE /Users/zhouhong/xianrou/yaframe/library/Uploader/Uploader.php ON LINE 123 {"Undefined variable: field":8} []
[2016-07-08 16:40:50] error.ERROR: 8 IN FILE /Users/zhouhong/xianrou/yaframe/library/Uploader/Uploader.php ON LINE 135 {"Undefined variable: field":8} []
[2016-07-08 16:40:50] error.ERROR: 2 IN FILE /Users/zhouhong/xianrou/yaframe/library/Uploader/Uploader.php ON LINE 154 {"Missing argument 1 for Uploader\\Uploader::doUpload(), called in /Users/zhouhong/xianrou/yaframe/application/models/Common/VideoDriver.php on line 44 and defined":2} []
[2016-07-08 16:40:50] error.ERROR: 8 IN FILE /Users/zhouhong/xianrou/yaframe/library/Uploader/Uploader.php ON LINE 158 {"Undefined variable: field":8} []
[2016-07-08 16:40:50] error.ERROR: 8 IN FILE /Users/zhouhong/xianrou/yaframe/library/Uploader/Uploader.php ON LINE 159 {"Undefined variable: field":8} []
[2016-07-08 16:40:50] error.ERROR: 8 IN FILE /Users/zhouhong/xianrou/yaframe/library/Http/BasicRequest.php ON LINE 67 {"Undefined index: HTTP_SIGN":8} []
[2016-07-08 16:40:50] error.ERROR: 8 IN FILE /Users/zhouhong/xianrou/yaframe/library/Http/BasicRequest.php ON LINE 68 {"Undefined index: HTTP_VERSION":8} []
[2016-07-08 16:40:50] error.ERROR: 8 IN FILE /Users/zhouhong/xianrou/yaframe/library/Http/BasicRequest.php ON LINE 69 {"Undefined index: HTTP_TIMESTAMP":8} []
[2016-07-08 16:40:50] error.ERROR: 8 IN FILE /Users/zhouhong/xianrou/yaframe/library/Sphinx/SphinxClient.php ON LINE 195 {"Undefined property: Sphinx\\SphinxClient::$_socket":8} []
[2016-07-08 16:40:50] error.ERROR: 8 IN FILE /Users/zhouhong/xianrou/yaframe/library/Sphinx/SphinxClient.php ON LINE 196 {"Undefined property: Sphinx\\SphinxClient::$_socket":8} []
[2016-07-08 16:40:50] error.ERROR: 2 IN FILE /Users/zhouhong/xianrou/yaframe/library/Sphinx/SphinxClient.php ON LINE 196 {"fclose() expects parameter 1 to be resource, null given":2} []
[2016-07-08 16:40:58] error.ERROR: 8 IN FILE /Users/zhouhong/xianrou/yaframe/application/Bootstrap.php ON LINE 147 {"Undefined index: ffmpeg":8} []
[2016-07-08 16:40:58] error.ERROR: 8 IN FILE /Users/zhouhong/xianrou/yaframe/application/Bootstrap.php ON LINE 148 {"Undefined index: ffprobe":8} []
[2016-07-08 16:40:58] error.ERROR: 2 IN FILE /Users/zhouhong/xianrou/yaframe/library/Sphinx/SphinxClient.php ON LINE 232 {"assert(): assert(is_int($port)) failed":2} []
[2016-07-08 16:40:58] error.ERROR: 8 IN FILE /Users/zhouhong/xianrou/yaframe/library/Http/BasicRequest.php ON LINE 67 {"Undefined index: HTTP_SIGN":8} []
[2016-07-08 16:40:58] error.ERROR: 8 IN FILE /Users/zhouhong/xianrou/yaframe/library/Http/BasicRequest.php ON LINE 68 {"Undefined index: HTTP_VERSION":8} []
[2016-07-08 16:40:58] error.ERROR: 8 IN FILE /Users/zhouhong/xianrou/yaframe/library/Http/BasicRequest.php ON LINE 69 {"Undefined index: HTTP_TIMESTAMP":8} []
[2016-07-08 16:40:58] error.ERROR: 2 IN FILE /Users/zhouhong/xianrou/yaframe/library/Uploader/Uploader.php ON LINE 117 {"Missing argument 1 for Uploader\\Uploader::getFileInfo(), called in /Users/zhouhong/xianrou/yaframe/application/models/Common/VideoDriver.php on line 37 and defined":2} []
[2016-07-08 16:40:58] error.ERROR: 8 IN FILE /Users/zhouhong/xianrou/yaframe/library/Uploader/Uploader.php ON LINE 119 {"Undefined variable: field":8} []
[2016-07-08 16:40:58] error.ERROR: 8 IN FILE /Users/zhouhong/xianrou/yaframe/library/Uploader/Uploader.php ON LINE 123 {"Undefined variable: field":8} []
[2016-07-08 16:40:58] error.ERROR: 8 IN FILE /Users/zhouhong/xianrou/yaframe/library/Uploader/Uploader.php ON LINE 135 {"Undefined variable: field":8} []
[2016-07-08 16:40:58] error.ERROR: 2 IN FILE /Users/zhouhong/xianrou/yaframe/library/Uploader/Uploader.php ON LINE 154 {"Missing argument 1 for Uploader\\Uploader::doUpload(), called in /Users/zhouhong/xianrou/yaframe/application/models/Common/VideoDriver.php on line 44 and defined":2} []
[2016-07-08 16:40:58] error.ERROR: 8 IN FILE /Users/zhouhong/xianrou/yaframe/library/Uploader/Uploader.php ON LINE 158 {"Undefined variable: field":8} []
[2016-07-08 16:40:58] error.ERROR: 8 IN FILE /Users/zhouhong/xianrou/yaframe/library/Uploader/Uploader.php ON LINE 159 {"Undefined variable: field":8} []
[2016-07-08 16:40:58] error.ERROR: 8 IN FILE /Users/zhouhong/xianrou/yaframe/library/Sphinx/SphinxClient.php ON LINE 195 {"Undefined property: Sphinx\\SphinxClient::$_socket":8} []
[2016-07-08 16:40:58] error.ERROR: 8 IN FILE /Users/zhouhong/xianrou/yaframe/library/Sphinx/SphinxClient.php ON LINE 196 {"Undefined property: Sphinx\\SphinxClient::$_socket":8} []
[2016-07-08 16:40:58] error.ERROR: 2 IN FILE /Users/zhouhong/xianrou/yaframe/library/Sphinx/SphinxClient.php ON LINE 196 {"fclose() expects parameter 1 to be resource, null given":2} []
[2016-07-08 16:41:07] error.ERROR: 8 IN FILE /Users/zhouhong/xianrou/yaframe/application/Bootstrap.php ON LINE 147 {"Undefined index: ffmpeg":8} []
[2016-07-08 16:41:07] error.ERROR: 8 IN FILE /Users/zhouhong/xianrou/yaframe/application/Bootstrap.php ON LINE 148 {"Undefined index: ffprobe":8} []
[2016-07-08 16:41:07] error.ERROR: 2 IN FILE /Users/zhouhong/xianrou/yaframe/library/Sphinx/SphinxClient.php ON LINE 232 {"assert(): assert(is_int($port)) failed":2} []
[2016-07-08 16:41:07] error.ERROR: 8 IN FILE /Users/zhouhong/xianrou/yaframe/library/Http/BasicRequest.php ON LINE 67 {"Undefined index: HTTP_SIGN":8} []
[2016-07-08 16:41:07] error.ERROR: 8 IN FILE /Users/zhouhong/xianrou/yaframe/library/Http/BasicRequest.php ON LINE 68 {"Undefined index: HTTP_VERSION":8} []
[2016-07-08 16:41:07] error.ERROR: 8 IN FILE /Users/zhouhong/xianrou/yaframe/library/Http/BasicRequest.php ON LINE 69 {"Undefined index: HTTP_TIMESTAMP":8} []
[2016-07-08 16:41:07] error.ERROR: 2 IN FILE /Users/zhouhong/xianrou/yaframe/library/Uploader/Uploader.php ON LINE 117 {"Missing argument 1 for Uploader\\Uploader::getFileInfo(), called in /Users/zhouhong/xianrou/yaframe/application/models/Common/VideoDriver.php on line 37 and defined":2} []
[2016-07-08 16:41:07] error.ERROR: 8 IN FILE /Users/zhouhong/xianrou/yaframe/library/Uploader/Uploader.php ON LINE 119 {"Undefined variable: field":8} []
[2016-07-08 16:41:07] error.ERROR: 8 IN FILE /Users/zhouhong/xianrou/yaframe/library/Uploader/Uploader.php ON LINE 123 {"Undefined variable: field":8} []
[2016-07-08 16:41:07] error.ERROR: 8 IN FILE /Users/zhouhong/xianrou/yaframe/library/Uploader/Uploader.php ON LINE 135 {"Undefined variable: field":8} []
[2016-07-08 16:41:07] error.ERROR: 2 IN FILE /Users/zhouhong/xianrou/yaframe/library/Uploader/Uploader.php ON LINE 154 {"Missing argument 1 for Uploader\\Uploader::doUpload(), called in /Users/zhouhong/xianrou/yaframe/application/models/Common/VideoDriver.php on line 44 and defined":2} []
[2016-07-08 16:41:07] error.ERROR: 8 IN FILE /Users/zhouhong/xianrou/yaframe/library/Uploader/Uploader.php ON LINE 158 {"Undefined variable: field":8} []
[2016-07-08 16:41:07] error.ERROR: 8 IN FILE /Users/zhouhong/xianrou/yaframe/library/Uploader/Uploader.php ON LINE 159 {"Undefined variable: field":8} []
[2016-07-08 16:41:07] error.ERROR: 8 IN FILE /Users/zhouhong/xianrou/yaframe/library/Http/BasicRequest.php ON LINE 67 {"Undefined index: HTTP_SIGN":8} []
[2016-07-08 16:41:07] error.ERROR: 8 IN FILE /Users/zhouhong/xianrou/yaframe/library/Http/BasicRequest.php ON LINE 68 {"Undefined index: HTTP_VERSION":8} []
[2016-07-08 16:41:07] error.ERROR: 8 IN FILE /Users/zhouhong/xianrou/yaframe/library/Http/BasicRequest.php ON LINE 69 {"Undefined index: HTTP_TIMESTAMP":8} []
[2016-07-08 16:41:07] error.ERROR: 8 IN FILE /Users/zhouhong/xianrou/yaframe/library/Sphinx/SphinxClient.php ON LINE 195 {"Undefined property: Sphinx\\SphinxClient::$_socket":8} []
[2016-07-08 16:41:07] error.ERROR: 8 IN FILE /Users/zhouhong/xianrou/yaframe/library/Sphinx/SphinxClient.php ON LINE 196 {"Undefined property: Sphinx\\SphinxClient::$_socket":8} []
[2016-07-08 16:41:07] error.ERROR: 2 IN FILE /Users/zhouhong/xianrou/yaframe/library/Sphinx/SphinxClient.php ON LINE 196 {"fclose() expects parameter 1 to be resource, null given":2} []
[2016-07-08 16:41:53] error.ERROR: 8 IN FILE /Users/zhouhong/xianrou/yaframe/application/Bootstrap.php ON LINE 147 {"Undefined index: ffmpeg":8} []
[2016-07-08 16:41:53] error.ERROR: 8 IN FILE /Users/zhouhong/xianrou/yaframe/application/Bootstrap.php ON LINE 148 {"Undefined index: ffprobe":8} []
[2016-07-08 16:41:53] error.ERROR: 2 IN FILE /Users/zhouhong/xianrou/yaframe/library/Sphinx/SphinxClient.php ON LINE 232 {"assert(): assert(is_int($port)) failed":2} []
[2016-07-08 16:41:53] error.ERROR: 8 IN FILE /Users/zhouhong/xianrou/yaframe/library/Http/BasicRequest.php ON LINE 67 {"Undefined index: HTTP_SIGN":8} []
[2016-07-08 16:41:53] error.ERROR: 8 IN FILE /Users/zhouhong/xianrou/yaframe/library/Http/BasicRequest.php ON LINE 68 {"Undefined index: HTTP_VERSION":8} []
[2016-07-08 16:41:53] error.ERROR: 8 IN FILE /Users/zhouhong/xianrou/yaframe/library/Http/BasicRequest.php ON LINE 69 {"Undefined index: HTTP_TIMESTAMP":8} []
[2016-07-08 16:41:53] error.ERROR: 2 IN FILE /Users/zhouhong/xianrou/yaframe/library/Uploader/Uploader.php ON LINE 117 {"Missing argument 1 for Uploader\\Uploader::getFileInfo(), called in /Users/zhouhong/xianrou/yaframe/application/models/Common/VideoDriver.php on line 37 and defined":2} []
[2016-07-08 16:41:53] error.ERROR: 8 IN FILE /Users/zhouhong/xianrou/yaframe/library/Uploader/Uploader.php ON LINE 119 {"Undefined variable: field":8} []
[2016-07-08 16:41:53] error.ERROR: 8 IN FILE /Users/zhouhong/xianrou/yaframe/library/Uploader/Uploader.php ON LINE 123 {"Undefined variable: field":8} []
[2016-07-08 16:41:53] error.ERROR: 8 IN FILE /Users/zhouhong/xianrou/yaframe/library/Uploader/Uploader.php ON LINE 135 {"Undefined variable: field":8} []
[2016-07-08 16:41:53] error.ERROR: 2 IN FILE /Users/zhouhong/xianrou/yaframe/library/Uploader/Uploader.php ON LINE 154 {"Missing argument 1 for Uploader\\Uploader::doUpload(), called in /Users/zhouhong/xianrou/yaframe/application/models/Common/VideoDriver.php on line 44 and defined":2} []
[2016-07-08 16:41:53] error.ERROR: 8 IN FILE /Users/zhouhong/xianrou/yaframe/library/Uploader/Uploader.php ON LINE 158 {"Undefined variable: field":8} []
[2016-07-08 16:41:53] error.ERROR: 8 IN FILE /Users/zhouhong/xianrou/yaframe/library/Uploader/Uploader.php ON LINE 159 {"Undefined variable: field":8} []
[2016-07-08 16:41:53] error.ERROR: 8 IN FILE /Users/zhouhong/xianrou/yaframe/library/Sphinx/SphinxClient.php ON LINE 195 {"Undefined property: Sphinx\\SphinxClient::$_socket":8} []
[2016-07-08 16:41:53] error.ERROR: 8 IN FILE /Users/zhouhong/xianrou/yaframe/library/Sphinx/SphinxClient.php ON LINE 196 {"Undefined property: Sphinx\\SphinxClient::$_socket":8} []
[2016-07-08 16:41:53] error.ERROR: 2 IN FILE /Users/zhouhong/xianrou/yaframe/library/Sphinx/SphinxClient.php ON LINE 196 {"fclose() expects parameter 1 to be resource, null given":2} []
[2016-07-08 16:45:15] error.ERROR: 8 IN FILE /Users/zhouhong/xianrou/yaframe/application/Bootstrap.php ON LINE 147 {"Undefined index: ffmpeg":8} []
[2016-07-08 16:45:15] error.ERROR: 8 IN FILE /Users/zhouhong/xianrou/yaframe/application/Bootstrap.php ON LINE 148 {"Undefined index: ffprobe":8} []
[2016-07-08 16:45:15] error.ERROR: 2 IN FILE /Users/zhouhong/xianrou/yaframe/library/Sphinx/SphinxClient.php ON LINE 232 {"assert(): assert(is_int($port)) failed":2} []
[2016-07-08 16:45:15] error.ERROR: 8 IN FILE /Users/zhouhong/xianrou/yaframe/library/Http/BasicRequest.php ON LINE 67 {"Undefined index: HTTP_SIGN":8} []
[2016-07-08 16:45:15] error.ERROR: 8 IN FILE /Users/zhouhong/xianrou/yaframe/library/Http/BasicRequest.php ON LINE 68 {"Undefined index: HTTP_VERSION":8} []
[2016-07-08 16:45:15] error.ERROR: 8 IN FILE /Users/zhouhong/xianrou/yaframe/library/Http/BasicRequest.php ON LINE 69 {"Undefined index: HTTP_TIMESTAMP":8} []
[2016-07-08 16:45:15] error.ERROR: 2 IN FILE /Users/zhouhong/xianrou/yaframe/library/Uploader/Uploader.php ON LINE 117 {"Missing argument 1 for Uploader\\Uploader::getFileInfo(), called in /Users/zhouhong/xianrou/yaframe/application/models/Common/VideoDriver.php on line 36 and defined":2} []
[2016-07-08 16:45:15] error.ERROR: 8 IN FILE /Users/zhouhong/xianrou/yaframe/library/Uploader/Uploader.php ON LINE 119 {"Undefined variable: field":8} []
[2016-07-08 16:45:15] error.ERROR: 8 IN FILE /Users/zhouhong/xianrou/yaframe/library/Uploader/Uploader.php ON LINE 123 {"Undefined variable: field":8} []
[2016-07-08 16:45:15] error.ERROR: 8 IN FILE /Users/zhouhong/xianrou/yaframe/library/Uploader/Uploader.php ON LINE 135 {"Undefined variable: field":8} []
[2016-07-08 16:45:15] error.ERROR: 2 IN FILE /Users/zhouhong/xianrou/yaframe/library/Uploader/Uploader.php ON LINE 154 {"Missing argument 1 for Uploader\\Uploader::doUpload(), called in /Users/zhouhong/xianrou/yaframe/application/models/Common/VideoDriver.php on line 43 and defined":2} []
[2016-07-08 16:45:15] error.ERROR: 8 IN FILE /Users/zhouhong/xianrou/yaframe/library/Uploader/Uploader.php ON LINE 158 {"Undefined variable: field":8} []
[2016-07-08 16:45:15] error.ERROR: 8 IN FILE /Users/zhouhong/xianrou/yaframe/library/Uploader/Uploader.php ON LINE 159 {"Undefined variable: field":8} []
[2016-07-08 16:45:15] error.ERROR: 8 IN FILE /Users/zhouhong/xianrou/yaframe/application/models/Common/VideoDriver.php ON LINE 92 {"Undefined variable: files":8} []
[2016-07-08 16:45:15] error.ERROR: 8 IN FILE /Users/zhouhong/xianrou/yaframe/library/Http/BasicRequest.php ON LINE 67 {"Undefined index: HTTP_SIGN":8} []
[2016-07-08 16:45:15] error.ERROR: 8 IN FILE /Users/zhouhong/xianrou/yaframe/library/Http/BasicRequest.php ON LINE 68 {"Undefined index: HTTP_VERSION":8} []
[2016-07-08 16:45:15] error.ERROR: 8 IN FILE /Users/zhouhong/xianrou/yaframe/library/Http/BasicRequest.php ON LINE 69 {"Undefined index: HTTP_TIMESTAMP":8} []
[2016-07-08 16:45:15] error.ERROR: 8 IN FILE /Users/zhouhong/xianrou/yaframe/library/Sphinx/SphinxClient.php ON LINE 195 {"Undefined property: Sphinx\\SphinxClient::$_socket":8} []
[2016-07-08 16:45:15] error.ERROR: 8 IN FILE /Users/zhouhong/xianrou/yaframe/library/Sphinx/SphinxClient.php ON LINE 196 {"Undefined property: Sphinx\\SphinxClient::$_socket":8} []
[2016-07-08 16:45:15] error.ERROR: 2 IN FILE /Users/zhouhong/xianrou/yaframe/library/Sphinx/SphinxClient.php ON LINE 196 {"fclose() expects parameter 1 to be resource, null given":2} []
[2016-07-08 16:48:15] error.ERROR: 8 IN FILE /Users/zhouhong/xianrou/yaframe/application/Bootstrap.php ON LINE 147 {"Undefined index: ffmpeg":8} []
[2016-07-08 16:48:15] error.ERROR: 8 IN FILE /Users/zhouhong/xianrou/yaframe/application/Bootstrap.php ON LINE 148 {"Undefined index: ffprobe":8} []
[2016-07-08 16:48:16] error.ERROR: 2 IN FILE /Users/zhouhong/xianrou/yaframe/library/Sphinx/SphinxClient.php ON LINE 232 {"assert(): assert(is_int($port)) failed":2} []
[2016-07-08 16:48:16] error.ERROR: 8 IN FILE /Users/zhouhong/xianrou/yaframe/library/Http/BasicRequest.php ON LINE 67 {"Undefined index: HTTP_SIGN":8} []
[2016-07-08 16:48:16] error.ERROR: 8 IN FILE /Users/zhouhong/xianrou/yaframe/library/Http/BasicRequest.php ON LINE 68 {"Undefined index: HTTP_VERSION":8} []
[2016-07-08 16:48:16] error.ERROR: 8 IN FILE /Users/zhouhong/xianrou/yaframe/library/Http/BasicRequest.php ON LINE 69 {"Undefined index: HTTP_TIMESTAMP":8} []
[2016-07-08 16:48:16] error.ERROR: 2 IN FILE /Users/zhouhong/xianrou/yaframe/library/Uploader/Uploader.php ON LINE 117 {"Missing argument 1 for Uploader\\Uploader::getFileInfo(), called in /Users/zhouhong/xianrou/yaframe/application/models/Common/VideoDriver.php on line 36 and defined":2} []
[2016-07-08 16:48:16] error.ERROR: 8 IN FILE /Users/zhouhong/xianrou/yaframe/library/Uploader/Uploader.php ON LINE 119 {"Undefined variable: field":8} []
[2016-07-08 16:48:16] error.ERROR: 8 IN FILE /Users/zhouhong/xianrou/yaframe/library/Uploader/Uploader.php ON LINE 123 {"Undefined variable: field":8} []
[2016-07-08 16:48:16] error.ERROR: 8 IN FILE /Users/zhouhong/xianrou/yaframe/library/Uploader/Uploader.php ON LINE 135 {"Undefined variable: field":8} []
[2016-07-08 16:48:16] error.ERROR: 2 IN FILE /Users/zhouhong/xianrou/yaframe/library/Uploader/Uploader.php ON LINE 154 {"Missing argument 1 for Uploader\\Uploader::doUpload(), called in /Users/zhouhong/xianrou/yaframe/application/models/Common/VideoDriver.php on line 43 and defined":2} []
[2016-07-08 16:48:16] error.ERROR: 8 IN FILE /Users/zhouhong/xianrou/yaframe/library/Uploader/Uploader.php ON LINE 158 {"Undefined variable: field":8} []
[2016-07-08 16:48:16] error.ERROR: 8 IN FILE /Users/zhouhong/xianrou/yaframe/library/Uploader/Uploader.php ON LINE 159 {"Undefined variable: field":8} []
[2016-07-08 16:48:16] error.ERROR: 8 IN FILE /Users/zhouhong/xianrou/yaframe/application/models/Common/VideoDriver.php ON LINE 92 {"Undefined variable: files":8} []
[2016-07-08 16:48:16] error.ERROR: 8 IN FILE /Users/zhouhong/xianrou/yaframe/library/Sphinx/SphinxClient.php ON LINE 195 {"Undefined property: Sphinx\\SphinxClient::$_socket":8} []
[2016-07-08 16:48:16] error.ERROR: 8 IN FILE /Users/zhouhong/xianrou/yaframe/library/Sphinx/SphinxClient.php ON LINE 196 {"Undefined property: Sphinx\\SphinxClient::$_socket":8} []
[2016-07-08 16:48:16] error.ERROR: 2 IN FILE /Users/zhouhong/xianrou/yaframe/library/Sphinx/SphinxClient.php ON LINE 196 {"fclose() expects parameter 1 to be resource, null given":2} []
[2016-07-08 16:48:56] error.ERROR: 8 IN FILE /Users/zhouhong/xianrou/yaframe/application/Bootstrap.php ON LINE 147 {"Undefined index: ffmpeg":8} []
[2016-07-08 16:48:56] error.ERROR: 8 IN FILE /Users/zhouhong/xianrou/yaframe/application/Bootstrap.php ON LINE 148 {"Undefined index: ffprobe":8} []
[2016-07-08 16:48:56] error.ERROR: 2 IN FILE /Users/zhouhong/xianrou/yaframe/library/Sphinx/SphinxClient.php ON LINE 232 {"assert(): assert(is_int($port)) failed":2} []
[2016-07-08 16:48:56] error.ERROR: 8 IN FILE /Users/zhouhong/xianrou/yaframe/library/Http/BasicRequest.php ON LINE 67 {"Undefined index: HTTP_SIGN":8} []
[2016-07-08 16:48:56] error.ERROR: 8 IN FILE /Users/zhouhong/xianrou/yaframe/library/Http/BasicRequest.php ON LINE 68 {"Undefined index: HTTP_VERSION":8} []
[2016-07-08 16:48:56] error.ERROR: 8 IN FILE /Users/zhouhong/xianrou/yaframe/library/Http/BasicRequest.php ON LINE 69 {"Undefined index: HTTP_TIMESTAMP":8} []
[2016-07-08 16:48:56] error.ERROR: 2 IN FILE /Users/zhouhong/xianrou/yaframe/library/Uploader/Uploader.php ON LINE 117 {"Missing argument 1 for Uploader\\Uploader::getFileInfo(), called in /Users/zhouhong/xianrou/yaframe/application/models/Common/VideoDriver.php on line 36 and defined":2} []
[2016-07-08 16:48:56] error.ERROR: 8 IN FILE /Users/zhouhong/xianrou/yaframe/library/Uploader/Uploader.php ON LINE 119 {"Undefined variable: field":8} []
[2016-07-08 16:48:56] error.ERROR: 8 IN FILE /Users/zhouhong/xianrou/yaframe/library/Uploader/Uploader.php ON LINE 123 {"Undefined variable: field":8} []
[2016-07-08 16:48:56] error.ERROR: 8 IN FILE /Users/zhouhong/xianrou/yaframe/library/Uploader/Uploader.php ON LINE 135 {"Undefined variable: field":8} []
[2016-07-08 16:48:56] error.ERROR: 2 IN FILE /Users/zhouhong/xianrou/yaframe/library/Uploader/Uploader.php ON LINE 154 {"Missing argument 1 for Uploader\\Uploader::doUpload(), called in /Users/zhouhong/xianrou/yaframe/application/models/Common/VideoDriver.php on line 43 and defined":2} []
[2016-07-08 16:48:56] error.ERROR: 8 IN FILE /Users/zhouhong/xianrou/yaframe/library/Uploader/Uploader.php ON LINE 158 {"Undefined variable: field":8} []
[2016-07-08 16:48:56] error.ERROR: 8 IN FILE /Users/zhouhong/xianrou/yaframe/library/Uploader/Uploader.php ON LINE 159 {"Undefined variable: field":8} []
[2016-07-08 16:48:56] error.ERROR: 8 IN FILE /Users/zhouhong/xianrou/yaframe/application/models/Common/VideoDriver.php ON LINE 92 {"Undefined variable: files":8} []
[2016-07-08 16:48:56] error.ERROR: 8 IN FILE /Users/zhouhong/xianrou/yaframe/library/Http/BasicRequest.php ON LINE 67 {"Undefined index: HTTP_SIGN":8} []
[2016-07-08 16:48:56] error.ERROR: 8 IN FILE /Users/zhouhong/xianrou/yaframe/library/Http/BasicRequest.php ON LINE 68 {"Undefined index: HTTP_VERSION":8} []
[2016-07-08 16:48:56] error.ERROR: 8 IN FILE /Users/zhouhong/xianrou/yaframe/library/Http/BasicRequest.php ON LINE 69 {"Undefined index: HTTP_TIMESTAMP":8} []
[2016-07-08 16:48:56] error.ERROR: 8 IN FILE /Users/zhouhong/xianrou/yaframe/library/Sphinx/SphinxClient.php ON LINE 195 {"Undefined property: Sphinx\\SphinxClient::$_socket":8} []
[2016-07-08 16:48:56] error.ERROR: 8 IN FILE /Users/zhouhong/xianrou/yaframe/library/Sphinx/SphinxClient.php ON LINE 196 {"Undefined property: Sphinx\\SphinxClient::$_socket":8} []
[2016-07-08 16:48:56] error.ERROR: 2 IN FILE /Users/zhouhong/xianrou/yaframe/library/Sphinx/SphinxClient.php ON LINE 196 {"fclose() expects parameter 1 to be resource, null given":2} []
