[2016-06-30 17:12:13] error.WARNING: 8 IN FILE /Users/zhouhong/xianrou/yaframe/application/Bootstrap.php ON LINE 147 {"Undefined index: ffmpeg":8} []
[2016-06-30 17:12:13] error.ERROR: 8 IN FILE /Users/zhouhong/xianrou/yaframe/application/Bootstrap.php ON LINE 147 {"Undefined index: ffmpeg":8} []
[2016-06-30 17:12:13] error.WARNING: 8 IN FILE /Users/zhouhong/xianrou/yaframe/application/Bootstrap.php ON LINE 148 {"Undefined index: ffprobe":8} []
[2016-06-30 17:12:13] error.ERROR: 8 IN FILE /Users/zhouhong/xianrou/yaframe/application/Bootstrap.php ON LINE 148 {"Undefined index: ffprobe":8} []
[2016-06-30 17:12:13] error.WARNING: 8 IN FILE /Users/zhouhong/xianrou/yaframe/library/Http/BasicRequest.php ON LINE 67 {"Undefined index: HTTP_SIGN":8} []
[2016-06-30 17:12:13] error.ERROR: 8 IN FILE /Users/zhouhong/xianrou/yaframe/library/Http/BasicRequest.php ON LINE 67 {"Undefined index: HTTP_SIGN":8} []
[2016-06-30 17:12:13] error.WARNING: 8 IN FILE /Users/zhouhong/xianrou/yaframe/library/Http/BasicRequest.php ON LINE 68 {"Undefined index: HTTP_VERSION":8} []
[2016-06-30 17:12:13] error.ERROR: 8 IN FILE /Users/zhouhong/xianrou/yaframe/library/Http/BasicRequest.php ON LINE 68 {"Undefined index: HTTP_VERSION":8} []
[2016-06-30 17:12:13] error.WARNING: 8 IN FILE /Users/zhouhong/xianrou/yaframe/library/Http/BasicRequest.php ON LINE 69 {"Undefined index: HTTP_TIMESTAMP":8} []
[2016-06-30 17:12:13] error.ERROR: 8 IN FILE /Users/zhouhong/xianrou/yaframe/library/Http/BasicRequest.php ON LINE 69 {"Undefined index: HTTP_TIMESTAMP":8} []
[2016-06-30 17:12:13] error.WARNING: 8 IN FILE /Users/zhouhong/xianrou/yaframe/application/models/Core/CommonRegion.php ON LINE 24 {"Undefined variable: name":8} []
[2016-06-30 17:12:13] error.ERROR: 8 IN FILE /Users/zhouhong/xianrou/yaframe/application/models/Core/CommonRegion.php ON LINE 24 {"Undefined variable: name":8} []
[2016-06-30 17:12:13] error.WARNING: 8 IN FILE /Users/zhouhong/xianrou/yaframe/library/Uploader/Imager.php ON LINE 68 {"Undefined variable: leftWidth":8} []
[2016-06-30 17:12:13] error.ERROR: 8 IN FILE /Users/zhouhong/xianrou/yaframe/library/Uploader/Imager.php ON LINE 68 {"Undefined variable: leftWidth":8} []
[2016-06-30 17:12:15] error.WARNING: 8 IN FILE /Users/zhouhong/xianrou/yaframe/library/Uploader/Imager.php ON LINE 68 {"Undefined variable: leftWidth":8} []
[2016-06-30 17:12:15] error.ERROR: 8 IN FILE /Users/zhouhong/xianrou/yaframe/library/Uploader/Imager.php ON LINE 68 {"Undefined variable: leftWidth":8} []
[2016-06-30 17:12:17] error.WARNING: 8 IN FILE /Users/zhouhong/xianrou/yaframe/library/Http/BasicRequest.php ON LINE 67 {"Undefined index: HTTP_SIGN":8} []
[2016-06-30 17:12:17] error.ERROR: 8 IN FILE /Users/zhouhong/xianrou/yaframe/library/Http/BasicRequest.php ON LINE 67 {"Undefined index: HTTP_SIGN":8} []
[2016-06-30 17:12:17] error.WARNING: 8 IN FILE /Users/zhouhong/xianrou/yaframe/library/Http/BasicRequest.php ON LINE 68 {"Undefined index: HTTP_VERSION":8} []
[2016-06-30 17:12:17] error.ERROR: 8 IN FILE /Users/zhouhong/xianrou/yaframe/library/Http/BasicRequest.php ON LINE 68 {"Undefined index: HTTP_VERSION":8} []
[2016-06-30 17:12:17] error.WARNING: 8 IN FILE /Users/zhouhong/xianrou/yaframe/library/Http/BasicRequest.php ON LINE 69 {"Undefined index: HTTP_TIMESTAMP":8} []
[2016-06-30 17:12:17] error.ERROR: 8 IN FILE /Users/zhouhong/xianrou/yaframe/library/Http/BasicRequest.php ON LINE 69 {"Undefined index: HTTP_TIMESTAMP":8} []
[2016-06-30 17:12:17] error.WARNING: 8 IN FILE /Users/zhouhong/xianrou/yaframe/application/models/Core/CommonRegion.php ON LINE 24 {"Undefined variable: name":8} []
[2016-06-30 17:12:17] error.ERROR: 8 IN FILE /Users/zhouhong/xianrou/yaframe/application/models/Core/CommonRegion.php ON LINE 24 {"Undefined variable: name":8} []
[2016-06-30 17:42:10] error.WARNING: 8 IN FILE /Users/zhouhong/xianrou/yaframe/application/Bootstrap.php ON LINE 147 {"Undefined index: ffmpeg":8} []
[2016-06-30 17:42:10] error.ERROR: 8 IN FILE /Users/zhouhong/xianrou/yaframe/application/Bootstrap.php ON LINE 147 {"Undefined index: ffmpeg":8} []
[2016-06-30 17:42:10] error.WARNING: 8 IN FILE /Users/zhouhong/xianrou/yaframe/application/Bootstrap.php ON LINE 148 {"Undefined index: ffprobe":8} []
[2016-06-30 17:42:10] error.ERROR: 8 IN FILE /Users/zhouhong/xianrou/yaframe/application/Bootstrap.php ON LINE 148 {"Undefined index: ffprobe":8} []
[2016-06-30 17:42:10] error.WARNING: 8 IN FILE /Users/zhouhong/xianrou/yaframe/library/Http/BasicRequest.php ON LINE 67 {"Undefined index: HTTP_SIGN":8} []
[2016-06-30 17:42:10] error.ERROR: 8 IN FILE /Users/zhouhong/xianrou/yaframe/library/Http/BasicRequest.php ON LINE 67 {"Undefined index: HTTP_SIGN":8} []
[2016-06-30 17:42:10] error.WARNING: 8 IN FILE /Users/zhouhong/xianrou/yaframe/library/Http/BasicRequest.php ON LINE 68 {"Undefined index: HTTP_VERSION":8} []
[2016-06-30 17:42:10] error.ERROR: 8 IN FILE /Users/zhouhong/xianrou/yaframe/library/Http/BasicRequest.php ON LINE 68 {"Undefined index: HTTP_VERSION":8} []
[2016-06-30 17:42:10] error.WARNING: 8 IN FILE /Users/zhouhong/xianrou/yaframe/library/Http/BasicRequest.php ON LINE 69 {"Undefined index: HTTP_TIMESTAMP":8} []
[2016-06-30 17:42:10] error.ERROR: 8 IN FILE /Users/zhouhong/xianrou/yaframe/library/Http/BasicRequest.php ON LINE 69 {"Undefined index: HTTP_TIMESTAMP":8} []
[2016-06-30 17:42:10] error.WARNING: 8 IN FILE /Users/zhouhong/xianrou/yaframe/application/models/Core/CommonRegion.php ON LINE 24 {"Undefined variable: name":8} []
[2016-06-30 17:42:10] error.ERROR: 8 IN FILE /Users/zhouhong/xianrou/yaframe/application/models/Core/CommonRegion.php ON LINE 24 {"Undefined variable: name":8} []
[2016-06-30 17:42:10] error.WARNING: 8 IN FILE /Users/zhouhong/xianrou/yaframe/library/Uploader/Imager.php ON LINE 68 {"Undefined variable: leftWidth":8} []
[2016-06-30 17:42:10] error.ERROR: 8 IN FILE /Users/zhouhong/xianrou/yaframe/library/Uploader/Imager.php ON LINE 68 {"Undefined variable: leftWidth":8} []
[2016-06-30 17:42:12] error.WARNING: 8 IN FILE /Users/zhouhong/xianrou/yaframe/library/Uploader/Imager.php ON LINE 68 {"Undefined variable: leftWidth":8} []
[2016-06-30 17:42:12] error.ERROR: 8 IN FILE /Users/zhouhong/xianrou/yaframe/library/Uploader/Imager.php ON LINE 68 {"Undefined variable: leftWidth":8} []
[2016-06-30 17:42:14] error.WARNING: 8 IN FILE /Users/zhouhong/xianrou/yaframe/library/Http/BasicRequest.php ON LINE 67 {"Undefined index: HTTP_SIGN":8} []
[2016-06-30 17:42:14] error.ERROR: 8 IN FILE /Users/zhouhong/xianrou/yaframe/library/Http/BasicRequest.php ON LINE 67 {"Undefined index: HTTP_SIGN":8} []
[2016-06-30 17:42:14] error.WARNING: 8 IN FILE /Users/zhouhong/xianrou/yaframe/library/Http/BasicRequest.php ON LINE 68 {"Undefined index: HTTP_VERSION":8} []
[2016-06-30 17:42:14] error.ERROR: 8 IN FILE /Users/zhouhong/xianrou/yaframe/library/Http/BasicRequest.php ON LINE 68 {"Undefined index: HTTP_VERSION":8} []
[2016-06-30 17:42:14] error.WARNING: 8 IN FILE /Users/zhouhong/xianrou/yaframe/library/Http/BasicRequest.php ON LINE 69 {"Undefined index: HTTP_TIMESTAMP":8} []
[2016-06-30 17:42:14] error.ERROR: 8 IN FILE /Users/zhouhong/xianrou/yaframe/library/Http/BasicRequest.php ON LINE 69 {"Undefined index: HTTP_TIMESTAMP":8} []
[2016-06-30 17:42:14] error.WARNING: 8 IN FILE /Users/zhouhong/xianrou/yaframe/application/models/Core/CommonRegion.php ON LINE 24 {"Undefined variable: name":8} []
[2016-06-30 17:42:14] error.ERROR: 8 IN FILE /Users/zhouhong/xianrou/yaframe/application/models/Core/CommonRegion.php ON LINE 24 {"Undefined variable: name":8} []
[2016-06-30 17:51:27] error.WARNING: 8 IN FILE /Users/zhouhong/xianrou/yaframe/application/Bootstrap.php ON LINE 147 {"Undefined index: ffmpeg":8} []
[2016-06-30 17:51:27] error.ERROR: 8 IN FILE /Users/zhouhong/xianrou/yaframe/application/Bootstrap.php ON LINE 147 {"Undefined index: ffmpeg":8} []
[2016-06-30 17:51:27] error.WARNING: 8 IN FILE /Users/zhouhong/xianrou/yaframe/application/Bootstrap.php ON LINE 148 {"Undefined index: ffprobe":8} []
[2016-06-30 17:51:27] error.ERROR: 8 IN FILE /Users/zhouhong/xianrou/yaframe/application/Bootstrap.php ON LINE 148 {"Undefined index: ffprobe":8} []
[2016-06-30 17:51:27] error.WARNING: 8 IN FILE /Users/zhouhong/xianrou/yaframe/library/Http/BasicRequest.php ON LINE 67 {"Undefined index: HTTP_SIGN":8} []
[2016-06-30 17:51:27] error.ERROR: 8 IN FILE /Users/zhouhong/xianrou/yaframe/library/Http/BasicRequest.php ON LINE 67 {"Undefined index: HTTP_SIGN":8} []
[2016-06-30 17:51:27] error.WARNING: 8 IN FILE /Users/zhouhong/xianrou/yaframe/library/Http/BasicRequest.php ON LINE 68 {"Undefined index: HTTP_VERSION":8} []
[2016-06-30 17:51:27] error.ERROR: 8 IN FILE /Users/zhouhong/xianrou/yaframe/library/Http/BasicRequest.php ON LINE 68 {"Undefined index: HTTP_VERSION":8} []
[2016-06-30 17:51:27] error.WARNING: 8 IN FILE /Users/zhouhong/xianrou/yaframe/library/Http/BasicRequest.php ON LINE 69 {"Undefined index: HTTP_TIMESTAMP":8} []
[2016-06-30 17:51:27] error.ERROR: 8 IN FILE /Users/zhouhong/xianrou/yaframe/library/Http/BasicRequest.php ON LINE 69 {"Undefined index: HTTP_TIMESTAMP":8} []
[2016-06-30 17:51:27] error.WARNING: 8 IN FILE /Users/zhouhong/xianrou/yaframe/application/models/Core/CommonRegion.php ON LINE 24 {"Undefined variable: name":8} []
[2016-06-30 17:51:27] error.ERROR: 8 IN FILE /Users/zhouhong/xianrou/yaframe/application/models/Core/CommonRegion.php ON LINE 24 {"Undefined variable: name":8} []
[2016-06-30 17:51:27] error.WARNING: 8 IN FILE /Users/zhouhong/xianrou/yaframe/library/Uploader/Imager.php ON LINE 68 {"Undefined variable: leftWidth":8} []
[2016-06-30 17:51:27] error.ERROR: 8 IN FILE /Users/zhouhong/xianrou/yaframe/library/Uploader/Imager.php ON LINE 68 {"Undefined variable: leftWidth":8} []
[2016-06-30 17:51:29] error.WARNING: 8 IN FILE /Users/zhouhong/xianrou/yaframe/library/Uploader/Imager.php ON LINE 68 {"Undefined variable: leftWidth":8} []
[2016-06-30 17:51:29] error.ERROR: 8 IN FILE /Users/zhouhong/xianrou/yaframe/library/Uploader/Imager.php ON LINE 68 {"Undefined variable: leftWidth":8} []
[2016-06-30 17:52:33] error.WARNING: 8 IN FILE /Users/zhouhong/xianrou/yaframe/application/Bootstrap.php ON LINE 147 {"Undefined index: ffmpeg":8} []
[2016-06-30 17:52:33] error.ERROR: 8 IN FILE /Users/zhouhong/xianrou/yaframe/application/Bootstrap.php ON LINE 147 {"Undefined index: ffmpeg":8} []
[2016-06-30 17:52:33] error.WARNING: 8 IN FILE /Users/zhouhong/xianrou/yaframe/application/Bootstrap.php ON LINE 148 {"Undefined index: ffprobe":8} []
[2016-06-30 17:52:33] error.ERROR: 8 IN FILE /Users/zhouhong/xianrou/yaframe/application/Bootstrap.php ON LINE 148 {"Undefined index: ffprobe":8} []
[2016-06-30 17:52:33] error.WARNING: 8 IN FILE /Users/zhouhong/xianrou/yaframe/library/Http/BasicRequest.php ON LINE 67 {"Undefined index: HTTP_SIGN":8} []
[2016-06-30 17:52:33] error.ERROR: 8 IN FILE /Users/zhouhong/xianrou/yaframe/library/Http/BasicRequest.php ON LINE 67 {"Undefined index: HTTP_SIGN":8} []
[2016-06-30 17:52:33] error.WARNING: 8 IN FILE /Users/zhouhong/xianrou/yaframe/library/Http/BasicRequest.php ON LINE 68 {"Undefined index: HTTP_VERSION":8} []
[2016-06-30 17:52:33] error.ERROR: 8 IN FILE /Users/zhouhong/xianrou/yaframe/library/Http/BasicRequest.php ON LINE 68 {"Undefined index: HTTP_VERSION":8} []
[2016-06-30 17:52:33] error.WARNING: 8 IN FILE /Users/zhouhong/xianrou/yaframe/library/Http/BasicRequest.php ON LINE 69 {"Undefined index: HTTP_TIMESTAMP":8} []
[2016-06-30 17:52:33] error.ERROR: 8 IN FILE /Users/zhouhong/xianrou/yaframe/library/Http/BasicRequest.php ON LINE 69 {"Undefined index: HTTP_TIMESTAMP":8} []
[2016-06-30 17:52:33] error.WARNING: 8 IN FILE /Users/zhouhong/xianrou/yaframe/application/models/Core/CommonRegion.php ON LINE 24 {"Undefined variable: name":8} []
[2016-06-30 17:52:33] error.ERROR: 8 IN FILE /Users/zhouhong/xianrou/yaframe/application/models/Core/CommonRegion.php ON LINE 24 {"Undefined variable: name":8} []
[2016-06-30 17:52:33] error.WARNING: 8 IN FILE /Users/zhouhong/xianrou/yaframe/library/Uploader/Imager.php ON LINE 68 {"Undefined variable: leftWidth":8} []
[2016-06-30 17:52:33] error.ERROR: 8 IN FILE /Users/zhouhong/xianrou/yaframe/library/Uploader/Imager.php ON LINE 68 {"Undefined variable: leftWidth":8} []
[2016-06-30 17:52:35] error.WARNING: 8 IN FILE /Users/zhouhong/xianrou/yaframe/library/Uploader/Imager.php ON LINE 68 {"Undefined variable: leftWidth":8} []
[2016-06-30 17:52:35] error.ERROR: 8 IN FILE /Users/zhouhong/xianrou/yaframe/library/Uploader/Imager.php ON LINE 68 {"Undefined variable: leftWidth":8} []
