[2016-07-01 12:42:04] error.WARNING: 8 IN FILE /Users/zhouhong/xianrou/yaframe/application/Bootstrap.php ON LINE 147 {"Undefined index: ffmpeg":8} []
[2016-07-01 12:42:04] error.ERROR: 8 IN FILE /Users/zhouhong/xianrou/yaframe/application/Bootstrap.php ON LINE 147 {"Undefined index: ffmpeg":8} []
[2016-07-01 12:42:04] error.WARNING: 8 IN FILE /Users/zhouhong/xianrou/yaframe/application/Bootstrap.php ON LINE 148 {"Undefined index: ffprobe":8} []
[2016-07-01 12:42:04] error.ERROR: 8 IN FILE /Users/zhouhong/xianrou/yaframe/application/Bootstrap.php ON LINE 148 {"Undefined index: ffprobe":8} []
[2016-07-01 12:42:04] error.WARNING: 8 IN FILE /Users/zhouhong/xianrou/yaframe/library/Http/BasicRequest.php ON LINE 66 {"Undefined index: HTTP_TOKEN":8} []
[2016-07-01 12:42:04] error.ERROR: 8 IN FILE /Users/zhouhong/xianrou/yaframe/library/Http/BasicRequest.php ON LINE 66 {"Undefined index: HTTP_TOKEN":8} []
[2016-07-01 12:42:04] error.WARNING: 8 IN FILE /Users/zhouhong/xianrou/yaframe/library/Http/BasicRequest.php ON LINE 67 {"Undefined index: HTTP_SIGN":8} []
[2016-07-01 12:42:04] error.ERROR: 8 IN FILE /Users/zhouhong/xianrou/yaframe/library/Http/BasicRequest.php ON LINE 67 {"Undefined index: HTTP_SIGN":8} []
[2016-07-01 12:42:04] error.WARNING: 8 IN FILE /Users/zhouhong/xianrou/yaframe/library/Http/BasicRequest.php ON LINE 68 {"Undefined index: HTTP_VERSION":8} []
[2016-07-01 12:42:04] error.ERROR: 8 IN FILE /Users/zhouhong/xianrou/yaframe/library/Http/BasicRequest.php ON LINE 68 {"Undefined index: HTTP_VERSION":8} []
[2016-07-01 12:42:04] error.WARNING: 8 IN FILE /Users/zhouhong/xianrou/yaframe/library/Http/BasicRequest.php ON LINE 69 {"Undefined index: HTTP_TIMESTAMP":8} []
[2016-07-01 12:42:04] error.ERROR: 8 IN FILE /Users/zhouhong/xianrou/yaframe/library/Http/BasicRequest.php ON LINE 69 {"Undefined index: HTTP_TIMESTAMP":8} []
[2016-07-01 12:42:04] error.WARNING: 8 IN FILE /Users/zhouhong/xianrou/yaframe/application/modules/Social/controllers/Sharedetail.php ON LINE 26 {"Undefined index: user_id":8} []
[2016-07-01 12:42:04] error.ERROR: 8 IN FILE /Users/zhouhong/xianrou/yaframe/application/modules/Social/controllers/Sharedetail.php ON LINE 26 {"Undefined index: user_id":8} []
[2016-07-01 12:42:04] error.WARNING: 8 IN FILE /Users/zhouhong/xianrou/yaframe/application/models/Core/CommonRegion.php ON LINE 24 {"Undefined variable: name":8} []
[2016-07-01 12:42:04] error.ERROR: 8 IN FILE /Users/zhouhong/xianrou/yaframe/application/models/Core/CommonRegion.php ON LINE 24 {"Undefined variable: name":8} []
[2016-07-01 12:42:04] error.WARNING: 8 IN FILE /Users/zhouhong/xianrou/yaframe/application/models/Social/Like.php ON LINE 45 {"Undefined variable: result":8} []
[2016-07-01 12:42:04] error.ERROR: 8 IN FILE /Users/zhouhong/xianrou/yaframe/application/models/Social/Like.php ON LINE 45 {"Undefined variable: result":8} []
[2016-07-01 12:42:04] error.WARNING: 8 IN FILE /Users/zhouhong/xianrou/yaframe/application/Bootstrap.php ON LINE 147 {"Undefined index: ffmpeg":8} []
[2016-07-01 12:42:04] error.ERROR: 8 IN FILE /Users/zhouhong/xianrou/yaframe/application/Bootstrap.php ON LINE 147 {"Undefined index: ffmpeg":8} []
[2016-07-01 12:42:04] error.WARNING: 8 IN FILE /Users/zhouhong/xianrou/yaframe/application/Bootstrap.php ON LINE 148 {"Undefined index: ffprobe":8} []
[2016-07-01 12:42:04] error.ERROR: 8 IN FILE /Users/zhouhong/xianrou/yaframe/application/Bootstrap.php ON LINE 148 {"Undefined index: ffprobe":8} []
[2016-07-01 12:42:04] error.WARNING: 8 IN FILE /Users/zhouhong/xianrou/yaframe/library/Http/BasicRequest.php ON LINE 66 {"Undefined index: HTTP_TOKEN":8} []
[2016-07-01 12:42:04] error.ERROR: 8 IN FILE /Users/zhouhong/xianrou/yaframe/library/Http/BasicRequest.php ON LINE 66 {"Undefined index: HTTP_TOKEN":8} []
[2016-07-01 12:42:04] error.WARNING: 8 IN FILE /Users/zhouhong/xianrou/yaframe/library/Http/BasicRequest.php ON LINE 67 {"Undefined index: HTTP_SIGN":8} []
[2016-07-01 12:42:04] error.ERROR: 8 IN FILE /Users/zhouhong/xianrou/yaframe/library/Http/BasicRequest.php ON LINE 67 {"Undefined index: HTTP_SIGN":8} []
[2016-07-01 12:42:04] error.WARNING: 8 IN FILE /Users/zhouhong/xianrou/yaframe/library/Http/BasicRequest.php ON LINE 68 {"Undefined index: HTTP_VERSION":8} []
[2016-07-01 12:42:04] error.ERROR: 8 IN FILE /Users/zhouhong/xianrou/yaframe/library/Http/BasicRequest.php ON LINE 68 {"Undefined index: HTTP_VERSION":8} []
[2016-07-01 12:42:04] error.WARNING: 8 IN FILE /Users/zhouhong/xianrou/yaframe/library/Http/BasicRequest.php ON LINE 69 {"Undefined index: HTTP_TIMESTAMP":8} []
[2016-07-01 12:42:04] error.ERROR: 8 IN FILE /Users/zhouhong/xianrou/yaframe/library/Http/BasicRequest.php ON LINE 69 {"Undefined index: HTTP_TIMESTAMP":8} []
[2016-07-01 12:42:10] error.WARNING: 8 IN FILE /Users/zhouhong/xianrou/yaframe/application/Bootstrap.php ON LINE 147 {"Undefined index: ffmpeg":8} []
[2016-07-01 12:42:10] error.ERROR: 8 IN FILE /Users/zhouhong/xianrou/yaframe/application/Bootstrap.php ON LINE 147 {"Undefined index: ffmpeg":8} []
[2016-07-01 12:42:10] error.WARNING: 8 IN FILE /Users/zhouhong/xianrou/yaframe/application/Bootstrap.php ON LINE 148 {"Undefined index: ffprobe":8} []
[2016-07-01 12:42:10] error.ERROR: 8 IN FILE /Users/zhouhong/xianrou/yaframe/application/Bootstrap.php ON LINE 148 {"Undefined index: ffprobe":8} []
[2016-07-01 12:42:10] error.WARNING: 8 IN FILE /Users/zhouhong/xianrou/yaframe/library/Http/BasicRequest.php ON LINE 66 {"Undefined index: HTTP_TOKEN":8} []
[2016-07-01 12:42:10] error.ERROR: 8 IN FILE /Users/zhouhong/xianrou/yaframe/library/Http/BasicRequest.php ON LINE 66 {"Undefined index: HTTP_TOKEN":8} []
[2016-07-01 12:42:10] error.WARNING: 8 IN FILE /Users/zhouhong/xianrou/yaframe/library/Http/BasicRequest.php ON LINE 67 {"Undefined index: HTTP_SIGN":8} []
[2016-07-01 12:42:10] error.ERROR: 8 IN FILE /Users/zhouhong/xianrou/yaframe/library/Http/BasicRequest.php ON LINE 67 {"Undefined index: HTTP_SIGN":8} []
[2016-07-01 12:42:10] error.WARNING: 8 IN FILE /Users/zhouhong/xianrou/yaframe/library/Http/BasicRequest.php ON LINE 68 {"Undefined index: HTTP_VERSION":8} []
[2016-07-01 12:42:10] error.ERROR: 8 IN FILE /Users/zhouhong/xianrou/yaframe/library/Http/BasicRequest.php ON LINE 68 {"Undefined index: HTTP_VERSION":8} []
[2016-07-01 12:42:10] error.WARNING: 8 IN FILE /Users/zhouhong/xianrou/yaframe/library/Http/BasicRequest.php ON LINE 69 {"Undefined index: HTTP_TIMESTAMP":8} []
[2016-07-01 12:42:10] error.ERROR: 8 IN FILE /Users/zhouhong/xianrou/yaframe/library/Http/BasicRequest.php ON LINE 69 {"Undefined index: HTTP_TIMESTAMP":8} []
[2016-07-01 12:42:10] error.WARNING: 8 IN FILE /Users/zhouhong/xianrou/yaframe/application/modules/User/controllers/Userinfo.php ON LINE 50 {"Undefined index: user_id":8} []
[2016-07-01 12:42:10] error.ERROR: 8 IN FILE /Users/zhouhong/xianrou/yaframe/application/modules/User/controllers/Userinfo.php ON LINE 50 {"Undefined index: user_id":8} []
[2016-07-01 12:42:10] error.WARNING: 8 IN FILE /Users/zhouhong/xianrou/yaframe/application/modules/User/controllers/Userinfo.php ON LINE 55 {"Undefined index: user_id":8} []
[2016-07-01 12:42:10] error.ERROR: 8 IN FILE /Users/zhouhong/xianrou/yaframe/application/modules/User/controllers/Userinfo.php ON LINE 55 {"Undefined index: user_id":8} []
[2016-07-01 12:42:10] error.WARNING: 8 IN FILE /Users/zhouhong/xianrou/yaframe/application/modules/User/controllers/Userinfo.php ON LINE 59 {"Undefined index: user_id":8} []
[2016-07-01 12:42:10] error.ERROR: 8 IN FILE /Users/zhouhong/xianrou/yaframe/application/modules/User/controllers/Userinfo.php ON LINE 59 {"Undefined index: user_id":8} []
[2016-07-01 12:42:10] error.WARNING: 8 IN FILE /Users/zhouhong/xianrou/yaframe/application/Bootstrap.php ON LINE 147 {"Undefined index: ffmpeg":8} []
[2016-07-01 12:42:10] error.ERROR: 8 IN FILE /Users/zhouhong/xianrou/yaframe/application/Bootstrap.php ON LINE 147 {"Undefined index: ffmpeg":8} []
[2016-07-01 12:42:10] error.WARNING: 8 IN FILE /Users/zhouhong/xianrou/yaframe/application/Bootstrap.php ON LINE 148 {"Undefined index: ffprobe":8} []
[2016-07-01 12:42:10] error.ERROR: 8 IN FILE /Users/zhouhong/xianrou/yaframe/application/Bootstrap.php ON LINE 148 {"Undefined index: ffprobe":8} []
[2016-07-01 12:42:10] error.WARNING: 8 IN FILE /Users/zhouhong/xianrou/yaframe/library/Http/BasicRequest.php ON LINE 66 {"Undefined index: HTTP_TOKEN":8} []
[2016-07-01 12:42:10] error.ERROR: 8 IN FILE /Users/zhouhong/xianrou/yaframe/library/Http/BasicRequest.php ON LINE 66 {"Undefined index: HTTP_TOKEN":8} []
[2016-07-01 12:42:10] error.WARNING: 8 IN FILE /Users/zhouhong/xianrou/yaframe/library/Http/BasicRequest.php ON LINE 67 {"Undefined index: HTTP_SIGN":8} []
[2016-07-01 12:42:10] error.ERROR: 8 IN FILE /Users/zhouhong/xianrou/yaframe/library/Http/BasicRequest.php ON LINE 67 {"Undefined index: HTTP_SIGN":8} []
[2016-07-01 12:42:10] error.WARNING: 8 IN FILE /Users/zhouhong/xianrou/yaframe/library/Http/BasicRequest.php ON LINE 68 {"Undefined index: HTTP_VERSION":8} []
[2016-07-01 12:42:10] error.ERROR: 8 IN FILE /Users/zhouhong/xianrou/yaframe/library/Http/BasicRequest.php ON LINE 68 {"Undefined index: HTTP_VERSION":8} []
[2016-07-01 12:42:10] error.WARNING: 8 IN FILE /Users/zhouhong/xianrou/yaframe/library/Http/BasicRequest.php ON LINE 69 {"Undefined index: HTTP_TIMESTAMP":8} []
[2016-07-01 12:42:10] error.ERROR: 8 IN FILE /Users/zhouhong/xianrou/yaframe/library/Http/BasicRequest.php ON LINE 69 {"Undefined index: HTTP_TIMESTAMP":8} []
[2016-07-01 12:42:14] error.WARNING: 8 IN FILE /Users/zhouhong/xianrou/yaframe/application/Bootstrap.php ON LINE 147 {"Undefined index: ffmpeg":8} []
[2016-07-01 12:42:14] error.ERROR: 8 IN FILE /Users/zhouhong/xianrou/yaframe/application/Bootstrap.php ON LINE 147 {"Undefined index: ffmpeg":8} []
[2016-07-01 12:42:14] error.WARNING: 8 IN FILE /Users/zhouhong/xianrou/yaframe/application/Bootstrap.php ON LINE 148 {"Undefined index: ffprobe":8} []
[2016-07-01 12:42:14] error.ERROR: 8 IN FILE /Users/zhouhong/xianrou/yaframe/application/Bootstrap.php ON LINE 148 {"Undefined index: ffprobe":8} []
[2016-07-01 12:42:14] error.WARNING: 8 IN FILE /Users/zhouhong/xianrou/yaframe/library/Http/BasicRequest.php ON LINE 66 {"Undefined index: HTTP_TOKEN":8} []
[2016-07-01 12:42:14] error.ERROR: 8 IN FILE /Users/zhouhong/xianrou/yaframe/library/Http/BasicRequest.php ON LINE 66 {"Undefined index: HTTP_TOKEN":8} []
[2016-07-01 12:42:14] error.WARNING: 8 IN FILE /Users/zhouhong/xianrou/yaframe/library/Http/BasicRequest.php ON LINE 67 {"Undefined index: HTTP_SIGN":8} []
[2016-07-01 12:42:14] error.ERROR: 8 IN FILE /Users/zhouhong/xianrou/yaframe/library/Http/BasicRequest.php ON LINE 67 {"Undefined index: HTTP_SIGN":8} []
[2016-07-01 12:42:14] error.WARNING: 8 IN FILE /Users/zhouhong/xianrou/yaframe/library/Http/BasicRequest.php ON LINE 68 {"Undefined index: HTTP_VERSION":8} []
[2016-07-01 12:42:14] error.ERROR: 8 IN FILE /Users/zhouhong/xianrou/yaframe/library/Http/BasicRequest.php ON LINE 68 {"Undefined index: HTTP_VERSION":8} []
[2016-07-01 12:42:14] error.WARNING: 8 IN FILE /Users/zhouhong/xianrou/yaframe/library/Http/BasicRequest.php ON LINE 69 {"Undefined index: HTTP_TIMESTAMP":8} []
[2016-07-01 12:42:14] error.ERROR: 8 IN FILE /Users/zhouhong/xianrou/yaframe/library/Http/BasicRequest.php ON LINE 69 {"Undefined index: HTTP_TIMESTAMP":8} []
[2016-07-01 12:42:14] error.WARNING: 8 IN FILE /Users/zhouhong/xianrou/yaframe/application/modules/User/controllers/Userinfo.php ON LINE 50 {"Undefined index: user_id":8} []
[2016-07-01 12:42:14] error.ERROR: 8 IN FILE /Users/zhouhong/xianrou/yaframe/application/modules/User/controllers/Userinfo.php ON LINE 50 {"Undefined index: user_id":8} []
[2016-07-01 12:42:14] error.WARNING: 8 IN FILE /Users/zhouhong/xianrou/yaframe/application/modules/User/controllers/Userinfo.php ON LINE 55 {"Undefined index: user_id":8} []
[2016-07-01 12:42:14] error.ERROR: 8 IN FILE /Users/zhouhong/xianrou/yaframe/application/modules/User/controllers/Userinfo.php ON LINE 55 {"Undefined index: user_id":8} []
[2016-07-01 12:42:14] error.WARNING: 8 IN FILE /Users/zhouhong/xianrou/yaframe/application/modules/User/controllers/Userinfo.php ON LINE 59 {"Undefined index: user_id":8} []
[2016-07-01 12:42:14] error.ERROR: 8 IN FILE /Users/zhouhong/xianrou/yaframe/application/modules/User/controllers/Userinfo.php ON LINE 59 {"Undefined index: user_id":8} []
[2016-07-01 12:42:14] error.WARNING: 8 IN FILE /Users/zhouhong/xianrou/yaframe/application/Bootstrap.php ON LINE 147 {"Undefined index: ffmpeg":8} []
[2016-07-01 12:42:14] error.ERROR: 8 IN FILE /Users/zhouhong/xianrou/yaframe/application/Bootstrap.php ON LINE 147 {"Undefined index: ffmpeg":8} []
[2016-07-01 12:42:14] error.WARNING: 8 IN FILE /Users/zhouhong/xianrou/yaframe/application/Bootstrap.php ON LINE 148 {"Undefined index: ffprobe":8} []
[2016-07-01 12:42:14] error.ERROR: 8 IN FILE /Users/zhouhong/xianrou/yaframe/application/Bootstrap.php ON LINE 148 {"Undefined index: ffprobe":8} []
[2016-07-01 12:42:14] error.WARNING: 8 IN FILE /Users/zhouhong/xianrou/yaframe/library/Http/BasicRequest.php ON LINE 66 {"Undefined index: HTTP_TOKEN":8} []
[2016-07-01 12:42:14] error.ERROR: 8 IN FILE /Users/zhouhong/xianrou/yaframe/library/Http/BasicRequest.php ON LINE 66 {"Undefined index: HTTP_TOKEN":8} []
[2016-07-01 12:42:14] error.WARNING: 8 IN FILE /Users/zhouhong/xianrou/yaframe/library/Http/BasicRequest.php ON LINE 67 {"Undefined index: HTTP_SIGN":8} []
[2016-07-01 12:42:14] error.ERROR: 8 IN FILE /Users/zhouhong/xianrou/yaframe/library/Http/BasicRequest.php ON LINE 67 {"Undefined index: HTTP_SIGN":8} []
[2016-07-01 12:42:14] error.WARNING: 8 IN FILE /Users/zhouhong/xianrou/yaframe/library/Http/BasicRequest.php ON LINE 68 {"Undefined index: HTTP_VERSION":8} []
[2016-07-01 12:42:14] error.ERROR: 8 IN FILE /Users/zhouhong/xianrou/yaframe/library/Http/BasicRequest.php ON LINE 68 {"Undefined index: HTTP_VERSION":8} []
[2016-07-01 12:42:14] error.WARNING: 8 IN FILE /Users/zhouhong/xianrou/yaframe/library/Http/BasicRequest.php ON LINE 69 {"Undefined index: HTTP_TIMESTAMP":8} []
[2016-07-01 12:42:14] error.ERROR: 8 IN FILE /Users/zhouhong/xianrou/yaframe/library/Http/BasicRequest.php ON LINE 69 {"Undefined index: HTTP_TIMESTAMP":8} []
[2016-07-01 12:42:19] error.WARNING: 8 IN FILE /Users/zhouhong/xianrou/yaframe/application/Bootstrap.php ON LINE 147 {"Undefined index: ffmpeg":8} []
[2016-07-01 12:42:19] error.ERROR: 8 IN FILE /Users/zhouhong/xianrou/yaframe/application/Bootstrap.php ON LINE 147 {"Undefined index: ffmpeg":8} []
[2016-07-01 12:42:19] error.WARNING: 8 IN FILE /Users/zhouhong/xianrou/yaframe/application/Bootstrap.php ON LINE 148 {"Undefined index: ffprobe":8} []
[2016-07-01 12:42:19] error.ERROR: 8 IN FILE /Users/zhouhong/xianrou/yaframe/application/Bootstrap.php ON LINE 148 {"Undefined index: ffprobe":8} []
[2016-07-01 12:42:19] error.WARNING: 8 IN FILE /Users/zhouhong/xianrou/yaframe/library/Http/BasicRequest.php ON LINE 66 {"Undefined index: HTTP_TOKEN":8} []
[2016-07-01 12:42:19] error.ERROR: 8 IN FILE /Users/zhouhong/xianrou/yaframe/library/Http/BasicRequest.php ON LINE 66 {"Undefined index: HTTP_TOKEN":8} []
[2016-07-01 12:42:19] error.WARNING: 8 IN FILE /Users/zhouhong/xianrou/yaframe/library/Http/BasicRequest.php ON LINE 67 {"Undefined index: HTTP_SIGN":8} []
[2016-07-01 12:42:19] error.ERROR: 8 IN FILE /Users/zhouhong/xianrou/yaframe/library/Http/BasicRequest.php ON LINE 67 {"Undefined index: HTTP_SIGN":8} []
[2016-07-01 12:42:19] error.WARNING: 8 IN FILE /Users/zhouhong/xianrou/yaframe/library/Http/BasicRequest.php ON LINE 68 {"Undefined index: HTTP_VERSION":8} []
[2016-07-01 12:42:19] error.ERROR: 8 IN FILE /Users/zhouhong/xianrou/yaframe/library/Http/BasicRequest.php ON LINE 68 {"Undefined index: HTTP_VERSION":8} []
[2016-07-01 12:42:19] error.WARNING: 8 IN FILE /Users/zhouhong/xianrou/yaframe/library/Http/BasicRequest.php ON LINE 69 {"Undefined index: HTTP_TIMESTAMP":8} []
[2016-07-01 12:42:19] error.ERROR: 8 IN FILE /Users/zhouhong/xianrou/yaframe/library/Http/BasicRequest.php ON LINE 69 {"Undefined index: HTTP_TIMESTAMP":8} []
[2016-07-01 12:42:19] error.WARNING: 8 IN FILE /Users/zhouhong/xianrou/yaframe/application/modules/User/controllers/Userinfo.php ON LINE 50 {"Undefined index: user_id":8} []
[2016-07-01 12:42:19] error.ERROR: 8 IN FILE /Users/zhouhong/xianrou/yaframe/application/modules/User/controllers/Userinfo.php ON LINE 50 {"Undefined index: user_id":8} []
[2016-07-01 12:42:19] error.WARNING: 8 IN FILE /Users/zhouhong/xianrou/yaframe/application/modules/User/controllers/Userinfo.php ON LINE 55 {"Undefined index: user_id":8} []
[2016-07-01 12:42:19] error.ERROR: 8 IN FILE /Users/zhouhong/xianrou/yaframe/application/modules/User/controllers/Userinfo.php ON LINE 55 {"Undefined index: user_id":8} []
[2016-07-01 12:42:19] error.WARNING: 8 IN FILE /Users/zhouhong/xianrou/yaframe/application/modules/User/controllers/Userinfo.php ON LINE 59 {"Undefined index: user_id":8} []
[2016-07-01 12:42:19] error.ERROR: 8 IN FILE /Users/zhouhong/xianrou/yaframe/application/modules/User/controllers/Userinfo.php ON LINE 59 {"Undefined index: user_id":8} []
[2016-07-01 12:42:19] error.WARNING: 8 IN FILE /Users/zhouhong/xianrou/yaframe/application/Bootstrap.php ON LINE 147 {"Undefined index: ffmpeg":8} []
[2016-07-01 12:42:19] error.ERROR: 8 IN FILE /Users/zhouhong/xianrou/yaframe/application/Bootstrap.php ON LINE 147 {"Undefined index: ffmpeg":8} []
[2016-07-01 12:42:19] error.WARNING: 8 IN FILE /Users/zhouhong/xianrou/yaframe/application/Bootstrap.php ON LINE 148 {"Undefined index: ffprobe":8} []
[2016-07-01 12:42:19] error.ERROR: 8 IN FILE /Users/zhouhong/xianrou/yaframe/application/Bootstrap.php ON LINE 148 {"Undefined index: ffprobe":8} []
[2016-07-01 12:42:19] error.WARNING: 8 IN FILE /Users/zhouhong/xianrou/yaframe/library/Http/BasicRequest.php ON LINE 66 {"Undefined index: HTTP_TOKEN":8} []
[2016-07-01 12:42:19] error.ERROR: 8 IN FILE /Users/zhouhong/xianrou/yaframe/library/Http/BasicRequest.php ON LINE 66 {"Undefined index: HTTP_TOKEN":8} []
[2016-07-01 12:42:19] error.WARNING: 8 IN FILE /Users/zhouhong/xianrou/yaframe/library/Http/BasicRequest.php ON LINE 67 {"Undefined index: HTTP_SIGN":8} []
[2016-07-01 12:42:19] error.ERROR: 8 IN FILE /Users/zhouhong/xianrou/yaframe/library/Http/BasicRequest.php ON LINE 67 {"Undefined index: HTTP_SIGN":8} []
[2016-07-01 12:42:19] error.WARNING: 8 IN FILE /Users/zhouhong/xianrou/yaframe/library/Http/BasicRequest.php ON LINE 68 {"Undefined index: HTTP_VERSION":8} []
[2016-07-01 12:42:19] error.ERROR: 8 IN FILE /Users/zhouhong/xianrou/yaframe/library/Http/BasicRequest.php ON LINE 68 {"Undefined index: HTTP_VERSION":8} []
[2016-07-01 12:42:19] error.WARNING: 8 IN FILE /Users/zhouhong/xianrou/yaframe/library/Http/BasicRequest.php ON LINE 69 {"Undefined index: HTTP_TIMESTAMP":8} []
[2016-07-01 12:42:19] error.ERROR: 8 IN FILE /Users/zhouhong/xianrou/yaframe/library/Http/BasicRequest.php ON LINE 69 {"Undefined index: HTTP_TIMESTAMP":8} []
