[2016-07-08 13:03:04] error.ERROR: 8 IN FILE /Users/zhouhong/xianrou/yaframe/application/Bootstrap.php ON LINE 147 {"Undefined index: ffmpeg":8} []
[2016-07-08 13:03:04] error.ERROR: 8 IN FILE /Users/zhouhong/xianrou/yaframe/application/Bootstrap.php ON LINE 148 {"Undefined index: ffprobe":8} []
[2016-07-08 13:03:04] error.ERROR: 2 IN FILE /Users/zhouhong/xianrou/yaframe/library/Sphinx/SphinxClient.php ON LINE 232 {"assert(): assert(is_int($port)) failed":2} []
[2016-07-08 13:03:04] error.ERROR: 8 IN FILE /Users/zhouhong/xianrou/yaframe/library/Http/BasicRequest.php ON LINE 67 {"Undefined index: HTTP_SIGN":8} []
[2016-07-08 13:03:04] error.ERROR: 8 IN FILE /Users/zhouhong/xianrou/yaframe/library/Http/BasicRequest.php ON LINE 68 {"Undefined index: HTTP_VERSION":8} []
[2016-07-08 13:03:04] error.ERROR: 8 IN FILE /Users/zhouhong/xianrou/yaframe/library/Http/BasicRequest.php ON LINE 69 {"Undefined index: HTTP_TIMESTAMP":8} []
[2016-07-08 13:03:04] error.ERROR: 8 IN FILE /Users/zhouhong/xianrou/yaframe/library/Sphinx/SphinxClient.php ON LINE 195 {"Undefined property: Sphinx\\SphinxClient::$_socket":8} []
[2016-07-08 13:03:04] error.ERROR: 8 IN FILE /Users/zhouhong/xianrou/yaframe/library/Sphinx/SphinxClient.php ON LINE 196 {"Undefined property: Sphinx\\SphinxClient::$_socket":8} []
[2016-07-08 13:03:04] error.ERROR: 2 IN FILE /Users/zhouhong/xianrou/yaframe/library/Sphinx/SphinxClient.php ON LINE 196 {"fclose() expects parameter 1 to be resource, null given":2} []
[2016-07-08 13:03:18] error.ERROR: 8 IN FILE /Users/zhouhong/xianrou/yaframe/application/Bootstrap.php ON LINE 147 {"Undefined index: ffmpeg":8} []
[2016-07-08 13:03:18] error.ERROR: 8 IN FILE /Users/zhouhong/xianrou/yaframe/application/Bootstrap.php ON LINE 148 {"Undefined index: ffprobe":8} []
[2016-07-08 13:03:18] error.ERROR: 2 IN FILE /Users/zhouhong/xianrou/yaframe/library/Sphinx/SphinxClient.php ON LINE 232 {"assert(): assert(is_int($port)) failed":2} []
[2016-07-08 13:03:18] error.ERROR: 8 IN FILE /Users/zhouhong/xianrou/yaframe/library/Http/BasicRequest.php ON LINE 67 {"Undefined index: HTTP_SIGN":8} []
[2016-07-08 13:03:18] error.ERROR: 8 IN FILE /Users/zhouhong/xianrou/yaframe/library/Http/BasicRequest.php ON LINE 68 {"Undefined index: HTTP_VERSION":8} []
[2016-07-08 13:03:18] error.ERROR: 8 IN FILE /Users/zhouhong/xianrou/yaframe/library/Http/BasicRequest.php ON LINE 69 {"Undefined index: HTTP_TIMESTAMP":8} []
[2016-07-08 13:03:18] error.ERROR: 2 IN FILE /Users/zhouhong/xianrou/yaframe/library/Uploader/Uploader.php ON LINE 117 {"Missing argument 1 for Uploader\\Uploader::getFileInfo(), called in /Users/zhouhong/xianrou/yaframe/application/models/Common/VideoDriver.php on line 36 and defined":2} []
[2016-07-08 13:03:18] error.ERROR: 8 IN FILE /Users/zhouhong/xianrou/yaframe/library/Uploader/Uploader.php ON LINE 119 {"Undefined variable: field":8} []
[2016-07-08 13:03:18] error.ERROR: 8 IN FILE /Users/zhouhong/xianrou/yaframe/library/Uploader/Uploader.php ON LINE 123 {"Undefined variable: field":8} []
[2016-07-08 13:03:18] error.ERROR: 8 IN FILE /Users/zhouhong/xianrou/yaframe/library/Uploader/Uploader.php ON LINE 135 {"Undefined variable: field":8} []
[2016-07-08 13:03:18] error.ERROR: 2 IN FILE /Users/zhouhong/xianrou/yaframe/library/Uploader/Uploader.php ON LINE 154 {"Missing argument 1 for Uploader\\Uploader::doUpload(), called in /Users/zhouhong/xianrou/yaframe/application/models/Common/VideoDriver.php on line 43 and defined":2} []
[2016-07-08 13:03:18] error.ERROR: 8 IN FILE /Users/zhouhong/xianrou/yaframe/library/Uploader/Uploader.php ON LINE 158 {"Undefined variable: field":8} []
[2016-07-08 13:03:18] error.ERROR: 8 IN FILE /Users/zhouhong/xianrou/yaframe/library/Http/BasicRequest.php ON LINE 67 {"Undefined index: HTTP_SIGN":8} []
[2016-07-08 13:03:18] error.ERROR: 8 IN FILE /Users/zhouhong/xianrou/yaframe/library/Http/BasicRequest.php ON LINE 68 {"Undefined index: HTTP_VERSION":8} []
[2016-07-08 13:03:18] error.ERROR: 8 IN FILE /Users/zhouhong/xianrou/yaframe/library/Http/BasicRequest.php ON LINE 69 {"Undefined index: HTTP_TIMESTAMP":8} []
[2016-07-08 13:03:18] error.ERROR: 8 IN FILE /Users/zhouhong/xianrou/yaframe/library/Sphinx/SphinxClient.php ON LINE 195 {"Undefined property: Sphinx\\SphinxClient::$_socket":8} []
[2016-07-08 13:03:18] error.ERROR: 8 IN FILE /Users/zhouhong/xianrou/yaframe/library/Sphinx/SphinxClient.php ON LINE 196 {"Undefined property: Sphinx\\SphinxClient::$_socket":8} []
[2016-07-08 13:03:18] error.ERROR: 2 IN FILE /Users/zhouhong/xianrou/yaframe/library/Sphinx/SphinxClient.php ON LINE 196 {"fclose() expects parameter 1 to be resource, null given":2} []
[2016-07-08 13:09:32] error.ERROR: 8 IN FILE /Users/zhouhong/xianrou/yaframe/application/Bootstrap.php ON LINE 147 {"Undefined index: ffmpeg":8} []
[2016-07-08 13:09:32] error.ERROR: 8 IN FILE /Users/zhouhong/xianrou/yaframe/application/Bootstrap.php ON LINE 148 {"Undefined index: ffprobe":8} []
[2016-07-08 13:09:32] error.ERROR: 2 IN FILE /Users/zhouhong/xianrou/yaframe/library/Sphinx/SphinxClient.php ON LINE 232 {"assert(): assert(is_int($port)) failed":2} []
[2016-07-08 13:09:32] error.ERROR: 8 IN FILE /Users/zhouhong/xianrou/yaframe/library/Http/BasicRequest.php ON LINE 67 {"Undefined index: HTTP_SIGN":8} []
[2016-07-08 13:09:32] error.ERROR: 8 IN FILE /Users/zhouhong/xianrou/yaframe/library/Http/BasicRequest.php ON LINE 68 {"Undefined index: HTTP_VERSION":8} []
[2016-07-08 13:09:32] error.ERROR: 8 IN FILE /Users/zhouhong/xianrou/yaframe/library/Http/BasicRequest.php ON LINE 69 {"Undefined index: HTTP_TIMESTAMP":8} []
[2016-07-08 13:09:32] error.ERROR: 2 IN FILE /Users/zhouhong/xianrou/yaframe/library/Uploader/Uploader.php ON LINE 117 {"Missing argument 1 for Uploader\\Uploader::getFileInfo(), called in /Users/zhouhong/xianrou/yaframe/application/models/Common/VideoDriver.php on line 36 and defined":2} []
[2016-07-08 13:09:32] error.ERROR: 8 IN FILE /Users/zhouhong/xianrou/yaframe/library/Uploader/Uploader.php ON LINE 119 {"Undefined variable: field":8} []
[2016-07-08 13:09:32] error.ERROR: 2 IN FILE /Users/zhouhong/xianrou/yaflib/vendor/codeguy/upload/src/Upload/FileInfo.php ON LINE 174 {"finfo::file(): Empty filename or path":2} []
[2016-07-08 13:09:32] error.ERROR: 2 IN FILE /Users/zhouhong/xianrou/yaflib/vendor/codeguy/upload/src/Upload/FileInfo.php ON LINE 190 {"md5_file(): Filename cannot be empty":2} []
[2016-07-08 13:09:32] error.ERROR: 2 IN FILE /Users/zhouhong/xianrou/yaflib/vendor/codeguy/upload/src/Upload/FileInfo.php ON LINE 210 {"getimagesize(): Filename cannot be empty":2} []
[2016-07-08 13:09:32] error.ERROR: 8 IN FILE /Users/zhouhong/xianrou/yaframe/library/Uploader/Uploader.php ON LINE 123 {"Undefined variable: field":8} []
[2016-07-08 13:09:32] error.ERROR: 8 IN FILE /Users/zhouhong/xianrou/yaframe/library/Uploader/Uploader.php ON LINE 135 {"Undefined variable: field":8} []
[2016-07-08 13:09:32] error.ERROR: 2 IN FILE /Users/zhouhong/xianrou/yaframe/library/Uploader/Uploader.php ON LINE 154 {"Missing argument 1 for Uploader\\Uploader::doUpload(), called in /Users/zhouhong/xianrou/yaframe/application/models/Common/VideoDriver.php on line 43 and defined":2} []
[2016-07-08 13:09:32] error.ERROR: 8 IN FILE /Users/zhouhong/xianrou/yaframe/library/Uploader/Uploader.php ON LINE 158 {"Undefined variable: field":8} []
[2016-07-08 13:09:32] error.ERROR: 8 IN FILE /Users/zhouhong/xianrou/yaframe/library/Http/BasicRequest.php ON LINE 67 {"Undefined index: HTTP_SIGN":8} []
[2016-07-08 13:09:32] error.ERROR: 8 IN FILE /Users/zhouhong/xianrou/yaframe/library/Http/BasicRequest.php ON LINE 68 {"Undefined index: HTTP_VERSION":8} []
[2016-07-08 13:09:32] error.ERROR: 8 IN FILE /Users/zhouhong/xianrou/yaframe/library/Http/BasicRequest.php ON LINE 69 {"Undefined index: HTTP_TIMESTAMP":8} []
[2016-07-08 13:09:32] error.ERROR: 8 IN FILE /Users/zhouhong/xianrou/yaframe/library/Sphinx/SphinxClient.php ON LINE 195 {"Undefined property: Sphinx\\SphinxClient::$_socket":8} []
[2016-07-08 13:09:32] error.ERROR: 8 IN FILE /Users/zhouhong/xianrou/yaframe/library/Sphinx/SphinxClient.php ON LINE 196 {"Undefined property: Sphinx\\SphinxClient::$_socket":8} []
[2016-07-08 13:09:32] error.ERROR: 2 IN FILE /Users/zhouhong/xianrou/yaframe/library/Sphinx/SphinxClient.php ON LINE 196 {"fclose() expects parameter 1 to be resource, null given":2} []
[2016-07-08 13:10:26] error.ERROR: 8 IN FILE /Users/zhouhong/xianrou/yaframe/application/Bootstrap.php ON LINE 147 {"Undefined index: ffmpeg":8} []
[2016-07-08 13:10:26] error.ERROR: 8 IN FILE /Users/zhouhong/xianrou/yaframe/application/Bootstrap.php ON LINE 148 {"Undefined index: ffprobe":8} []
[2016-07-08 13:10:26] error.ERROR: 2 IN FILE /Users/zhouhong/xianrou/yaframe/library/Sphinx/SphinxClient.php ON LINE 232 {"assert(): assert(is_int($port)) failed":2} []
[2016-07-08 13:10:26] error.ERROR: 8 IN FILE /Users/zhouhong/xianrou/yaframe/library/Http/BasicRequest.php ON LINE 67 {"Undefined index: HTTP_SIGN":8} []
[2016-07-08 13:10:26] error.ERROR: 8 IN FILE /Users/zhouhong/xianrou/yaframe/library/Http/BasicRequest.php ON LINE 68 {"Undefined index: HTTP_VERSION":8} []
[2016-07-08 13:10:26] error.ERROR: 8 IN FILE /Users/zhouhong/xianrou/yaframe/library/Http/BasicRequest.php ON LINE 69 {"Undefined index: HTTP_TIMESTAMP":8} []
[2016-07-08 13:10:26] error.ERROR: 2 IN FILE /Users/zhouhong/xianrou/yaframe/library/Uploader/Uploader.php ON LINE 117 {"Missing argument 1 for Uploader\\Uploader::getFileInfo(), called in /Users/zhouhong/xianrou/yaframe/application/models/Common/VideoDriver.php on line 36 and defined":2} []
[2016-07-08 13:10:26] error.ERROR: 8 IN FILE /Users/zhouhong/xianrou/yaframe/library/Uploader/Uploader.php ON LINE 119 {"Undefined variable: field":8} []
[2016-07-08 13:10:26] error.ERROR: 2 IN FILE /Users/zhouhong/xianrou/yaflib/vendor/codeguy/upload/src/Upload/FileInfo.php ON LINE 174 {"finfo::file(): Empty filename or path":2} []
[2016-07-08 13:10:26] error.ERROR: 2 IN FILE /Users/zhouhong/xianrou/yaflib/vendor/codeguy/upload/src/Upload/FileInfo.php ON LINE 190 {"md5_file(): Filename cannot be empty":2} []
[2016-07-08 13:10:26] error.ERROR: 2 IN FILE /Users/zhouhong/xianrou/yaflib/vendor/codeguy/upload/src/Upload/FileInfo.php ON LINE 210 {"getimagesize(): Filename cannot be empty":2} []
[2016-07-08 13:10:26] error.ERROR: 8 IN FILE /Users/zhouhong/xianrou/yaframe/library/Uploader/Uploader.php ON LINE 123 {"Undefined variable: field":8} []
[2016-07-08 13:10:26] error.ERROR: 8 IN FILE /Users/zhouhong/xianrou/yaframe/library/Uploader/Uploader.php ON LINE 135 {"Undefined variable: field":8} []
[2016-07-08 13:10:26] error.ERROR: 2 IN FILE /Users/zhouhong/xianrou/yaframe/library/Uploader/Uploader.php ON LINE 154 {"Missing argument 1 for Uploader\\Uploader::doUpload(), called in /Users/zhouhong/xianrou/yaframe/application/models/Common/VideoDriver.php on line 43 and defined":2} []
[2016-07-08 13:10:26] error.ERROR: 8 IN FILE /Users/zhouhong/xianrou/yaframe/library/Uploader/Uploader.php ON LINE 158 {"Undefined variable: field":8} []
[2016-07-08 13:10:26] error.ERROR: 8 IN FILE /Users/zhouhong/xianrou/yaframe/library/Http/BasicRequest.php ON LINE 67 {"Undefined index: HTTP_SIGN":8} []
[2016-07-08 13:10:26] error.ERROR: 8 IN FILE /Users/zhouhong/xianrou/yaframe/library/Http/BasicRequest.php ON LINE 68 {"Undefined index: HTTP_VERSION":8} []
[2016-07-08 13:10:26] error.ERROR: 8 IN FILE /Users/zhouhong/xianrou/yaframe/library/Http/BasicRequest.php ON LINE 69 {"Undefined index: HTTP_TIMESTAMP":8} []
[2016-07-08 13:10:26] error.ERROR: 8 IN FILE /Users/zhouhong/xianrou/yaframe/library/Sphinx/SphinxClient.php ON LINE 195 {"Undefined property: Sphinx\\SphinxClient::$_socket":8} []
[2016-07-08 13:10:26] error.ERROR: 8 IN FILE /Users/zhouhong/xianrou/yaframe/library/Sphinx/SphinxClient.php ON LINE 196 {"Undefined property: Sphinx\\SphinxClient::$_socket":8} []
[2016-07-08 13:10:26] error.ERROR: 2 IN FILE /Users/zhouhong/xianrou/yaframe/library/Sphinx/SphinxClient.php ON LINE 196 {"fclose() expects parameter 1 to be resource, null given":2} []
[2016-07-08 13:34:37] error.ERROR: 8 IN FILE /Users/zhouhong/xianrou/yaframe/application/Bootstrap.php ON LINE 147 {"Undefined index: ffmpeg":8} []
[2016-07-08 13:34:37] error.ERROR: 8 IN FILE /Users/zhouhong/xianrou/yaframe/application/Bootstrap.php ON LINE 148 {"Undefined index: ffprobe":8} []
[2016-07-08 13:34:37] error.ERROR: 2 IN FILE /Users/zhouhong/xianrou/yaframe/library/Sphinx/SphinxClient.php ON LINE 232 {"assert(): assert(is_int($port)) failed":2} []
[2016-07-08 13:34:37] error.ERROR: 8 IN FILE /Users/zhouhong/xianrou/yaframe/library/Http/BasicRequest.php ON LINE 67 {"Undefined index: HTTP_SIGN":8} []
[2016-07-08 13:34:37] error.ERROR: 8 IN FILE /Users/zhouhong/xianrou/yaframe/library/Http/BasicRequest.php ON LINE 68 {"Undefined index: HTTP_VERSION":8} []
[2016-07-08 13:34:37] error.ERROR: 8 IN FILE /Users/zhouhong/xianrou/yaframe/library/Http/BasicRequest.php ON LINE 69 {"Undefined index: HTTP_TIMESTAMP":8} []
[2016-07-08 13:34:37] error.ERROR: 2 IN FILE /Users/zhouhong/xianrou/yaframe/library/Uploader/Uploader.php ON LINE 117 {"Missing argument 1 for Uploader\\Uploader::getFileInfo(), called in /Users/zhouhong/xianrou/yaframe/application/models/Common/VideoDriver.php on line 36 and defined":2} []
[2016-07-08 13:34:37] error.ERROR: 8 IN FILE /Users/zhouhong/xianrou/yaframe/library/Uploader/Uploader.php ON LINE 119 {"Undefined variable: field":8} []
[2016-07-08 13:34:37] error.ERROR: 2 IN FILE /Users/zhouhong/xianrou/yaflib/vendor/codeguy/upload/src/Upload/FileInfo.php ON LINE 174 {"finfo::file(): Empty filename or path":2} []
[2016-07-08 13:34:37] error.ERROR: 2 IN FILE /Users/zhouhong/xianrou/yaflib/vendor/codeguy/upload/src/Upload/FileInfo.php ON LINE 190 {"md5_file(): Filename cannot be empty":2} []
[2016-07-08 13:34:37] error.ERROR: 2 IN FILE /Users/zhouhong/xianrou/yaflib/vendor/codeguy/upload/src/Upload/FileInfo.php ON LINE 210 {"getimagesize(): Filename cannot be empty":2} []
[2016-07-08 13:34:37] error.ERROR: 8 IN FILE /Users/zhouhong/xianrou/yaframe/library/Uploader/Uploader.php ON LINE 123 {"Undefined variable: field":8} []
[2016-07-08 13:34:37] error.ERROR: 8 IN FILE /Users/zhouhong/xianrou/yaframe/library/Uploader/Uploader.php ON LINE 135 {"Undefined variable: field":8} []
[2016-07-08 13:34:37] error.ERROR: 2 IN FILE /Users/zhouhong/xianrou/yaframe/library/Uploader/Uploader.php ON LINE 154 {"Missing argument 1 for Uploader\\Uploader::doUpload(), called in /Users/zhouhong/xianrou/yaframe/application/models/Common/VideoDriver.php on line 43 and defined":2} []
[2016-07-08 13:34:37] error.ERROR: 8 IN FILE /Users/zhouhong/xianrou/yaframe/library/Uploader/Uploader.php ON LINE 158 {"Undefined variable: field":8} []
[2016-07-08 13:34:37] error.ERROR: 8 IN FILE /Users/zhouhong/xianrou/yaframe/library/Http/BasicRequest.php ON LINE 67 {"Undefined index: HTTP_SIGN":8} []
[2016-07-08 13:34:37] error.ERROR: 8 IN FILE /Users/zhouhong/xianrou/yaframe/library/Http/BasicRequest.php ON LINE 68 {"Undefined index: HTTP_VERSION":8} []
[2016-07-08 13:34:37] error.ERROR: 8 IN FILE /Users/zhouhong/xianrou/yaframe/library/Http/BasicRequest.php ON LINE 69 {"Undefined index: HTTP_TIMESTAMP":8} []
[2016-07-08 13:34:37] error.ERROR: 8 IN FILE /Users/zhouhong/xianrou/yaframe/library/Sphinx/SphinxClient.php ON LINE 195 {"Undefined property: Sphinx\\SphinxClient::$_socket":8} []
[2016-07-08 13:34:37] error.ERROR: 8 IN FILE /Users/zhouhong/xianrou/yaframe/library/Sphinx/SphinxClient.php ON LINE 196 {"Undefined property: Sphinx\\SphinxClient::$_socket":8} []
[2016-07-08 13:34:37] error.ERROR: 2 IN FILE /Users/zhouhong/xianrou/yaframe/library/Sphinx/SphinxClient.php ON LINE 196 {"fclose() expects parameter 1 to be resource, null given":2} []
[2016-07-08 13:36:32] error.ERROR: 8 IN FILE /Users/zhouhong/xianrou/yaframe/application/Bootstrap.php ON LINE 147 {"Undefined index: ffmpeg":8} []
[2016-07-08 13:36:32] error.ERROR: 8 IN FILE /Users/zhouhong/xianrou/yaframe/application/Bootstrap.php ON LINE 148 {"Undefined index: ffprobe":8} []
[2016-07-08 13:36:32] error.ERROR: 2 IN FILE /Users/zhouhong/xianrou/yaframe/library/Sphinx/SphinxClient.php ON LINE 232 {"assert(): assert(is_int($port)) failed":2} []
[2016-07-08 13:36:32] error.ERROR: 8 IN FILE /Users/zhouhong/xianrou/yaframe/library/Http/BasicRequest.php ON LINE 67 {"Undefined index: HTTP_SIGN":8} []
[2016-07-08 13:36:32] error.ERROR: 8 IN FILE /Users/zhouhong/xianrou/yaframe/library/Http/BasicRequest.php ON LINE 68 {"Undefined index: HTTP_VERSION":8} []
[2016-07-08 13:36:32] error.ERROR: 8 IN FILE /Users/zhouhong/xianrou/yaframe/library/Http/BasicRequest.php ON LINE 69 {"Undefined index: HTTP_TIMESTAMP":8} []
[2016-07-08 13:36:33] error.ERROR: 2 IN FILE /Users/zhouhong/xianrou/yaframe/library/Uploader/Uploader.php ON LINE 117 {"Missing argument 1 for Uploader\\Uploader::getFileInfo(), called in /Users/zhouhong/xianrou/yaframe/application/models/Common/VideoDriver.php on line 36 and defined":2} []
[2016-07-08 13:36:33] error.ERROR: 8 IN FILE /Users/zhouhong/xianrou/yaframe/library/Uploader/Uploader.php ON LINE 119 {"Undefined variable: field":8} []
[2016-07-08 13:36:33] error.ERROR: 8 IN FILE /Users/zhouhong/xianrou/yaframe/library/Uploader/Uploader.php ON LINE 123 {"Undefined variable: field":8} []
[2016-07-08 13:36:33] error.ERROR: 8 IN FILE /Users/zhouhong/xianrou/yaframe/library/Uploader/Uploader.php ON LINE 135 {"Undefined variable: field":8} []
[2016-07-08 13:36:33] error.ERROR: 2 IN FILE /Users/zhouhong/xianrou/yaframe/library/Uploader/Uploader.php ON LINE 154 {"Missing argument 1 for Uploader\\Uploader::doUpload(), called in /Users/zhouhong/xianrou/yaframe/application/models/Common/VideoDriver.php on line 43 and defined":2} []
[2016-07-08 13:36:33] error.ERROR: 8 IN FILE /Users/zhouhong/xianrou/yaframe/library/Uploader/Uploader.php ON LINE 158 {"Undefined variable: field":8} []
[2016-07-08 13:36:33] error.ERROR: 8 IN FILE /Users/zhouhong/xianrou/yaframe/library/Uploader/Uploader.php ON LINE 159 {"Undefined variable: field":8} []
[2016-07-08 13:36:33] error.ERROR: 8 IN FILE /Users/zhouhong/xianrou/yaframe/application/models/Common/VideoDriver.php ON LINE 92 {"Undefined variable: files":8} []
[2016-07-08 13:36:33] error.ERROR: 8 IN FILE /Users/zhouhong/xianrou/yaframe/library/Http/BasicRequest.php ON LINE 67 {"Undefined index: HTTP_SIGN":8} []
[2016-07-08 13:36:33] error.ERROR: 8 IN FILE /Users/zhouhong/xianrou/yaframe/library/Http/BasicRequest.php ON LINE 68 {"Undefined index: HTTP_VERSION":8} []
[2016-07-08 13:36:33] error.ERROR: 8 IN FILE /Users/zhouhong/xianrou/yaframe/library/Http/BasicRequest.php ON LINE 69 {"Undefined index: HTTP_TIMESTAMP":8} []
[2016-07-08 13:36:33] error.ERROR: 8 IN FILE /Users/zhouhong/xianrou/yaframe/library/Sphinx/SphinxClient.php ON LINE 195 {"Undefined property: Sphinx\\SphinxClient::$_socket":8} []
[2016-07-08 13:36:33] error.ERROR: 8 IN FILE /Users/zhouhong/xianrou/yaframe/library/Sphinx/SphinxClient.php ON LINE 196 {"Undefined property: Sphinx\\SphinxClient::$_socket":8} []
[2016-07-08 13:36:33] error.ERROR: 2 IN FILE /Users/zhouhong/xianrou/yaframe/library/Sphinx/SphinxClient.php ON LINE 196 {"fclose() expects parameter 1 to be resource, null given":2} []
[2016-07-08 13:36:52] error.ERROR: 8 IN FILE /Users/zhouhong/xianrou/yaframe/application/Bootstrap.php ON LINE 147 {"Undefined index: ffmpeg":8} []
[2016-07-08 13:36:52] error.ERROR: 8 IN FILE /Users/zhouhong/xianrou/yaframe/application/Bootstrap.php ON LINE 148 {"Undefined index: ffprobe":8} []
[2016-07-08 13:36:52] error.ERROR: 2 IN FILE /Users/zhouhong/xianrou/yaframe/library/Sphinx/SphinxClient.php ON LINE 232 {"assert(): assert(is_int($port)) failed":2} []
[2016-07-08 13:36:52] error.ERROR: 8 IN FILE /Users/zhouhong/xianrou/yaframe/library/Http/BasicRequest.php ON LINE 67 {"Undefined index: HTTP_SIGN":8} []
[2016-07-08 13:36:52] error.ERROR: 8 IN FILE /Users/zhouhong/xianrou/yaframe/library/Http/BasicRequest.php ON LINE 68 {"Undefined index: HTTP_VERSION":8} []
[2016-07-08 13:36:52] error.ERROR: 8 IN FILE /Users/zhouhong/xianrou/yaframe/library/Http/BasicRequest.php ON LINE 69 {"Undefined index: HTTP_TIMESTAMP":8} []
[2016-07-08 13:36:52] error.ERROR: 2 IN FILE /Users/zhouhong/xianrou/yaframe/library/Uploader/Uploader.php ON LINE 117 {"Missing argument 1 for Uploader\\Uploader::getFileInfo(), called in /Users/zhouhong/xianrou/yaframe/application/models/Common/VideoDriver.php on line 36 and defined":2} []
[2016-07-08 13:36:52] error.ERROR: 8 IN FILE /Users/zhouhong/xianrou/yaframe/library/Uploader/Uploader.php ON LINE 119 {"Undefined variable: field":8} []
[2016-07-08 13:36:52] error.ERROR: 8 IN FILE /Users/zhouhong/xianrou/yaframe/library/Uploader/Uploader.php ON LINE 123 {"Undefined variable: field":8} []
[2016-07-08 13:36:52] error.ERROR: 8 IN FILE /Users/zhouhong/xianrou/yaframe/library/Uploader/Uploader.php ON LINE 135 {"Undefined variable: field":8} []
[2016-07-08 13:36:52] error.ERROR: 2 IN FILE /Users/zhouhong/xianrou/yaframe/library/Uploader/Uploader.php ON LINE 154 {"Missing argument 1 for Uploader\\Uploader::doUpload(), called in /Users/zhouhong/xianrou/yaframe/application/models/Common/VideoDriver.php on line 43 and defined":2} []
[2016-07-08 13:36:52] error.ERROR: 8 IN FILE /Users/zhouhong/xianrou/yaframe/library/Uploader/Uploader.php ON LINE 158 {"Undefined variable: field":8} []
[2016-07-08 13:36:52] error.ERROR: 8 IN FILE /Users/zhouhong/xianrou/yaframe/library/Uploader/Uploader.php ON LINE 159 {"Undefined variable: field":8} []
[2016-07-08 13:36:52] error.ERROR: 8 IN FILE /Users/zhouhong/xianrou/yaframe/application/models/Common/VideoDriver.php ON LINE 92 {"Undefined variable: files":8} []
[2016-07-08 13:36:52] error.ERROR: 8 IN FILE /Users/zhouhong/xianrou/yaframe/library/Http/BasicRequest.php ON LINE 67 {"Undefined index: HTTP_SIGN":8} []
[2016-07-08 13:36:52] error.ERROR: 8 IN FILE /Users/zhouhong/xianrou/yaframe/library/Http/BasicRequest.php ON LINE 68 {"Undefined index: HTTP_VERSION":8} []
[2016-07-08 13:36:52] error.ERROR: 8 IN FILE /Users/zhouhong/xianrou/yaframe/library/Http/BasicRequest.php ON LINE 69 {"Undefined index: HTTP_TIMESTAMP":8} []
[2016-07-08 13:36:52] error.ERROR: 8 IN FILE /Users/zhouhong/xianrou/yaframe/library/Sphinx/SphinxClient.php ON LINE 195 {"Undefined property: Sphinx\\SphinxClient::$_socket":8} []
[2016-07-08 13:36:52] error.ERROR: 8 IN FILE /Users/zhouhong/xianrou/yaframe/library/Sphinx/SphinxClient.php ON LINE 196 {"Undefined property: Sphinx\\SphinxClient::$_socket":8} []
[2016-07-08 13:36:52] error.ERROR: 2 IN FILE /Users/zhouhong/xianrou/yaframe/library/Sphinx/SphinxClient.php ON LINE 196 {"fclose() expects parameter 1 to be resource, null given":2} []
[2016-07-08 13:37:33] error.ERROR: 8 IN FILE /Users/zhouhong/xianrou/yaframe/application/Bootstrap.php ON LINE 147 {"Undefined index: ffmpeg":8} []
[2016-07-08 13:37:33] error.ERROR: 8 IN FILE /Users/zhouhong/xianrou/yaframe/application/Bootstrap.php ON LINE 148 {"Undefined index: ffprobe":8} []
[2016-07-08 13:37:33] error.ERROR: 2 IN FILE /Users/zhouhong/xianrou/yaframe/library/Sphinx/SphinxClient.php ON LINE 232 {"assert(): assert(is_int($port)) failed":2} []
[2016-07-08 13:37:33] error.ERROR: 8 IN FILE /Users/zhouhong/xianrou/yaframe/library/Http/BasicRequest.php ON LINE 67 {"Undefined index: HTTP_SIGN":8} []
[2016-07-08 13:37:33] error.ERROR: 8 IN FILE /Users/zhouhong/xianrou/yaframe/library/Http/BasicRequest.php ON LINE 68 {"Undefined index: HTTP_VERSION":8} []
[2016-07-08 13:37:33] error.ERROR: 8 IN FILE /Users/zhouhong/xianrou/yaframe/library/Http/BasicRequest.php ON LINE 69 {"Undefined index: HTTP_TIMESTAMP":8} []
[2016-07-08 13:37:33] error.ERROR: 2 IN FILE /Users/zhouhong/xianrou/yaframe/library/Uploader/Uploader.php ON LINE 117 {"Missing argument 1 for Uploader\\Uploader::getFileInfo(), called in /Users/zhouhong/xianrou/yaframe/application/models/Common/VideoDriver.php on line 36 and defined":2} []
[2016-07-08 13:37:33] error.ERROR: 8 IN FILE /Users/zhouhong/xianrou/yaframe/library/Uploader/Uploader.php ON LINE 119 {"Undefined variable: field":8} []
[2016-07-08 13:37:33] error.ERROR: 8 IN FILE /Users/zhouhong/xianrou/yaframe/library/Uploader/Uploader.php ON LINE 123 {"Undefined variable: field":8} []
[2016-07-08 13:37:33] error.ERROR: 8 IN FILE /Users/zhouhong/xianrou/yaframe/library/Uploader/Uploader.php ON LINE 135 {"Undefined variable: field":8} []
[2016-07-08 13:37:33] error.ERROR: 2 IN FILE /Users/zhouhong/xianrou/yaframe/library/Uploader/Uploader.php ON LINE 154 {"Missing argument 1 for Uploader\\Uploader::doUpload(), called in /Users/zhouhong/xianrou/yaframe/application/models/Common/VideoDriver.php on line 43 and defined":2} []
[2016-07-08 13:37:33] error.ERROR: 8 IN FILE /Users/zhouhong/xianrou/yaframe/library/Uploader/Uploader.php ON LINE 158 {"Undefined variable: field":8} []
[2016-07-08 13:37:33] error.ERROR: 8 IN FILE /Users/zhouhong/xianrou/yaframe/library/Uploader/Uploader.php ON LINE 159 {"Undefined variable: field":8} []
[2016-07-08 13:37:33] error.ERROR: 8 IN FILE /Users/zhouhong/xianrou/yaframe/application/models/Common/VideoDriver.php ON LINE 92 {"Undefined variable: files":8} []
[2016-07-08 13:37:33] error.ERROR: 8 IN FILE /Users/zhouhong/xianrou/yaframe/library/Http/BasicRequest.php ON LINE 67 {"Undefined index: HTTP_SIGN":8} []
[2016-07-08 13:37:33] error.ERROR: 8 IN FILE /Users/zhouhong/xianrou/yaframe/library/Http/BasicRequest.php ON LINE 68 {"Undefined index: HTTP_VERSION":8} []
[2016-07-08 13:37:33] error.ERROR: 8 IN FILE /Users/zhouhong/xianrou/yaframe/library/Http/BasicRequest.php ON LINE 69 {"Undefined index: HTTP_TIMESTAMP":8} []
[2016-07-08 13:37:33] error.ERROR: 8 IN FILE /Users/zhouhong/xianrou/yaframe/library/Sphinx/SphinxClient.php ON LINE 195 {"Undefined property: Sphinx\\SphinxClient::$_socket":8} []
[2016-07-08 13:37:33] error.ERROR: 8 IN FILE /Users/zhouhong/xianrou/yaframe/library/Sphinx/SphinxClient.php ON LINE 196 {"Undefined property: Sphinx\\SphinxClient::$_socket":8} []
[2016-07-08 13:37:33] error.ERROR: 2 IN FILE /Users/zhouhong/xianrou/yaframe/library/Sphinx/SphinxClient.php ON LINE 196 {"fclose() expects parameter 1 to be resource, null given":2} []
[2016-07-08 13:37:39] error.ERROR: 8 IN FILE /Users/zhouhong/xianrou/yaframe/application/Bootstrap.php ON LINE 147 {"Undefined index: ffmpeg":8} []
[2016-07-08 13:37:39] error.ERROR: 8 IN FILE /Users/zhouhong/xianrou/yaframe/application/Bootstrap.php ON LINE 148 {"Undefined index: ffprobe":8} []
[2016-07-08 13:37:39] error.ERROR: 2 IN FILE /Users/zhouhong/xianrou/yaframe/library/Sphinx/SphinxClient.php ON LINE 232 {"assert(): assert(is_int($port)) failed":2} []
[2016-07-08 13:37:39] error.ERROR: 8 IN FILE /Users/zhouhong/xianrou/yaframe/library/Http/BasicRequest.php ON LINE 67 {"Undefined index: HTTP_SIGN":8} []
[2016-07-08 13:37:39] error.ERROR: 8 IN FILE /Users/zhouhong/xianrou/yaframe/library/Http/BasicRequest.php ON LINE 68 {"Undefined index: HTTP_VERSION":8} []
[2016-07-08 13:37:39] error.ERROR: 8 IN FILE /Users/zhouhong/xianrou/yaframe/library/Http/BasicRequest.php ON LINE 69 {"Undefined index: HTTP_TIMESTAMP":8} []
[2016-07-08 13:37:39] error.ERROR: 2 IN FILE /Users/zhouhong/xianrou/yaframe/library/Uploader/Uploader.php ON LINE 117 {"Missing argument 1 for Uploader\\Uploader::getFileInfo(), called in /Users/zhouhong/xianrou/yaframe/application/models/Common/VideoDriver.php on line 36 and defined":2} []
[2016-07-08 13:37:39] error.ERROR: 8 IN FILE /Users/zhouhong/xianrou/yaframe/library/Uploader/Uploader.php ON LINE 119 {"Undefined variable: field":8} []
[2016-07-08 13:37:39] error.ERROR: 8 IN FILE /Users/zhouhong/xianrou/yaframe/library/Uploader/Uploader.php ON LINE 123 {"Undefined variable: field":8} []
[2016-07-08 13:37:39] error.ERROR: 8 IN FILE /Users/zhouhong/xianrou/yaframe/library/Uploader/Uploader.php ON LINE 135 {"Undefined variable: field":8} []
[2016-07-08 13:37:39] error.ERROR: 2 IN FILE /Users/zhouhong/xianrou/yaframe/library/Uploader/Uploader.php ON LINE 154 {"Missing argument 1 for Uploader\\Uploader::doUpload(), called in /Users/zhouhong/xianrou/yaframe/application/models/Common/VideoDriver.php on line 43 and defined":2} []
[2016-07-08 13:37:39] error.ERROR: 8 IN FILE /Users/zhouhong/xianrou/yaframe/library/Uploader/Uploader.php ON LINE 158 {"Undefined variable: field":8} []
[2016-07-08 13:37:39] error.ERROR: 8 IN FILE /Users/zhouhong/xianrou/yaframe/library/Uploader/Uploader.php ON LINE 159 {"Undefined variable: field":8} []
[2016-07-08 13:37:39] error.ERROR: 8 IN FILE /Users/zhouhong/xianrou/yaframe/application/models/Common/VideoDriver.php ON LINE 92 {"Undefined variable: files":8} []
[2016-07-08 13:37:39] error.ERROR: 8 IN FILE /Users/zhouhong/xianrou/yaframe/library/Http/BasicRequest.php ON LINE 67 {"Undefined index: HTTP_SIGN":8} []
[2016-07-08 13:37:39] error.ERROR: 8 IN FILE /Users/zhouhong/xianrou/yaframe/library/Http/BasicRequest.php ON LINE 68 {"Undefined index: HTTP_VERSION":8} []
[2016-07-08 13:37:39] error.ERROR: 8 IN FILE /Users/zhouhong/xianrou/yaframe/library/Http/BasicRequest.php ON LINE 69 {"Undefined index: HTTP_TIMESTAMP":8} []
[2016-07-08 13:37:39] error.ERROR: 8 IN FILE /Users/zhouhong/xianrou/yaframe/library/Sphinx/SphinxClient.php ON LINE 195 {"Undefined property: Sphinx\\SphinxClient::$_socket":8} []
[2016-07-08 13:37:39] error.ERROR: 8 IN FILE /Users/zhouhong/xianrou/yaframe/library/Sphinx/SphinxClient.php ON LINE 196 {"Undefined property: Sphinx\\SphinxClient::$_socket":8} []
[2016-07-08 13:37:39] error.ERROR: 2 IN FILE /Users/zhouhong/xianrou/yaframe/library/Sphinx/SphinxClient.php ON LINE 196 {"fclose() expects parameter 1 to be resource, null given":2} []
[2016-07-08 13:38:48] error.ERROR: 8 IN FILE /Users/zhouhong/xianrou/yaframe/application/Bootstrap.php ON LINE 147 {"Undefined index: ffmpeg":8} []
[2016-07-08 13:38:48] error.ERROR: 8 IN FILE /Users/zhouhong/xianrou/yaframe/application/Bootstrap.php ON LINE 148 {"Undefined index: ffprobe":8} []
[2016-07-08 13:38:48] error.ERROR: 2 IN FILE /Users/zhouhong/xianrou/yaframe/library/Sphinx/SphinxClient.php ON LINE 232 {"assert(): assert(is_int($port)) failed":2} []
[2016-07-08 13:38:48] error.ERROR: 8 IN FILE /Users/zhouhong/xianrou/yaframe/library/Http/BasicRequest.php ON LINE 67 {"Undefined index: HTTP_SIGN":8} []
[2016-07-08 13:38:48] error.ERROR: 8 IN FILE /Users/zhouhong/xianrou/yaframe/library/Http/BasicRequest.php ON LINE 68 {"Undefined index: HTTP_VERSION":8} []
[2016-07-08 13:38:48] error.ERROR: 8 IN FILE /Users/zhouhong/xianrou/yaframe/library/Http/BasicRequest.php ON LINE 69 {"Undefined index: HTTP_TIMESTAMP":8} []
[2016-07-08 13:38:48] error.ERROR: 2 IN FILE /Users/zhouhong/xianrou/yaframe/library/Uploader/Uploader.php ON LINE 117 {"Missing argument 1 for Uploader\\Uploader::getFileInfo(), called in /Users/zhouhong/xianrou/yaframe/application/models/Common/VideoDriver.php on line 36 and defined":2} []
[2016-07-08 13:38:48] error.ERROR: 8 IN FILE /Users/zhouhong/xianrou/yaframe/library/Uploader/Uploader.php ON LINE 119 {"Undefined variable: field":8} []
[2016-07-08 13:38:48] error.ERROR: 8 IN FILE /Users/zhouhong/xianrou/yaframe/library/Uploader/Uploader.php ON LINE 123 {"Undefined variable: field":8} []
[2016-07-08 13:38:48] error.ERROR: 8 IN FILE /Users/zhouhong/xianrou/yaframe/library/Uploader/Uploader.php ON LINE 135 {"Undefined variable: field":8} []
[2016-07-08 13:38:48] error.ERROR: 2 IN FILE /Users/zhouhong/xianrou/yaframe/library/Uploader/Uploader.php ON LINE 154 {"Missing argument 1 for Uploader\\Uploader::doUpload(), called in /Users/zhouhong/xianrou/yaframe/application/models/Common/VideoDriver.php on line 43 and defined":2} []
[2016-07-08 13:38:48] error.ERROR: 8 IN FILE /Users/zhouhong/xianrou/yaframe/library/Uploader/Uploader.php ON LINE 158 {"Undefined variable: field":8} []
[2016-07-08 13:38:48] error.ERROR: 8 IN FILE /Users/zhouhong/xianrou/yaframe/library/Uploader/Uploader.php ON LINE 159 {"Undefined variable: field":8} []
[2016-07-08 13:38:48] error.ERROR: 8 IN FILE /Users/zhouhong/xianrou/yaframe/application/models/Common/VideoDriver.php ON LINE 92 {"Undefined variable: files":8} []
[2016-07-08 13:38:48] error.ERROR: 8 IN FILE /Users/zhouhong/xianrou/yaframe/library/Http/BasicRequest.php ON LINE 67 {"Undefined index: HTTP_SIGN":8} []
[2016-07-08 13:38:48] error.ERROR: 8 IN FILE /Users/zhouhong/xianrou/yaframe/library/Http/BasicRequest.php ON LINE 68 {"Undefined index: HTTP_VERSION":8} []
[2016-07-08 13:38:48] error.ERROR: 8 IN FILE /Users/zhouhong/xianrou/yaframe/library/Http/BasicRequest.php ON LINE 69 {"Undefined index: HTTP_TIMESTAMP":8} []
[2016-07-08 13:38:48] error.ERROR: 8 IN FILE /Users/zhouhong/xianrou/yaframe/library/Sphinx/SphinxClient.php ON LINE 195 {"Undefined property: Sphinx\\SphinxClient::$_socket":8} []
[2016-07-08 13:38:48] error.ERROR: 8 IN FILE /Users/zhouhong/xianrou/yaframe/library/Sphinx/SphinxClient.php ON LINE 196 {"Undefined property: Sphinx\\SphinxClient::$_socket":8} []
[2016-07-08 13:38:48] error.ERROR: 2 IN FILE /Users/zhouhong/xianrou/yaframe/library/Sphinx/SphinxClient.php ON LINE 196 {"fclose() expects parameter 1 to be resource, null given":2} []
[2016-07-08 13:39:38] error.ERROR: 8 IN FILE /Users/zhouhong/xianrou/yaframe/application/Bootstrap.php ON LINE 147 {"Undefined index: ffmpeg":8} []
[2016-07-08 13:39:38] error.ERROR: 8 IN FILE /Users/zhouhong/xianrou/yaframe/application/Bootstrap.php ON LINE 148 {"Undefined index: ffprobe":8} []
[2016-07-08 13:39:38] error.ERROR: 2 IN FILE /Users/zhouhong/xianrou/yaframe/library/Sphinx/SphinxClient.php ON LINE 232 {"assert(): assert(is_int($port)) failed":2} []
[2016-07-08 13:39:38] error.ERROR: 8 IN FILE /Users/zhouhong/xianrou/yaframe/library/Http/BasicRequest.php ON LINE 67 {"Undefined index: HTTP_SIGN":8} []
[2016-07-08 13:39:38] error.ERROR: 8 IN FILE /Users/zhouhong/xianrou/yaframe/library/Http/BasicRequest.php ON LINE 68 {"Undefined index: HTTP_VERSION":8} []
[2016-07-08 13:39:38] error.ERROR: 8 IN FILE /Users/zhouhong/xianrou/yaframe/library/Http/BasicRequest.php ON LINE 69 {"Undefined index: HTTP_TIMESTAMP":8} []
[2016-07-08 13:39:38] error.ERROR: 2 IN FILE /Users/zhouhong/xianrou/yaframe/library/Uploader/Uploader.php ON LINE 117 {"Missing argument 1 for Uploader\\Uploader::getFileInfo(), called in /Users/zhouhong/xianrou/yaframe/application/models/Common/VideoDriver.php on line 36 and defined":2} []
[2016-07-08 13:39:38] error.ERROR: 8 IN FILE /Users/zhouhong/xianrou/yaframe/library/Uploader/Uploader.php ON LINE 119 {"Undefined variable: field":8} []
[2016-07-08 13:39:38] error.ERROR: 8 IN FILE /Users/zhouhong/xianrou/yaframe/library/Uploader/Uploader.php ON LINE 123 {"Undefined variable: field":8} []
[2016-07-08 13:39:38] error.ERROR: 8 IN FILE /Users/zhouhong/xianrou/yaframe/library/Uploader/Uploader.php ON LINE 135 {"Undefined variable: field":8} []
[2016-07-08 13:39:38] error.ERROR: 2 IN FILE /Users/zhouhong/xianrou/yaframe/library/Uploader/Uploader.php ON LINE 154 {"Missing argument 1 for Uploader\\Uploader::doUpload(), called in /Users/zhouhong/xianrou/yaframe/application/models/Common/VideoDriver.php on line 43 and defined":2} []
[2016-07-08 13:39:38] error.ERROR: 8 IN FILE /Users/zhouhong/xianrou/yaframe/library/Uploader/Uploader.php ON LINE 158 {"Undefined variable: field":8} []
[2016-07-08 13:39:38] error.ERROR: 8 IN FILE /Users/zhouhong/xianrou/yaframe/library/Uploader/Uploader.php ON LINE 159 {"Undefined variable: field":8} []
[2016-07-08 13:39:38] error.ERROR: 8 IN FILE /Users/zhouhong/xianrou/yaframe/application/models/Common/VideoDriver.php ON LINE 92 {"Undefined variable: files":8} []
[2016-07-08 13:39:38] error.ERROR: 8 IN FILE /Users/zhouhong/xianrou/yaframe/library/Http/BasicRequest.php ON LINE 67 {"Undefined index: HTTP_SIGN":8} []
[2016-07-08 13:39:38] error.ERROR: 8 IN FILE /Users/zhouhong/xianrou/yaframe/library/Http/BasicRequest.php ON LINE 68 {"Undefined index: HTTP_VERSION":8} []
[2016-07-08 13:39:38] error.ERROR: 8 IN FILE /Users/zhouhong/xianrou/yaframe/library/Http/BasicRequest.php ON LINE 69 {"Undefined index: HTTP_TIMESTAMP":8} []
[2016-07-08 13:39:38] error.ERROR: 8 IN FILE /Users/zhouhong/xianrou/yaframe/library/Sphinx/SphinxClient.php ON LINE 195 {"Undefined property: Sphinx\\SphinxClient::$_socket":8} []
[2016-07-08 13:39:38] error.ERROR: 8 IN FILE /Users/zhouhong/xianrou/yaframe/library/Sphinx/SphinxClient.php ON LINE 196 {"Undefined property: Sphinx\\SphinxClient::$_socket":8} []
[2016-07-08 13:39:38] error.ERROR: 2 IN FILE /Users/zhouhong/xianrou/yaframe/library/Sphinx/SphinxClient.php ON LINE 196 {"fclose() expects parameter 1 to be resource, null given":2} []
[2016-07-08 13:39:39] error.ERROR: 8 IN FILE /Users/zhouhong/xianrou/yaframe/application/Bootstrap.php ON LINE 147 {"Undefined index: ffmpeg":8} []
[2016-07-08 13:39:39] error.ERROR: 8 IN FILE /Users/zhouhong/xianrou/yaframe/application/Bootstrap.php ON LINE 148 {"Undefined index: ffprobe":8} []
[2016-07-08 13:39:39] error.ERROR: 2 IN FILE /Users/zhouhong/xianrou/yaframe/library/Sphinx/SphinxClient.php ON LINE 232 {"assert(): assert(is_int($port)) failed":2} []
[2016-07-08 13:39:39] error.ERROR: 8 IN FILE /Users/zhouhong/xianrou/yaframe/library/Http/BasicRequest.php ON LINE 67 {"Undefined index: HTTP_SIGN":8} []
[2016-07-08 13:39:39] error.ERROR: 8 IN FILE /Users/zhouhong/xianrou/yaframe/library/Http/BasicRequest.php ON LINE 68 {"Undefined index: HTTP_VERSION":8} []
[2016-07-08 13:39:39] error.ERROR: 8 IN FILE /Users/zhouhong/xianrou/yaframe/library/Http/BasicRequest.php ON LINE 69 {"Undefined index: HTTP_TIMESTAMP":8} []
[2016-07-08 13:39:39] error.ERROR: 2 IN FILE /Users/zhouhong/xianrou/yaframe/library/Uploader/Uploader.php ON LINE 117 {"Missing argument 1 for Uploader\\Uploader::getFileInfo(), called in /Users/zhouhong/xianrou/yaframe/application/models/Common/VideoDriver.php on line 36 and defined":2} []
[2016-07-08 13:39:39] error.ERROR: 8 IN FILE /Users/zhouhong/xianrou/yaframe/library/Uploader/Uploader.php ON LINE 119 {"Undefined variable: field":8} []
[2016-07-08 13:39:39] error.ERROR: 8 IN FILE /Users/zhouhong/xianrou/yaframe/library/Uploader/Uploader.php ON LINE 123 {"Undefined variable: field":8} []
[2016-07-08 13:39:39] error.ERROR: 8 IN FILE /Users/zhouhong/xianrou/yaframe/library/Uploader/Uploader.php ON LINE 135 {"Undefined variable: field":8} []
[2016-07-08 13:39:39] error.ERROR: 2 IN FILE /Users/zhouhong/xianrou/yaframe/library/Uploader/Uploader.php ON LINE 154 {"Missing argument 1 for Uploader\\Uploader::doUpload(), called in /Users/zhouhong/xianrou/yaframe/application/models/Common/VideoDriver.php on line 43 and defined":2} []
[2016-07-08 13:39:39] error.ERROR: 8 IN FILE /Users/zhouhong/xianrou/yaframe/library/Uploader/Uploader.php ON LINE 158 {"Undefined variable: field":8} []
[2016-07-08 13:39:39] error.ERROR: 8 IN FILE /Users/zhouhong/xianrou/yaframe/library/Uploader/Uploader.php ON LINE 159 {"Undefined variable: field":8} []
[2016-07-08 13:39:39] error.ERROR: 8 IN FILE /Users/zhouhong/xianrou/yaframe/application/models/Common/VideoDriver.php ON LINE 92 {"Undefined variable: files":8} []
[2016-07-08 13:39:39] error.ERROR: 8 IN FILE /Users/zhouhong/xianrou/yaframe/library/Http/BasicRequest.php ON LINE 67 {"Undefined index: HTTP_SIGN":8} []
[2016-07-08 13:39:39] error.ERROR: 8 IN FILE /Users/zhouhong/xianrou/yaframe/library/Http/BasicRequest.php ON LINE 68 {"Undefined index: HTTP_VERSION":8} []
[2016-07-08 13:39:39] error.ERROR: 8 IN FILE /Users/zhouhong/xianrou/yaframe/library/Http/BasicRequest.php ON LINE 69 {"Undefined index: HTTP_TIMESTAMP":8} []
[2016-07-08 13:39:39] error.ERROR: 8 IN FILE /Users/zhouhong/xianrou/yaframe/library/Sphinx/SphinxClient.php ON LINE 195 {"Undefined property: Sphinx\\SphinxClient::$_socket":8} []
[2016-07-08 13:39:39] error.ERROR: 8 IN FILE /Users/zhouhong/xianrou/yaframe/library/Sphinx/SphinxClient.php ON LINE 196 {"Undefined property: Sphinx\\SphinxClient::$_socket":8} []
[2016-07-08 13:39:39] error.ERROR: 2 IN FILE /Users/zhouhong/xianrou/yaframe/library/Sphinx/SphinxClient.php ON LINE 196 {"fclose() expects parameter 1 to be resource, null given":2} []
[2016-07-08 13:43:45] error.ERROR: 8 IN FILE /Users/zhouhong/xianrou/yaframe/application/Bootstrap.php ON LINE 147 {"Undefined index: ffmpeg":8} []
[2016-07-08 13:43:45] error.ERROR: 8 IN FILE /Users/zhouhong/xianrou/yaframe/application/Bootstrap.php ON LINE 148 {"Undefined index: ffprobe":8} []
[2016-07-08 13:43:45] error.ERROR: 2 IN FILE /Users/zhouhong/xianrou/yaframe/library/Sphinx/SphinxClient.php ON LINE 232 {"assert(): assert(is_int($port)) failed":2} []
[2016-07-08 13:43:45] error.ERROR: 8 IN FILE /Users/zhouhong/xianrou/yaframe/library/Http/BasicRequest.php ON LINE 67 {"Undefined index: HTTP_SIGN":8} []
[2016-07-08 13:43:45] error.ERROR: 8 IN FILE /Users/zhouhong/xianrou/yaframe/library/Http/BasicRequest.php ON LINE 68 {"Undefined index: HTTP_VERSION":8} []
[2016-07-08 13:43:45] error.ERROR: 8 IN FILE /Users/zhouhong/xianrou/yaframe/library/Http/BasicRequest.php ON LINE 69 {"Undefined index: HTTP_TIMESTAMP":8} []
[2016-07-08 13:43:45] error.ERROR: 8 IN FILE /Users/zhouhong/xianrou/yaframe/library/Uploader/Imager.php ON LINE 68 {"Undefined variable: leftWidth":8} []
[2016-07-08 13:43:48] error.ERROR: 8 IN FILE /Users/zhouhong/xianrou/yaframe/library/Sphinx/SphinxClient.php ON LINE 195 {"Undefined property: Sphinx\\SphinxClient::$_socket":8} []
[2016-07-08 13:43:48] error.ERROR: 8 IN FILE /Users/zhouhong/xianrou/yaframe/library/Sphinx/SphinxClient.php ON LINE 196 {"Undefined property: Sphinx\\SphinxClient::$_socket":8} []
[2016-07-08 13:43:48] error.ERROR: 2 IN FILE /Users/zhouhong/xianrou/yaframe/library/Sphinx/SphinxClient.php ON LINE 196 {"fclose() expects parameter 1 to be resource, null given":2} []
[2016-07-08 13:44:20] error.ERROR: 8 IN FILE /Users/zhouhong/xianrou/yaframe/application/Bootstrap.php ON LINE 147 {"Undefined index: ffmpeg":8} []
[2016-07-08 13:44:20] error.ERROR: 8 IN FILE /Users/zhouhong/xianrou/yaframe/application/Bootstrap.php ON LINE 148 {"Undefined index: ffprobe":8} []
[2016-07-08 13:44:20] error.ERROR: 2 IN FILE /Users/zhouhong/xianrou/yaframe/library/Sphinx/SphinxClient.php ON LINE 232 {"assert(): assert(is_int($port)) failed":2} []
[2016-07-08 13:44:20] error.ERROR: 8 IN FILE /Users/zhouhong/xianrou/yaframe/library/Http/BasicRequest.php ON LINE 67 {"Undefined index: HTTP_SIGN":8} []
[2016-07-08 13:44:20] error.ERROR: 8 IN FILE /Users/zhouhong/xianrou/yaframe/library/Http/BasicRequest.php ON LINE 68 {"Undefined index: HTTP_VERSION":8} []
[2016-07-08 13:44:20] error.ERROR: 8 IN FILE /Users/zhouhong/xianrou/yaframe/library/Http/BasicRequest.php ON LINE 69 {"Undefined index: HTTP_TIMESTAMP":8} []
[2016-07-08 13:44:20] error.ERROR: 8 IN FILE /Users/zhouhong/xianrou/yaframe/library/Uploader/Imager.php ON LINE 68 {"Undefined variable: leftWidth":8} []
[2016-07-08 13:44:22] error.ERROR: 8 IN FILE /Users/zhouhong/xianrou/yaframe/library/Sphinx/SphinxClient.php ON LINE 195 {"Undefined property: Sphinx\\SphinxClient::$_socket":8} []
[2016-07-08 13:44:22] error.ERROR: 8 IN FILE /Users/zhouhong/xianrou/yaframe/library/Sphinx/SphinxClient.php ON LINE 196 {"Undefined property: Sphinx\\SphinxClient::$_socket":8} []
[2016-07-08 13:44:22] error.ERROR: 2 IN FILE /Users/zhouhong/xianrou/yaframe/library/Sphinx/SphinxClient.php ON LINE 196 {"fclose() expects parameter 1 to be resource, null given":2} []
[2016-07-08 13:44:59] error.ERROR: 8 IN FILE /Users/zhouhong/xianrou/yaframe/application/Bootstrap.php ON LINE 147 {"Undefined index: ffmpeg":8} []
[2016-07-08 13:44:59] error.ERROR: 8 IN FILE /Users/zhouhong/xianrou/yaframe/application/Bootstrap.php ON LINE 148 {"Undefined index: ffprobe":8} []
[2016-07-08 13:44:59] error.ERROR: 2 IN FILE /Users/zhouhong/xianrou/yaframe/library/Sphinx/SphinxClient.php ON LINE 232 {"assert(): assert(is_int($port)) failed":2} []
[2016-07-08 13:44:59] error.ERROR: 8 IN FILE /Users/zhouhong/xianrou/yaframe/library/Http/BasicRequest.php ON LINE 67 {"Undefined index: HTTP_SIGN":8} []
[2016-07-08 13:44:59] error.ERROR: 8 IN FILE /Users/zhouhong/xianrou/yaframe/library/Http/BasicRequest.php ON LINE 68 {"Undefined index: HTTP_VERSION":8} []
[2016-07-08 13:44:59] error.ERROR: 8 IN FILE /Users/zhouhong/xianrou/yaframe/library/Http/BasicRequest.php ON LINE 69 {"Undefined index: HTTP_TIMESTAMP":8} []
[2016-07-08 13:44:59] error.ERROR: 8 IN FILE /Users/zhouhong/xianrou/yaframe/library/Http/BasicRequest.php ON LINE 67 {"Undefined index: HTTP_SIGN":8} []
[2016-07-08 13:44:59] error.ERROR: 8 IN FILE /Users/zhouhong/xianrou/yaframe/library/Http/BasicRequest.php ON LINE 68 {"Undefined index: HTTP_VERSION":8} []
[2016-07-08 13:44:59] error.ERROR: 8 IN FILE /Users/zhouhong/xianrou/yaframe/library/Http/BasicRequest.php ON LINE 69 {"Undefined index: HTTP_TIMESTAMP":8} []
[2016-07-08 13:44:59] error.ERROR: 8 IN FILE /Users/zhouhong/xianrou/yaframe/library/Sphinx/SphinxClient.php ON LINE 195 {"Undefined property: Sphinx\\SphinxClient::$_socket":8} []
[2016-07-08 13:44:59] error.ERROR: 8 IN FILE /Users/zhouhong/xianrou/yaframe/library/Sphinx/SphinxClient.php ON LINE 196 {"Undefined property: Sphinx\\SphinxClient::$_socket":8} []
[2016-07-08 13:44:59] error.ERROR: 2 IN FILE /Users/zhouhong/xianrou/yaframe/library/Sphinx/SphinxClient.php ON LINE 196 {"fclose() expects parameter 1 to be resource, null given":2} []
[2016-07-08 13:45:04] error.ERROR: 8 IN FILE /Users/zhouhong/xianrou/yaframe/application/Bootstrap.php ON LINE 147 {"Undefined index: ffmpeg":8} []
[2016-07-08 13:45:04] error.ERROR: 8 IN FILE /Users/zhouhong/xianrou/yaframe/application/Bootstrap.php ON LINE 148 {"Undefined index: ffprobe":8} []
[2016-07-08 13:45:04] error.ERROR: 2 IN FILE /Users/zhouhong/xianrou/yaframe/library/Sphinx/SphinxClient.php ON LINE 232 {"assert(): assert(is_int($port)) failed":2} []
[2016-07-08 13:45:04] error.ERROR: 8 IN FILE /Users/zhouhong/xianrou/yaframe/library/Http/BasicRequest.php ON LINE 67 {"Undefined index: HTTP_SIGN":8} []
[2016-07-08 13:45:04] error.ERROR: 8 IN FILE /Users/zhouhong/xianrou/yaframe/library/Http/BasicRequest.php ON LINE 68 {"Undefined index: HTTP_VERSION":8} []
[2016-07-08 13:45:04] error.ERROR: 8 IN FILE /Users/zhouhong/xianrou/yaframe/library/Http/BasicRequest.php ON LINE 69 {"Undefined index: HTTP_TIMESTAMP":8} []
[2016-07-08 13:45:04] error.ERROR: 8 IN FILE /Users/zhouhong/xianrou/yaframe/library/Http/BasicRequest.php ON LINE 67 {"Undefined index: HTTP_SIGN":8} []
[2016-07-08 13:45:04] error.ERROR: 8 IN FILE /Users/zhouhong/xianrou/yaframe/library/Http/BasicRequest.php ON LINE 68 {"Undefined index: HTTP_VERSION":8} []
[2016-07-08 13:45:04] error.ERROR: 8 IN FILE /Users/zhouhong/xianrou/yaframe/library/Http/BasicRequest.php ON LINE 69 {"Undefined index: HTTP_TIMESTAMP":8} []
[2016-07-08 13:45:04] error.ERROR: 8 IN FILE /Users/zhouhong/xianrou/yaframe/library/Sphinx/SphinxClient.php ON LINE 195 {"Undefined property: Sphinx\\SphinxClient::$_socket":8} []
[2016-07-08 13:45:04] error.ERROR: 8 IN FILE /Users/zhouhong/xianrou/yaframe/library/Sphinx/SphinxClient.php ON LINE 196 {"Undefined property: Sphinx\\SphinxClient::$_socket":8} []
[2016-07-08 13:45:04] error.ERROR: 2 IN FILE /Users/zhouhong/xianrou/yaframe/library/Sphinx/SphinxClient.php ON LINE 196 {"fclose() expects parameter 1 to be resource, null given":2} []
[2016-07-08 13:45:08] error.ERROR: 8 IN FILE /Users/zhouhong/xianrou/yaframe/application/Bootstrap.php ON LINE 147 {"Undefined index: ffmpeg":8} []
[2016-07-08 13:45:08] error.ERROR: 8 IN FILE /Users/zhouhong/xianrou/yaframe/application/Bootstrap.php ON LINE 148 {"Undefined index: ffprobe":8} []
[2016-07-08 13:45:08] error.ERROR: 2 IN FILE /Users/zhouhong/xianrou/yaframe/library/Sphinx/SphinxClient.php ON LINE 232 {"assert(): assert(is_int($port)) failed":2} []
[2016-07-08 13:45:08] error.ERROR: 8 IN FILE /Users/zhouhong/xianrou/yaframe/library/Http/BasicRequest.php ON LINE 67 {"Undefined index: HTTP_SIGN":8} []
[2016-07-08 13:45:08] error.ERROR: 8 IN FILE /Users/zhouhong/xianrou/yaframe/library/Http/BasicRequest.php ON LINE 68 {"Undefined index: HTTP_VERSION":8} []
[2016-07-08 13:45:08] error.ERROR: 8 IN FILE /Users/zhouhong/xianrou/yaframe/library/Http/BasicRequest.php ON LINE 69 {"Undefined index: HTTP_TIMESTAMP":8} []
[2016-07-08 13:45:08] error.ERROR: 8 IN FILE /Users/zhouhong/xianrou/yaframe/library/Sphinx/SphinxClient.php ON LINE 195 {"Undefined property: Sphinx\\SphinxClient::$_socket":8} []
[2016-07-08 13:45:08] error.ERROR: 8 IN FILE /Users/zhouhong/xianrou/yaframe/library/Sphinx/SphinxClient.php ON LINE 196 {"Undefined property: Sphinx\\SphinxClient::$_socket":8} []
[2016-07-08 13:45:08] error.ERROR: 2 IN FILE /Users/zhouhong/xianrou/yaframe/library/Sphinx/SphinxClient.php ON LINE 196 {"fclose() expects parameter 1 to be resource, null given":2} []
