[2016-07-05 14:09:49] error.ERROR: 8 IN FILE /Users/zhouhong/xianrou/yaframe/application/Bootstrap.php ON LINE 147 {"Undefined index: ffmpeg":8} []
[2016-07-05 14:09:49] error.ERROR: 8 IN FILE /Users/zhouhong/xianrou/yaframe/application/Bootstrap.php ON LINE 148 {"Undefined index: ffprobe":8} []
[2016-07-05 14:09:49] error.ERROR: 2 IN FILE /Users/zhouhong/xianrou/yaframe/library/Sphinx/SphinxClient.php ON LINE 232 {"assert(): assert(is_int($port)) failed":2} []
[2016-07-05 14:09:49] error.ERROR: 8 IN FILE /Users/zhouhong/xianrou/yaframe/library/Http/BasicRequest.php ON LINE 67 {"Undefined index: HTTP_SIGN":8} []
[2016-07-05 14:09:49] error.ERROR: 8 IN FILE /Users/zhouhong/xianrou/yaframe/library/Http/BasicRequest.php ON LINE 68 {"Undefined index: HTTP_VERSION":8} []
[2016-07-05 14:09:49] error.ERROR: 8 IN FILE /Users/zhouhong/xianrou/yaframe/library/Http/BasicRequest.php ON LINE 69 {"Undefined index: HTTP_TIMESTAMP":8} []
[2016-07-05 14:09:49] error.ERROR: 8 IN FILE /Users/zhouhong/xianrou/yaframe/library/Sphinx/SphinxClient.php ON LINE 195 {"Undefined property: Sphinx\\SphinxClient::$_socket":8} []
[2016-07-05 14:09:49] error.ERROR: 8 IN FILE /Users/zhouhong/xianrou/yaframe/library/Sphinx/SphinxClient.php ON LINE 196 {"Undefined property: Sphinx\\SphinxClient::$_socket":8} []
[2016-07-05 14:09:49] error.ERROR: 2 IN FILE /Users/zhouhong/xianrou/yaframe/library/Sphinx/SphinxClient.php ON LINE 196 {"fclose() expects parameter 1 to be resource, null given":2} []
[2016-07-05 14:19:11] error.ERROR: 8 IN FILE /Users/zhouhong/xianrou/yaframe/application/Bootstrap.php ON LINE 147 {"Undefined index: ffmpeg":8} []
[2016-07-05 14:19:11] error.ERROR: 8 IN FILE /Users/zhouhong/xianrou/yaframe/application/Bootstrap.php ON LINE 148 {"Undefined index: ffprobe":8} []
[2016-07-05 14:19:11] error.ERROR: 2 IN FILE /Users/zhouhong/xianrou/yaframe/library/Sphinx/SphinxClient.php ON LINE 232 {"assert(): assert(is_int($port)) failed":2} []
[2016-07-05 14:19:11] error.ERROR: 8 IN FILE /Users/zhouhong/xianrou/yaframe/library/Http/BasicRequest.php ON LINE 67 {"Undefined index: HTTP_SIGN":8} []
[2016-07-05 14:19:11] error.ERROR: 8 IN FILE /Users/zhouhong/xianrou/yaframe/library/Http/BasicRequest.php ON LINE 68 {"Undefined index: HTTP_VERSION":8} []
[2016-07-05 14:19:11] error.ERROR: 8 IN FILE /Users/zhouhong/xianrou/yaframe/library/Http/BasicRequest.php ON LINE 69 {"Undefined index: HTTP_TIMESTAMP":8} []
[2016-07-05 14:19:11] error.ERROR: 8 IN FILE /Users/zhouhong/xianrou/yaframe/library/Sphinx/SphinxClient.php ON LINE 195 {"Undefined property: Sphinx\\SphinxClient::$_socket":8} []
[2016-07-05 14:19:11] error.ERROR: 8 IN FILE /Users/zhouhong/xianrou/yaframe/library/Sphinx/SphinxClient.php ON LINE 196 {"Undefined property: Sphinx\\SphinxClient::$_socket":8} []
[2016-07-05 14:19:11] error.ERROR: 2 IN FILE /Users/zhouhong/xianrou/yaframe/library/Sphinx/SphinxClient.php ON LINE 196 {"fclose() expects parameter 1 to be resource, null given":2} []
[2016-07-05 14:19:49] error.ERROR: 8 IN FILE /Users/zhouhong/xianrou/yaframe/application/Bootstrap.php ON LINE 147 {"Undefined index: ffmpeg":8} []
[2016-07-05 14:19:49] error.ERROR: 8 IN FILE /Users/zhouhong/xianrou/yaframe/application/Bootstrap.php ON LINE 148 {"Undefined index: ffprobe":8} []
[2016-07-05 14:19:49] error.ERROR: 2 IN FILE /Users/zhouhong/xianrou/yaframe/library/Sphinx/SphinxClient.php ON LINE 232 {"assert(): assert(is_int($port)) failed":2} []
[2016-07-05 14:19:49] error.ERROR: 8 IN FILE /Users/zhouhong/xianrou/yaframe/library/Http/BasicRequest.php ON LINE 67 {"Undefined index: HTTP_SIGN":8} []
[2016-07-05 14:19:49] error.ERROR: 8 IN FILE /Users/zhouhong/xianrou/yaframe/library/Http/BasicRequest.php ON LINE 68 {"Undefined index: HTTP_VERSION":8} []
[2016-07-05 14:19:49] error.ERROR: 8 IN FILE /Users/zhouhong/xianrou/yaframe/library/Http/BasicRequest.php ON LINE 69 {"Undefined index: HTTP_TIMESTAMP":8} []
[2016-07-05 14:19:49] error.ERROR: 8 IN FILE /Users/zhouhong/xianrou/yaframe/library/Sphinx/SphinxClient.php ON LINE 195 {"Undefined property: Sphinx\\SphinxClient::$_socket":8} []
[2016-07-05 14:19:49] error.ERROR: 8 IN FILE /Users/zhouhong/xianrou/yaframe/library/Sphinx/SphinxClient.php ON LINE 196 {"Undefined property: Sphinx\\SphinxClient::$_socket":8} []
[2016-07-05 14:19:49] error.ERROR: 2 IN FILE /Users/zhouhong/xianrou/yaframe/library/Sphinx/SphinxClient.php ON LINE 196 {"fclose() expects parameter 1 to be resource, null given":2} []
[2016-07-05 14:22:37] error.ERROR: 8 IN FILE /Users/zhouhong/xianrou/yaframe/application/Bootstrap.php ON LINE 147 {"Undefined index: ffmpeg":8} []
[2016-07-05 14:22:37] error.ERROR: 8 IN FILE /Users/zhouhong/xianrou/yaframe/application/Bootstrap.php ON LINE 148 {"Undefined index: ffprobe":8} []
[2016-07-05 14:22:37] error.ERROR: 2 IN FILE /Users/zhouhong/xianrou/yaframe/library/Sphinx/SphinxClient.php ON LINE 232 {"assert(): assert(is_int($port)) failed":2} []
[2016-07-05 14:22:37] error.ERROR: 8 IN FILE /Users/zhouhong/xianrou/yaframe/library/Http/BasicRequest.php ON LINE 67 {"Undefined index: HTTP_SIGN":8} []
[2016-07-05 14:22:37] error.ERROR: 8 IN FILE /Users/zhouhong/xianrou/yaframe/library/Http/BasicRequest.php ON LINE 68 {"Undefined index: HTTP_VERSION":8} []
[2016-07-05 14:22:37] error.ERROR: 8 IN FILE /Users/zhouhong/xianrou/yaframe/library/Http/BasicRequest.php ON LINE 69 {"Undefined index: HTTP_TIMESTAMP":8} []
[2016-07-05 14:22:37] error.ERROR: 8 IN FILE /Users/zhouhong/xianrou/yaframe/library/Sphinx/SphinxClient.php ON LINE 195 {"Undefined property: Sphinx\\SphinxClient::$_socket":8} []
[2016-07-05 14:22:37] error.ERROR: 8 IN FILE /Users/zhouhong/xianrou/yaframe/library/Sphinx/SphinxClient.php ON LINE 196 {"Undefined property: Sphinx\\SphinxClient::$_socket":8} []
[2016-07-05 14:22:37] error.ERROR: 2 IN FILE /Users/zhouhong/xianrou/yaframe/library/Sphinx/SphinxClient.php ON LINE 196 {"fclose() expects parameter 1 to be resource, null given":2} []
[2016-07-05 14:23:16] error.ERROR: 8 IN FILE /Users/zhouhong/xianrou/yaframe/application/Bootstrap.php ON LINE 147 {"Undefined index: ffmpeg":8} []
[2016-07-05 14:23:16] error.ERROR: 8 IN FILE /Users/zhouhong/xianrou/yaframe/application/Bootstrap.php ON LINE 148 {"Undefined index: ffprobe":8} []
[2016-07-05 14:23:16] error.ERROR: 2 IN FILE /Users/zhouhong/xianrou/yaframe/library/Sphinx/SphinxClient.php ON LINE 232 {"assert(): assert(is_int($port)) failed":2} []
[2016-07-05 14:23:16] error.ERROR: 8 IN FILE /Users/zhouhong/xianrou/yaframe/library/Http/BasicRequest.php ON LINE 67 {"Undefined index: HTTP_SIGN":8} []
[2016-07-05 14:23:16] error.ERROR: 8 IN FILE /Users/zhouhong/xianrou/yaframe/library/Http/BasicRequest.php ON LINE 68 {"Undefined index: HTTP_VERSION":8} []
[2016-07-05 14:23:16] error.ERROR: 8 IN FILE /Users/zhouhong/xianrou/yaframe/library/Http/BasicRequest.php ON LINE 69 {"Undefined index: HTTP_TIMESTAMP":8} []
[2016-07-05 14:23:17] error.ERROR: 8 IN FILE /Users/zhouhong/xianrou/yaframe/library/Sphinx/SphinxClient.php ON LINE 195 {"Undefined property: Sphinx\\SphinxClient::$_socket":8} []
[2016-07-05 14:23:17] error.ERROR: 8 IN FILE /Users/zhouhong/xianrou/yaframe/library/Sphinx/SphinxClient.php ON LINE 196 {"Undefined property: Sphinx\\SphinxClient::$_socket":8} []
[2016-07-05 14:23:17] error.ERROR: 2 IN FILE /Users/zhouhong/xianrou/yaframe/library/Sphinx/SphinxClient.php ON LINE 196 {"fclose() expects parameter 1 to be resource, null given":2} []
[2016-07-05 14:28:53] error.ERROR: 8 IN FILE /Users/zhouhong/xianrou/yaframe/application/Bootstrap.php ON LINE 147 {"Undefined index: ffmpeg":8} []
[2016-07-05 14:28:53] error.ERROR: 8 IN FILE /Users/zhouhong/xianrou/yaframe/application/Bootstrap.php ON LINE 148 {"Undefined index: ffprobe":8} []
[2016-07-05 14:28:53] error.ERROR: 2 IN FILE /Users/zhouhong/xianrou/yaframe/library/Sphinx/SphinxClient.php ON LINE 232 {"assert(): assert(is_int($port)) failed":2} []
[2016-07-05 14:28:53] error.ERROR: 8 IN FILE /Users/zhouhong/xianrou/yaframe/library/Http/BasicRequest.php ON LINE 67 {"Undefined index: HTTP_SIGN":8} []
[2016-07-05 14:28:53] error.ERROR: 8 IN FILE /Users/zhouhong/xianrou/yaframe/library/Http/BasicRequest.php ON LINE 68 {"Undefined index: HTTP_VERSION":8} []
[2016-07-05 14:28:53] error.ERROR: 8 IN FILE /Users/zhouhong/xianrou/yaframe/library/Http/BasicRequest.php ON LINE 69 {"Undefined index: HTTP_TIMESTAMP":8} []
[2016-07-05 14:28:53] error.ERROR: 8 IN FILE /Users/zhouhong/xianrou/yaframe/library/Sphinx/SphinxClient.php ON LINE 195 {"Undefined property: Sphinx\\SphinxClient::$_socket":8} []
[2016-07-05 14:28:53] error.ERROR: 8 IN FILE /Users/zhouhong/xianrou/yaframe/library/Sphinx/SphinxClient.php ON LINE 196 {"Undefined property: Sphinx\\SphinxClient::$_socket":8} []
[2016-07-05 14:28:53] error.ERROR: 2 IN FILE /Users/zhouhong/xianrou/yaframe/library/Sphinx/SphinxClient.php ON LINE 196 {"fclose() expects parameter 1 to be resource, null given":2} []
[2016-07-05 14:31:07] error.ERROR: 8 IN FILE /Users/zhouhong/xianrou/yaframe/application/Bootstrap.php ON LINE 147 {"Undefined index: ffmpeg":8} []
[2016-07-05 14:31:07] error.ERROR: 8 IN FILE /Users/zhouhong/xianrou/yaframe/application/Bootstrap.php ON LINE 148 {"Undefined index: ffprobe":8} []
[2016-07-05 14:31:07] error.ERROR: 2 IN FILE /Users/zhouhong/xianrou/yaframe/library/Sphinx/SphinxClient.php ON LINE 232 {"assert(): assert(is_int($port)) failed":2} []
[2016-07-05 14:31:07] error.ERROR: 8 IN FILE /Users/zhouhong/xianrou/yaframe/library/Http/BasicRequest.php ON LINE 67 {"Undefined index: HTTP_SIGN":8} []
[2016-07-05 14:31:07] error.ERROR: 8 IN FILE /Users/zhouhong/xianrou/yaframe/library/Http/BasicRequest.php ON LINE 68 {"Undefined index: HTTP_VERSION":8} []
[2016-07-05 14:31:07] error.ERROR: 8 IN FILE /Users/zhouhong/xianrou/yaframe/library/Http/BasicRequest.php ON LINE 69 {"Undefined index: HTTP_TIMESTAMP":8} []
[2016-07-05 14:31:07] error.ERROR: 8 IN FILE /Users/zhouhong/xianrou/yaframe/library/Sphinx/SphinxClient.php ON LINE 195 {"Undefined property: Sphinx\\SphinxClient::$_socket":8} []
[2016-07-05 14:31:07] error.ERROR: 8 IN FILE /Users/zhouhong/xianrou/yaframe/library/Sphinx/SphinxClient.php ON LINE 196 {"Undefined property: Sphinx\\SphinxClient::$_socket":8} []
[2016-07-05 14:31:07] error.ERROR: 2 IN FILE /Users/zhouhong/xianrou/yaframe/library/Sphinx/SphinxClient.php ON LINE 196 {"fclose() expects parameter 1 to be resource, null given":2} []
[2016-07-05 14:31:53] error.ERROR: 8 IN FILE /Users/zhouhong/xianrou/yaframe/application/Bootstrap.php ON LINE 147 {"Undefined index: ffmpeg":8} []
[2016-07-05 14:31:53] error.ERROR: 8 IN FILE /Users/zhouhong/xianrou/yaframe/application/Bootstrap.php ON LINE 148 {"Undefined index: ffprobe":8} []
[2016-07-05 14:31:53] error.ERROR: 2 IN FILE /Users/zhouhong/xianrou/yaframe/library/Sphinx/SphinxClient.php ON LINE 232 {"assert(): assert(is_int($port)) failed":2} []
[2016-07-05 14:31:53] error.ERROR: 8 IN FILE /Users/zhouhong/xianrou/yaframe/library/Http/BasicRequest.php ON LINE 67 {"Undefined index: HTTP_SIGN":8} []
[2016-07-05 14:31:53] error.ERROR: 8 IN FILE /Users/zhouhong/xianrou/yaframe/library/Http/BasicRequest.php ON LINE 68 {"Undefined index: HTTP_VERSION":8} []
[2016-07-05 14:31:53] error.ERROR: 8 IN FILE /Users/zhouhong/xianrou/yaframe/library/Http/BasicRequest.php ON LINE 69 {"Undefined index: HTTP_TIMESTAMP":8} []
[2016-07-05 14:31:53] error.ERROR: 8 IN FILE /Users/zhouhong/xianrou/yaframe/library/Sphinx/SphinxClient.php ON LINE 195 {"Undefined property: Sphinx\\SphinxClient::$_socket":8} []
[2016-07-05 14:31:53] error.ERROR: 8 IN FILE /Users/zhouhong/xianrou/yaframe/library/Sphinx/SphinxClient.php ON LINE 196 {"Undefined property: Sphinx\\SphinxClient::$_socket":8} []
[2016-07-05 14:31:53] error.ERROR: 2 IN FILE /Users/zhouhong/xianrou/yaframe/library/Sphinx/SphinxClient.php ON LINE 196 {"fclose() expects parameter 1 to be resource, null given":2} []
[2016-07-05 14:31:58] error.ERROR: 8 IN FILE /Users/zhouhong/xianrou/yaframe/application/Bootstrap.php ON LINE 147 {"Undefined index: ffmpeg":8} []
[2016-07-05 14:31:58] error.ERROR: 8 IN FILE /Users/zhouhong/xianrou/yaframe/application/Bootstrap.php ON LINE 148 {"Undefined index: ffprobe":8} []
[2016-07-05 14:31:58] error.ERROR: 2 IN FILE /Users/zhouhong/xianrou/yaframe/library/Sphinx/SphinxClient.php ON LINE 232 {"assert(): assert(is_int($port)) failed":2} []
[2016-07-05 14:31:58] error.ERROR: 8 IN FILE /Users/zhouhong/xianrou/yaframe/library/Http/BasicRequest.php ON LINE 67 {"Undefined index: HTTP_SIGN":8} []
[2016-07-05 14:31:58] error.ERROR: 8 IN FILE /Users/zhouhong/xianrou/yaframe/library/Http/BasicRequest.php ON LINE 68 {"Undefined index: HTTP_VERSION":8} []
[2016-07-05 14:31:58] error.ERROR: 8 IN FILE /Users/zhouhong/xianrou/yaframe/library/Http/BasicRequest.php ON LINE 69 {"Undefined index: HTTP_TIMESTAMP":8} []
[2016-07-05 14:31:58] error.ERROR: 8 IN FILE /Users/zhouhong/xianrou/yaframe/library/Sphinx/SphinxClient.php ON LINE 195 {"Undefined property: Sphinx\\SphinxClient::$_socket":8} []
[2016-07-05 14:31:58] error.ERROR: 8 IN FILE /Users/zhouhong/xianrou/yaframe/library/Sphinx/SphinxClient.php ON LINE 196 {"Undefined property: Sphinx\\SphinxClient::$_socket":8} []
[2016-07-05 14:31:58] error.ERROR: 2 IN FILE /Users/zhouhong/xianrou/yaframe/library/Sphinx/SphinxClient.php ON LINE 196 {"fclose() expects parameter 1 to be resource, null given":2} []
[2016-07-05 14:33:31] error.ERROR: 8 IN FILE /Users/zhouhong/xianrou/yaframe/application/Bootstrap.php ON LINE 147 {"Undefined index: ffmpeg":8} []
[2016-07-05 14:33:31] error.ERROR: 8 IN FILE /Users/zhouhong/xianrou/yaframe/application/Bootstrap.php ON LINE 148 {"Undefined index: ffprobe":8} []
[2016-07-05 14:33:31] error.ERROR: 2 IN FILE /Users/zhouhong/xianrou/yaframe/library/Sphinx/SphinxClient.php ON LINE 232 {"assert(): assert(is_int($port)) failed":2} []
[2016-07-05 14:33:31] error.ERROR: 8 IN FILE /Users/zhouhong/xianrou/yaframe/library/Http/BasicRequest.php ON LINE 67 {"Undefined index: HTTP_SIGN":8} []
[2016-07-05 14:33:31] error.ERROR: 8 IN FILE /Users/zhouhong/xianrou/yaframe/library/Http/BasicRequest.php ON LINE 68 {"Undefined index: HTTP_VERSION":8} []
[2016-07-05 14:33:31] error.ERROR: 8 IN FILE /Users/zhouhong/xianrou/yaframe/library/Http/BasicRequest.php ON LINE 69 {"Undefined index: HTTP_TIMESTAMP":8} []
[2016-07-05 14:33:31] error.ERROR: 8 IN FILE /Users/zhouhong/xianrou/yaframe/library/Sphinx/SphinxClient.php ON LINE 195 {"Undefined property: Sphinx\\SphinxClient::$_socket":8} []
[2016-07-05 14:33:31] error.ERROR: 8 IN FILE /Users/zhouhong/xianrou/yaframe/library/Sphinx/SphinxClient.php ON LINE 196 {"Undefined property: Sphinx\\SphinxClient::$_socket":8} []
[2016-07-05 14:33:31] error.ERROR: 2 IN FILE /Users/zhouhong/xianrou/yaframe/library/Sphinx/SphinxClient.php ON LINE 196 {"fclose() expects parameter 1 to be resource, null given":2} []
[2016-07-05 14:42:35] error.ERROR: 8 IN FILE /Users/zhouhong/xianrou/yaframe/application/Bootstrap.php ON LINE 147 {"Undefined index: ffmpeg":8} []
[2016-07-05 14:42:35] error.ERROR: 8 IN FILE /Users/zhouhong/xianrou/yaframe/application/Bootstrap.php ON LINE 148 {"Undefined index: ffprobe":8} []
[2016-07-05 14:42:35] error.ERROR: 2 IN FILE /Users/zhouhong/xianrou/yaframe/library/Sphinx/SphinxClient.php ON LINE 232 {"assert(): assert(is_int($port)) failed":2} []
[2016-07-05 14:42:35] error.ERROR: 8 IN FILE /Users/zhouhong/xianrou/yaframe/library/Http/BasicRequest.php ON LINE 67 {"Undefined index: HTTP_SIGN":8} []
[2016-07-05 14:42:35] error.ERROR: 8 IN FILE /Users/zhouhong/xianrou/yaframe/library/Http/BasicRequest.php ON LINE 68 {"Undefined index: HTTP_VERSION":8} []
[2016-07-05 14:42:35] error.ERROR: 8 IN FILE /Users/zhouhong/xianrou/yaframe/library/Http/BasicRequest.php ON LINE 69 {"Undefined index: HTTP_TIMESTAMP":8} []
[2016-07-05 14:42:35] error.ERROR: 8 IN FILE /Users/zhouhong/xianrou/yaframe/library/Sphinx/SphinxClient.php ON LINE 195 {"Undefined property: Sphinx\\SphinxClient::$_socket":8} []
[2016-07-05 14:42:35] error.ERROR: 8 IN FILE /Users/zhouhong/xianrou/yaframe/library/Sphinx/SphinxClient.php ON LINE 196 {"Undefined property: Sphinx\\SphinxClient::$_socket":8} []
[2016-07-05 14:42:35] error.ERROR: 2 IN FILE /Users/zhouhong/xianrou/yaframe/library/Sphinx/SphinxClient.php ON LINE 196 {"fclose() expects parameter 1 to be resource, null given":2} []
[2016-07-05 14:43:53] error.ERROR: 8 IN FILE /Users/zhouhong/xianrou/yaframe/application/Bootstrap.php ON LINE 147 {"Undefined index: ffmpeg":8} []
[2016-07-05 14:43:53] error.ERROR: 8 IN FILE /Users/zhouhong/xianrou/yaframe/application/Bootstrap.php ON LINE 148 {"Undefined index: ffprobe":8} []
[2016-07-05 14:43:53] error.ERROR: 2 IN FILE /Users/zhouhong/xianrou/yaframe/library/Sphinx/SphinxClient.php ON LINE 232 {"assert(): assert(is_int($port)) failed":2} []
[2016-07-05 14:43:53] error.ERROR: 8 IN FILE /Users/zhouhong/xianrou/yaframe/library/Http/BasicRequest.php ON LINE 67 {"Undefined index: HTTP_SIGN":8} []
[2016-07-05 14:43:53] error.ERROR: 8 IN FILE /Users/zhouhong/xianrou/yaframe/library/Http/BasicRequest.php ON LINE 68 {"Undefined index: HTTP_VERSION":8} []
[2016-07-05 14:43:53] error.ERROR: 8 IN FILE /Users/zhouhong/xianrou/yaframe/library/Http/BasicRequest.php ON LINE 69 {"Undefined index: HTTP_TIMESTAMP":8} []
[2016-07-05 14:43:53] error.ERROR: 8 IN FILE /Users/zhouhong/xianrou/yaframe/library/Sphinx/SphinxClient.php ON LINE 195 {"Undefined property: Sphinx\\SphinxClient::$_socket":8} []
[2016-07-05 14:43:53] error.ERROR: 8 IN FILE /Users/zhouhong/xianrou/yaframe/library/Sphinx/SphinxClient.php ON LINE 196 {"Undefined property: Sphinx\\SphinxClient::$_socket":8} []
[2016-07-05 14:43:53] error.ERROR: 2 IN FILE /Users/zhouhong/xianrou/yaframe/library/Sphinx/SphinxClient.php ON LINE 196 {"fclose() expects parameter 1 to be resource, null given":2} []
[2016-07-05 14:44:00] error.ERROR: 8 IN FILE /Users/zhouhong/xianrou/yaframe/application/Bootstrap.php ON LINE 147 {"Undefined index: ffmpeg":8} []
[2016-07-05 14:44:00] error.ERROR: 8 IN FILE /Users/zhouhong/xianrou/yaframe/application/Bootstrap.php ON LINE 148 {"Undefined index: ffprobe":8} []
[2016-07-05 14:44:00] error.ERROR: 2 IN FILE /Users/zhouhong/xianrou/yaframe/library/Sphinx/SphinxClient.php ON LINE 232 {"assert(): assert(is_int($port)) failed":2} []
[2016-07-05 14:44:00] error.ERROR: 8 IN FILE /Users/zhouhong/xianrou/yaframe/library/Http/BasicRequest.php ON LINE 67 {"Undefined index: HTTP_SIGN":8} []
[2016-07-05 14:44:00] error.ERROR: 8 IN FILE /Users/zhouhong/xianrou/yaframe/library/Http/BasicRequest.php ON LINE 68 {"Undefined index: HTTP_VERSION":8} []
[2016-07-05 14:44:00] error.ERROR: 8 IN FILE /Users/zhouhong/xianrou/yaframe/library/Http/BasicRequest.php ON LINE 69 {"Undefined index: HTTP_TIMESTAMP":8} []
[2016-07-05 14:44:00] error.ERROR: 8 IN FILE /Users/zhouhong/xianrou/yaframe/library/Sphinx/SphinxClient.php ON LINE 195 {"Undefined property: Sphinx\\SphinxClient::$_socket":8} []
[2016-07-05 14:44:00] error.ERROR: 8 IN FILE /Users/zhouhong/xianrou/yaframe/library/Sphinx/SphinxClient.php ON LINE 196 {"Undefined property: Sphinx\\SphinxClient::$_socket":8} []
[2016-07-05 14:44:00] error.ERROR: 2 IN FILE /Users/zhouhong/xianrou/yaframe/library/Sphinx/SphinxClient.php ON LINE 196 {"fclose() expects parameter 1 to be resource, null given":2} []
[2016-07-05 14:44:04] error.ERROR: 8 IN FILE /Users/zhouhong/xianrou/yaframe/application/Bootstrap.php ON LINE 147 {"Undefined index: ffmpeg":8} []
[2016-07-05 14:44:04] error.ERROR: 8 IN FILE /Users/zhouhong/xianrou/yaframe/application/Bootstrap.php ON LINE 148 {"Undefined index: ffprobe":8} []
[2016-07-05 14:44:04] error.ERROR: 2 IN FILE /Users/zhouhong/xianrou/yaframe/library/Sphinx/SphinxClient.php ON LINE 232 {"assert(): assert(is_int($port)) failed":2} []
[2016-07-05 14:44:04] error.ERROR: 8 IN FILE /Users/zhouhong/xianrou/yaframe/library/Http/BasicRequest.php ON LINE 67 {"Undefined index: HTTP_SIGN":8} []
[2016-07-05 14:44:04] error.ERROR: 8 IN FILE /Users/zhouhong/xianrou/yaframe/library/Http/BasicRequest.php ON LINE 68 {"Undefined index: HTTP_VERSION":8} []
[2016-07-05 14:44:04] error.ERROR: 8 IN FILE /Users/zhouhong/xianrou/yaframe/library/Http/BasicRequest.php ON LINE 69 {"Undefined index: HTTP_TIMESTAMP":8} []
[2016-07-05 14:44:04] error.ERROR: 8 IN FILE /Users/zhouhong/xianrou/yaframe/library/Sphinx/SphinxClient.php ON LINE 195 {"Undefined property: Sphinx\\SphinxClient::$_socket":8} []
[2016-07-05 14:44:04] error.ERROR: 8 IN FILE /Users/zhouhong/xianrou/yaframe/library/Sphinx/SphinxClient.php ON LINE 196 {"Undefined property: Sphinx\\SphinxClient::$_socket":8} []
[2016-07-05 14:44:04] error.ERROR: 2 IN FILE /Users/zhouhong/xianrou/yaframe/library/Sphinx/SphinxClient.php ON LINE 196 {"fclose() expects parameter 1 to be resource, null given":2} []
[2016-07-05 14:45:01] error.ERROR: 8 IN FILE /Users/zhouhong/xianrou/yaframe/application/Bootstrap.php ON LINE 147 {"Undefined index: ffmpeg":8} []
[2016-07-05 14:45:01] error.ERROR: 8 IN FILE /Users/zhouhong/xianrou/yaframe/application/Bootstrap.php ON LINE 148 {"Undefined index: ffprobe":8} []
[2016-07-05 14:45:01] error.ERROR: 2 IN FILE /Users/zhouhong/xianrou/yaframe/library/Sphinx/SphinxClient.php ON LINE 232 {"assert(): assert(is_int($port)) failed":2} []
[2016-07-05 14:45:01] error.ERROR: 8 IN FILE /Users/zhouhong/xianrou/yaframe/library/Http/BasicRequest.php ON LINE 67 {"Undefined index: HTTP_SIGN":8} []
[2016-07-05 14:45:01] error.ERROR: 8 IN FILE /Users/zhouhong/xianrou/yaframe/library/Http/BasicRequest.php ON LINE 68 {"Undefined index: HTTP_VERSION":8} []
[2016-07-05 14:45:01] error.ERROR: 8 IN FILE /Users/zhouhong/xianrou/yaframe/library/Http/BasicRequest.php ON LINE 69 {"Undefined index: HTTP_TIMESTAMP":8} []
[2016-07-05 14:45:01] error.ERROR: 8 IN FILE /Users/zhouhong/xianrou/yaframe/library/Http/BasicRequest.php ON LINE 67 {"Undefined index: HTTP_SIGN":8} []
[2016-07-05 14:45:01] error.ERROR: 8 IN FILE /Users/zhouhong/xianrou/yaframe/library/Http/BasicRequest.php ON LINE 68 {"Undefined index: HTTP_VERSION":8} []
[2016-07-05 14:45:01] error.ERROR: 8 IN FILE /Users/zhouhong/xianrou/yaframe/library/Http/BasicRequest.php ON LINE 69 {"Undefined index: HTTP_TIMESTAMP":8} []
[2016-07-05 14:45:01] error.ERROR: 8 IN FILE /Users/zhouhong/xianrou/yaframe/library/Sphinx/SphinxClient.php ON LINE 195 {"Undefined property: Sphinx\\SphinxClient::$_socket":8} []
[2016-07-05 14:45:01] error.ERROR: 8 IN FILE /Users/zhouhong/xianrou/yaframe/library/Sphinx/SphinxClient.php ON LINE 196 {"Undefined property: Sphinx\\SphinxClient::$_socket":8} []
[2016-07-05 14:45:01] error.ERROR: 2 IN FILE /Users/zhouhong/xianrou/yaframe/library/Sphinx/SphinxClient.php ON LINE 196 {"fclose() expects parameter 1 to be resource, null given":2} []
[2016-07-05 14:45:12] error.ERROR: 8 IN FILE /Users/zhouhong/xianrou/yaframe/application/Bootstrap.php ON LINE 147 {"Undefined index: ffmpeg":8} []
[2016-07-05 14:45:12] error.ERROR: 8 IN FILE /Users/zhouhong/xianrou/yaframe/application/Bootstrap.php ON LINE 148 {"Undefined index: ffprobe":8} []
[2016-07-05 14:45:12] error.ERROR: 2 IN FILE /Users/zhouhong/xianrou/yaframe/library/Sphinx/SphinxClient.php ON LINE 232 {"assert(): assert(is_int($port)) failed":2} []
[2016-07-05 14:45:12] error.ERROR: 8 IN FILE /Users/zhouhong/xianrou/yaframe/library/Http/BasicRequest.php ON LINE 67 {"Undefined index: HTTP_SIGN":8} []
[2016-07-05 14:45:12] error.ERROR: 8 IN FILE /Users/zhouhong/xianrou/yaframe/library/Http/BasicRequest.php ON LINE 68 {"Undefined index: HTTP_VERSION":8} []
[2016-07-05 14:45:12] error.ERROR: 8 IN FILE /Users/zhouhong/xianrou/yaframe/library/Http/BasicRequest.php ON LINE 69 {"Undefined index: HTTP_TIMESTAMP":8} []
[2016-07-05 14:45:12] error.ERROR: 8 IN FILE /Users/zhouhong/xianrou/yaframe/library/Http/BasicRequest.php ON LINE 67 {"Undefined index: HTTP_SIGN":8} []
[2016-07-05 14:45:12] error.ERROR: 8 IN FILE /Users/zhouhong/xianrou/yaframe/library/Http/BasicRequest.php ON LINE 68 {"Undefined index: HTTP_VERSION":8} []
[2016-07-05 14:45:12] error.ERROR: 8 IN FILE /Users/zhouhong/xianrou/yaframe/library/Http/BasicRequest.php ON LINE 69 {"Undefined index: HTTP_TIMESTAMP":8} []
[2016-07-05 14:45:12] error.ERROR: 8 IN FILE /Users/zhouhong/xianrou/yaframe/library/Sphinx/SphinxClient.php ON LINE 195 {"Undefined property: Sphinx\\SphinxClient::$_socket":8} []
[2016-07-05 14:45:12] error.ERROR: 8 IN FILE /Users/zhouhong/xianrou/yaframe/library/Sphinx/SphinxClient.php ON LINE 196 {"Undefined property: Sphinx\\SphinxClient::$_socket":8} []
[2016-07-05 14:45:12] error.ERROR: 2 IN FILE /Users/zhouhong/xianrou/yaframe/library/Sphinx/SphinxClient.php ON LINE 196 {"fclose() expects parameter 1 to be resource, null given":2} []
[2016-07-05 14:45:20] error.ERROR: 8 IN FILE /Users/zhouhong/xianrou/yaframe/application/Bootstrap.php ON LINE 147 {"Undefined index: ffmpeg":8} []
[2016-07-05 14:45:20] error.ERROR: 8 IN FILE /Users/zhouhong/xianrou/yaframe/application/Bootstrap.php ON LINE 148 {"Undefined index: ffprobe":8} []
[2016-07-05 14:45:20] error.ERROR: 2 IN FILE /Users/zhouhong/xianrou/yaframe/library/Sphinx/SphinxClient.php ON LINE 232 {"assert(): assert(is_int($port)) failed":2} []
[2016-07-05 14:45:20] error.ERROR: 8 IN FILE /Users/zhouhong/xianrou/yaframe/library/Http/BasicRequest.php ON LINE 67 {"Undefined index: HTTP_SIGN":8} []
[2016-07-05 14:45:20] error.ERROR: 8 IN FILE /Users/zhouhong/xianrou/yaframe/library/Http/BasicRequest.php ON LINE 68 {"Undefined index: HTTP_VERSION":8} []
[2016-07-05 14:45:20] error.ERROR: 8 IN FILE /Users/zhouhong/xianrou/yaframe/library/Http/BasicRequest.php ON LINE 69 {"Undefined index: HTTP_TIMESTAMP":8} []
[2016-07-05 14:45:20] error.ERROR: 8 IN FILE /Users/zhouhong/xianrou/yaframe/application/models/Account/UserInfo.php ON LINE 71 {"Undefined variable: result":8} []
[2016-07-05 14:45:20] error.ERROR: 8 IN FILE /Users/zhouhong/xianrou/yaframe/library/Sphinx/SphinxClient.php ON LINE 195 {"Undefined property: Sphinx\\SphinxClient::$_socket":8} []
[2016-07-05 14:45:20] error.ERROR: 8 IN FILE /Users/zhouhong/xianrou/yaframe/library/Sphinx/SphinxClient.php ON LINE 196 {"Undefined property: Sphinx\\SphinxClient::$_socket":8} []
[2016-07-05 14:45:20] error.ERROR: 2 IN FILE /Users/zhouhong/xianrou/yaframe/library/Sphinx/SphinxClient.php ON LINE 196 {"fclose() expects parameter 1 to be resource, null given":2} []
[2016-07-05 14:45:24] error.ERROR: 8 IN FILE /Users/zhouhong/xianrou/yaframe/application/Bootstrap.php ON LINE 147 {"Undefined index: ffmpeg":8} []
[2016-07-05 14:45:24] error.ERROR: 8 IN FILE /Users/zhouhong/xianrou/yaframe/application/Bootstrap.php ON LINE 148 {"Undefined index: ffprobe":8} []
[2016-07-05 14:45:24] error.ERROR: 2 IN FILE /Users/zhouhong/xianrou/yaframe/library/Sphinx/SphinxClient.php ON LINE 232 {"assert(): assert(is_int($port)) failed":2} []
[2016-07-05 14:45:24] error.ERROR: 8 IN FILE /Users/zhouhong/xianrou/yaframe/library/Http/BasicRequest.php ON LINE 67 {"Undefined index: HTTP_SIGN":8} []
[2016-07-05 14:45:24] error.ERROR: 8 IN FILE /Users/zhouhong/xianrou/yaframe/library/Http/BasicRequest.php ON LINE 68 {"Undefined index: HTTP_VERSION":8} []
[2016-07-05 14:45:24] error.ERROR: 8 IN FILE /Users/zhouhong/xianrou/yaframe/library/Http/BasicRequest.php ON LINE 69 {"Undefined index: HTTP_TIMESTAMP":8} []
[2016-07-05 14:45:24] error.ERROR: 8 IN FILE /Users/zhouhong/xianrou/yaframe/application/modules/User/controllers/Userinfo.php ON LINE 55 {"Undefined index: user_id":8} []
[2016-07-05 14:45:24] error.ERROR: 8 IN FILE /Users/zhouhong/xianrou/yaframe/application/modules/User/controllers/Userinfo.php ON LINE 60 {"Undefined index: user_id":8} []
[2016-07-05 14:45:24] error.ERROR: 8 IN FILE /Users/zhouhong/xianrou/yaframe/application/modules/User/controllers/Userinfo.php ON LINE 64 {"Undefined index: user_id":8} []
[2016-07-05 14:45:24] error.ERROR: 8 IN FILE /Users/zhouhong/xianrou/yaframe/application/modules/User/controllers/Userinfo.php ON LINE 70 {"Undefined index: user_id":8} []
[2016-07-05 14:45:24] error.ERROR: 8 IN FILE /Users/zhouhong/xianrou/yaframe/library/Sphinx/SphinxClient.php ON LINE 195 {"Undefined property: Sphinx\\SphinxClient::$_socket":8} []
[2016-07-05 14:45:24] error.ERROR: 8 IN FILE /Users/zhouhong/xianrou/yaframe/library/Sphinx/SphinxClient.php ON LINE 196 {"Undefined property: Sphinx\\SphinxClient::$_socket":8} []
[2016-07-05 14:45:24] error.ERROR: 2 IN FILE /Users/zhouhong/xianrou/yaframe/library/Sphinx/SphinxClient.php ON LINE 196 {"fclose() expects parameter 1 to be resource, null given":2} []
[2016-07-05 14:45:50] error.ERROR: 8 IN FILE /Users/zhouhong/xianrou/yaframe/application/Bootstrap.php ON LINE 147 {"Undefined index: ffmpeg":8} []
[2016-07-05 14:45:50] error.ERROR: 8 IN FILE /Users/zhouhong/xianrou/yaframe/application/Bootstrap.php ON LINE 148 {"Undefined index: ffprobe":8} []
[2016-07-05 14:45:50] error.ERROR: 2 IN FILE /Users/zhouhong/xianrou/yaframe/library/Sphinx/SphinxClient.php ON LINE 232 {"assert(): assert(is_int($port)) failed":2} []
[2016-07-05 14:45:50] error.ERROR: 8 IN FILE /Users/zhouhong/xianrou/yaframe/library/Http/BasicRequest.php ON LINE 67 {"Undefined index: HTTP_SIGN":8} []
[2016-07-05 14:45:50] error.ERROR: 8 IN FILE /Users/zhouhong/xianrou/yaframe/library/Http/BasicRequest.php ON LINE 68 {"Undefined index: HTTP_VERSION":8} []
[2016-07-05 14:45:50] error.ERROR: 8 IN FILE /Users/zhouhong/xianrou/yaframe/library/Http/BasicRequest.php ON LINE 69 {"Undefined index: HTTP_TIMESTAMP":8} []
[2016-07-05 14:45:50] error.ERROR: 8 IN FILE /Users/zhouhong/xianrou/yaframe/library/Sphinx/SphinxClient.php ON LINE 195 {"Undefined property: Sphinx\\SphinxClient::$_socket":8} []
[2016-07-05 14:45:50] error.ERROR: 8 IN FILE /Users/zhouhong/xianrou/yaframe/library/Sphinx/SphinxClient.php ON LINE 196 {"Undefined property: Sphinx\\SphinxClient::$_socket":8} []
[2016-07-05 14:45:50] error.ERROR: 2 IN FILE /Users/zhouhong/xianrou/yaframe/library/Sphinx/SphinxClient.php ON LINE 196 {"fclose() expects parameter 1 to be resource, null given":2} []
[2016-07-05 14:46:23] error.ERROR: 8 IN FILE /Users/zhouhong/xianrou/yaframe/application/Bootstrap.php ON LINE 147 {"Undefined index: ffmpeg":8} []
[2016-07-05 14:46:23] error.ERROR: 8 IN FILE /Users/zhouhong/xianrou/yaframe/application/Bootstrap.php ON LINE 148 {"Undefined index: ffprobe":8} []
[2016-07-05 14:46:23] error.ERROR: 2 IN FILE /Users/zhouhong/xianrou/yaframe/library/Sphinx/SphinxClient.php ON LINE 232 {"assert(): assert(is_int($port)) failed":2} []
[2016-07-05 14:46:23] error.ERROR: 8 IN FILE /Users/zhouhong/xianrou/yaframe/library/Http/BasicRequest.php ON LINE 67 {"Undefined index: HTTP_SIGN":8} []
[2016-07-05 14:46:23] error.ERROR: 8 IN FILE /Users/zhouhong/xianrou/yaframe/library/Http/BasicRequest.php ON LINE 68 {"Undefined index: HTTP_VERSION":8} []
[2016-07-05 14:46:23] error.ERROR: 8 IN FILE /Users/zhouhong/xianrou/yaframe/library/Http/BasicRequest.php ON LINE 69 {"Undefined index: HTTP_TIMESTAMP":8} []
[2016-07-05 14:46:23] error.ERROR: 8 IN FILE /Users/zhouhong/xianrou/yaframe/library/Http/BasicRequest.php ON LINE 67 {"Undefined index: HTTP_SIGN":8} []
[2016-07-05 14:46:23] error.ERROR: 8 IN FILE /Users/zhouhong/xianrou/yaframe/library/Http/BasicRequest.php ON LINE 68 {"Undefined index: HTTP_VERSION":8} []
[2016-07-05 14:46:23] error.ERROR: 8 IN FILE /Users/zhouhong/xianrou/yaframe/library/Http/BasicRequest.php ON LINE 69 {"Undefined index: HTTP_TIMESTAMP":8} []
[2016-07-05 14:46:23] error.ERROR: 8 IN FILE /Users/zhouhong/xianrou/yaframe/library/Sphinx/SphinxClient.php ON LINE 195 {"Undefined property: Sphinx\\SphinxClient::$_socket":8} []
[2016-07-05 14:46:23] error.ERROR: 8 IN FILE /Users/zhouhong/xianrou/yaframe/library/Sphinx/SphinxClient.php ON LINE 196 {"Undefined property: Sphinx\\SphinxClient::$_socket":8} []
[2016-07-05 14:46:23] error.ERROR: 2 IN FILE /Users/zhouhong/xianrou/yaframe/library/Sphinx/SphinxClient.php ON LINE 196 {"fclose() expects parameter 1 to be resource, null given":2} []
[2016-07-05 14:46:36] error.ERROR: 8 IN FILE /Users/zhouhong/xianrou/yaframe/application/Bootstrap.php ON LINE 147 {"Undefined index: ffmpeg":8} []
[2016-07-05 14:46:36] error.ERROR: 8 IN FILE /Users/zhouhong/xianrou/yaframe/application/Bootstrap.php ON LINE 148 {"Undefined index: ffprobe":8} []
[2016-07-05 14:46:36] error.ERROR: 2 IN FILE /Users/zhouhong/xianrou/yaframe/library/Sphinx/SphinxClient.php ON LINE 232 {"assert(): assert(is_int($port)) failed":2} []
[2016-07-05 14:46:36] error.ERROR: 8 IN FILE /Users/zhouhong/xianrou/yaframe/library/Http/BasicRequest.php ON LINE 67 {"Undefined index: HTTP_SIGN":8} []
[2016-07-05 14:46:36] error.ERROR: 8 IN FILE /Users/zhouhong/xianrou/yaframe/library/Http/BasicRequest.php ON LINE 68 {"Undefined index: HTTP_VERSION":8} []
[2016-07-05 14:46:36] error.ERROR: 8 IN FILE /Users/zhouhong/xianrou/yaframe/library/Http/BasicRequest.php ON LINE 69 {"Undefined index: HTTP_TIMESTAMP":8} []
[2016-07-05 14:46:36] error.ERROR: 8 IN FILE /Users/zhouhong/xianrou/yaframe/library/Http/BasicRequest.php ON LINE 67 {"Undefined index: HTTP_SIGN":8} []
[2016-07-05 14:46:36] error.ERROR: 8 IN FILE /Users/zhouhong/xianrou/yaframe/library/Http/BasicRequest.php ON LINE 68 {"Undefined index: HTTP_VERSION":8} []
[2016-07-05 14:46:36] error.ERROR: 8 IN FILE /Users/zhouhong/xianrou/yaframe/library/Http/BasicRequest.php ON LINE 69 {"Undefined index: HTTP_TIMESTAMP":8} []
[2016-07-05 14:46:36] error.ERROR: 8 IN FILE /Users/zhouhong/xianrou/yaframe/library/Sphinx/SphinxClient.php ON LINE 195 {"Undefined property: Sphinx\\SphinxClient::$_socket":8} []
[2016-07-05 14:46:36] error.ERROR: 8 IN FILE /Users/zhouhong/xianrou/yaframe/library/Sphinx/SphinxClient.php ON LINE 196 {"Undefined property: Sphinx\\SphinxClient::$_socket":8} []
[2016-07-05 14:46:36] error.ERROR: 2 IN FILE /Users/zhouhong/xianrou/yaframe/library/Sphinx/SphinxClient.php ON LINE 196 {"fclose() expects parameter 1 to be resource, null given":2} []
[2016-07-05 14:46:44] error.ERROR: 8 IN FILE /Users/zhouhong/xianrou/yaframe/application/Bootstrap.php ON LINE 147 {"Undefined index: ffmpeg":8} []
[2016-07-05 14:46:44] error.ERROR: 8 IN FILE /Users/zhouhong/xianrou/yaframe/application/Bootstrap.php ON LINE 148 {"Undefined index: ffprobe":8} []
[2016-07-05 14:46:44] error.ERROR: 2 IN FILE /Users/zhouhong/xianrou/yaframe/library/Sphinx/SphinxClient.php ON LINE 232 {"assert(): assert(is_int($port)) failed":2} []
[2016-07-05 14:46:44] error.ERROR: 8 IN FILE /Users/zhouhong/xianrou/yaframe/library/Http/BasicRequest.php ON LINE 67 {"Undefined index: HTTP_SIGN":8} []
[2016-07-05 14:46:44] error.ERROR: 8 IN FILE /Users/zhouhong/xianrou/yaframe/library/Http/BasicRequest.php ON LINE 68 {"Undefined index: HTTP_VERSION":8} []
[2016-07-05 14:46:44] error.ERROR: 8 IN FILE /Users/zhouhong/xianrou/yaframe/library/Http/BasicRequest.php ON LINE 69 {"Undefined index: HTTP_TIMESTAMP":8} []
[2016-07-05 14:46:44] error.ERROR: 8 IN FILE /Users/zhouhong/xianrou/yaframe/library/Sphinx/SphinxClient.php ON LINE 195 {"Undefined property: Sphinx\\SphinxClient::$_socket":8} []
[2016-07-05 14:46:44] error.ERROR: 8 IN FILE /Users/zhouhong/xianrou/yaframe/library/Sphinx/SphinxClient.php ON LINE 196 {"Undefined property: Sphinx\\SphinxClient::$_socket":8} []
[2016-07-05 14:46:44] error.ERROR: 2 IN FILE /Users/zhouhong/xianrou/yaframe/library/Sphinx/SphinxClient.php ON LINE 196 {"fclose() expects parameter 1 to be resource, null given":2} []
[2016-07-05 14:47:15] error.ERROR: 8 IN FILE /Users/zhouhong/xianrou/yaframe/application/Bootstrap.php ON LINE 147 {"Undefined index: ffmpeg":8} []
[2016-07-05 14:47:15] error.ERROR: 8 IN FILE /Users/zhouhong/xianrou/yaframe/application/Bootstrap.php ON LINE 148 {"Undefined index: ffprobe":8} []
[2016-07-05 14:47:15] error.ERROR: 2 IN FILE /Users/zhouhong/xianrou/yaframe/library/Sphinx/SphinxClient.php ON LINE 232 {"assert(): assert(is_int($port)) failed":2} []
[2016-07-05 14:47:15] error.ERROR: 8 IN FILE /Users/zhouhong/xianrou/yaframe/library/Http/BasicRequest.php ON LINE 67 {"Undefined index: HTTP_SIGN":8} []
[2016-07-05 14:47:15] error.ERROR: 8 IN FILE /Users/zhouhong/xianrou/yaframe/library/Http/BasicRequest.php ON LINE 68 {"Undefined index: HTTP_VERSION":8} []
[2016-07-05 14:47:15] error.ERROR: 8 IN FILE /Users/zhouhong/xianrou/yaframe/library/Http/BasicRequest.php ON LINE 69 {"Undefined index: HTTP_TIMESTAMP":8} []
[2016-07-05 14:47:15] error.ERROR: 8 IN FILE /Users/zhouhong/xianrou/yaframe/library/Http/BasicRequest.php ON LINE 67 {"Undefined index: HTTP_SIGN":8} []
[2016-07-05 14:47:15] error.ERROR: 8 IN FILE /Users/zhouhong/xianrou/yaframe/library/Http/BasicRequest.php ON LINE 68 {"Undefined index: HTTP_VERSION":8} []
[2016-07-05 14:47:15] error.ERROR: 8 IN FILE /Users/zhouhong/xianrou/yaframe/library/Http/BasicRequest.php ON LINE 69 {"Undefined index: HTTP_TIMESTAMP":8} []
[2016-07-05 14:47:15] error.ERROR: 8 IN FILE /Users/zhouhong/xianrou/yaframe/library/Sphinx/SphinxClient.php ON LINE 195 {"Undefined property: Sphinx\\SphinxClient::$_socket":8} []
[2016-07-05 14:47:15] error.ERROR: 8 IN FILE /Users/zhouhong/xianrou/yaframe/library/Sphinx/SphinxClient.php ON LINE 196 {"Undefined property: Sphinx\\SphinxClient::$_socket":8} []
[2016-07-05 14:47:15] error.ERROR: 2 IN FILE /Users/zhouhong/xianrou/yaframe/library/Sphinx/SphinxClient.php ON LINE 196 {"fclose() expects parameter 1 to be resource, null given":2} []
[2016-07-05 14:48:11] error.ERROR: 8 IN FILE /Users/zhouhong/xianrou/yaframe/application/Bootstrap.php ON LINE 147 {"Undefined index: ffmpeg":8} []
[2016-07-05 14:48:11] error.ERROR: 8 IN FILE /Users/zhouhong/xianrou/yaframe/application/Bootstrap.php ON LINE 148 {"Undefined index: ffprobe":8} []
[2016-07-05 14:48:11] error.ERROR: 2 IN FILE /Users/zhouhong/xianrou/yaframe/library/Sphinx/SphinxClient.php ON LINE 232 {"assert(): assert(is_int($port)) failed":2} []
[2016-07-05 14:48:11] error.ERROR: 8 IN FILE /Users/zhouhong/xianrou/yaframe/library/Http/BasicRequest.php ON LINE 67 {"Undefined index: HTTP_SIGN":8} []
[2016-07-05 14:48:11] error.ERROR: 8 IN FILE /Users/zhouhong/xianrou/yaframe/library/Http/BasicRequest.php ON LINE 68 {"Undefined index: HTTP_VERSION":8} []
[2016-07-05 14:48:11] error.ERROR: 8 IN FILE /Users/zhouhong/xianrou/yaframe/library/Http/BasicRequest.php ON LINE 69 {"Undefined index: HTTP_TIMESTAMP":8} []
[2016-07-05 14:48:11] error.ERROR: 8 IN FILE /Users/zhouhong/xianrou/yaframe/library/Http/BasicRequest.php ON LINE 67 {"Undefined index: HTTP_SIGN":8} []
[2016-07-05 14:48:11] error.ERROR: 8 IN FILE /Users/zhouhong/xianrou/yaframe/library/Http/BasicRequest.php ON LINE 68 {"Undefined index: HTTP_VERSION":8} []
[2016-07-05 14:48:11] error.ERROR: 8 IN FILE /Users/zhouhong/xianrou/yaframe/library/Http/BasicRequest.php ON LINE 69 {"Undefined index: HTTP_TIMESTAMP":8} []
[2016-07-05 14:48:11] error.ERROR: 8 IN FILE /Users/zhouhong/xianrou/yaframe/library/Sphinx/SphinxClient.php ON LINE 195 {"Undefined property: Sphinx\\SphinxClient::$_socket":8} []
[2016-07-05 14:48:11] error.ERROR: 8 IN FILE /Users/zhouhong/xianrou/yaframe/library/Sphinx/SphinxClient.php ON LINE 196 {"Undefined property: Sphinx\\SphinxClient::$_socket":8} []
[2016-07-05 14:48:11] error.ERROR: 2 IN FILE /Users/zhouhong/xianrou/yaframe/library/Sphinx/SphinxClient.php ON LINE 196 {"fclose() expects parameter 1 to be resource, null given":2} []
[2016-07-05 14:48:16] error.ERROR: 8 IN FILE /Users/zhouhong/xianrou/yaframe/application/Bootstrap.php ON LINE 147 {"Undefined index: ffmpeg":8} []
[2016-07-05 14:48:16] error.ERROR: 8 IN FILE /Users/zhouhong/xianrou/yaframe/application/Bootstrap.php ON LINE 148 {"Undefined index: ffprobe":8} []
[2016-07-05 14:48:16] error.ERROR: 2 IN FILE /Users/zhouhong/xianrou/yaframe/library/Sphinx/SphinxClient.php ON LINE 232 {"assert(): assert(is_int($port)) failed":2} []
[2016-07-05 14:48:16] error.ERROR: 8 IN FILE /Users/zhouhong/xianrou/yaframe/library/Http/BasicRequest.php ON LINE 67 {"Undefined index: HTTP_SIGN":8} []
[2016-07-05 14:48:16] error.ERROR: 8 IN FILE /Users/zhouhong/xianrou/yaframe/library/Http/BasicRequest.php ON LINE 68 {"Undefined index: HTTP_VERSION":8} []
[2016-07-05 14:48:16] error.ERROR: 8 IN FILE /Users/zhouhong/xianrou/yaframe/library/Http/BasicRequest.php ON LINE 69 {"Undefined index: HTTP_TIMESTAMP":8} []
[2016-07-05 14:48:16] error.ERROR: 8 IN FILE /Users/zhouhong/xianrou/yaframe/library/Http/BasicRequest.php ON LINE 67 {"Undefined index: HTTP_SIGN":8} []
[2016-07-05 14:48:16] error.ERROR: 8 IN FILE /Users/zhouhong/xianrou/yaframe/library/Http/BasicRequest.php ON LINE 68 {"Undefined index: HTTP_VERSION":8} []
[2016-07-05 14:48:16] error.ERROR: 8 IN FILE /Users/zhouhong/xianrou/yaframe/library/Http/BasicRequest.php ON LINE 69 {"Undefined index: HTTP_TIMESTAMP":8} []
[2016-07-05 14:48:16] error.ERROR: 8 IN FILE /Users/zhouhong/xianrou/yaframe/library/Sphinx/SphinxClient.php ON LINE 195 {"Undefined property: Sphinx\\SphinxClient::$_socket":8} []
[2016-07-05 14:48:16] error.ERROR: 8 IN FILE /Users/zhouhong/xianrou/yaframe/library/Sphinx/SphinxClient.php ON LINE 196 {"Undefined property: Sphinx\\SphinxClient::$_socket":8} []
[2016-07-05 14:48:16] error.ERROR: 2 IN FILE /Users/zhouhong/xianrou/yaframe/library/Sphinx/SphinxClient.php ON LINE 196 {"fclose() expects parameter 1 to be resource, null given":2} []
[2016-07-05 14:48:34] error.ERROR: 8 IN FILE /Users/zhouhong/xianrou/yaframe/application/Bootstrap.php ON LINE 147 {"Undefined index: ffmpeg":8} []
[2016-07-05 14:48:34] error.ERROR: 8 IN FILE /Users/zhouhong/xianrou/yaframe/application/Bootstrap.php ON LINE 148 {"Undefined index: ffprobe":8} []
[2016-07-05 14:48:34] error.ERROR: 2 IN FILE /Users/zhouhong/xianrou/yaframe/library/Sphinx/SphinxClient.php ON LINE 232 {"assert(): assert(is_int($port)) failed":2} []
[2016-07-05 14:48:34] error.ERROR: 8 IN FILE /Users/zhouhong/xianrou/yaframe/library/Http/BasicRequest.php ON LINE 67 {"Undefined index: HTTP_SIGN":8} []
[2016-07-05 14:48:34] error.ERROR: 8 IN FILE /Users/zhouhong/xianrou/yaframe/library/Http/BasicRequest.php ON LINE 68 {"Undefined index: HTTP_VERSION":8} []
[2016-07-05 14:48:34] error.ERROR: 8 IN FILE /Users/zhouhong/xianrou/yaframe/library/Http/BasicRequest.php ON LINE 69 {"Undefined index: HTTP_TIMESTAMP":8} []
[2016-07-05 14:48:34] error.ERROR: 8 IN FILE /Users/zhouhong/xianrou/yaframe/library/Http/BasicRequest.php ON LINE 67 {"Undefined index: HTTP_SIGN":8} []
[2016-07-05 14:48:34] error.ERROR: 8 IN FILE /Users/zhouhong/xianrou/yaframe/library/Http/BasicRequest.php ON LINE 68 {"Undefined index: HTTP_VERSION":8} []
[2016-07-05 14:48:34] error.ERROR: 8 IN FILE /Users/zhouhong/xianrou/yaframe/library/Http/BasicRequest.php ON LINE 69 {"Undefined index: HTTP_TIMESTAMP":8} []
[2016-07-05 14:48:34] error.ERROR: 8 IN FILE /Users/zhouhong/xianrou/yaframe/library/Sphinx/SphinxClient.php ON LINE 195 {"Undefined property: Sphinx\\SphinxClient::$_socket":8} []
[2016-07-05 14:48:34] error.ERROR: 8 IN FILE /Users/zhouhong/xianrou/yaframe/library/Sphinx/SphinxClient.php ON LINE 196 {"Undefined property: Sphinx\\SphinxClient::$_socket":8} []
[2016-07-05 14:48:34] error.ERROR: 2 IN FILE /Users/zhouhong/xianrou/yaframe/library/Sphinx/SphinxClient.php ON LINE 196 {"fclose() expects parameter 1 to be resource, null given":2} []
[2016-07-05 14:48:40] error.ERROR: 8 IN FILE /Users/zhouhong/xianrou/yaframe/application/Bootstrap.php ON LINE 147 {"Undefined index: ffmpeg":8} []
[2016-07-05 14:48:40] error.ERROR: 8 IN FILE /Users/zhouhong/xianrou/yaframe/application/Bootstrap.php ON LINE 148 {"Undefined index: ffprobe":8} []
[2016-07-05 14:48:40] error.ERROR: 2 IN FILE /Users/zhouhong/xianrou/yaframe/library/Sphinx/SphinxClient.php ON LINE 232 {"assert(): assert(is_int($port)) failed":2} []
[2016-07-05 14:48:40] error.ERROR: 8 IN FILE /Users/zhouhong/xianrou/yaframe/library/Http/BasicRequest.php ON LINE 67 {"Undefined index: HTTP_SIGN":8} []
[2016-07-05 14:48:40] error.ERROR: 8 IN FILE /Users/zhouhong/xianrou/yaframe/library/Http/BasicRequest.php ON LINE 68 {"Undefined index: HTTP_VERSION":8} []
[2016-07-05 14:48:40] error.ERROR: 8 IN FILE /Users/zhouhong/xianrou/yaframe/library/Http/BasicRequest.php ON LINE 69 {"Undefined index: HTTP_TIMESTAMP":8} []
[2016-07-05 14:48:40] error.ERROR: 8 IN FILE /Users/zhouhong/xianrou/yaframe/library/Http/BasicRequest.php ON LINE 67 {"Undefined index: HTTP_SIGN":8} []
[2016-07-05 14:48:40] error.ERROR: 8 IN FILE /Users/zhouhong/xianrou/yaframe/library/Http/BasicRequest.php ON LINE 68 {"Undefined index: HTTP_VERSION":8} []
[2016-07-05 14:48:40] error.ERROR: 8 IN FILE /Users/zhouhong/xianrou/yaframe/library/Http/BasicRequest.php ON LINE 69 {"Undefined index: HTTP_TIMESTAMP":8} []
[2016-07-05 14:48:40] error.ERROR: 8 IN FILE /Users/zhouhong/xianrou/yaframe/library/Sphinx/SphinxClient.php ON LINE 195 {"Undefined property: Sphinx\\SphinxClient::$_socket":8} []
[2016-07-05 14:48:40] error.ERROR: 8 IN FILE /Users/zhouhong/xianrou/yaframe/library/Sphinx/SphinxClient.php ON LINE 196 {"Undefined property: Sphinx\\SphinxClient::$_socket":8} []
[2016-07-05 14:48:40] error.ERROR: 2 IN FILE /Users/zhouhong/xianrou/yaframe/library/Sphinx/SphinxClient.php ON LINE 196 {"fclose() expects parameter 1 to be resource, null given":2} []
[2016-07-05 14:50:47] error.ERROR: 8 IN FILE /Users/zhouhong/xianrou/yaframe/application/Bootstrap.php ON LINE 147 {"Undefined index: ffmpeg":8} []
[2016-07-05 14:50:47] error.ERROR: 8 IN FILE /Users/zhouhong/xianrou/yaframe/application/Bootstrap.php ON LINE 148 {"Undefined index: ffprobe":8} []
[2016-07-05 14:50:47] error.ERROR: 2 IN FILE /Users/zhouhong/xianrou/yaframe/library/Sphinx/SphinxClient.php ON LINE 232 {"assert(): assert(is_int($port)) failed":2} []
[2016-07-05 14:50:47] error.ERROR: 8 IN FILE /Users/zhouhong/xianrou/yaframe/library/Http/BasicRequest.php ON LINE 67 {"Undefined index: HTTP_SIGN":8} []
[2016-07-05 14:50:47] error.ERROR: 8 IN FILE /Users/zhouhong/xianrou/yaframe/library/Http/BasicRequest.php ON LINE 68 {"Undefined index: HTTP_VERSION":8} []
[2016-07-05 14:50:47] error.ERROR: 8 IN FILE /Users/zhouhong/xianrou/yaframe/library/Http/BasicRequest.php ON LINE 69 {"Undefined index: HTTP_TIMESTAMP":8} []
[2016-07-05 14:50:47] error.ERROR: 8 IN FILE /Users/zhouhong/xianrou/yaframe/library/Http/BasicRequest.php ON LINE 67 {"Undefined index: HTTP_SIGN":8} []
[2016-07-05 14:50:47] error.ERROR: 8 IN FILE /Users/zhouhong/xianrou/yaframe/library/Http/BasicRequest.php ON LINE 68 {"Undefined index: HTTP_VERSION":8} []
[2016-07-05 14:50:47] error.ERROR: 8 IN FILE /Users/zhouhong/xianrou/yaframe/library/Http/BasicRequest.php ON LINE 69 {"Undefined index: HTTP_TIMESTAMP":8} []
[2016-07-05 14:50:47] error.ERROR: 8 IN FILE /Users/zhouhong/xianrou/yaframe/library/Sphinx/SphinxClient.php ON LINE 195 {"Undefined property: Sphinx\\SphinxClient::$_socket":8} []
[2016-07-05 14:50:47] error.ERROR: 8 IN FILE /Users/zhouhong/xianrou/yaframe/library/Sphinx/SphinxClient.php ON LINE 196 {"Undefined property: Sphinx\\SphinxClient::$_socket":8} []
[2016-07-05 14:50:47] error.ERROR: 2 IN FILE /Users/zhouhong/xianrou/yaframe/library/Sphinx/SphinxClient.php ON LINE 196 {"fclose() expects parameter 1 to be resource, null given":2} []
[2016-07-05 14:51:40] error.ERROR: 8 IN FILE /Users/zhouhong/xianrou/yaframe/application/Bootstrap.php ON LINE 147 {"Undefined index: ffmpeg":8} []
[2016-07-05 14:51:40] error.ERROR: 8 IN FILE /Users/zhouhong/xianrou/yaframe/application/Bootstrap.php ON LINE 148 {"Undefined index: ffprobe":8} []
[2016-07-05 14:51:40] error.ERROR: 2 IN FILE /Users/zhouhong/xianrou/yaframe/library/Sphinx/SphinxClient.php ON LINE 232 {"assert(): assert(is_int($port)) failed":2} []
[2016-07-05 14:51:40] error.ERROR: 8 IN FILE /Users/zhouhong/xianrou/yaframe/library/Http/BasicRequest.php ON LINE 67 {"Undefined index: HTTP_SIGN":8} []
[2016-07-05 14:51:40] error.ERROR: 8 IN FILE /Users/zhouhong/xianrou/yaframe/library/Http/BasicRequest.php ON LINE 68 {"Undefined index: HTTP_VERSION":8} []
[2016-07-05 14:51:40] error.ERROR: 8 IN FILE /Users/zhouhong/xianrou/yaframe/library/Http/BasicRequest.php ON LINE 69 {"Undefined index: HTTP_TIMESTAMP":8} []
[2016-07-05 14:51:40] error.ERROR: 2 IN FILE /Users/zhouhong/xianrou/yaframe/application/models/Commerce/OrderMeta.php ON LINE 84 {"Illegal offset type":2} []
[2016-07-05 14:51:40] error.ERROR: 8 IN FILE /Users/zhouhong/xianrou/yaframe/library/Http/BasicRequest.php ON LINE 67 {"Undefined index: HTTP_SIGN":8} []
[2016-07-05 14:51:40] error.ERROR: 8 IN FILE /Users/zhouhong/xianrou/yaframe/library/Http/BasicRequest.php ON LINE 68 {"Undefined index: HTTP_VERSION":8} []
[2016-07-05 14:51:40] error.ERROR: 8 IN FILE /Users/zhouhong/xianrou/yaframe/library/Http/BasicRequest.php ON LINE 69 {"Undefined index: HTTP_TIMESTAMP":8} []
[2016-07-05 14:51:40] error.ERROR: 8 IN FILE /Users/zhouhong/xianrou/yaframe/library/Sphinx/SphinxClient.php ON LINE 195 {"Undefined property: Sphinx\\SphinxClient::$_socket":8} []
[2016-07-05 14:51:40] error.ERROR: 8 IN FILE /Users/zhouhong/xianrou/yaframe/library/Sphinx/SphinxClient.php ON LINE 196 {"Undefined property: Sphinx\\SphinxClient::$_socket":8} []
[2016-07-05 14:51:40] error.ERROR: 2 IN FILE /Users/zhouhong/xianrou/yaframe/library/Sphinx/SphinxClient.php ON LINE 196 {"fclose() expects parameter 1 to be resource, null given":2} []
[2016-07-05 14:52:15] error.ERROR: 8 IN FILE /Users/zhouhong/xianrou/yaframe/application/Bootstrap.php ON LINE 147 {"Undefined index: ffmpeg":8} []
[2016-07-05 14:52:15] error.ERROR: 8 IN FILE /Users/zhouhong/xianrou/yaframe/application/Bootstrap.php ON LINE 148 {"Undefined index: ffprobe":8} []
[2016-07-05 14:52:15] error.ERROR: 2 IN FILE /Users/zhouhong/xianrou/yaframe/library/Sphinx/SphinxClient.php ON LINE 232 {"assert(): assert(is_int($port)) failed":2} []
[2016-07-05 14:52:15] error.ERROR: 8 IN FILE /Users/zhouhong/xianrou/yaframe/library/Http/BasicRequest.php ON LINE 67 {"Undefined index: HTTP_SIGN":8} []
[2016-07-05 14:52:15] error.ERROR: 8 IN FILE /Users/zhouhong/xianrou/yaframe/library/Http/BasicRequest.php ON LINE 68 {"Undefined index: HTTP_VERSION":8} []
[2016-07-05 14:52:15] error.ERROR: 8 IN FILE /Users/zhouhong/xianrou/yaframe/library/Http/BasicRequest.php ON LINE 69 {"Undefined index: HTTP_TIMESTAMP":8} []
[2016-07-05 14:52:15] error.ERROR: 2 IN FILE /Users/zhouhong/xianrou/yaframe/application/models/Commerce/OrderMeta.php ON LINE 84 {"Illegal offset type":2} []
[2016-07-05 14:52:15] error.ERROR: 8 IN FILE /Users/zhouhong/xianrou/yaframe/library/Http/BasicRequest.php ON LINE 67 {"Undefined index: HTTP_SIGN":8} []
[2016-07-05 14:52:15] error.ERROR: 8 IN FILE /Users/zhouhong/xianrou/yaframe/library/Http/BasicRequest.php ON LINE 68 {"Undefined index: HTTP_VERSION":8} []
[2016-07-05 14:52:15] error.ERROR: 8 IN FILE /Users/zhouhong/xianrou/yaframe/library/Http/BasicRequest.php ON LINE 69 {"Undefined index: HTTP_TIMESTAMP":8} []
[2016-07-05 14:52:15] error.ERROR: 8 IN FILE /Users/zhouhong/xianrou/yaframe/library/Sphinx/SphinxClient.php ON LINE 195 {"Undefined property: Sphinx\\SphinxClient::$_socket":8} []
[2016-07-05 14:52:15] error.ERROR: 8 IN FILE /Users/zhouhong/xianrou/yaframe/library/Sphinx/SphinxClient.php ON LINE 196 {"Undefined property: Sphinx\\SphinxClient::$_socket":8} []
[2016-07-05 14:52:15] error.ERROR: 2 IN FILE /Users/zhouhong/xianrou/yaframe/library/Sphinx/SphinxClient.php ON LINE 196 {"fclose() expects parameter 1 to be resource, null given":2} []
[2016-07-05 14:52:15] error.ERROR: 8 IN FILE /Users/zhouhong/xianrou/yaframe/application/Bootstrap.php ON LINE 147 {"Undefined index: ffmpeg":8} []
[2016-07-05 14:52:15] error.ERROR: 8 IN FILE /Users/zhouhong/xianrou/yaframe/application/Bootstrap.php ON LINE 148 {"Undefined index: ffprobe":8} []
[2016-07-05 14:52:15] error.ERROR: 2 IN FILE /Users/zhouhong/xianrou/yaframe/library/Sphinx/SphinxClient.php ON LINE 232 {"assert(): assert(is_int($port)) failed":2} []
[2016-07-05 14:52:15] error.ERROR: 8 IN FILE /Users/zhouhong/xianrou/yaframe/library/Http/BasicRequest.php ON LINE 67 {"Undefined index: HTTP_SIGN":8} []
[2016-07-05 14:52:15] error.ERROR: 8 IN FILE /Users/zhouhong/xianrou/yaframe/library/Http/BasicRequest.php ON LINE 68 {"Undefined index: HTTP_VERSION":8} []
[2016-07-05 14:52:15] error.ERROR: 8 IN FILE /Users/zhouhong/xianrou/yaframe/library/Http/BasicRequest.php ON LINE 69 {"Undefined index: HTTP_TIMESTAMP":8} []
[2016-07-05 14:52:16] error.ERROR: 2 IN FILE /Users/zhouhong/xianrou/yaframe/application/models/Commerce/OrderMeta.php ON LINE 84 {"Illegal offset type":2} []
[2016-07-05 14:52:16] error.ERROR: 8 IN FILE /Users/zhouhong/xianrou/yaframe/library/Http/BasicRequest.php ON LINE 67 {"Undefined index: HTTP_SIGN":8} []
[2016-07-05 14:52:16] error.ERROR: 8 IN FILE /Users/zhouhong/xianrou/yaframe/library/Http/BasicRequest.php ON LINE 68 {"Undefined index: HTTP_VERSION":8} []
[2016-07-05 14:52:16] error.ERROR: 8 IN FILE /Users/zhouhong/xianrou/yaframe/library/Http/BasicRequest.php ON LINE 69 {"Undefined index: HTTP_TIMESTAMP":8} []
[2016-07-05 14:52:16] error.ERROR: 8 IN FILE /Users/zhouhong/xianrou/yaframe/library/Sphinx/SphinxClient.php ON LINE 195 {"Undefined property: Sphinx\\SphinxClient::$_socket":8} []
[2016-07-05 14:52:16] error.ERROR: 8 IN FILE /Users/zhouhong/xianrou/yaframe/library/Sphinx/SphinxClient.php ON LINE 196 {"Undefined property: Sphinx\\SphinxClient::$_socket":8} []
[2016-07-05 14:52:16] error.ERROR: 2 IN FILE /Users/zhouhong/xianrou/yaframe/library/Sphinx/SphinxClient.php ON LINE 196 {"fclose() expects parameter 1 to be resource, null given":2} []
[2016-07-05 14:52:38] error.ERROR: 8 IN FILE /Users/zhouhong/xianrou/yaframe/application/Bootstrap.php ON LINE 147 {"Undefined index: ffmpeg":8} []
[2016-07-05 14:52:38] error.ERROR: 8 IN FILE /Users/zhouhong/xianrou/yaframe/application/Bootstrap.php ON LINE 148 {"Undefined index: ffprobe":8} []
[2016-07-05 14:52:38] error.ERROR: 2 IN FILE /Users/zhouhong/xianrou/yaframe/library/Sphinx/SphinxClient.php ON LINE 232 {"assert(): assert(is_int($port)) failed":2} []
[2016-07-05 14:52:38] error.ERROR: 8 IN FILE /Users/zhouhong/xianrou/yaframe/library/Http/BasicRequest.php ON LINE 67 {"Undefined index: HTTP_SIGN":8} []
[2016-07-05 14:52:38] error.ERROR: 8 IN FILE /Users/zhouhong/xianrou/yaframe/library/Http/BasicRequest.php ON LINE 68 {"Undefined index: HTTP_VERSION":8} []
[2016-07-05 14:52:38] error.ERROR: 8 IN FILE /Users/zhouhong/xianrou/yaframe/library/Http/BasicRequest.php ON LINE 69 {"Undefined index: HTTP_TIMESTAMP":8} []
[2016-07-05 14:52:38] error.ERROR: 8 IN FILE /Users/zhouhong/xianrou/yaframe/application/modules/Coffer/controllers/Order.php ON LINE 535 {"Undefined variable: params":8} []
[2016-07-05 14:52:38] error.ERROR: 8 IN FILE /Users/zhouhong/xianrou/yaframe/library/Sphinx/SphinxClient.php ON LINE 195 {"Undefined property: Sphinx\\SphinxClient::$_socket":8} []
[2016-07-05 14:52:38] error.ERROR: 8 IN FILE /Users/zhouhong/xianrou/yaframe/library/Sphinx/SphinxClient.php ON LINE 196 {"Undefined property: Sphinx\\SphinxClient::$_socket":8} []
[2016-07-05 14:52:38] error.ERROR: 2 IN FILE /Users/zhouhong/xianrou/yaframe/library/Sphinx/SphinxClient.php ON LINE 196 {"fclose() expects parameter 1 to be resource, null given":2} []
[2016-07-05 14:52:46] error.ERROR: 8 IN FILE /Users/zhouhong/xianrou/yaframe/application/Bootstrap.php ON LINE 147 {"Undefined index: ffmpeg":8} []
[2016-07-05 14:52:46] error.ERROR: 8 IN FILE /Users/zhouhong/xianrou/yaframe/application/Bootstrap.php ON LINE 148 {"Undefined index: ffprobe":8} []
[2016-07-05 14:52:46] error.ERROR: 2 IN FILE /Users/zhouhong/xianrou/yaframe/library/Sphinx/SphinxClient.php ON LINE 232 {"assert(): assert(is_int($port)) failed":2} []
[2016-07-05 14:52:46] error.ERROR: 8 IN FILE /Users/zhouhong/xianrou/yaframe/library/Http/BasicRequest.php ON LINE 67 {"Undefined index: HTTP_SIGN":8} []
[2016-07-05 14:52:46] error.ERROR: 8 IN FILE /Users/zhouhong/xianrou/yaframe/library/Http/BasicRequest.php ON LINE 68 {"Undefined index: HTTP_VERSION":8} []
[2016-07-05 14:52:46] error.ERROR: 8 IN FILE /Users/zhouhong/xianrou/yaframe/library/Http/BasicRequest.php ON LINE 69 {"Undefined index: HTTP_TIMESTAMP":8} []
[2016-07-05 14:52:46] error.ERROR: 8 IN FILE /Users/zhouhong/xianrou/yaframe/library/Sphinx/SphinxClient.php ON LINE 195 {"Undefined property: Sphinx\\SphinxClient::$_socket":8} []
[2016-07-05 14:52:46] error.ERROR: 8 IN FILE /Users/zhouhong/xianrou/yaframe/library/Sphinx/SphinxClient.php ON LINE 196 {"Undefined property: Sphinx\\SphinxClient::$_socket":8} []
[2016-07-05 14:52:46] error.ERROR: 2 IN FILE /Users/zhouhong/xianrou/yaframe/library/Sphinx/SphinxClient.php ON LINE 196 {"fclose() expects parameter 1 to be resource, null given":2} []
[2016-07-05 14:52:58] error.ERROR: 8 IN FILE /Users/zhouhong/xianrou/yaframe/application/Bootstrap.php ON LINE 147 {"Undefined index: ffmpeg":8} []
[2016-07-05 14:52:58] error.ERROR: 8 IN FILE /Users/zhouhong/xianrou/yaframe/application/Bootstrap.php ON LINE 148 {"Undefined index: ffprobe":8} []
[2016-07-05 14:52:58] error.ERROR: 2 IN FILE /Users/zhouhong/xianrou/yaframe/library/Sphinx/SphinxClient.php ON LINE 232 {"assert(): assert(is_int($port)) failed":2} []
[2016-07-05 14:52:58] error.ERROR: 8 IN FILE /Users/zhouhong/xianrou/yaframe/library/Http/BasicRequest.php ON LINE 67 {"Undefined index: HTTP_SIGN":8} []
[2016-07-05 14:52:58] error.ERROR: 8 IN FILE /Users/zhouhong/xianrou/yaframe/library/Http/BasicRequest.php ON LINE 68 {"Undefined index: HTTP_VERSION":8} []
[2016-07-05 14:52:58] error.ERROR: 8 IN FILE /Users/zhouhong/xianrou/yaframe/library/Http/BasicRequest.php ON LINE 69 {"Undefined index: HTTP_TIMESTAMP":8} []
[2016-07-05 14:52:58] error.ERROR: 2 IN FILE /Users/zhouhong/xianrou/yaframe/application/models/Commerce/OrderMeta.php ON LINE 84 {"Illegal offset type":2} []
[2016-07-05 14:52:58] error.ERROR: 8 IN FILE /Users/zhouhong/xianrou/yaframe/library/Http/BasicRequest.php ON LINE 67 {"Undefined index: HTTP_SIGN":8} []
[2016-07-05 14:52:58] error.ERROR: 8 IN FILE /Users/zhouhong/xianrou/yaframe/library/Http/BasicRequest.php ON LINE 68 {"Undefined index: HTTP_VERSION":8} []
[2016-07-05 14:52:58] error.ERROR: 8 IN FILE /Users/zhouhong/xianrou/yaframe/library/Http/BasicRequest.php ON LINE 69 {"Undefined index: HTTP_TIMESTAMP":8} []
[2016-07-05 14:52:58] error.ERROR: 8 IN FILE /Users/zhouhong/xianrou/yaframe/library/Sphinx/SphinxClient.php ON LINE 195 {"Undefined property: Sphinx\\SphinxClient::$_socket":8} []
[2016-07-05 14:52:58] error.ERROR: 8 IN FILE /Users/zhouhong/xianrou/yaframe/library/Sphinx/SphinxClient.php ON LINE 196 {"Undefined property: Sphinx\\SphinxClient::$_socket":8} []
[2016-07-05 14:52:58] error.ERROR: 2 IN FILE /Users/zhouhong/xianrou/yaframe/library/Sphinx/SphinxClient.php ON LINE 196 {"fclose() expects parameter 1 to be resource, null given":2} []
[2016-07-05 14:53:30] error.ERROR: 8 IN FILE /Users/zhouhong/xianrou/yaframe/application/Bootstrap.php ON LINE 147 {"Undefined index: ffmpeg":8} []
[2016-07-05 14:53:30] error.ERROR: 8 IN FILE /Users/zhouhong/xianrou/yaframe/application/Bootstrap.php ON LINE 148 {"Undefined index: ffprobe":8} []
[2016-07-05 14:53:30] error.ERROR: 2 IN FILE /Users/zhouhong/xianrou/yaframe/library/Sphinx/SphinxClient.php ON LINE 232 {"assert(): assert(is_int($port)) failed":2} []
[2016-07-05 14:53:30] error.ERROR: 8 IN FILE /Users/zhouhong/xianrou/yaframe/library/Http/BasicRequest.php ON LINE 67 {"Undefined index: HTTP_SIGN":8} []
[2016-07-05 14:53:30] error.ERROR: 8 IN FILE /Users/zhouhong/xianrou/yaframe/library/Http/BasicRequest.php ON LINE 68 {"Undefined index: HTTP_VERSION":8} []
[2016-07-05 14:53:30] error.ERROR: 8 IN FILE /Users/zhouhong/xianrou/yaframe/library/Http/BasicRequest.php ON LINE 69 {"Undefined index: HTTP_TIMESTAMP":8} []
[2016-07-05 14:53:30] error.ERROR: 8 IN FILE /Users/zhouhong/xianrou/yaframe/library/Http/BasicRequest.php ON LINE 67 {"Undefined index: HTTP_SIGN":8} []
[2016-07-05 14:53:30] error.ERROR: 8 IN FILE /Users/zhouhong/xianrou/yaframe/library/Http/BasicRequest.php ON LINE 68 {"Undefined index: HTTP_VERSION":8} []
[2016-07-05 14:53:30] error.ERROR: 8 IN FILE /Users/zhouhong/xianrou/yaframe/library/Http/BasicRequest.php ON LINE 69 {"Undefined index: HTTP_TIMESTAMP":8} []
[2016-07-05 14:53:30] error.ERROR: 8 IN FILE /Users/zhouhong/xianrou/yaframe/library/Sphinx/SphinxClient.php ON LINE 195 {"Undefined property: Sphinx\\SphinxClient::$_socket":8} []
[2016-07-05 14:53:30] error.ERROR: 8 IN FILE /Users/zhouhong/xianrou/yaframe/library/Sphinx/SphinxClient.php ON LINE 196 {"Undefined property: Sphinx\\SphinxClient::$_socket":8} []
[2016-07-05 14:53:30] error.ERROR: 2 IN FILE /Users/zhouhong/xianrou/yaframe/library/Sphinx/SphinxClient.php ON LINE 196 {"fclose() expects parameter 1 to be resource, null given":2} []
[2016-07-05 14:54:05] error.ERROR: 8 IN FILE /Users/zhouhong/xianrou/yaframe/application/Bootstrap.php ON LINE 147 {"Undefined index: ffmpeg":8} []
[2016-07-05 14:54:05] error.ERROR: 8 IN FILE /Users/zhouhong/xianrou/yaframe/application/Bootstrap.php ON LINE 148 {"Undefined index: ffprobe":8} []
[2016-07-05 14:54:05] error.ERROR: 2 IN FILE /Users/zhouhong/xianrou/yaframe/library/Sphinx/SphinxClient.php ON LINE 232 {"assert(): assert(is_int($port)) failed":2} []
[2016-07-05 14:54:05] error.ERROR: 8 IN FILE /Users/zhouhong/xianrou/yaframe/library/Http/BasicRequest.php ON LINE 67 {"Undefined index: HTTP_SIGN":8} []
[2016-07-05 14:54:05] error.ERROR: 8 IN FILE /Users/zhouhong/xianrou/yaframe/library/Http/BasicRequest.php ON LINE 68 {"Undefined index: HTTP_VERSION":8} []
[2016-07-05 14:54:05] error.ERROR: 8 IN FILE /Users/zhouhong/xianrou/yaframe/library/Http/BasicRequest.php ON LINE 69 {"Undefined index: HTTP_TIMESTAMP":8} []
[2016-07-05 14:54:05] error.ERROR: 8 IN FILE /Users/zhouhong/xianrou/yaframe/library/Sphinx/SphinxClient.php ON LINE 195 {"Undefined property: Sphinx\\SphinxClient::$_socket":8} []
[2016-07-05 14:54:05] error.ERROR: 8 IN FILE /Users/zhouhong/xianrou/yaframe/library/Sphinx/SphinxClient.php ON LINE 196 {"Undefined property: Sphinx\\SphinxClient::$_socket":8} []
[2016-07-05 14:54:05] error.ERROR: 2 IN FILE /Users/zhouhong/xianrou/yaframe/library/Sphinx/SphinxClient.php ON LINE 196 {"fclose() expects parameter 1 to be resource, null given":2} []
[2016-07-05 14:54:05] error.ERROR: 2 IN FILE /Users/zhouhong/xianrou/yaframe/library/Http/BasicResponse.php ON LINE 83 {"Cannot modify header information - headers already sent by (output started at /Users/zhouhong/xianrou/yaframe/application/models/Commerce/OrderMeta.php:89)":2} []
[2016-07-05 14:54:05] error.ERROR: 2 IN FILE /Users/zhouhong/xianrou/yaframe/library/Http/BasicResponse.php ON LINE 84 {"Cannot modify header information - headers already sent by (output started at /Users/zhouhong/xianrou/yaframe/application/models/Commerce/OrderMeta.php:89)":2} []
[2016-07-05 14:55:10] error.ERROR: 8 IN FILE /Users/zhouhong/xianrou/yaframe/application/Bootstrap.php ON LINE 147 {"Undefined index: ffmpeg":8} []
[2016-07-05 14:55:10] error.ERROR: 8 IN FILE /Users/zhouhong/xianrou/yaframe/application/Bootstrap.php ON LINE 148 {"Undefined index: ffprobe":8} []
[2016-07-05 14:55:10] error.ERROR: 2 IN FILE /Users/zhouhong/xianrou/yaframe/library/Sphinx/SphinxClient.php ON LINE 232 {"assert(): assert(is_int($port)) failed":2} []
[2016-07-05 14:55:10] error.ERROR: 8 IN FILE /Users/zhouhong/xianrou/yaframe/library/Http/BasicRequest.php ON LINE 67 {"Undefined index: HTTP_SIGN":8} []
[2016-07-05 14:55:10] error.ERROR: 8 IN FILE /Users/zhouhong/xianrou/yaframe/library/Http/BasicRequest.php ON LINE 68 {"Undefined index: HTTP_VERSION":8} []
[2016-07-05 14:55:10] error.ERROR: 8 IN FILE /Users/zhouhong/xianrou/yaframe/library/Http/BasicRequest.php ON LINE 69 {"Undefined index: HTTP_TIMESTAMP":8} []
[2016-07-05 14:55:10] error.ERROR: 8 IN FILE /Users/zhouhong/xianrou/yaframe/library/Sphinx/SphinxClient.php ON LINE 195 {"Undefined property: Sphinx\\SphinxClient::$_socket":8} []
[2016-07-05 14:55:11] error.ERROR: 8 IN FILE /Users/zhouhong/xianrou/yaframe/library/Sphinx/SphinxClient.php ON LINE 196 {"Undefined property: Sphinx\\SphinxClient::$_socket":8} []
[2016-07-05 14:55:11] error.ERROR: 2 IN FILE /Users/zhouhong/xianrou/yaframe/library/Sphinx/SphinxClient.php ON LINE 196 {"fclose() expects parameter 1 to be resource, null given":2} []
[2016-07-05 14:55:29] error.ERROR: 8 IN FILE /Users/zhouhong/xianrou/yaframe/application/Bootstrap.php ON LINE 147 {"Undefined index: ffmpeg":8} []
[2016-07-05 14:55:29] error.ERROR: 8 IN FILE /Users/zhouhong/xianrou/yaframe/application/Bootstrap.php ON LINE 148 {"Undefined index: ffprobe":8} []
[2016-07-05 14:55:29] error.ERROR: 2 IN FILE /Users/zhouhong/xianrou/yaframe/library/Sphinx/SphinxClient.php ON LINE 232 {"assert(): assert(is_int($port)) failed":2} []
[2016-07-05 14:55:29] error.ERROR: 8 IN FILE /Users/zhouhong/xianrou/yaframe/library/Http/BasicRequest.php ON LINE 67 {"Undefined index: HTTP_SIGN":8} []
[2016-07-05 14:55:29] error.ERROR: 8 IN FILE /Users/zhouhong/xianrou/yaframe/library/Http/BasicRequest.php ON LINE 68 {"Undefined index: HTTP_VERSION":8} []
[2016-07-05 14:55:29] error.ERROR: 8 IN FILE /Users/zhouhong/xianrou/yaframe/library/Http/BasicRequest.php ON LINE 69 {"Undefined index: HTTP_TIMESTAMP":8} []
[2016-07-05 14:55:29] error.ERROR: 8 IN FILE /Users/zhouhong/xianrou/yaframe/library/Http/BasicRequest.php ON LINE 67 {"Undefined index: HTTP_SIGN":8} []
[2016-07-05 14:55:29] error.ERROR: 8 IN FILE /Users/zhouhong/xianrou/yaframe/library/Http/BasicRequest.php ON LINE 68 {"Undefined index: HTTP_VERSION":8} []
[2016-07-05 14:55:29] error.ERROR: 8 IN FILE /Users/zhouhong/xianrou/yaframe/library/Http/BasicRequest.php ON LINE 69 {"Undefined index: HTTP_TIMESTAMP":8} []
[2016-07-05 14:55:29] error.ERROR: 8 IN FILE /Users/zhouhong/xianrou/yaframe/library/Sphinx/SphinxClient.php ON LINE 195 {"Undefined property: Sphinx\\SphinxClient::$_socket":8} []
[2016-07-05 14:55:29] error.ERROR: 8 IN FILE /Users/zhouhong/xianrou/yaframe/library/Sphinx/SphinxClient.php ON LINE 196 {"Undefined property: Sphinx\\SphinxClient::$_socket":8} []
[2016-07-05 14:55:29] error.ERROR: 2 IN FILE /Users/zhouhong/xianrou/yaframe/library/Sphinx/SphinxClient.php ON LINE 196 {"fclose() expects parameter 1 to be resource, null given":2} []
[2016-07-05 14:56:36] error.ERROR: 8 IN FILE /Users/zhouhong/xianrou/yaframe/application/Bootstrap.php ON LINE 147 {"Undefined index: ffmpeg":8} []
[2016-07-05 14:56:36] error.ERROR: 8 IN FILE /Users/zhouhong/xianrou/yaframe/application/Bootstrap.php ON LINE 148 {"Undefined index: ffprobe":8} []
[2016-07-05 14:56:36] error.ERROR: 2 IN FILE /Users/zhouhong/xianrou/yaframe/library/Sphinx/SphinxClient.php ON LINE 232 {"assert(): assert(is_int($port)) failed":2} []
[2016-07-05 14:56:36] error.ERROR: 8 IN FILE /Users/zhouhong/xianrou/yaframe/library/Http/BasicRequest.php ON LINE 67 {"Undefined index: HTTP_SIGN":8} []
[2016-07-05 14:56:36] error.ERROR: 8 IN FILE /Users/zhouhong/xianrou/yaframe/library/Http/BasicRequest.php ON LINE 68 {"Undefined index: HTTP_VERSION":8} []
[2016-07-05 14:56:36] error.ERROR: 8 IN FILE /Users/zhouhong/xianrou/yaframe/library/Http/BasicRequest.php ON LINE 69 {"Undefined index: HTTP_TIMESTAMP":8} []
[2016-07-05 14:56:36] error.ERROR: 8 IN FILE /Users/zhouhong/xianrou/yaframe/application/modules/Coffer/controllers/Order.php ON LINE 553 {"Undefined index: message":8} []
[2016-07-05 14:56:36] error.ERROR: 2 IN FILE /Users/zhouhong/xianrou/yaframe/application/models/Warehouse/ProductInfoData.php ON LINE 446 {"Declaration of Warehouse\\ProductInfoDataModel::getData($params) should be compatible with Common\\BaseModel::getData($params = Array, $columns = Array, $order = Array, $toArray = true)":2} []
[2016-07-05 14:56:36] error.ERROR: 8 IN FILE /Users/zhouhong/xianrou/yaframe/application/modules/Coffer/controllers/Order.php ON LINE 555 {"Undefined index: product_id":8} []
[2016-07-05 14:56:36] error.ERROR: 8 IN FILE /Users/zhouhong/xianrou/yaframe/library/Http/BasicRequest.php ON LINE 67 {"Undefined index: HTTP_SIGN":8} []
[2016-07-05 14:56:36] error.ERROR: 8 IN FILE /Users/zhouhong/xianrou/yaframe/library/Http/BasicRequest.php ON LINE 68 {"Undefined index: HTTP_VERSION":8} []
[2016-07-05 14:56:36] error.ERROR: 8 IN FILE /Users/zhouhong/xianrou/yaframe/library/Http/BasicRequest.php ON LINE 69 {"Undefined index: HTTP_TIMESTAMP":8} []
[2016-07-05 14:56:36] error.ERROR: 8 IN FILE /Users/zhouhong/xianrou/yaframe/library/Exception/ErrorException.php ON LINE 33 {"A non well formed numeric value encountered":8} []
[2016-07-05 14:56:36] error.ERROR: 8 IN FILE /Users/zhouhong/xianrou/yaframe/library/Sphinx/SphinxClient.php ON LINE 195 {"Undefined property: Sphinx\\SphinxClient::$_socket":8} []
[2016-07-05 14:56:36] error.ERROR: 8 IN FILE /Users/zhouhong/xianrou/yaframe/library/Sphinx/SphinxClient.php ON LINE 196 {"Undefined property: Sphinx\\SphinxClient::$_socket":8} []
[2016-07-05 14:56:36] error.ERROR: 2 IN FILE /Users/zhouhong/xianrou/yaframe/library/Sphinx/SphinxClient.php ON LINE 196 {"fclose() expects parameter 1 to be resource, null given":2} []
[2016-07-05 14:57:13] error.ERROR: 8 IN FILE /Users/zhouhong/xianrou/yaframe/application/Bootstrap.php ON LINE 147 {"Undefined index: ffmpeg":8} []
[2016-07-05 14:57:13] error.ERROR: 8 IN FILE /Users/zhouhong/xianrou/yaframe/application/Bootstrap.php ON LINE 148 {"Undefined index: ffprobe":8} []
[2016-07-05 14:57:13] error.ERROR: 2 IN FILE /Users/zhouhong/xianrou/yaframe/library/Sphinx/SphinxClient.php ON LINE 232 {"assert(): assert(is_int($port)) failed":2} []
[2016-07-05 14:57:13] error.ERROR: 8 IN FILE /Users/zhouhong/xianrou/yaframe/library/Http/BasicRequest.php ON LINE 67 {"Undefined index: HTTP_SIGN":8} []
[2016-07-05 14:57:13] error.ERROR: 8 IN FILE /Users/zhouhong/xianrou/yaframe/library/Http/BasicRequest.php ON LINE 68 {"Undefined index: HTTP_VERSION":8} []
[2016-07-05 14:57:13] error.ERROR: 8 IN FILE /Users/zhouhong/xianrou/yaframe/library/Http/BasicRequest.php ON LINE 69 {"Undefined index: HTTP_TIMESTAMP":8} []
[2016-07-05 14:57:13] error.ERROR: 8 IN FILE /Users/zhouhong/xianrou/yaframe/library/Sphinx/SphinxClient.php ON LINE 195 {"Undefined property: Sphinx\\SphinxClient::$_socket":8} []
[2016-07-05 14:57:13] error.ERROR: 8 IN FILE /Users/zhouhong/xianrou/yaframe/library/Sphinx/SphinxClient.php ON LINE 196 {"Undefined property: Sphinx\\SphinxClient::$_socket":8} []
[2016-07-05 14:57:13] error.ERROR: 2 IN FILE /Users/zhouhong/xianrou/yaframe/library/Sphinx/SphinxClient.php ON LINE 196 {"fclose() expects parameter 1 to be resource, null given":2} []
[2016-07-05 14:57:45] error.ERROR: 8 IN FILE /Users/zhouhong/xianrou/yaframe/application/Bootstrap.php ON LINE 147 {"Undefined index: ffmpeg":8} []
[2016-07-05 14:57:45] error.ERROR: 8 IN FILE /Users/zhouhong/xianrou/yaframe/application/Bootstrap.php ON LINE 148 {"Undefined index: ffprobe":8} []
[2016-07-05 14:57:45] error.ERROR: 2 IN FILE /Users/zhouhong/xianrou/yaframe/library/Sphinx/SphinxClient.php ON LINE 232 {"assert(): assert(is_int($port)) failed":2} []
[2016-07-05 14:57:45] error.ERROR: 8 IN FILE /Users/zhouhong/xianrou/yaframe/library/Http/BasicRequest.php ON LINE 67 {"Undefined index: HTTP_SIGN":8} []
[2016-07-05 14:57:45] error.ERROR: 8 IN FILE /Users/zhouhong/xianrou/yaframe/library/Http/BasicRequest.php ON LINE 68 {"Undefined index: HTTP_VERSION":8} []
[2016-07-05 14:57:45] error.ERROR: 8 IN FILE /Users/zhouhong/xianrou/yaframe/library/Http/BasicRequest.php ON LINE 69 {"Undefined index: HTTP_TIMESTAMP":8} []
[2016-07-05 14:57:45] error.ERROR: 8 IN FILE /Users/zhouhong/xianrou/yaframe/library/Sphinx/SphinxClient.php ON LINE 195 {"Undefined property: Sphinx\\SphinxClient::$_socket":8} []
[2016-07-05 14:57:45] error.ERROR: 8 IN FILE /Users/zhouhong/xianrou/yaframe/library/Sphinx/SphinxClient.php ON LINE 196 {"Undefined property: Sphinx\\SphinxClient::$_socket":8} []
[2016-07-05 14:57:45] error.ERROR: 2 IN FILE /Users/zhouhong/xianrou/yaframe/library/Sphinx/SphinxClient.php ON LINE 196 {"fclose() expects parameter 1 to be resource, null given":2} []
[2016-07-05 14:58:30] error.ERROR: 8 IN FILE /Users/zhouhong/xianrou/yaframe/application/Bootstrap.php ON LINE 147 {"Undefined index: ffmpeg":8} []
[2016-07-05 14:58:30] error.ERROR: 8 IN FILE /Users/zhouhong/xianrou/yaframe/application/Bootstrap.php ON LINE 148 {"Undefined index: ffprobe":8} []
[2016-07-05 14:58:30] error.ERROR: 2 IN FILE /Users/zhouhong/xianrou/yaframe/library/Sphinx/SphinxClient.php ON LINE 232 {"assert(): assert(is_int($port)) failed":2} []
[2016-07-05 14:58:30] error.ERROR: 8 IN FILE /Users/zhouhong/xianrou/yaframe/library/Http/BasicRequest.php ON LINE 67 {"Undefined index: HTTP_SIGN":8} []
[2016-07-05 14:58:30] error.ERROR: 8 IN FILE /Users/zhouhong/xianrou/yaframe/library/Http/BasicRequest.php ON LINE 68 {"Undefined index: HTTP_VERSION":8} []
[2016-07-05 14:58:30] error.ERROR: 8 IN FILE /Users/zhouhong/xianrou/yaframe/library/Http/BasicRequest.php ON LINE 69 {"Undefined index: HTTP_TIMESTAMP":8} []
[2016-07-05 14:58:30] error.ERROR: 8 IN FILE /Users/zhouhong/xianrou/yaframe/application/modules/Coffer/controllers/Order.php ON LINE 554 {"Undefined index: message":8} []
[2016-07-05 14:58:30] error.ERROR: 2 IN FILE /Users/zhouhong/xianrou/yaframe/application/models/Warehouse/ProductInfoData.php ON LINE 446 {"Declaration of Warehouse\\ProductInfoDataModel::getData($params) should be compatible with Common\\BaseModel::getData($params = Array, $columns = Array, $order = Array, $toArray = true)":2} []
[2016-07-05 14:58:30] error.ERROR: 8 IN FILE /Users/zhouhong/xianrou/yaframe/application/modules/Coffer/controllers/Order.php ON LINE 556 {"Undefined index: product_id":8} []
[2016-07-05 14:58:30] error.ERROR: 8 IN FILE /Users/zhouhong/xianrou/yaframe/library/Sphinx/SphinxClient.php ON LINE 195 {"Undefined property: Sphinx\\SphinxClient::$_socket":8} []
[2016-07-05 14:58:30] error.ERROR: 8 IN FILE /Users/zhouhong/xianrou/yaframe/library/Sphinx/SphinxClient.php ON LINE 196 {"Undefined property: Sphinx\\SphinxClient::$_socket":8} []
[2016-07-05 14:58:30] error.ERROR: 2 IN FILE /Users/zhouhong/xianrou/yaframe/library/Sphinx/SphinxClient.php ON LINE 196 {"fclose() expects parameter 1 to be resource, null given":2} []
[2016-07-05 14:59:05] error.ERROR: 8 IN FILE /Users/zhouhong/xianrou/yaframe/application/Bootstrap.php ON LINE 147 {"Undefined index: ffmpeg":8} []
[2016-07-05 14:59:05] error.ERROR: 8 IN FILE /Users/zhouhong/xianrou/yaframe/application/Bootstrap.php ON LINE 148 {"Undefined index: ffprobe":8} []
[2016-07-05 14:59:05] error.ERROR: 2 IN FILE /Users/zhouhong/xianrou/yaframe/library/Sphinx/SphinxClient.php ON LINE 232 {"assert(): assert(is_int($port)) failed":2} []
[2016-07-05 14:59:05] error.ERROR: 8 IN FILE /Users/zhouhong/xianrou/yaframe/library/Http/BasicRequest.php ON LINE 67 {"Undefined index: HTTP_SIGN":8} []
[2016-07-05 14:59:05] error.ERROR: 8 IN FILE /Users/zhouhong/xianrou/yaframe/library/Http/BasicRequest.php ON LINE 68 {"Undefined index: HTTP_VERSION":8} []
[2016-07-05 14:59:05] error.ERROR: 8 IN FILE /Users/zhouhong/xianrou/yaframe/library/Http/BasicRequest.php ON LINE 69 {"Undefined index: HTTP_TIMESTAMP":8} []
[2016-07-05 14:59:05] error.ERROR: 8 IN FILE /Users/zhouhong/xianrou/yaframe/application/modules/Coffer/controllers/Order.php ON LINE 554 {"Undefined index: message":8} []
[2016-07-05 14:59:05] error.ERROR: 2 IN FILE /Users/zhouhong/xianrou/yaframe/application/models/Warehouse/ProductInfoData.php ON LINE 446 {"Declaration of Warehouse\\ProductInfoDataModel::getData($params) should be compatible with Common\\BaseModel::getData($params = Array, $columns = Array, $order = Array, $toArray = true)":2} []
[2016-07-05 14:59:05] error.ERROR: 8 IN FILE /Users/zhouhong/xianrou/yaframe/application/modules/Coffer/controllers/Order.php ON LINE 556 {"Undefined index: product_id":8} []
[2016-07-05 14:59:05] error.ERROR: 8 IN FILE /Users/zhouhong/xianrou/yaframe/library/Sphinx/SphinxClient.php ON LINE 195 {"Undefined property: Sphinx\\SphinxClient::$_socket":8} []
[2016-07-05 14:59:05] error.ERROR: 8 IN FILE /Users/zhouhong/xianrou/yaframe/library/Sphinx/SphinxClient.php ON LINE 196 {"Undefined property: Sphinx\\SphinxClient::$_socket":8} []
[2016-07-05 14:59:05] error.ERROR: 2 IN FILE /Users/zhouhong/xianrou/yaframe/library/Sphinx/SphinxClient.php ON LINE 196 {"fclose() expects parameter 1 to be resource, null given":2} []
