[2016-06-23 15:00:03] error.WARNING: 8 IN FILE /Users/zhouhong/xianrou/yaframe/library/Http/BasicRequest.php ON LINE 66 {"Undefined index: HTTP_TOKEN":8} []
[2016-06-23 15:00:03] error.ERROR: 8 IN FILE /Users/zhouhong/xianrou/yaframe/library/Http/BasicRequest.php ON LINE 66 {"Undefined index: HTTP_TOKEN":8} []
[2016-06-23 15:00:03] error.WARNING: 8 IN FILE /Users/zhouhong/xianrou/yaframe/library/Http/BasicRequest.php ON LINE 67 {"Undefined index: HTTP_SIGN":8} []
[2016-06-23 15:00:03] error.ERROR: 8 IN FILE /Users/zhouhong/xianrou/yaframe/library/Http/BasicRequest.php ON LINE 67 {"Undefined index: HTTP_SIGN":8} []
[2016-06-23 15:00:03] error.WARNING: 8 IN FILE /Users/zhouhong/xianrou/yaframe/library/Http/BasicRequest.php ON LINE 68 {"Undefined index: HTTP_VERSION":8} []
[2016-06-23 15:00:03] error.ERROR: 8 IN FILE /Users/zhouhong/xianrou/yaframe/library/Http/BasicRequest.php ON LINE 68 {"Undefined index: HTTP_VERSION":8} []
[2016-06-23 15:00:03] error.WARNING: 8 IN FILE /Users/zhouhong/xianrou/yaframe/library/Http/BasicRequest.php ON LINE 69 {"Undefined index: HTTP_TIMESTAMP":8} []
[2016-06-23 15:00:03] error.ERROR: 8 IN FILE /Users/zhouhong/xianrou/yaframe/library/Http/BasicRequest.php ON LINE 69 {"Undefined index: HTTP_TIMESTAMP":8} []
[2016-06-23 15:00:04] error.WARNING: 8 IN FILE /Users/zhouhong/xianrou/yaframe/application/models/Core/CommonRegion.php ON LINE 22 {"Undefined variable: name":8} []
[2016-06-23 15:00:04] error.ERROR: 8 IN FILE /Users/zhouhong/xianrou/yaframe/application/models/Core/CommonRegion.php ON LINE 22 {"Undefined variable: name":8} []
[2016-06-23 15:00:04] error.WARNING: 2 IN FILE /Users/zhouhong/xianrou/yaframe/application/models/Account/AccountData.php ON LINE 67 {"array_intersect_key(): Argument #2 is not an array":2} []
[2016-06-23 15:00:04] error.ERROR: 2 IN FILE /Users/zhouhong/xianrou/yaframe/application/models/Account/AccountData.php ON LINE 67 {"array_intersect_key(): Argument #2 is not an array":2} []
[2016-06-23 15:00:04] error.WARNING: 2 IN FILE /Users/zhouhong/xianrou/yaframe/application/models/Account/AccountData.php ON LINE 68 {"array_merge(): Argument #1 is not an array":2} []
[2016-06-23 15:00:04] error.ERROR: 2 IN FILE /Users/zhouhong/xianrou/yaframe/application/models/Account/AccountData.php ON LINE 68 {"array_merge(): Argument #1 is not an array":2} []
[2016-06-23 15:00:04] error.WARNING: 2 IN FILE /Users/zhouhong/xianrou/yaframe/application/models/Account/UserBlack.php ON LINE 81 {"array_filter() expects parameter 1 to be array, null given":2} []
[2016-06-23 15:00:04] error.ERROR: 2 IN FILE /Users/zhouhong/xianrou/yaframe/application/models/Account/UserBlack.php ON LINE 81 {"array_filter() expects parameter 1 to be array, null given":2} []
[2016-06-23 15:00:04] error.WARNING: 2 IN FILE /Users/zhouhong/xianrou/yaframe/application/models/Account/UserBlack.php ON LINE 82 {"array_merge(): Argument #1 is not an array":2} []
[2016-06-23 15:00:04] error.ERROR: 2 IN FILE /Users/zhouhong/xianrou/yaframe/application/models/Account/UserBlack.php ON LINE 82 {"array_merge(): Argument #1 is not an array":2} []
[2016-06-23 15:00:04] error.WARNING: 2 IN FILE /Users/zhouhong/xianrou/yaframe/application/models/Account/UserBlack.php ON LINE 88 {"Invalid argument supplied for foreach()":2} []
[2016-06-23 15:00:04] error.ERROR: 2 IN FILE /Users/zhouhong/xianrou/yaframe/application/models/Account/UserBlack.php ON LINE 88 {"Invalid argument supplied for foreach()":2} []
[2016-06-23 15:00:39] error.WARNING: 8 IN FILE /Users/zhouhong/xianrou/yaframe/library/Http/BasicRequest.php ON LINE 66 {"Undefined index: HTTP_TOKEN":8} []
[2016-06-23 15:00:39] error.ERROR: 8 IN FILE /Users/zhouhong/xianrou/yaframe/library/Http/BasicRequest.php ON LINE 66 {"Undefined index: HTTP_TOKEN":8} []
[2016-06-23 15:00:39] error.WARNING: 8 IN FILE /Users/zhouhong/xianrou/yaframe/library/Http/BasicRequest.php ON LINE 67 {"Undefined index: HTTP_SIGN":8} []
[2016-06-23 15:00:39] error.ERROR: 8 IN FILE /Users/zhouhong/xianrou/yaframe/library/Http/BasicRequest.php ON LINE 67 {"Undefined index: HTTP_SIGN":8} []
[2016-06-23 15:00:39] error.WARNING: 8 IN FILE /Users/zhouhong/xianrou/yaframe/library/Http/BasicRequest.php ON LINE 68 {"Undefined index: HTTP_VERSION":8} []
[2016-06-23 15:00:39] error.ERROR: 8 IN FILE /Users/zhouhong/xianrou/yaframe/library/Http/BasicRequest.php ON LINE 68 {"Undefined index: HTTP_VERSION":8} []
[2016-06-23 15:00:39] error.WARNING: 8 IN FILE /Users/zhouhong/xianrou/yaframe/library/Http/BasicRequest.php ON LINE 69 {"Undefined index: HTTP_TIMESTAMP":8} []
[2016-06-23 15:00:39] error.ERROR: 8 IN FILE /Users/zhouhong/xianrou/yaframe/library/Http/BasicRequest.php ON LINE 69 {"Undefined index: HTTP_TIMESTAMP":8} []
[2016-06-23 15:00:39] error.WARNING: 8 IN FILE /Users/zhouhong/xianrou/yaframe/application/models/Core/CommonRegion.php ON LINE 22 {"Undefined variable: name":8} []
[2016-06-23 15:00:39] error.ERROR: 8 IN FILE /Users/zhouhong/xianrou/yaframe/application/models/Core/CommonRegion.php ON LINE 22 {"Undefined variable: name":8} []
[2016-06-23 15:00:39] error.WARNING: 2 IN FILE /Users/zhouhong/xianrou/yaframe/application/models/Account/AccountData.php ON LINE 67 {"array_intersect_key(): Argument #2 is not an array":2} []
[2016-06-23 15:00:39] error.ERROR: 2 IN FILE /Users/zhouhong/xianrou/yaframe/application/models/Account/AccountData.php ON LINE 67 {"array_intersect_key(): Argument #2 is not an array":2} []
[2016-06-23 15:00:39] error.WARNING: 2 IN FILE /Users/zhouhong/xianrou/yaframe/application/models/Account/AccountData.php ON LINE 68 {"array_merge(): Argument #1 is not an array":2} []
[2016-06-23 15:00:39] error.ERROR: 2 IN FILE /Users/zhouhong/xianrou/yaframe/application/models/Account/AccountData.php ON LINE 68 {"array_merge(): Argument #1 is not an array":2} []
[2016-06-23 15:00:39] error.WARNING: 2 IN FILE /Users/zhouhong/xianrou/yaframe/application/models/Account/UserBlack.php ON LINE 81 {"array_filter() expects parameter 1 to be array, null given":2} []
[2016-06-23 15:00:39] error.ERROR: 2 IN FILE /Users/zhouhong/xianrou/yaframe/application/models/Account/UserBlack.php ON LINE 81 {"array_filter() expects parameter 1 to be array, null given":2} []
[2016-06-23 15:00:39] error.WARNING: 2 IN FILE /Users/zhouhong/xianrou/yaframe/application/models/Account/UserBlack.php ON LINE 82 {"array_merge(): Argument #1 is not an array":2} []
[2016-06-23 15:00:39] error.ERROR: 2 IN FILE /Users/zhouhong/xianrou/yaframe/application/models/Account/UserBlack.php ON LINE 82 {"array_merge(): Argument #1 is not an array":2} []
[2016-06-23 15:00:39] error.WARNING: 2 IN FILE /Users/zhouhong/xianrou/yaframe/application/models/Account/UserBlack.php ON LINE 88 {"Invalid argument supplied for foreach()":2} []
[2016-06-23 15:00:39] error.ERROR: 2 IN FILE /Users/zhouhong/xianrou/yaframe/application/models/Account/UserBlack.php ON LINE 88 {"Invalid argument supplied for foreach()":2} []
[2016-06-23 15:00:39] error.WARNING: 2 IN FILE /Users/zhouhong/xianrou/yaframe/library/Http/BasicResponse.php ON LINE 84 {"Cannot modify header information - headers already sent by (output started at /Users/zhouhong/xianrou/yaframe/application/modules/User/controllers/Addupdateuserblack.php:21)":2} []
[2016-06-23 15:00:39] error.ERROR: 2 IN FILE /Users/zhouhong/xianrou/yaframe/library/Http/BasicResponse.php ON LINE 84 {"Cannot modify header information - headers already sent by (output started at /Users/zhouhong/xianrou/yaframe/application/modules/User/controllers/Addupdateuserblack.php:21)":2} []
[2016-06-23 15:36:00] error.WARNING: 8 IN FILE /Users/zhouhong/xianrou/yaframe/library/Http/BasicRequest.php ON LINE 66 {"Undefined index: HTTP_TOKEN":8} []
[2016-06-23 15:36:00] error.ERROR: 8 IN FILE /Users/zhouhong/xianrou/yaframe/library/Http/BasicRequest.php ON LINE 66 {"Undefined index: HTTP_TOKEN":8} []
[2016-06-23 15:36:00] error.WARNING: 8 IN FILE /Users/zhouhong/xianrou/yaframe/library/Http/BasicRequest.php ON LINE 67 {"Undefined index: HTTP_SIGN":8} []
[2016-06-23 15:36:00] error.ERROR: 8 IN FILE /Users/zhouhong/xianrou/yaframe/library/Http/BasicRequest.php ON LINE 67 {"Undefined index: HTTP_SIGN":8} []
[2016-06-23 15:36:00] error.WARNING: 8 IN FILE /Users/zhouhong/xianrou/yaframe/library/Http/BasicRequest.php ON LINE 68 {"Undefined index: HTTP_VERSION":8} []
[2016-06-23 15:36:00] error.ERROR: 8 IN FILE /Users/zhouhong/xianrou/yaframe/library/Http/BasicRequest.php ON LINE 68 {"Undefined index: HTTP_VERSION":8} []
[2016-06-23 15:36:00] error.WARNING: 8 IN FILE /Users/zhouhong/xianrou/yaframe/library/Http/BasicRequest.php ON LINE 69 {"Undefined index: HTTP_TIMESTAMP":8} []
[2016-06-23 15:36:00] error.ERROR: 8 IN FILE /Users/zhouhong/xianrou/yaframe/library/Http/BasicRequest.php ON LINE 69 {"Undefined index: HTTP_TIMESTAMP":8} []
[2016-06-23 15:36:00] error.WARNING: 8 IN FILE /Users/zhouhong/xianrou/yaframe/application/models/Core/CommonRegion.php ON LINE 22 {"Undefined variable: name":8} []
[2016-06-23 15:36:00] error.ERROR: 8 IN FILE /Users/zhouhong/xianrou/yaframe/application/models/Core/CommonRegion.php ON LINE 22 {"Undefined variable: name":8} []
[2016-06-23 15:36:00] error.WARNING: 2 IN FILE /Users/zhouhong/xianrou/yaframe/application/models/Account/AccountData.php ON LINE 67 {"array_intersect_key(): Argument #2 is not an array":2} []
[2016-06-23 15:36:00] error.ERROR: 2 IN FILE /Users/zhouhong/xianrou/yaframe/application/models/Account/AccountData.php ON LINE 67 {"array_intersect_key(): Argument #2 is not an array":2} []
[2016-06-23 15:36:00] error.WARNING: 2 IN FILE /Users/zhouhong/xianrou/yaframe/application/models/Account/AccountData.php ON LINE 68 {"array_merge(): Argument #1 is not an array":2} []
[2016-06-23 15:36:00] error.ERROR: 2 IN FILE /Users/zhouhong/xianrou/yaframe/application/models/Account/AccountData.php ON LINE 68 {"array_merge(): Argument #1 is not an array":2} []
[2016-06-23 15:36:08] error.WARNING: 8 IN FILE /Users/zhouhong/xianrou/yaframe/library/Http/BasicRequest.php ON LINE 66 {"Undefined index: HTTP_TOKEN":8} []
[2016-06-23 15:36:08] error.ERROR: 8 IN FILE /Users/zhouhong/xianrou/yaframe/library/Http/BasicRequest.php ON LINE 66 {"Undefined index: HTTP_TOKEN":8} []
[2016-06-23 15:36:08] error.WARNING: 8 IN FILE /Users/zhouhong/xianrou/yaframe/library/Http/BasicRequest.php ON LINE 67 {"Undefined index: HTTP_SIGN":8} []
[2016-06-23 15:36:08] error.ERROR: 8 IN FILE /Users/zhouhong/xianrou/yaframe/library/Http/BasicRequest.php ON LINE 67 {"Undefined index: HTTP_SIGN":8} []
[2016-06-23 15:36:08] error.WARNING: 8 IN FILE /Users/zhouhong/xianrou/yaframe/library/Http/BasicRequest.php ON LINE 68 {"Undefined index: HTTP_VERSION":8} []
[2016-06-23 15:36:08] error.ERROR: 8 IN FILE /Users/zhouhong/xianrou/yaframe/library/Http/BasicRequest.php ON LINE 68 {"Undefined index: HTTP_VERSION":8} []
[2016-06-23 15:36:08] error.WARNING: 8 IN FILE /Users/zhouhong/xianrou/yaframe/library/Http/BasicRequest.php ON LINE 69 {"Undefined index: HTTP_TIMESTAMP":8} []
[2016-06-23 15:36:08] error.ERROR: 8 IN FILE /Users/zhouhong/xianrou/yaframe/library/Http/BasicRequest.php ON LINE 69 {"Undefined index: HTTP_TIMESTAMP":8} []
[2016-06-23 15:36:08] error.WARNING: 8 IN FILE /Users/zhouhong/xianrou/yaframe/application/models/Core/CommonRegion.php ON LINE 22 {"Undefined variable: name":8} []
[2016-06-23 15:36:08] error.ERROR: 8 IN FILE /Users/zhouhong/xianrou/yaframe/application/models/Core/CommonRegion.php ON LINE 22 {"Undefined variable: name":8} []
[2016-06-23 15:36:08] error.WARNING: 2 IN FILE /Users/zhouhong/xianrou/yaframe/application/models/Account/AccountData.php ON LINE 67 {"array_intersect_key(): Argument #2 is not an array":2} []
[2016-06-23 15:36:08] error.ERROR: 2 IN FILE /Users/zhouhong/xianrou/yaframe/application/models/Account/AccountData.php ON LINE 67 {"array_intersect_key(): Argument #2 is not an array":2} []
[2016-06-23 15:36:08] error.WARNING: 2 IN FILE /Users/zhouhong/xianrou/yaframe/application/models/Account/AccountData.php ON LINE 68 {"array_merge(): Argument #1 is not an array":2} []
[2016-06-23 15:36:08] error.ERROR: 2 IN FILE /Users/zhouhong/xianrou/yaframe/application/models/Account/AccountData.php ON LINE 68 {"array_merge(): Argument #1 is not an array":2} []
[2016-06-23 15:36:13] error.WARNING: 8 IN FILE /Users/zhouhong/xianrou/yaframe/library/Http/BasicRequest.php ON LINE 66 {"Undefined index: HTTP_TOKEN":8} []
[2016-06-23 15:36:13] error.ERROR: 8 IN FILE /Users/zhouhong/xianrou/yaframe/library/Http/BasicRequest.php ON LINE 66 {"Undefined index: HTTP_TOKEN":8} []
[2016-06-23 15:36:13] error.WARNING: 8 IN FILE /Users/zhouhong/xianrou/yaframe/library/Http/BasicRequest.php ON LINE 67 {"Undefined index: HTTP_SIGN":8} []
[2016-06-23 15:36:13] error.ERROR: 8 IN FILE /Users/zhouhong/xianrou/yaframe/library/Http/BasicRequest.php ON LINE 67 {"Undefined index: HTTP_SIGN":8} []
[2016-06-23 15:36:13] error.WARNING: 8 IN FILE /Users/zhouhong/xianrou/yaframe/library/Http/BasicRequest.php ON LINE 68 {"Undefined index: HTTP_VERSION":8} []
[2016-06-23 15:36:13] error.ERROR: 8 IN FILE /Users/zhouhong/xianrou/yaframe/library/Http/BasicRequest.php ON LINE 68 {"Undefined index: HTTP_VERSION":8} []
[2016-06-23 15:36:13] error.WARNING: 8 IN FILE /Users/zhouhong/xianrou/yaframe/library/Http/BasicRequest.php ON LINE 69 {"Undefined index: HTTP_TIMESTAMP":8} []
[2016-06-23 15:36:13] error.ERROR: 8 IN FILE /Users/zhouhong/xianrou/yaframe/library/Http/BasicRequest.php ON LINE 69 {"Undefined index: HTTP_TIMESTAMP":8} []
[2016-06-23 15:36:13] error.WARNING: 8 IN FILE /Users/zhouhong/xianrou/yaframe/application/models/Core/CommonRegion.php ON LINE 22 {"Undefined variable: name":8} []
[2016-06-23 15:36:13] error.ERROR: 8 IN FILE /Users/zhouhong/xianrou/yaframe/application/models/Core/CommonRegion.php ON LINE 22 {"Undefined variable: name":8} []
[2016-06-23 15:36:13] error.WARNING: 2 IN FILE /Users/zhouhong/xianrou/yaframe/application/models/Account/AccountData.php ON LINE 67 {"array_intersect_key(): Argument #2 is not an array":2} []
[2016-06-23 15:36:13] error.ERROR: 2 IN FILE /Users/zhouhong/xianrou/yaframe/application/models/Account/AccountData.php ON LINE 67 {"array_intersect_key(): Argument #2 is not an array":2} []
[2016-06-23 15:36:13] error.WARNING: 2 IN FILE /Users/zhouhong/xianrou/yaframe/application/models/Account/AccountData.php ON LINE 68 {"array_merge(): Argument #1 is not an array":2} []
[2016-06-23 15:36:13] error.ERROR: 2 IN FILE /Users/zhouhong/xianrou/yaframe/application/models/Account/AccountData.php ON LINE 68 {"array_merge(): Argument #1 is not an array":2} []
[2016-06-23 15:36:36] error.WARNING: 8 IN FILE /Users/zhouhong/xianrou/yaframe/library/Http/BasicRequest.php ON LINE 66 {"Undefined index: HTTP_TOKEN":8} []
[2016-06-23 15:36:36] error.ERROR: 8 IN FILE /Users/zhouhong/xianrou/yaframe/library/Http/BasicRequest.php ON LINE 66 {"Undefined index: HTTP_TOKEN":8} []
[2016-06-23 15:36:36] error.WARNING: 8 IN FILE /Users/zhouhong/xianrou/yaframe/library/Http/BasicRequest.php ON LINE 67 {"Undefined index: HTTP_SIGN":8} []
[2016-06-23 15:36:36] error.ERROR: 8 IN FILE /Users/zhouhong/xianrou/yaframe/library/Http/BasicRequest.php ON LINE 67 {"Undefined index: HTTP_SIGN":8} []
[2016-06-23 15:36:36] error.WARNING: 8 IN FILE /Users/zhouhong/xianrou/yaframe/library/Http/BasicRequest.php ON LINE 68 {"Undefined index: HTTP_VERSION":8} []
[2016-06-23 15:36:36] error.ERROR: 8 IN FILE /Users/zhouhong/xianrou/yaframe/library/Http/BasicRequest.php ON LINE 68 {"Undefined index: HTTP_VERSION":8} []
[2016-06-23 15:36:36] error.WARNING: 8 IN FILE /Users/zhouhong/xianrou/yaframe/library/Http/BasicRequest.php ON LINE 69 {"Undefined index: HTTP_TIMESTAMP":8} []
[2016-06-23 15:36:36] error.ERROR: 8 IN FILE /Users/zhouhong/xianrou/yaframe/library/Http/BasicRequest.php ON LINE 69 {"Undefined index: HTTP_TIMESTAMP":8} []
[2016-06-23 15:36:36] error.WARNING: 8 IN FILE /Users/zhouhong/xianrou/yaframe/application/models/Core/CommonRegion.php ON LINE 22 {"Undefined variable: name":8} []
[2016-06-23 15:36:36] error.ERROR: 8 IN FILE /Users/zhouhong/xianrou/yaframe/application/models/Core/CommonRegion.php ON LINE 22 {"Undefined variable: name":8} []
[2016-06-23 15:36:36] error.WARNING: 2 IN FILE /Users/zhouhong/xianrou/yaframe/application/models/Account/AccountData.php ON LINE 67 {"array_intersect_key(): Argument #2 is not an array":2} []
[2016-06-23 15:36:36] error.ERROR: 2 IN FILE /Users/zhouhong/xianrou/yaframe/application/models/Account/AccountData.php ON LINE 67 {"array_intersect_key(): Argument #2 is not an array":2} []
[2016-06-23 15:36:36] error.WARNING: 2 IN FILE /Users/zhouhong/xianrou/yaframe/application/models/Account/AccountData.php ON LINE 68 {"array_merge(): Argument #1 is not an array":2} []
[2016-06-23 15:36:36] error.ERROR: 2 IN FILE /Users/zhouhong/xianrou/yaframe/application/models/Account/AccountData.php ON LINE 68 {"array_merge(): Argument #1 is not an array":2} []
[2016-06-23 15:36:51] error.WARNING: 8 IN FILE /Users/zhouhong/xianrou/yaframe/library/Http/BasicRequest.php ON LINE 66 {"Undefined index: HTTP_TOKEN":8} []
[2016-06-23 15:36:51] error.ERROR: 8 IN FILE /Users/zhouhong/xianrou/yaframe/library/Http/BasicRequest.php ON LINE 66 {"Undefined index: HTTP_TOKEN":8} []
[2016-06-23 15:36:51] error.WARNING: 8 IN FILE /Users/zhouhong/xianrou/yaframe/library/Http/BasicRequest.php ON LINE 67 {"Undefined index: HTTP_SIGN":8} []
[2016-06-23 15:36:51] error.ERROR: 8 IN FILE /Users/zhouhong/xianrou/yaframe/library/Http/BasicRequest.php ON LINE 67 {"Undefined index: HTTP_SIGN":8} []
[2016-06-23 15:36:51] error.WARNING: 8 IN FILE /Users/zhouhong/xianrou/yaframe/library/Http/BasicRequest.php ON LINE 68 {"Undefined index: HTTP_VERSION":8} []
[2016-06-23 15:36:51] error.ERROR: 8 IN FILE /Users/zhouhong/xianrou/yaframe/library/Http/BasicRequest.php ON LINE 68 {"Undefined index: HTTP_VERSION":8} []
[2016-06-23 15:36:51] error.WARNING: 8 IN FILE /Users/zhouhong/xianrou/yaframe/library/Http/BasicRequest.php ON LINE 69 {"Undefined index: HTTP_TIMESTAMP":8} []
[2016-06-23 15:36:51] error.ERROR: 8 IN FILE /Users/zhouhong/xianrou/yaframe/library/Http/BasicRequest.php ON LINE 69 {"Undefined index: HTTP_TIMESTAMP":8} []
[2016-06-23 15:36:51] error.WARNING: 8 IN FILE /Users/zhouhong/xianrou/yaframe/application/models/Core/CommonRegion.php ON LINE 22 {"Undefined variable: name":8} []
[2016-06-23 15:36:51] error.ERROR: 8 IN FILE /Users/zhouhong/xianrou/yaframe/application/models/Core/CommonRegion.php ON LINE 22 {"Undefined variable: name":8} []
[2016-06-23 15:36:51] error.WARNING: 2 IN FILE /Users/zhouhong/xianrou/yaframe/application/models/Account/AccountData.php ON LINE 67 {"array_intersect_key(): Argument #2 is not an array":2} []
[2016-06-23 15:36:51] error.ERROR: 2 IN FILE /Users/zhouhong/xianrou/yaframe/application/models/Account/AccountData.php ON LINE 67 {"array_intersect_key(): Argument #2 is not an array":2} []
[2016-06-23 15:36:51] error.WARNING: 2 IN FILE /Users/zhouhong/xianrou/yaframe/application/models/Account/AccountData.php ON LINE 68 {"array_merge(): Argument #1 is not an array":2} []
[2016-06-23 15:36:51] error.ERROR: 2 IN FILE /Users/zhouhong/xianrou/yaframe/application/models/Account/AccountData.php ON LINE 68 {"array_merge(): Argument #1 is not an array":2} []
[2016-06-23 15:37:41] error.WARNING: 8 IN FILE /Users/zhouhong/xianrou/yaframe/library/Http/BasicRequest.php ON LINE 66 {"Undefined index: HTTP_TOKEN":8} []
[2016-06-23 15:37:41] error.ERROR: 8 IN FILE /Users/zhouhong/xianrou/yaframe/library/Http/BasicRequest.php ON LINE 66 {"Undefined index: HTTP_TOKEN":8} []
[2016-06-23 15:37:41] error.WARNING: 8 IN FILE /Users/zhouhong/xianrou/yaframe/library/Http/BasicRequest.php ON LINE 67 {"Undefined index: HTTP_SIGN":8} []
[2016-06-23 15:37:41] error.ERROR: 8 IN FILE /Users/zhouhong/xianrou/yaframe/library/Http/BasicRequest.php ON LINE 67 {"Undefined index: HTTP_SIGN":8} []
[2016-06-23 15:37:41] error.WARNING: 8 IN FILE /Users/zhouhong/xianrou/yaframe/library/Http/BasicRequest.php ON LINE 68 {"Undefined index: HTTP_VERSION":8} []
[2016-06-23 15:37:41] error.ERROR: 8 IN FILE /Users/zhouhong/xianrou/yaframe/library/Http/BasicRequest.php ON LINE 68 {"Undefined index: HTTP_VERSION":8} []
[2016-06-23 15:37:41] error.WARNING: 8 IN FILE /Users/zhouhong/xianrou/yaframe/library/Http/BasicRequest.php ON LINE 69 {"Undefined index: HTTP_TIMESTAMP":8} []
[2016-06-23 15:37:41] error.ERROR: 8 IN FILE /Users/zhouhong/xianrou/yaframe/library/Http/BasicRequest.php ON LINE 69 {"Undefined index: HTTP_TIMESTAMP":8} []
[2016-06-23 15:37:41] error.WARNING: 8 IN FILE /Users/zhouhong/xianrou/yaframe/application/models/Core/CommonRegion.php ON LINE 22 {"Undefined variable: name":8} []
[2016-06-23 15:37:41] error.ERROR: 8 IN FILE /Users/zhouhong/xianrou/yaframe/application/models/Core/CommonRegion.php ON LINE 22 {"Undefined variable: name":8} []
[2016-06-23 15:37:41] error.WARNING: 2 IN FILE /Users/zhouhong/xianrou/yaframe/application/models/Account/AccountData.php ON LINE 67 {"array_intersect_key(): Argument #2 is not an array":2} []
[2016-06-23 15:37:41] error.ERROR: 2 IN FILE /Users/zhouhong/xianrou/yaframe/application/models/Account/AccountData.php ON LINE 67 {"array_intersect_key(): Argument #2 is not an array":2} []
[2016-06-23 15:37:41] error.WARNING: 2 IN FILE /Users/zhouhong/xianrou/yaframe/application/models/Account/AccountData.php ON LINE 68 {"array_merge(): Argument #1 is not an array":2} []
[2016-06-23 15:37:41] error.ERROR: 2 IN FILE /Users/zhouhong/xianrou/yaframe/application/models/Account/AccountData.php ON LINE 68 {"array_merge(): Argument #1 is not an array":2} []
[2016-06-23 15:37:56] error.WARNING: 8 IN FILE /Users/zhouhong/xianrou/yaframe/library/Http/BasicRequest.php ON LINE 66 {"Undefined index: HTTP_TOKEN":8} []
[2016-06-23 15:37:56] error.ERROR: 8 IN FILE /Users/zhouhong/xianrou/yaframe/library/Http/BasicRequest.php ON LINE 66 {"Undefined index: HTTP_TOKEN":8} []
[2016-06-23 15:37:56] error.WARNING: 8 IN FILE /Users/zhouhong/xianrou/yaframe/library/Http/BasicRequest.php ON LINE 67 {"Undefined index: HTTP_SIGN":8} []
[2016-06-23 15:37:56] error.ERROR: 8 IN FILE /Users/zhouhong/xianrou/yaframe/library/Http/BasicRequest.php ON LINE 67 {"Undefined index: HTTP_SIGN":8} []
[2016-06-23 15:37:56] error.WARNING: 8 IN FILE /Users/zhouhong/xianrou/yaframe/library/Http/BasicRequest.php ON LINE 68 {"Undefined index: HTTP_VERSION":8} []
[2016-06-23 15:37:56] error.ERROR: 8 IN FILE /Users/zhouhong/xianrou/yaframe/library/Http/BasicRequest.php ON LINE 68 {"Undefined index: HTTP_VERSION":8} []
[2016-06-23 15:37:56] error.WARNING: 8 IN FILE /Users/zhouhong/xianrou/yaframe/library/Http/BasicRequest.php ON LINE 69 {"Undefined index: HTTP_TIMESTAMP":8} []
[2016-06-23 15:37:56] error.ERROR: 8 IN FILE /Users/zhouhong/xianrou/yaframe/library/Http/BasicRequest.php ON LINE 69 {"Undefined index: HTTP_TIMESTAMP":8} []
[2016-06-23 15:37:56] error.WARNING: 8 IN FILE /Users/zhouhong/xianrou/yaframe/application/models/Core/CommonRegion.php ON LINE 22 {"Undefined variable: name":8} []
[2016-06-23 15:37:56] error.ERROR: 8 IN FILE /Users/zhouhong/xianrou/yaframe/application/models/Core/CommonRegion.php ON LINE 22 {"Undefined variable: name":8} []
[2016-06-23 15:37:56] error.WARNING: 2 IN FILE /Users/zhouhong/xianrou/yaframe/application/models/Account/AccountData.php ON LINE 67 {"array_intersect_key(): Argument #2 is not an array":2} []
[2016-06-23 15:37:56] error.ERROR: 2 IN FILE /Users/zhouhong/xianrou/yaframe/application/models/Account/AccountData.php ON LINE 67 {"array_intersect_key(): Argument #2 is not an array":2} []
[2016-06-23 15:37:56] error.WARNING: 2 IN FILE /Users/zhouhong/xianrou/yaframe/application/models/Account/AccountData.php ON LINE 68 {"array_merge(): Argument #1 is not an array":2} []
[2016-06-23 15:37:56] error.ERROR: 2 IN FILE /Users/zhouhong/xianrou/yaframe/application/models/Account/AccountData.php ON LINE 68 {"array_merge(): Argument #1 is not an array":2} []
[2016-06-23 15:37:59] error.WARNING: 8 IN FILE /Users/zhouhong/xianrou/yaframe/library/Http/BasicRequest.php ON LINE 66 {"Undefined index: HTTP_TOKEN":8} []
[2016-06-23 15:37:59] error.ERROR: 8 IN FILE /Users/zhouhong/xianrou/yaframe/library/Http/BasicRequest.php ON LINE 66 {"Undefined index: HTTP_TOKEN":8} []
[2016-06-23 15:37:59] error.WARNING: 8 IN FILE /Users/zhouhong/xianrou/yaframe/library/Http/BasicRequest.php ON LINE 67 {"Undefined index: HTTP_SIGN":8} []
[2016-06-23 15:37:59] error.ERROR: 8 IN FILE /Users/zhouhong/xianrou/yaframe/library/Http/BasicRequest.php ON LINE 67 {"Undefined index: HTTP_SIGN":8} []
[2016-06-23 15:37:59] error.WARNING: 8 IN FILE /Users/zhouhong/xianrou/yaframe/library/Http/BasicRequest.php ON LINE 68 {"Undefined index: HTTP_VERSION":8} []
[2016-06-23 15:37:59] error.ERROR: 8 IN FILE /Users/zhouhong/xianrou/yaframe/library/Http/BasicRequest.php ON LINE 68 {"Undefined index: HTTP_VERSION":8} []
[2016-06-23 15:37:59] error.WARNING: 8 IN FILE /Users/zhouhong/xianrou/yaframe/library/Http/BasicRequest.php ON LINE 69 {"Undefined index: HTTP_TIMESTAMP":8} []
[2016-06-23 15:37:59] error.ERROR: 8 IN FILE /Users/zhouhong/xianrou/yaframe/library/Http/BasicRequest.php ON LINE 69 {"Undefined index: HTTP_TIMESTAMP":8} []
[2016-06-23 15:37:59] error.WARNING: 8 IN FILE /Users/zhouhong/xianrou/yaframe/application/models/Core/CommonRegion.php ON LINE 22 {"Undefined variable: name":8} []
[2016-06-23 15:37:59] error.ERROR: 8 IN FILE /Users/zhouhong/xianrou/yaframe/application/models/Core/CommonRegion.php ON LINE 22 {"Undefined variable: name":8} []
[2016-06-23 15:37:59] error.WARNING: 2 IN FILE /Users/zhouhong/xianrou/yaframe/application/models/Account/AccountData.php ON LINE 67 {"array_intersect_key(): Argument #2 is not an array":2} []
[2016-06-23 15:37:59] error.ERROR: 2 IN FILE /Users/zhouhong/xianrou/yaframe/application/models/Account/AccountData.php ON LINE 67 {"array_intersect_key(): Argument #2 is not an array":2} []
[2016-06-23 15:37:59] error.WARNING: 2 IN FILE /Users/zhouhong/xianrou/yaframe/application/models/Account/AccountData.php ON LINE 68 {"array_merge(): Argument #1 is not an array":2} []
[2016-06-23 15:37:59] error.ERROR: 2 IN FILE /Users/zhouhong/xianrou/yaframe/application/models/Account/AccountData.php ON LINE 68 {"array_merge(): Argument #1 is not an array":2} []
[2016-06-23 15:38:19] error.WARNING: 8 IN FILE /Users/zhouhong/xianrou/yaframe/library/Http/BasicRequest.php ON LINE 66 {"Undefined index: HTTP_TOKEN":8} []
[2016-06-23 15:38:19] error.ERROR: 8 IN FILE /Users/zhouhong/xianrou/yaframe/library/Http/BasicRequest.php ON LINE 66 {"Undefined index: HTTP_TOKEN":8} []
[2016-06-23 15:38:19] error.WARNING: 8 IN FILE /Users/zhouhong/xianrou/yaframe/library/Http/BasicRequest.php ON LINE 67 {"Undefined index: HTTP_SIGN":8} []
[2016-06-23 15:38:19] error.ERROR: 8 IN FILE /Users/zhouhong/xianrou/yaframe/library/Http/BasicRequest.php ON LINE 67 {"Undefined index: HTTP_SIGN":8} []
[2016-06-23 15:38:19] error.WARNING: 8 IN FILE /Users/zhouhong/xianrou/yaframe/library/Http/BasicRequest.php ON LINE 68 {"Undefined index: HTTP_VERSION":8} []
[2016-06-23 15:38:19] error.ERROR: 8 IN FILE /Users/zhouhong/xianrou/yaframe/library/Http/BasicRequest.php ON LINE 68 {"Undefined index: HTTP_VERSION":8} []
[2016-06-23 15:38:19] error.WARNING: 8 IN FILE /Users/zhouhong/xianrou/yaframe/library/Http/BasicRequest.php ON LINE 69 {"Undefined index: HTTP_TIMESTAMP":8} []
[2016-06-23 15:38:19] error.ERROR: 8 IN FILE /Users/zhouhong/xianrou/yaframe/library/Http/BasicRequest.php ON LINE 69 {"Undefined index: HTTP_TIMESTAMP":8} []
[2016-06-23 15:38:19] error.WARNING: 8 IN FILE /Users/zhouhong/xianrou/yaframe/application/models/Core/CommonRegion.php ON LINE 22 {"Undefined variable: name":8} []
[2016-06-23 15:38:19] error.ERROR: 8 IN FILE /Users/zhouhong/xianrou/yaframe/application/models/Core/CommonRegion.php ON LINE 22 {"Undefined variable: name":8} []
[2016-06-23 15:38:19] error.WARNING: 2 IN FILE /Users/zhouhong/xianrou/yaframe/application/models/Account/AccountData.php ON LINE 67 {"array_intersect_key(): Argument #2 is not an array":2} []
[2016-06-23 15:38:19] error.ERROR: 2 IN FILE /Users/zhouhong/xianrou/yaframe/application/models/Account/AccountData.php ON LINE 67 {"array_intersect_key(): Argument #2 is not an array":2} []
[2016-06-23 15:38:19] error.WARNING: 2 IN FILE /Users/zhouhong/xianrou/yaframe/application/models/Account/AccountData.php ON LINE 68 {"array_merge(): Argument #1 is not an array":2} []
[2016-06-23 15:38:19] error.ERROR: 2 IN FILE /Users/zhouhong/xianrou/yaframe/application/models/Account/AccountData.php ON LINE 68 {"array_merge(): Argument #1 is not an array":2} []
[2016-06-23 15:38:39] error.WARNING: 8 IN FILE /Users/zhouhong/xianrou/yaframe/library/Http/BasicRequest.php ON LINE 66 {"Undefined index: HTTP_TOKEN":8} []
[2016-06-23 15:38:39] error.ERROR: 8 IN FILE /Users/zhouhong/xianrou/yaframe/library/Http/BasicRequest.php ON LINE 66 {"Undefined index: HTTP_TOKEN":8} []
[2016-06-23 15:38:39] error.WARNING: 8 IN FILE /Users/zhouhong/xianrou/yaframe/library/Http/BasicRequest.php ON LINE 67 {"Undefined index: HTTP_SIGN":8} []
[2016-06-23 15:38:39] error.ERROR: 8 IN FILE /Users/zhouhong/xianrou/yaframe/library/Http/BasicRequest.php ON LINE 67 {"Undefined index: HTTP_SIGN":8} []
[2016-06-23 15:38:39] error.WARNING: 8 IN FILE /Users/zhouhong/xianrou/yaframe/library/Http/BasicRequest.php ON LINE 68 {"Undefined index: HTTP_VERSION":8} []
[2016-06-23 15:38:39] error.ERROR: 8 IN FILE /Users/zhouhong/xianrou/yaframe/library/Http/BasicRequest.php ON LINE 68 {"Undefined index: HTTP_VERSION":8} []
[2016-06-23 15:38:39] error.WARNING: 8 IN FILE /Users/zhouhong/xianrou/yaframe/library/Http/BasicRequest.php ON LINE 69 {"Undefined index: HTTP_TIMESTAMP":8} []
[2016-06-23 15:38:39] error.ERROR: 8 IN FILE /Users/zhouhong/xianrou/yaframe/library/Http/BasicRequest.php ON LINE 69 {"Undefined index: HTTP_TIMESTAMP":8} []
[2016-06-23 15:38:39] error.WARNING: 8 IN FILE /Users/zhouhong/xianrou/yaframe/application/models/Core/CommonRegion.php ON LINE 22 {"Undefined variable: name":8} []
[2016-06-23 15:38:39] error.ERROR: 8 IN FILE /Users/zhouhong/xianrou/yaframe/application/models/Core/CommonRegion.php ON LINE 22 {"Undefined variable: name":8} []
[2016-06-23 15:38:39] error.WARNING: 2 IN FILE /Users/zhouhong/xianrou/yaframe/application/models/Account/AccountData.php ON LINE 67 {"array_intersect_key(): Argument #2 is not an array":2} []
[2016-06-23 15:38:39] error.ERROR: 2 IN FILE /Users/zhouhong/xianrou/yaframe/application/models/Account/AccountData.php ON LINE 67 {"array_intersect_key(): Argument #2 is not an array":2} []
[2016-06-23 15:38:39] error.WARNING: 2 IN FILE /Users/zhouhong/xianrou/yaframe/application/models/Account/AccountData.php ON LINE 68 {"array_merge(): Argument #1 is not an array":2} []
[2016-06-23 15:38:39] error.ERROR: 2 IN FILE /Users/zhouhong/xianrou/yaframe/application/models/Account/AccountData.php ON LINE 68 {"array_merge(): Argument #1 is not an array":2} []
[2016-06-23 15:39:19] error.WARNING: 8 IN FILE /Users/zhouhong/xianrou/yaframe/library/Http/BasicRequest.php ON LINE 66 {"Undefined index: HTTP_TOKEN":8} []
[2016-06-23 15:39:19] error.ERROR: 8 IN FILE /Users/zhouhong/xianrou/yaframe/library/Http/BasicRequest.php ON LINE 66 {"Undefined index: HTTP_TOKEN":8} []
[2016-06-23 15:39:19] error.WARNING: 8 IN FILE /Users/zhouhong/xianrou/yaframe/library/Http/BasicRequest.php ON LINE 67 {"Undefined index: HTTP_SIGN":8} []
[2016-06-23 15:39:19] error.ERROR: 8 IN FILE /Users/zhouhong/xianrou/yaframe/library/Http/BasicRequest.php ON LINE 67 {"Undefined index: HTTP_SIGN":8} []
[2016-06-23 15:39:19] error.WARNING: 8 IN FILE /Users/zhouhong/xianrou/yaframe/library/Http/BasicRequest.php ON LINE 68 {"Undefined index: HTTP_VERSION":8} []
[2016-06-23 15:39:19] error.ERROR: 8 IN FILE /Users/zhouhong/xianrou/yaframe/library/Http/BasicRequest.php ON LINE 68 {"Undefined index: HTTP_VERSION":8} []
[2016-06-23 15:39:19] error.WARNING: 8 IN FILE /Users/zhouhong/xianrou/yaframe/library/Http/BasicRequest.php ON LINE 69 {"Undefined index: HTTP_TIMESTAMP":8} []
[2016-06-23 15:39:19] error.ERROR: 8 IN FILE /Users/zhouhong/xianrou/yaframe/library/Http/BasicRequest.php ON LINE 69 {"Undefined index: HTTP_TIMESTAMP":8} []
[2016-06-23 15:39:19] error.WARNING: 8 IN FILE /Users/zhouhong/xianrou/yaframe/application/models/Core/CommonRegion.php ON LINE 22 {"Undefined variable: name":8} []
[2016-06-23 15:39:19] error.ERROR: 8 IN FILE /Users/zhouhong/xianrou/yaframe/application/models/Core/CommonRegion.php ON LINE 22 {"Undefined variable: name":8} []
[2016-06-23 15:39:19] error.WARNING: 2 IN FILE /Users/zhouhong/xianrou/yaframe/application/models/Account/AccountData.php ON LINE 67 {"array_intersect_key(): Argument #2 is not an array":2} []
[2016-06-23 15:39:19] error.ERROR: 2 IN FILE /Users/zhouhong/xianrou/yaframe/application/models/Account/AccountData.php ON LINE 67 {"array_intersect_key(): Argument #2 is not an array":2} []
[2016-06-23 15:39:19] error.WARNING: 2 IN FILE /Users/zhouhong/xianrou/yaframe/application/models/Account/AccountData.php ON LINE 68 {"array_merge(): Argument #1 is not an array":2} []
[2016-06-23 15:39:19] error.ERROR: 2 IN FILE /Users/zhouhong/xianrou/yaframe/application/models/Account/AccountData.php ON LINE 68 {"array_merge(): Argument #1 is not an array":2} []
[2016-06-23 15:39:27] error.WARNING: 8 IN FILE /Users/zhouhong/xianrou/yaframe/library/Http/BasicRequest.php ON LINE 66 {"Undefined index: HTTP_TOKEN":8} []
[2016-06-23 15:39:27] error.ERROR: 8 IN FILE /Users/zhouhong/xianrou/yaframe/library/Http/BasicRequest.php ON LINE 66 {"Undefined index: HTTP_TOKEN":8} []
[2016-06-23 15:39:27] error.WARNING: 8 IN FILE /Users/zhouhong/xianrou/yaframe/library/Http/BasicRequest.php ON LINE 67 {"Undefined index: HTTP_SIGN":8} []
[2016-06-23 15:39:27] error.ERROR: 8 IN FILE /Users/zhouhong/xianrou/yaframe/library/Http/BasicRequest.php ON LINE 67 {"Undefined index: HTTP_SIGN":8} []
[2016-06-23 15:39:27] error.WARNING: 8 IN FILE /Users/zhouhong/xianrou/yaframe/library/Http/BasicRequest.php ON LINE 68 {"Undefined index: HTTP_VERSION":8} []
[2016-06-23 15:39:27] error.ERROR: 8 IN FILE /Users/zhouhong/xianrou/yaframe/library/Http/BasicRequest.php ON LINE 68 {"Undefined index: HTTP_VERSION":8} []
[2016-06-23 15:39:27] error.WARNING: 8 IN FILE /Users/zhouhong/xianrou/yaframe/library/Http/BasicRequest.php ON LINE 69 {"Undefined index: HTTP_TIMESTAMP":8} []
[2016-06-23 15:39:27] error.ERROR: 8 IN FILE /Users/zhouhong/xianrou/yaframe/library/Http/BasicRequest.php ON LINE 69 {"Undefined index: HTTP_TIMESTAMP":8} []
[2016-06-23 15:39:27] error.WARNING: 8 IN FILE /Users/zhouhong/xianrou/yaframe/application/models/Core/CommonRegion.php ON LINE 22 {"Undefined variable: name":8} []
[2016-06-23 15:39:27] error.ERROR: 8 IN FILE /Users/zhouhong/xianrou/yaframe/application/models/Core/CommonRegion.php ON LINE 22 {"Undefined variable: name":8} []
[2016-06-23 15:39:27] error.WARNING: 2 IN FILE /Users/zhouhong/xianrou/yaframe/application/models/Account/AccountData.php ON LINE 67 {"array_intersect_key(): Argument #2 is not an array":2} []
[2016-06-23 15:39:27] error.ERROR: 2 IN FILE /Users/zhouhong/xianrou/yaframe/application/models/Account/AccountData.php ON LINE 67 {"array_intersect_key(): Argument #2 is not an array":2} []
[2016-06-23 15:39:27] error.WARNING: 2 IN FILE /Users/zhouhong/xianrou/yaframe/application/models/Account/AccountData.php ON LINE 68 {"array_merge(): Argument #1 is not an array":2} []
[2016-06-23 15:39:27] error.ERROR: 2 IN FILE /Users/zhouhong/xianrou/yaframe/application/models/Account/AccountData.php ON LINE 68 {"array_merge(): Argument #1 is not an array":2} []
[2016-06-23 15:39:41] error.WARNING: 8 IN FILE /Users/zhouhong/xianrou/yaframe/library/Http/BasicRequest.php ON LINE 66 {"Undefined index: HTTP_TOKEN":8} []
[2016-06-23 15:39:41] error.ERROR: 8 IN FILE /Users/zhouhong/xianrou/yaframe/library/Http/BasicRequest.php ON LINE 66 {"Undefined index: HTTP_TOKEN":8} []
[2016-06-23 15:39:41] error.WARNING: 8 IN FILE /Users/zhouhong/xianrou/yaframe/library/Http/BasicRequest.php ON LINE 67 {"Undefined index: HTTP_SIGN":8} []
[2016-06-23 15:39:41] error.ERROR: 8 IN FILE /Users/zhouhong/xianrou/yaframe/library/Http/BasicRequest.php ON LINE 67 {"Undefined index: HTTP_SIGN":8} []
[2016-06-23 15:39:41] error.WARNING: 8 IN FILE /Users/zhouhong/xianrou/yaframe/library/Http/BasicRequest.php ON LINE 68 {"Undefined index: HTTP_VERSION":8} []
[2016-06-23 15:39:41] error.ERROR: 8 IN FILE /Users/zhouhong/xianrou/yaframe/library/Http/BasicRequest.php ON LINE 68 {"Undefined index: HTTP_VERSION":8} []
[2016-06-23 15:39:41] error.WARNING: 8 IN FILE /Users/zhouhong/xianrou/yaframe/library/Http/BasicRequest.php ON LINE 69 {"Undefined index: HTTP_TIMESTAMP":8} []
[2016-06-23 15:39:41] error.ERROR: 8 IN FILE /Users/zhouhong/xianrou/yaframe/library/Http/BasicRequest.php ON LINE 69 {"Undefined index: HTTP_TIMESTAMP":8} []
[2016-06-23 15:39:41] error.WARNING: 8 IN FILE /Users/zhouhong/xianrou/yaframe/application/models/Core/CommonRegion.php ON LINE 22 {"Undefined variable: name":8} []
[2016-06-23 15:39:41] error.ERROR: 8 IN FILE /Users/zhouhong/xianrou/yaframe/application/models/Core/CommonRegion.php ON LINE 22 {"Undefined variable: name":8} []
[2016-06-23 15:39:41] error.WARNING: 2 IN FILE /Users/zhouhong/xianrou/yaframe/application/models/Account/AccountData.php ON LINE 67 {"array_intersect_key(): Argument #2 is not an array":2} []
[2016-06-23 15:39:41] error.ERROR: 2 IN FILE /Users/zhouhong/xianrou/yaframe/application/models/Account/AccountData.php ON LINE 67 {"array_intersect_key(): Argument #2 is not an array":2} []
[2016-06-23 15:39:41] error.WARNING: 2 IN FILE /Users/zhouhong/xianrou/yaframe/application/models/Account/AccountData.php ON LINE 68 {"array_merge(): Argument #1 is not an array":2} []
[2016-06-23 15:39:41] error.ERROR: 2 IN FILE /Users/zhouhong/xianrou/yaframe/application/models/Account/AccountData.php ON LINE 68 {"array_merge(): Argument #1 is not an array":2} []
[2016-06-23 15:40:03] error.WARNING: 8 IN FILE /Users/zhouhong/xianrou/yaframe/library/Http/BasicRequest.php ON LINE 66 {"Undefined index: HTTP_TOKEN":8} []
[2016-06-23 15:40:03] error.ERROR: 8 IN FILE /Users/zhouhong/xianrou/yaframe/library/Http/BasicRequest.php ON LINE 66 {"Undefined index: HTTP_TOKEN":8} []
[2016-06-23 15:40:03] error.WARNING: 8 IN FILE /Users/zhouhong/xianrou/yaframe/library/Http/BasicRequest.php ON LINE 67 {"Undefined index: HTTP_SIGN":8} []
[2016-06-23 15:40:03] error.ERROR: 8 IN FILE /Users/zhouhong/xianrou/yaframe/library/Http/BasicRequest.php ON LINE 67 {"Undefined index: HTTP_SIGN":8} []
[2016-06-23 15:40:03] error.WARNING: 8 IN FILE /Users/zhouhong/xianrou/yaframe/library/Http/BasicRequest.php ON LINE 68 {"Undefined index: HTTP_VERSION":8} []
[2016-06-23 15:40:03] error.ERROR: 8 IN FILE /Users/zhouhong/xianrou/yaframe/library/Http/BasicRequest.php ON LINE 68 {"Undefined index: HTTP_VERSION":8} []
[2016-06-23 15:40:03] error.WARNING: 8 IN FILE /Users/zhouhong/xianrou/yaframe/library/Http/BasicRequest.php ON LINE 69 {"Undefined index: HTTP_TIMESTAMP":8} []
[2016-06-23 15:40:03] error.ERROR: 8 IN FILE /Users/zhouhong/xianrou/yaframe/library/Http/BasicRequest.php ON LINE 69 {"Undefined index: HTTP_TIMESTAMP":8} []
[2016-06-23 15:40:03] error.WARNING: 8 IN FILE /Users/zhouhong/xianrou/yaframe/application/models/Core/CommonRegion.php ON LINE 22 {"Undefined variable: name":8} []
[2016-06-23 15:40:03] error.ERROR: 8 IN FILE /Users/zhouhong/xianrou/yaframe/application/models/Core/CommonRegion.php ON LINE 22 {"Undefined variable: name":8} []
[2016-06-23 15:40:03] error.WARNING: 2 IN FILE /Users/zhouhong/xianrou/yaframe/application/models/Account/AccountData.php ON LINE 67 {"array_intersect_key(): Argument #2 is not an array":2} []
[2016-06-23 15:40:03] error.ERROR: 2 IN FILE /Users/zhouhong/xianrou/yaframe/application/models/Account/AccountData.php ON LINE 67 {"array_intersect_key(): Argument #2 is not an array":2} []
[2016-06-23 15:40:03] error.WARNING: 2 IN FILE /Users/zhouhong/xianrou/yaframe/application/models/Account/AccountData.php ON LINE 68 {"array_merge(): Argument #1 is not an array":2} []
[2016-06-23 15:40:03] error.ERROR: 2 IN FILE /Users/zhouhong/xianrou/yaframe/application/models/Account/AccountData.php ON LINE 68 {"array_merge(): Argument #1 is not an array":2} []
[2016-06-23 15:40:14] error.WARNING: 8 IN FILE /Users/zhouhong/xianrou/yaframe/library/Http/BasicRequest.php ON LINE 66 {"Undefined index: HTTP_TOKEN":8} []
[2016-06-23 15:40:14] error.ERROR: 8 IN FILE /Users/zhouhong/xianrou/yaframe/library/Http/BasicRequest.php ON LINE 66 {"Undefined index: HTTP_TOKEN":8} []
[2016-06-23 15:40:14] error.WARNING: 8 IN FILE /Users/zhouhong/xianrou/yaframe/library/Http/BasicRequest.php ON LINE 67 {"Undefined index: HTTP_SIGN":8} []
[2016-06-23 15:40:14] error.ERROR: 8 IN FILE /Users/zhouhong/xianrou/yaframe/library/Http/BasicRequest.php ON LINE 67 {"Undefined index: HTTP_SIGN":8} []
[2016-06-23 15:40:14] error.WARNING: 8 IN FILE /Users/zhouhong/xianrou/yaframe/library/Http/BasicRequest.php ON LINE 68 {"Undefined index: HTTP_VERSION":8} []
[2016-06-23 15:40:14] error.ERROR: 8 IN FILE /Users/zhouhong/xianrou/yaframe/library/Http/BasicRequest.php ON LINE 68 {"Undefined index: HTTP_VERSION":8} []
[2016-06-23 15:40:14] error.WARNING: 8 IN FILE /Users/zhouhong/xianrou/yaframe/library/Http/BasicRequest.php ON LINE 69 {"Undefined index: HTTP_TIMESTAMP":8} []
[2016-06-23 15:40:14] error.ERROR: 8 IN FILE /Users/zhouhong/xianrou/yaframe/library/Http/BasicRequest.php ON LINE 69 {"Undefined index: HTTP_TIMESTAMP":8} []
[2016-06-23 15:40:14] error.WARNING: 8 IN FILE /Users/zhouhong/xianrou/yaframe/application/models/Core/CommonRegion.php ON LINE 22 {"Undefined variable: name":8} []
[2016-06-23 15:40:14] error.ERROR: 8 IN FILE /Users/zhouhong/xianrou/yaframe/application/models/Core/CommonRegion.php ON LINE 22 {"Undefined variable: name":8} []
[2016-06-23 15:40:14] error.WARNING: 2 IN FILE /Users/zhouhong/xianrou/yaframe/application/models/Account/AccountData.php ON LINE 67 {"array_intersect_key(): Argument #2 is not an array":2} []
[2016-06-23 15:40:14] error.ERROR: 2 IN FILE /Users/zhouhong/xianrou/yaframe/application/models/Account/AccountData.php ON LINE 67 {"array_intersect_key(): Argument #2 is not an array":2} []
[2016-06-23 15:40:14] error.WARNING: 2 IN FILE /Users/zhouhong/xianrou/yaframe/application/models/Account/AccountData.php ON LINE 68 {"array_merge(): Argument #1 is not an array":2} []
[2016-06-23 15:40:14] error.ERROR: 2 IN FILE /Users/zhouhong/xianrou/yaframe/application/models/Account/AccountData.php ON LINE 68 {"array_merge(): Argument #1 is not an array":2} []
[2016-06-23 15:40:25] error.WARNING: 8 IN FILE /Users/zhouhong/xianrou/yaframe/library/Http/BasicRequest.php ON LINE 66 {"Undefined index: HTTP_TOKEN":8} []
[2016-06-23 15:40:25] error.ERROR: 8 IN FILE /Users/zhouhong/xianrou/yaframe/library/Http/BasicRequest.php ON LINE 66 {"Undefined index: HTTP_TOKEN":8} []
[2016-06-23 15:40:25] error.WARNING: 8 IN FILE /Users/zhouhong/xianrou/yaframe/library/Http/BasicRequest.php ON LINE 67 {"Undefined index: HTTP_SIGN":8} []
[2016-06-23 15:40:25] error.ERROR: 8 IN FILE /Users/zhouhong/xianrou/yaframe/library/Http/BasicRequest.php ON LINE 67 {"Undefined index: HTTP_SIGN":8} []
[2016-06-23 15:40:25] error.WARNING: 8 IN FILE /Users/zhouhong/xianrou/yaframe/library/Http/BasicRequest.php ON LINE 68 {"Undefined index: HTTP_VERSION":8} []
[2016-06-23 15:40:25] error.ERROR: 8 IN FILE /Users/zhouhong/xianrou/yaframe/library/Http/BasicRequest.php ON LINE 68 {"Undefined index: HTTP_VERSION":8} []
[2016-06-23 15:40:25] error.WARNING: 8 IN FILE /Users/zhouhong/xianrou/yaframe/library/Http/BasicRequest.php ON LINE 69 {"Undefined index: HTTP_TIMESTAMP":8} []
[2016-06-23 15:40:25] error.ERROR: 8 IN FILE /Users/zhouhong/xianrou/yaframe/library/Http/BasicRequest.php ON LINE 69 {"Undefined index: HTTP_TIMESTAMP":8} []
[2016-06-23 15:40:25] error.WARNING: 8 IN FILE /Users/zhouhong/xianrou/yaframe/application/models/Core/CommonRegion.php ON LINE 22 {"Undefined variable: name":8} []
[2016-06-23 15:40:25] error.ERROR: 8 IN FILE /Users/zhouhong/xianrou/yaframe/application/models/Core/CommonRegion.php ON LINE 22 {"Undefined variable: name":8} []
[2016-06-23 15:40:25] error.WARNING: 2 IN FILE /Users/zhouhong/xianrou/yaframe/application/models/Account/AccountData.php ON LINE 67 {"array_intersect_key(): Argument #2 is not an array":2} []
[2016-06-23 15:40:25] error.ERROR: 2 IN FILE /Users/zhouhong/xianrou/yaframe/application/models/Account/AccountData.php ON LINE 67 {"array_intersect_key(): Argument #2 is not an array":2} []
[2016-06-23 15:40:25] error.WARNING: 2 IN FILE /Users/zhouhong/xianrou/yaframe/application/models/Account/AccountData.php ON LINE 68 {"array_merge(): Argument #1 is not an array":2} []
[2016-06-23 15:40:25] error.ERROR: 2 IN FILE /Users/zhouhong/xianrou/yaframe/application/models/Account/AccountData.php ON LINE 68 {"array_merge(): Argument #1 is not an array":2} []
[2016-06-23 15:41:42] error.WARNING: 8 IN FILE /Users/zhouhong/xianrou/yaframe/library/Http/BasicRequest.php ON LINE 66 {"Undefined index: HTTP_TOKEN":8} []
[2016-06-23 15:41:42] error.ERROR: 8 IN FILE /Users/zhouhong/xianrou/yaframe/library/Http/BasicRequest.php ON LINE 66 {"Undefined index: HTTP_TOKEN":8} []
[2016-06-23 15:41:42] error.WARNING: 8 IN FILE /Users/zhouhong/xianrou/yaframe/library/Http/BasicRequest.php ON LINE 67 {"Undefined index: HTTP_SIGN":8} []
[2016-06-23 15:41:42] error.ERROR: 8 IN FILE /Users/zhouhong/xianrou/yaframe/library/Http/BasicRequest.php ON LINE 67 {"Undefined index: HTTP_SIGN":8} []
[2016-06-23 15:41:42] error.WARNING: 8 IN FILE /Users/zhouhong/xianrou/yaframe/library/Http/BasicRequest.php ON LINE 68 {"Undefined index: HTTP_VERSION":8} []
[2016-06-23 15:41:42] error.ERROR: 8 IN FILE /Users/zhouhong/xianrou/yaframe/library/Http/BasicRequest.php ON LINE 68 {"Undefined index: HTTP_VERSION":8} []
[2016-06-23 15:41:42] error.WARNING: 8 IN FILE /Users/zhouhong/xianrou/yaframe/library/Http/BasicRequest.php ON LINE 69 {"Undefined index: HTTP_TIMESTAMP":8} []
[2016-06-23 15:41:42] error.ERROR: 8 IN FILE /Users/zhouhong/xianrou/yaframe/library/Http/BasicRequest.php ON LINE 69 {"Undefined index: HTTP_TIMESTAMP":8} []
[2016-06-23 15:41:42] error.WARNING: 8 IN FILE /Users/zhouhong/xianrou/yaframe/application/models/Core/CommonRegion.php ON LINE 22 {"Undefined variable: name":8} []
[2016-06-23 15:41:42] error.ERROR: 8 IN FILE /Users/zhouhong/xianrou/yaframe/application/models/Core/CommonRegion.php ON LINE 22 {"Undefined variable: name":8} []
[2016-06-23 15:41:42] error.WARNING: 2 IN FILE /Users/zhouhong/xianrou/yaframe/application/models/Account/AccountData.php ON LINE 67 {"array_intersect_key(): Argument #2 is not an array":2} []
[2016-06-23 15:41:42] error.ERROR: 2 IN FILE /Users/zhouhong/xianrou/yaframe/application/models/Account/AccountData.php ON LINE 67 {"array_intersect_key(): Argument #2 is not an array":2} []
[2016-06-23 15:41:42] error.WARNING: 2 IN FILE /Users/zhouhong/xianrou/yaframe/application/models/Account/AccountData.php ON LINE 68 {"array_merge(): Argument #1 is not an array":2} []
[2016-06-23 15:41:42] error.ERROR: 2 IN FILE /Users/zhouhong/xianrou/yaframe/application/models/Account/AccountData.php ON LINE 68 {"array_merge(): Argument #1 is not an array":2} []
[2016-06-23 15:42:03] error.WARNING: 8 IN FILE /Users/zhouhong/xianrou/yaframe/library/Http/BasicRequest.php ON LINE 66 {"Undefined index: HTTP_TOKEN":8} []
[2016-06-23 15:42:03] error.ERROR: 8 IN FILE /Users/zhouhong/xianrou/yaframe/library/Http/BasicRequest.php ON LINE 66 {"Undefined index: HTTP_TOKEN":8} []
[2016-06-23 15:42:03] error.WARNING: 8 IN FILE /Users/zhouhong/xianrou/yaframe/library/Http/BasicRequest.php ON LINE 67 {"Undefined index: HTTP_SIGN":8} []
[2016-06-23 15:42:03] error.ERROR: 8 IN FILE /Users/zhouhong/xianrou/yaframe/library/Http/BasicRequest.php ON LINE 67 {"Undefined index: HTTP_SIGN":8} []
[2016-06-23 15:42:03] error.WARNING: 8 IN FILE /Users/zhouhong/xianrou/yaframe/library/Http/BasicRequest.php ON LINE 68 {"Undefined index: HTTP_VERSION":8} []
[2016-06-23 15:42:03] error.ERROR: 8 IN FILE /Users/zhouhong/xianrou/yaframe/library/Http/BasicRequest.php ON LINE 68 {"Undefined index: HTTP_VERSION":8} []
[2016-06-23 15:42:03] error.WARNING: 8 IN FILE /Users/zhouhong/xianrou/yaframe/library/Http/BasicRequest.php ON LINE 69 {"Undefined index: HTTP_TIMESTAMP":8} []
[2016-06-23 15:42:03] error.ERROR: 8 IN FILE /Users/zhouhong/xianrou/yaframe/library/Http/BasicRequest.php ON LINE 69 {"Undefined index: HTTP_TIMESTAMP":8} []
[2016-06-23 15:42:03] error.WARNING: 8 IN FILE /Users/zhouhong/xianrou/yaframe/application/models/Core/CommonRegion.php ON LINE 22 {"Undefined variable: name":8} []
[2016-06-23 15:42:03] error.ERROR: 8 IN FILE /Users/zhouhong/xianrou/yaframe/application/models/Core/CommonRegion.php ON LINE 22 {"Undefined variable: name":8} []
[2016-06-23 15:42:03] error.WARNING: 2 IN FILE /Users/zhouhong/xianrou/yaframe/application/models/Account/AccountData.php ON LINE 67 {"array_intersect_key(): Argument #2 is not an array":2} []
[2016-06-23 15:42:03] error.ERROR: 2 IN FILE /Users/zhouhong/xianrou/yaframe/application/models/Account/AccountData.php ON LINE 67 {"array_intersect_key(): Argument #2 is not an array":2} []
[2016-06-23 15:42:03] error.WARNING: 2 IN FILE /Users/zhouhong/xianrou/yaframe/application/models/Account/AccountData.php ON LINE 68 {"array_merge(): Argument #1 is not an array":2} []
[2016-06-23 15:42:03] error.ERROR: 2 IN FILE /Users/zhouhong/xianrou/yaframe/application/models/Account/AccountData.php ON LINE 68 {"array_merge(): Argument #1 is not an array":2} []
[2016-06-23 15:42:26] error.WARNING: 8 IN FILE /Users/zhouhong/xianrou/yaframe/library/Http/BasicRequest.php ON LINE 66 {"Undefined index: HTTP_TOKEN":8} []
[2016-06-23 15:42:26] error.ERROR: 8 IN FILE /Users/zhouhong/xianrou/yaframe/library/Http/BasicRequest.php ON LINE 66 {"Undefined index: HTTP_TOKEN":8} []
[2016-06-23 15:42:26] error.WARNING: 8 IN FILE /Users/zhouhong/xianrou/yaframe/library/Http/BasicRequest.php ON LINE 67 {"Undefined index: HTTP_SIGN":8} []
[2016-06-23 15:42:26] error.ERROR: 8 IN FILE /Users/zhouhong/xianrou/yaframe/library/Http/BasicRequest.php ON LINE 67 {"Undefined index: HTTP_SIGN":8} []
[2016-06-23 15:42:26] error.WARNING: 8 IN FILE /Users/zhouhong/xianrou/yaframe/library/Http/BasicRequest.php ON LINE 68 {"Undefined index: HTTP_VERSION":8} []
[2016-06-23 15:42:26] error.ERROR: 8 IN FILE /Users/zhouhong/xianrou/yaframe/library/Http/BasicRequest.php ON LINE 68 {"Undefined index: HTTP_VERSION":8} []
[2016-06-23 15:42:26] error.WARNING: 8 IN FILE /Users/zhouhong/xianrou/yaframe/library/Http/BasicRequest.php ON LINE 69 {"Undefined index: HTTP_TIMESTAMP":8} []
[2016-06-23 15:42:26] error.ERROR: 8 IN FILE /Users/zhouhong/xianrou/yaframe/library/Http/BasicRequest.php ON LINE 69 {"Undefined index: HTTP_TIMESTAMP":8} []
[2016-06-23 15:42:26] error.WARNING: 8 IN FILE /Users/zhouhong/xianrou/yaframe/application/models/Core/CommonRegion.php ON LINE 22 {"Undefined variable: name":8} []
[2016-06-23 15:42:26] error.ERROR: 8 IN FILE /Users/zhouhong/xianrou/yaframe/application/models/Core/CommonRegion.php ON LINE 22 {"Undefined variable: name":8} []
[2016-06-23 15:42:26] error.WARNING: 2 IN FILE /Users/zhouhong/xianrou/yaframe/application/models/Account/AccountData.php ON LINE 67 {"array_intersect_key(): Argument #2 is not an array":2} []
[2016-06-23 15:42:26] error.ERROR: 2 IN FILE /Users/zhouhong/xianrou/yaframe/application/models/Account/AccountData.php ON LINE 67 {"array_intersect_key(): Argument #2 is not an array":2} []
[2016-06-23 15:42:26] error.WARNING: 2 IN FILE /Users/zhouhong/xianrou/yaframe/application/models/Account/AccountData.php ON LINE 68 {"array_merge(): Argument #1 is not an array":2} []
[2016-06-23 15:42:26] error.ERROR: 2 IN FILE /Users/zhouhong/xianrou/yaframe/application/models/Account/AccountData.php ON LINE 68 {"array_merge(): Argument #1 is not an array":2} []
[2016-06-23 15:42:31] error.WARNING: 8 IN FILE /Users/zhouhong/xianrou/yaframe/library/Http/BasicRequest.php ON LINE 66 {"Undefined index: HTTP_TOKEN":8} []
[2016-06-23 15:42:31] error.ERROR: 8 IN FILE /Users/zhouhong/xianrou/yaframe/library/Http/BasicRequest.php ON LINE 66 {"Undefined index: HTTP_TOKEN":8} []
[2016-06-23 15:42:31] error.WARNING: 8 IN FILE /Users/zhouhong/xianrou/yaframe/library/Http/BasicRequest.php ON LINE 67 {"Undefined index: HTTP_SIGN":8} []
[2016-06-23 15:42:31] error.ERROR: 8 IN FILE /Users/zhouhong/xianrou/yaframe/library/Http/BasicRequest.php ON LINE 67 {"Undefined index: HTTP_SIGN":8} []
[2016-06-23 15:42:31] error.WARNING: 8 IN FILE /Users/zhouhong/xianrou/yaframe/library/Http/BasicRequest.php ON LINE 68 {"Undefined index: HTTP_VERSION":8} []
[2016-06-23 15:42:31] error.ERROR: 8 IN FILE /Users/zhouhong/xianrou/yaframe/library/Http/BasicRequest.php ON LINE 68 {"Undefined index: HTTP_VERSION":8} []
[2016-06-23 15:42:31] error.WARNING: 8 IN FILE /Users/zhouhong/xianrou/yaframe/library/Http/BasicRequest.php ON LINE 69 {"Undefined index: HTTP_TIMESTAMP":8} []
[2016-06-23 15:42:31] error.ERROR: 8 IN FILE /Users/zhouhong/xianrou/yaframe/library/Http/BasicRequest.php ON LINE 69 {"Undefined index: HTTP_TIMESTAMP":8} []
[2016-06-23 15:42:31] error.WARNING: 8 IN FILE /Users/zhouhong/xianrou/yaframe/application/models/Core/CommonRegion.php ON LINE 22 {"Undefined variable: name":8} []
[2016-06-23 15:42:31] error.ERROR: 8 IN FILE /Users/zhouhong/xianrou/yaframe/application/models/Core/CommonRegion.php ON LINE 22 {"Undefined variable: name":8} []
[2016-06-23 15:42:31] error.WARNING: 2 IN FILE /Users/zhouhong/xianrou/yaframe/application/models/Account/AccountData.php ON LINE 67 {"array_intersect_key(): Argument #2 is not an array":2} []
[2016-06-23 15:42:31] error.ERROR: 2 IN FILE /Users/zhouhong/xianrou/yaframe/application/models/Account/AccountData.php ON LINE 67 {"array_intersect_key(): Argument #2 is not an array":2} []
[2016-06-23 15:42:31] error.WARNING: 2 IN FILE /Users/zhouhong/xianrou/yaframe/application/models/Account/AccountData.php ON LINE 68 {"array_merge(): Argument #1 is not an array":2} []
[2016-06-23 15:42:31] error.ERROR: 2 IN FILE /Users/zhouhong/xianrou/yaframe/application/models/Account/AccountData.php ON LINE 68 {"array_merge(): Argument #1 is not an array":2} []
[2016-06-23 15:43:22] error.WARNING: 8 IN FILE /Users/zhouhong/xianrou/yaframe/library/Http/BasicRequest.php ON LINE 66 {"Undefined index: HTTP_TOKEN":8} []
[2016-06-23 15:43:22] error.ERROR: 8 IN FILE /Users/zhouhong/xianrou/yaframe/library/Http/BasicRequest.php ON LINE 66 {"Undefined index: HTTP_TOKEN":8} []
[2016-06-23 15:43:22] error.WARNING: 8 IN FILE /Users/zhouhong/xianrou/yaframe/library/Http/BasicRequest.php ON LINE 67 {"Undefined index: HTTP_SIGN":8} []
[2016-06-23 15:43:22] error.ERROR: 8 IN FILE /Users/zhouhong/xianrou/yaframe/library/Http/BasicRequest.php ON LINE 67 {"Undefined index: HTTP_SIGN":8} []
[2016-06-23 15:43:22] error.WARNING: 8 IN FILE /Users/zhouhong/xianrou/yaframe/library/Http/BasicRequest.php ON LINE 68 {"Undefined index: HTTP_VERSION":8} []
[2016-06-23 15:43:22] error.ERROR: 8 IN FILE /Users/zhouhong/xianrou/yaframe/library/Http/BasicRequest.php ON LINE 68 {"Undefined index: HTTP_VERSION":8} []
[2016-06-23 15:43:22] error.WARNING: 8 IN FILE /Users/zhouhong/xianrou/yaframe/library/Http/BasicRequest.php ON LINE 69 {"Undefined index: HTTP_TIMESTAMP":8} []
[2016-06-23 15:43:22] error.ERROR: 8 IN FILE /Users/zhouhong/xianrou/yaframe/library/Http/BasicRequest.php ON LINE 69 {"Undefined index: HTTP_TIMESTAMP":8} []
[2016-06-23 15:43:22] error.WARNING: 8 IN FILE /Users/zhouhong/xianrou/yaframe/application/models/Core/CommonRegion.php ON LINE 22 {"Undefined variable: name":8} []
[2016-06-23 15:43:22] error.ERROR: 8 IN FILE /Users/zhouhong/xianrou/yaframe/application/models/Core/CommonRegion.php ON LINE 22 {"Undefined variable: name":8} []
[2016-06-23 15:43:22] error.WARNING: 2 IN FILE /Users/zhouhong/xianrou/yaframe/application/models/Account/AccountData.php ON LINE 67 {"array_intersect_key(): Argument #2 is not an array":2} []
[2016-06-23 15:43:22] error.ERROR: 2 IN FILE /Users/zhouhong/xianrou/yaframe/application/models/Account/AccountData.php ON LINE 67 {"array_intersect_key(): Argument #2 is not an array":2} []
[2016-06-23 15:43:22] error.WARNING: 2 IN FILE /Users/zhouhong/xianrou/yaframe/application/models/Account/AccountData.php ON LINE 68 {"array_merge(): Argument #1 is not an array":2} []
[2016-06-23 15:43:22] error.ERROR: 2 IN FILE /Users/zhouhong/xianrou/yaframe/application/models/Account/AccountData.php ON LINE 68 {"array_merge(): Argument #1 is not an array":2} []
