[2016-06-28 12:26:18] error.WARNING: 8 IN FILE /Users/zhouhong/xianrou/yaframe/application/Bootstrap.php ON LINE 147 {"Undefined index: ffmpeg":8} []
[2016-06-28 12:26:18] error.ERROR: 8 IN FILE /Users/zhouhong/xianrou/yaframe/application/Bootstrap.php ON LINE 147 {"Undefined index: ffmpeg":8} []
[2016-06-28 12:26:18] error.WARNING: 8 IN FILE /Users/zhouhong/xianrou/yaframe/application/Bootstrap.php ON LINE 148 {"Undefined index: ffprobe":8} []
[2016-06-28 12:26:18] error.ERROR: 8 IN FILE /Users/zhouhong/xianrou/yaframe/application/Bootstrap.php ON LINE 148 {"Undefined index: ffprobe":8} []
[2016-06-28 12:26:18] error.WARNING: 8 IN FILE /Users/zhouhong/xianrou/yaframe/library/Http/BasicRequest.php ON LINE 66 {"Undefined index: HTTP_TOKEN":8} []
[2016-06-28 12:26:18] error.ERROR: 8 IN FILE /Users/zhouhong/xianrou/yaframe/library/Http/BasicRequest.php ON LINE 66 {"Undefined index: HTTP_TOKEN":8} []
[2016-06-28 12:26:18] error.WARNING: 8 IN FILE /Users/zhouhong/xianrou/yaframe/library/Http/BasicRequest.php ON LINE 67 {"Undefined index: HTTP_SIGN":8} []
[2016-06-28 12:26:18] error.ERROR: 8 IN FILE /Users/zhouhong/xianrou/yaframe/library/Http/BasicRequest.php ON LINE 67 {"Undefined index: HTTP_SIGN":8} []
[2016-06-28 12:26:18] error.WARNING: 8 IN FILE /Users/zhouhong/xianrou/yaframe/library/Http/BasicRequest.php ON LINE 68 {"Undefined index: HTTP_VERSION":8} []
[2016-06-28 12:26:18] error.ERROR: 8 IN FILE /Users/zhouhong/xianrou/yaframe/library/Http/BasicRequest.php ON LINE 68 {"Undefined index: HTTP_VERSION":8} []
[2016-06-28 12:26:18] error.WARNING: 8 IN FILE /Users/zhouhong/xianrou/yaframe/library/Http/BasicRequest.php ON LINE 69 {"Undefined index: HTTP_TIMESTAMP":8} []
[2016-06-28 12:26:18] error.ERROR: 8 IN FILE /Users/zhouhong/xianrou/yaframe/library/Http/BasicRequest.php ON LINE 69 {"Undefined index: HTTP_TIMESTAMP":8} []
[2016-06-28 12:26:18] error.WARNING: 8 IN FILE /Users/zhouhong/xianrou/yaframe/application/modules/User/controllers/Userinfo.php ON LINE 54 {"Undefined index: user_id":8} []
[2016-06-28 12:26:18] error.ERROR: 8 IN FILE /Users/zhouhong/xianrou/yaframe/application/modules/User/controllers/Userinfo.php ON LINE 54 {"Undefined index: user_id":8} []
[2016-06-28 12:26:18] error.WARNING: 8 IN FILE /Users/zhouhong/xianrou/yaframe/application/modules/User/controllers/Userinfo.php ON LINE 58 {"Undefined index: user_id":8} []
[2016-06-28 12:26:18] error.ERROR: 8 IN FILE /Users/zhouhong/xianrou/yaframe/application/modules/User/controllers/Userinfo.php ON LINE 58 {"Undefined index: user_id":8} []
[2016-06-28 12:26:19] error.WARNING: 8 IN FILE /Users/zhouhong/xianrou/yaframe/application/Bootstrap.php ON LINE 147 {"Undefined index: ffmpeg":8} []
[2016-06-28 12:26:19] error.ERROR: 8 IN FILE /Users/zhouhong/xianrou/yaframe/application/Bootstrap.php ON LINE 147 {"Undefined index: ffmpeg":8} []
[2016-06-28 12:26:19] error.WARNING: 8 IN FILE /Users/zhouhong/xianrou/yaframe/application/Bootstrap.php ON LINE 148 {"Undefined index: ffprobe":8} []
[2016-06-28 12:26:19] error.ERROR: 8 IN FILE /Users/zhouhong/xianrou/yaframe/application/Bootstrap.php ON LINE 148 {"Undefined index: ffprobe":8} []
[2016-06-28 12:26:19] error.WARNING: 8 IN FILE /Users/zhouhong/xianrou/yaframe/library/Http/BasicRequest.php ON LINE 66 {"Undefined index: HTTP_TOKEN":8} []
[2016-06-28 12:26:19] error.ERROR: 8 IN FILE /Users/zhouhong/xianrou/yaframe/library/Http/BasicRequest.php ON LINE 66 {"Undefined index: HTTP_TOKEN":8} []
[2016-06-28 12:26:19] error.WARNING: 8 IN FILE /Users/zhouhong/xianrou/yaframe/library/Http/BasicRequest.php ON LINE 67 {"Undefined index: HTTP_SIGN":8} []
[2016-06-28 12:26:19] error.ERROR: 8 IN FILE /Users/zhouhong/xianrou/yaframe/library/Http/BasicRequest.php ON LINE 67 {"Undefined index: HTTP_SIGN":8} []
[2016-06-28 12:26:19] error.WARNING: 8 IN FILE /Users/zhouhong/xianrou/yaframe/library/Http/BasicRequest.php ON LINE 68 {"Undefined index: HTTP_VERSION":8} []
[2016-06-28 12:26:19] error.ERROR: 8 IN FILE /Users/zhouhong/xianrou/yaframe/library/Http/BasicRequest.php ON LINE 68 {"Undefined index: HTTP_VERSION":8} []
[2016-06-28 12:26:19] error.WARNING: 8 IN FILE /Users/zhouhong/xianrou/yaframe/library/Http/BasicRequest.php ON LINE 69 {"Undefined index: HTTP_TIMESTAMP":8} []
[2016-06-28 12:26:19] error.ERROR: 8 IN FILE /Users/zhouhong/xianrou/yaframe/library/Http/BasicRequest.php ON LINE 69 {"Undefined index: HTTP_TIMESTAMP":8} []
[2016-06-28 12:26:23] error.WARNING: 8 IN FILE /Users/zhouhong/xianrou/yaframe/application/Bootstrap.php ON LINE 147 {"Undefined index: ffmpeg":8} []
[2016-06-28 12:26:23] error.ERROR: 8 IN FILE /Users/zhouhong/xianrou/yaframe/application/Bootstrap.php ON LINE 147 {"Undefined index: ffmpeg":8} []
[2016-06-28 12:26:23] error.WARNING: 8 IN FILE /Users/zhouhong/xianrou/yaframe/application/Bootstrap.php ON LINE 148 {"Undefined index: ffprobe":8} []
[2016-06-28 12:26:23] error.ERROR: 8 IN FILE /Users/zhouhong/xianrou/yaframe/application/Bootstrap.php ON LINE 148 {"Undefined index: ffprobe":8} []
[2016-06-28 12:26:23] error.WARNING: 8 IN FILE /Users/zhouhong/xianrou/yaframe/library/Http/BasicRequest.php ON LINE 66 {"Undefined index: HTTP_TOKEN":8} []
[2016-06-28 12:26:23] error.ERROR: 8 IN FILE /Users/zhouhong/xianrou/yaframe/library/Http/BasicRequest.php ON LINE 66 {"Undefined index: HTTP_TOKEN":8} []
[2016-06-28 12:26:23] error.WARNING: 8 IN FILE /Users/zhouhong/xianrou/yaframe/library/Http/BasicRequest.php ON LINE 67 {"Undefined index: HTTP_SIGN":8} []
[2016-06-28 12:26:23] error.ERROR: 8 IN FILE /Users/zhouhong/xianrou/yaframe/library/Http/BasicRequest.php ON LINE 67 {"Undefined index: HTTP_SIGN":8} []
[2016-06-28 12:26:23] error.WARNING: 8 IN FILE /Users/zhouhong/xianrou/yaframe/library/Http/BasicRequest.php ON LINE 68 {"Undefined index: HTTP_VERSION":8} []
[2016-06-28 12:26:23] error.ERROR: 8 IN FILE /Users/zhouhong/xianrou/yaframe/library/Http/BasicRequest.php ON LINE 68 {"Undefined index: HTTP_VERSION":8} []
[2016-06-28 12:26:23] error.WARNING: 8 IN FILE /Users/zhouhong/xianrou/yaframe/library/Http/BasicRequest.php ON LINE 69 {"Undefined index: HTTP_TIMESTAMP":8} []
[2016-06-28 12:26:23] error.ERROR: 8 IN FILE /Users/zhouhong/xianrou/yaframe/library/Http/BasicRequest.php ON LINE 69 {"Undefined index: HTTP_TIMESTAMP":8} []
[2016-06-28 12:26:23] error.WARNING: 8 IN FILE /Users/zhouhong/xianrou/yaframe/application/modules/User/controllers/Userinfo.php ON LINE 54 {"Undefined index: user_id":8} []
[2016-06-28 12:26:23] error.ERROR: 8 IN FILE /Users/zhouhong/xianrou/yaframe/application/modules/User/controllers/Userinfo.php ON LINE 54 {"Undefined index: user_id":8} []
[2016-06-28 12:26:23] error.WARNING: 8 IN FILE /Users/zhouhong/xianrou/yaframe/application/modules/User/controllers/Userinfo.php ON LINE 58 {"Undefined index: user_id":8} []
[2016-06-28 12:26:23] error.ERROR: 8 IN FILE /Users/zhouhong/xianrou/yaframe/application/modules/User/controllers/Userinfo.php ON LINE 58 {"Undefined index: user_id":8} []
[2016-06-28 12:26:23] error.WARNING: 8 IN FILE /Users/zhouhong/xianrou/yaframe/application/Bootstrap.php ON LINE 147 {"Undefined index: ffmpeg":8} []
[2016-06-28 12:26:23] error.ERROR: 8 IN FILE /Users/zhouhong/xianrou/yaframe/application/Bootstrap.php ON LINE 147 {"Undefined index: ffmpeg":8} []
[2016-06-28 12:26:23] error.WARNING: 8 IN FILE /Users/zhouhong/xianrou/yaframe/application/Bootstrap.php ON LINE 148 {"Undefined index: ffprobe":8} []
[2016-06-28 12:26:23] error.ERROR: 8 IN FILE /Users/zhouhong/xianrou/yaframe/application/Bootstrap.php ON LINE 148 {"Undefined index: ffprobe":8} []
[2016-06-28 12:26:23] error.WARNING: 8 IN FILE /Users/zhouhong/xianrou/yaframe/library/Http/BasicRequest.php ON LINE 66 {"Undefined index: HTTP_TOKEN":8} []
[2016-06-28 12:26:23] error.ERROR: 8 IN FILE /Users/zhouhong/xianrou/yaframe/library/Http/BasicRequest.php ON LINE 66 {"Undefined index: HTTP_TOKEN":8} []
[2016-06-28 12:26:23] error.WARNING: 8 IN FILE /Users/zhouhong/xianrou/yaframe/library/Http/BasicRequest.php ON LINE 67 {"Undefined index: HTTP_SIGN":8} []
[2016-06-28 12:26:23] error.ERROR: 8 IN FILE /Users/zhouhong/xianrou/yaframe/library/Http/BasicRequest.php ON LINE 67 {"Undefined index: HTTP_SIGN":8} []
[2016-06-28 12:26:23] error.WARNING: 8 IN FILE /Users/zhouhong/xianrou/yaframe/library/Http/BasicRequest.php ON LINE 68 {"Undefined index: HTTP_VERSION":8} []
[2016-06-28 12:26:23] error.ERROR: 8 IN FILE /Users/zhouhong/xianrou/yaframe/library/Http/BasicRequest.php ON LINE 68 {"Undefined index: HTTP_VERSION":8} []
[2016-06-28 12:26:23] error.WARNING: 8 IN FILE /Users/zhouhong/xianrou/yaframe/library/Http/BasicRequest.php ON LINE 69 {"Undefined index: HTTP_TIMESTAMP":8} []
[2016-06-28 12:26:23] error.ERROR: 8 IN FILE /Users/zhouhong/xianrou/yaframe/library/Http/BasicRequest.php ON LINE 69 {"Undefined index: HTTP_TIMESTAMP":8} []
[2016-06-28 12:26:26] error.WARNING: 8 IN FILE /Users/zhouhong/xianrou/yaframe/application/Bootstrap.php ON LINE 147 {"Undefined index: ffmpeg":8} []
[2016-06-28 12:26:26] error.ERROR: 8 IN FILE /Users/zhouhong/xianrou/yaframe/application/Bootstrap.php ON LINE 147 {"Undefined index: ffmpeg":8} []
[2016-06-28 12:26:26] error.WARNING: 8 IN FILE /Users/zhouhong/xianrou/yaframe/application/Bootstrap.php ON LINE 148 {"Undefined index: ffprobe":8} []
[2016-06-28 12:26:26] error.ERROR: 8 IN FILE /Users/zhouhong/xianrou/yaframe/application/Bootstrap.php ON LINE 148 {"Undefined index: ffprobe":8} []
[2016-06-28 12:26:26] error.WARNING: 8 IN FILE /Users/zhouhong/xianrou/yaframe/library/Http/BasicRequest.php ON LINE 66 {"Undefined index: HTTP_TOKEN":8} []
[2016-06-28 12:26:26] error.ERROR: 8 IN FILE /Users/zhouhong/xianrou/yaframe/library/Http/BasicRequest.php ON LINE 66 {"Undefined index: HTTP_TOKEN":8} []
[2016-06-28 12:26:26] error.WARNING: 8 IN FILE /Users/zhouhong/xianrou/yaframe/library/Http/BasicRequest.php ON LINE 67 {"Undefined index: HTTP_SIGN":8} []
[2016-06-28 12:26:26] error.ERROR: 8 IN FILE /Users/zhouhong/xianrou/yaframe/library/Http/BasicRequest.php ON LINE 67 {"Undefined index: HTTP_SIGN":8} []
[2016-06-28 12:26:26] error.WARNING: 8 IN FILE /Users/zhouhong/xianrou/yaframe/library/Http/BasicRequest.php ON LINE 68 {"Undefined index: HTTP_VERSION":8} []
[2016-06-28 12:26:26] error.ERROR: 8 IN FILE /Users/zhouhong/xianrou/yaframe/library/Http/BasicRequest.php ON LINE 68 {"Undefined index: HTTP_VERSION":8} []
[2016-06-28 12:26:26] error.WARNING: 8 IN FILE /Users/zhouhong/xianrou/yaframe/library/Http/BasicRequest.php ON LINE 69 {"Undefined index: HTTP_TIMESTAMP":8} []
[2016-06-28 12:26:26] error.ERROR: 8 IN FILE /Users/zhouhong/xianrou/yaframe/library/Http/BasicRequest.php ON LINE 69 {"Undefined index: HTTP_TIMESTAMP":8} []
[2016-06-28 12:26:26] error.WARNING: 8 IN FILE /Users/zhouhong/xianrou/yaframe/application/modules/User/controllers/Userinfo.php ON LINE 54 {"Undefined index: user_id":8} []
[2016-06-28 12:26:26] error.ERROR: 8 IN FILE /Users/zhouhong/xianrou/yaframe/application/modules/User/controllers/Userinfo.php ON LINE 54 {"Undefined index: user_id":8} []
[2016-06-28 12:26:26] error.WARNING: 8 IN FILE /Users/zhouhong/xianrou/yaframe/application/modules/User/controllers/Userinfo.php ON LINE 58 {"Undefined index: user_id":8} []
[2016-06-28 12:26:26] error.ERROR: 8 IN FILE /Users/zhouhong/xianrou/yaframe/application/modules/User/controllers/Userinfo.php ON LINE 58 {"Undefined index: user_id":8} []
[2016-06-28 12:26:26] error.WARNING: 8 IN FILE /Users/zhouhong/xianrou/yaframe/application/Bootstrap.php ON LINE 147 {"Undefined index: ffmpeg":8} []
[2016-06-28 12:26:26] error.ERROR: 8 IN FILE /Users/zhouhong/xianrou/yaframe/application/Bootstrap.php ON LINE 147 {"Undefined index: ffmpeg":8} []
[2016-06-28 12:26:26] error.WARNING: 8 IN FILE /Users/zhouhong/xianrou/yaframe/application/Bootstrap.php ON LINE 148 {"Undefined index: ffprobe":8} []
[2016-06-28 12:26:26] error.ERROR: 8 IN FILE /Users/zhouhong/xianrou/yaframe/application/Bootstrap.php ON LINE 148 {"Undefined index: ffprobe":8} []
[2016-06-28 12:26:26] error.WARNING: 8 IN FILE /Users/zhouhong/xianrou/yaframe/library/Http/BasicRequest.php ON LINE 66 {"Undefined index: HTTP_TOKEN":8} []
[2016-06-28 12:26:26] error.ERROR: 8 IN FILE /Users/zhouhong/xianrou/yaframe/library/Http/BasicRequest.php ON LINE 66 {"Undefined index: HTTP_TOKEN":8} []
[2016-06-28 12:26:26] error.WARNING: 8 IN FILE /Users/zhouhong/xianrou/yaframe/library/Http/BasicRequest.php ON LINE 67 {"Undefined index: HTTP_SIGN":8} []
[2016-06-28 12:26:26] error.ERROR: 8 IN FILE /Users/zhouhong/xianrou/yaframe/library/Http/BasicRequest.php ON LINE 67 {"Undefined index: HTTP_SIGN":8} []
[2016-06-28 12:26:26] error.WARNING: 8 IN FILE /Users/zhouhong/xianrou/yaframe/library/Http/BasicRequest.php ON LINE 68 {"Undefined index: HTTP_VERSION":8} []
[2016-06-28 12:26:26] error.ERROR: 8 IN FILE /Users/zhouhong/xianrou/yaframe/library/Http/BasicRequest.php ON LINE 68 {"Undefined index: HTTP_VERSION":8} []
[2016-06-28 12:26:26] error.WARNING: 8 IN FILE /Users/zhouhong/xianrou/yaframe/library/Http/BasicRequest.php ON LINE 69 {"Undefined index: HTTP_TIMESTAMP":8} []
[2016-06-28 12:26:26] error.ERROR: 8 IN FILE /Users/zhouhong/xianrou/yaframe/library/Http/BasicRequest.php ON LINE 69 {"Undefined index: HTTP_TIMESTAMP":8} []
[2016-06-28 12:41:32] error.WARNING: 8 IN FILE /Users/zhouhong/xianrou/yaframe/application/Bootstrap.php ON LINE 147 {"Undefined index: ffmpeg":8} []
[2016-06-28 12:41:32] error.ERROR: 8 IN FILE /Users/zhouhong/xianrou/yaframe/application/Bootstrap.php ON LINE 147 {"Undefined index: ffmpeg":8} []
[2016-06-28 12:41:32] error.WARNING: 8 IN FILE /Users/zhouhong/xianrou/yaframe/application/Bootstrap.php ON LINE 148 {"Undefined index: ffprobe":8} []
[2016-06-28 12:41:32] error.ERROR: 8 IN FILE /Users/zhouhong/xianrou/yaframe/application/Bootstrap.php ON LINE 148 {"Undefined index: ffprobe":8} []
[2016-06-28 12:41:32] error.WARNING: 8 IN FILE /Users/zhouhong/xianrou/yaframe/library/Http/BasicRequest.php ON LINE 66 {"Undefined index: HTTP_TOKEN":8} []
[2016-06-28 12:41:32] error.ERROR: 8 IN FILE /Users/zhouhong/xianrou/yaframe/library/Http/BasicRequest.php ON LINE 66 {"Undefined index: HTTP_TOKEN":8} []
[2016-06-28 12:41:32] error.WARNING: 8 IN FILE /Users/zhouhong/xianrou/yaframe/library/Http/BasicRequest.php ON LINE 67 {"Undefined index: HTTP_SIGN":8} []
[2016-06-28 12:41:32] error.ERROR: 8 IN FILE /Users/zhouhong/xianrou/yaframe/library/Http/BasicRequest.php ON LINE 67 {"Undefined index: HTTP_SIGN":8} []
[2016-06-28 12:41:32] error.WARNING: 8 IN FILE /Users/zhouhong/xianrou/yaframe/library/Http/BasicRequest.php ON LINE 68 {"Undefined index: HTTP_VERSION":8} []
[2016-06-28 12:41:32] error.ERROR: 8 IN FILE /Users/zhouhong/xianrou/yaframe/library/Http/BasicRequest.php ON LINE 68 {"Undefined index: HTTP_VERSION":8} []
[2016-06-28 12:41:32] error.WARNING: 8 IN FILE /Users/zhouhong/xianrou/yaframe/library/Http/BasicRequest.php ON LINE 69 {"Undefined index: HTTP_TIMESTAMP":8} []
[2016-06-28 12:41:32] error.ERROR: 8 IN FILE /Users/zhouhong/xianrou/yaframe/library/Http/BasicRequest.php ON LINE 69 {"Undefined index: HTTP_TIMESTAMP":8} []
[2016-06-28 12:41:32] error.WARNING: 8 IN FILE /Users/zhouhong/xianrou/yaframe/application/modules/User/controllers/Userinfo.php ON LINE 54 {"Undefined index: user_id":8} []
[2016-06-28 12:41:32] error.ERROR: 8 IN FILE /Users/zhouhong/xianrou/yaframe/application/modules/User/controllers/Userinfo.php ON LINE 54 {"Undefined index: user_id":8} []
[2016-06-28 12:41:32] error.WARNING: 8 IN FILE /Users/zhouhong/xianrou/yaframe/application/modules/User/controllers/Userinfo.php ON LINE 58 {"Undefined index: user_id":8} []
[2016-06-28 12:41:32] error.ERROR: 8 IN FILE /Users/zhouhong/xianrou/yaframe/application/modules/User/controllers/Userinfo.php ON LINE 58 {"Undefined index: user_id":8} []
[2016-06-28 12:41:32] error.WARNING: 8 IN FILE /Users/zhouhong/xianrou/yaframe/application/Bootstrap.php ON LINE 147 {"Undefined index: ffmpeg":8} []
[2016-06-28 12:41:32] error.ERROR: 8 IN FILE /Users/zhouhong/xianrou/yaframe/application/Bootstrap.php ON LINE 147 {"Undefined index: ffmpeg":8} []
[2016-06-28 12:41:32] error.WARNING: 8 IN FILE /Users/zhouhong/xianrou/yaframe/application/Bootstrap.php ON LINE 148 {"Undefined index: ffprobe":8} []
[2016-06-28 12:41:32] error.ERROR: 8 IN FILE /Users/zhouhong/xianrou/yaframe/application/Bootstrap.php ON LINE 148 {"Undefined index: ffprobe":8} []
[2016-06-28 12:41:32] error.WARNING: 8 IN FILE /Users/zhouhong/xianrou/yaframe/library/Http/BasicRequest.php ON LINE 66 {"Undefined index: HTTP_TOKEN":8} []
[2016-06-28 12:41:32] error.ERROR: 8 IN FILE /Users/zhouhong/xianrou/yaframe/library/Http/BasicRequest.php ON LINE 66 {"Undefined index: HTTP_TOKEN":8} []
[2016-06-28 12:41:32] error.WARNING: 8 IN FILE /Users/zhouhong/xianrou/yaframe/library/Http/BasicRequest.php ON LINE 67 {"Undefined index: HTTP_SIGN":8} []
[2016-06-28 12:41:32] error.ERROR: 8 IN FILE /Users/zhouhong/xianrou/yaframe/library/Http/BasicRequest.php ON LINE 67 {"Undefined index: HTTP_SIGN":8} []
[2016-06-28 12:41:32] error.WARNING: 8 IN FILE /Users/zhouhong/xianrou/yaframe/library/Http/BasicRequest.php ON LINE 68 {"Undefined index: HTTP_VERSION":8} []
[2016-06-28 12:41:32] error.ERROR: 8 IN FILE /Users/zhouhong/xianrou/yaframe/library/Http/BasicRequest.php ON LINE 68 {"Undefined index: HTTP_VERSION":8} []
[2016-06-28 12:41:32] error.WARNING: 8 IN FILE /Users/zhouhong/xianrou/yaframe/library/Http/BasicRequest.php ON LINE 69 {"Undefined index: HTTP_TIMESTAMP":8} []
[2016-06-28 12:41:32] error.ERROR: 8 IN FILE /Users/zhouhong/xianrou/yaframe/library/Http/BasicRequest.php ON LINE 69 {"Undefined index: HTTP_TIMESTAMP":8} []
[2016-06-28 12:41:33] error.WARNING: 8 IN FILE /Users/zhouhong/xianrou/yaframe/application/Bootstrap.php ON LINE 147 {"Undefined index: ffmpeg":8} []
[2016-06-28 12:41:33] error.ERROR: 8 IN FILE /Users/zhouhong/xianrou/yaframe/application/Bootstrap.php ON LINE 147 {"Undefined index: ffmpeg":8} []
[2016-06-28 12:41:33] error.WARNING: 8 IN FILE /Users/zhouhong/xianrou/yaframe/application/Bootstrap.php ON LINE 148 {"Undefined index: ffprobe":8} []
[2016-06-28 12:41:33] error.ERROR: 8 IN FILE /Users/zhouhong/xianrou/yaframe/application/Bootstrap.php ON LINE 148 {"Undefined index: ffprobe":8} []
[2016-06-28 12:41:33] error.WARNING: 8 IN FILE /Users/zhouhong/xianrou/yaframe/library/Http/BasicRequest.php ON LINE 66 {"Undefined index: HTTP_TOKEN":8} []
[2016-06-28 12:41:33] error.ERROR: 8 IN FILE /Users/zhouhong/xianrou/yaframe/library/Http/BasicRequest.php ON LINE 66 {"Undefined index: HTTP_TOKEN":8} []
[2016-06-28 12:41:33] error.WARNING: 8 IN FILE /Users/zhouhong/xianrou/yaframe/library/Http/BasicRequest.php ON LINE 67 {"Undefined index: HTTP_SIGN":8} []
[2016-06-28 12:41:33] error.ERROR: 8 IN FILE /Users/zhouhong/xianrou/yaframe/library/Http/BasicRequest.php ON LINE 67 {"Undefined index: HTTP_SIGN":8} []
[2016-06-28 12:41:33] error.WARNING: 8 IN FILE /Users/zhouhong/xianrou/yaframe/library/Http/BasicRequest.php ON LINE 68 {"Undefined index: HTTP_VERSION":8} []
[2016-06-28 12:41:33] error.ERROR: 8 IN FILE /Users/zhouhong/xianrou/yaframe/library/Http/BasicRequest.php ON LINE 68 {"Undefined index: HTTP_VERSION":8} []
[2016-06-28 12:41:33] error.WARNING: 8 IN FILE /Users/zhouhong/xianrou/yaframe/library/Http/BasicRequest.php ON LINE 69 {"Undefined index: HTTP_TIMESTAMP":8} []
[2016-06-28 12:41:33] error.ERROR: 8 IN FILE /Users/zhouhong/xianrou/yaframe/library/Http/BasicRequest.php ON LINE 69 {"Undefined index: HTTP_TIMESTAMP":8} []
[2016-06-28 12:41:33] error.WARNING: 8 IN FILE /Users/zhouhong/xianrou/yaframe/application/modules/User/controllers/Userinfo.php ON LINE 54 {"Undefined index: user_id":8} []
[2016-06-28 12:41:33] error.ERROR: 8 IN FILE /Users/zhouhong/xianrou/yaframe/application/modules/User/controllers/Userinfo.php ON LINE 54 {"Undefined index: user_id":8} []
[2016-06-28 12:41:33] error.WARNING: 8 IN FILE /Users/zhouhong/xianrou/yaframe/application/modules/User/controllers/Userinfo.php ON LINE 58 {"Undefined index: user_id":8} []
[2016-06-28 12:41:33] error.ERROR: 8 IN FILE /Users/zhouhong/xianrou/yaframe/application/modules/User/controllers/Userinfo.php ON LINE 58 {"Undefined index: user_id":8} []
[2016-06-28 12:41:33] error.WARNING: 8 IN FILE /Users/zhouhong/xianrou/yaframe/application/Bootstrap.php ON LINE 147 {"Undefined index: ffmpeg":8} []
[2016-06-28 12:41:33] error.ERROR: 8 IN FILE /Users/zhouhong/xianrou/yaframe/application/Bootstrap.php ON LINE 147 {"Undefined index: ffmpeg":8} []
[2016-06-28 12:41:33] error.WARNING: 8 IN FILE /Users/zhouhong/xianrou/yaframe/application/Bootstrap.php ON LINE 148 {"Undefined index: ffprobe":8} []
[2016-06-28 12:41:33] error.ERROR: 8 IN FILE /Users/zhouhong/xianrou/yaframe/application/Bootstrap.php ON LINE 148 {"Undefined index: ffprobe":8} []
[2016-06-28 12:41:33] error.WARNING: 8 IN FILE /Users/zhouhong/xianrou/yaframe/library/Http/BasicRequest.php ON LINE 66 {"Undefined index: HTTP_TOKEN":8} []
[2016-06-28 12:41:33] error.ERROR: 8 IN FILE /Users/zhouhong/xianrou/yaframe/library/Http/BasicRequest.php ON LINE 66 {"Undefined index: HTTP_TOKEN":8} []
[2016-06-28 12:41:33] error.WARNING: 8 IN FILE /Users/zhouhong/xianrou/yaframe/library/Http/BasicRequest.php ON LINE 67 {"Undefined index: HTTP_SIGN":8} []
[2016-06-28 12:41:33] error.ERROR: 8 IN FILE /Users/zhouhong/xianrou/yaframe/library/Http/BasicRequest.php ON LINE 67 {"Undefined index: HTTP_SIGN":8} []
[2016-06-28 12:41:33] error.WARNING: 8 IN FILE /Users/zhouhong/xianrou/yaframe/library/Http/BasicRequest.php ON LINE 68 {"Undefined index: HTTP_VERSION":8} []
[2016-06-28 12:41:33] error.ERROR: 8 IN FILE /Users/zhouhong/xianrou/yaframe/library/Http/BasicRequest.php ON LINE 68 {"Undefined index: HTTP_VERSION":8} []
[2016-06-28 12:41:33] error.WARNING: 8 IN FILE /Users/zhouhong/xianrou/yaframe/library/Http/BasicRequest.php ON LINE 69 {"Undefined index: HTTP_TIMESTAMP":8} []
[2016-06-28 12:41:33] error.ERROR: 8 IN FILE /Users/zhouhong/xianrou/yaframe/library/Http/BasicRequest.php ON LINE 69 {"Undefined index: HTTP_TIMESTAMP":8} []
[2016-06-28 12:42:02] error.WARNING: 8 IN FILE /Users/zhouhong/xianrou/yaframe/application/Bootstrap.php ON LINE 147 {"Undefined index: ffmpeg":8} []
[2016-06-28 12:42:02] error.ERROR: 8 IN FILE /Users/zhouhong/xianrou/yaframe/application/Bootstrap.php ON LINE 147 {"Undefined index: ffmpeg":8} []
[2016-06-28 12:42:02] error.WARNING: 8 IN FILE /Users/zhouhong/xianrou/yaframe/application/Bootstrap.php ON LINE 148 {"Undefined index: ffprobe":8} []
[2016-06-28 12:42:02] error.ERROR: 8 IN FILE /Users/zhouhong/xianrou/yaframe/application/Bootstrap.php ON LINE 148 {"Undefined index: ffprobe":8} []
[2016-06-28 12:42:02] error.WARNING: 8 IN FILE /Users/zhouhong/xianrou/yaframe/library/Http/BasicRequest.php ON LINE 66 {"Undefined index: HTTP_TOKEN":8} []
[2016-06-28 12:42:02] error.ERROR: 8 IN FILE /Users/zhouhong/xianrou/yaframe/library/Http/BasicRequest.php ON LINE 66 {"Undefined index: HTTP_TOKEN":8} []
[2016-06-28 12:42:02] error.WARNING: 8 IN FILE /Users/zhouhong/xianrou/yaframe/library/Http/BasicRequest.php ON LINE 67 {"Undefined index: HTTP_SIGN":8} []
[2016-06-28 12:42:02] error.ERROR: 8 IN FILE /Users/zhouhong/xianrou/yaframe/library/Http/BasicRequest.php ON LINE 67 {"Undefined index: HTTP_SIGN":8} []
[2016-06-28 12:42:02] error.WARNING: 8 IN FILE /Users/zhouhong/xianrou/yaframe/library/Http/BasicRequest.php ON LINE 68 {"Undefined index: HTTP_VERSION":8} []
[2016-06-28 12:42:02] error.ERROR: 8 IN FILE /Users/zhouhong/xianrou/yaframe/library/Http/BasicRequest.php ON LINE 68 {"Undefined index: HTTP_VERSION":8} []
[2016-06-28 12:42:02] error.WARNING: 8 IN FILE /Users/zhouhong/xianrou/yaframe/library/Http/BasicRequest.php ON LINE 69 {"Undefined index: HTTP_TIMESTAMP":8} []
[2016-06-28 12:42:02] error.ERROR: 8 IN FILE /Users/zhouhong/xianrou/yaframe/library/Http/BasicRequest.php ON LINE 69 {"Undefined index: HTTP_TIMESTAMP":8} []
[2016-06-28 12:42:02] error.WARNING: 8 IN FILE /Users/zhouhong/xianrou/yaframe/application/modules/User/controllers/Userinfo.php ON LINE 54 {"Undefined index: user_id":8} []
[2016-06-28 12:42:02] error.ERROR: 8 IN FILE /Users/zhouhong/xianrou/yaframe/application/modules/User/controllers/Userinfo.php ON LINE 54 {"Undefined index: user_id":8} []
[2016-06-28 12:42:02] error.WARNING: 8 IN FILE /Users/zhouhong/xianrou/yaframe/application/modules/User/controllers/Userinfo.php ON LINE 58 {"Undefined index: user_id":8} []
[2016-06-28 12:42:02] error.ERROR: 8 IN FILE /Users/zhouhong/xianrou/yaframe/application/modules/User/controllers/Userinfo.php ON LINE 58 {"Undefined index: user_id":8} []
[2016-06-28 12:42:02] error.WARNING: 8 IN FILE /Users/zhouhong/xianrou/yaframe/application/Bootstrap.php ON LINE 147 {"Undefined index: ffmpeg":8} []
[2016-06-28 12:42:02] error.ERROR: 8 IN FILE /Users/zhouhong/xianrou/yaframe/application/Bootstrap.php ON LINE 147 {"Undefined index: ffmpeg":8} []
[2016-06-28 12:42:02] error.WARNING: 8 IN FILE /Users/zhouhong/xianrou/yaframe/application/Bootstrap.php ON LINE 148 {"Undefined index: ffprobe":8} []
[2016-06-28 12:42:02] error.ERROR: 8 IN FILE /Users/zhouhong/xianrou/yaframe/application/Bootstrap.php ON LINE 148 {"Undefined index: ffprobe":8} []
[2016-06-28 12:42:02] error.WARNING: 8 IN FILE /Users/zhouhong/xianrou/yaframe/library/Http/BasicRequest.php ON LINE 66 {"Undefined index: HTTP_TOKEN":8} []
[2016-06-28 12:42:02] error.ERROR: 8 IN FILE /Users/zhouhong/xianrou/yaframe/library/Http/BasicRequest.php ON LINE 66 {"Undefined index: HTTP_TOKEN":8} []
[2016-06-28 12:42:02] error.WARNING: 8 IN FILE /Users/zhouhong/xianrou/yaframe/library/Http/BasicRequest.php ON LINE 67 {"Undefined index: HTTP_SIGN":8} []
[2016-06-28 12:42:02] error.ERROR: 8 IN FILE /Users/zhouhong/xianrou/yaframe/library/Http/BasicRequest.php ON LINE 67 {"Undefined index: HTTP_SIGN":8} []
[2016-06-28 12:42:02] error.WARNING: 8 IN FILE /Users/zhouhong/xianrou/yaframe/library/Http/BasicRequest.php ON LINE 68 {"Undefined index: HTTP_VERSION":8} []
[2016-06-28 12:42:02] error.ERROR: 8 IN FILE /Users/zhouhong/xianrou/yaframe/library/Http/BasicRequest.php ON LINE 68 {"Undefined index: HTTP_VERSION":8} []
[2016-06-28 12:42:02] error.WARNING: 8 IN FILE /Users/zhouhong/xianrou/yaframe/library/Http/BasicRequest.php ON LINE 69 {"Undefined index: HTTP_TIMESTAMP":8} []
[2016-06-28 12:42:02] error.ERROR: 8 IN FILE /Users/zhouhong/xianrou/yaframe/library/Http/BasicRequest.php ON LINE 69 {"Undefined index: HTTP_TIMESTAMP":8} []
[2016-06-28 12:44:28] error.WARNING: 8 IN FILE /Users/zhouhong/xianrou/yaframe/application/Bootstrap.php ON LINE 147 {"Undefined index: ffmpeg":8} []
[2016-06-28 12:44:28] error.ERROR: 8 IN FILE /Users/zhouhong/xianrou/yaframe/application/Bootstrap.php ON LINE 147 {"Undefined index: ffmpeg":8} []
[2016-06-28 12:44:28] error.WARNING: 8 IN FILE /Users/zhouhong/xianrou/yaframe/application/Bootstrap.php ON LINE 148 {"Undefined index: ffprobe":8} []
[2016-06-28 12:44:28] error.ERROR: 8 IN FILE /Users/zhouhong/xianrou/yaframe/application/Bootstrap.php ON LINE 148 {"Undefined index: ffprobe":8} []
[2016-06-28 12:44:28] error.WARNING: 8 IN FILE /Users/zhouhong/xianrou/yaframe/library/Http/BasicRequest.php ON LINE 66 {"Undefined index: HTTP_TOKEN":8} []
[2016-06-28 12:44:28] error.ERROR: 8 IN FILE /Users/zhouhong/xianrou/yaframe/library/Http/BasicRequest.php ON LINE 66 {"Undefined index: HTTP_TOKEN":8} []
[2016-06-28 12:44:28] error.WARNING: 8 IN FILE /Users/zhouhong/xianrou/yaframe/library/Http/BasicRequest.php ON LINE 67 {"Undefined index: HTTP_SIGN":8} []
[2016-06-28 12:44:28] error.ERROR: 8 IN FILE /Users/zhouhong/xianrou/yaframe/library/Http/BasicRequest.php ON LINE 67 {"Undefined index: HTTP_SIGN":8} []
[2016-06-28 12:44:28] error.WARNING: 8 IN FILE /Users/zhouhong/xianrou/yaframe/library/Http/BasicRequest.php ON LINE 68 {"Undefined index: HTTP_VERSION":8} []
[2016-06-28 12:44:28] error.ERROR: 8 IN FILE /Users/zhouhong/xianrou/yaframe/library/Http/BasicRequest.php ON LINE 68 {"Undefined index: HTTP_VERSION":8} []
[2016-06-28 12:44:28] error.WARNING: 8 IN FILE /Users/zhouhong/xianrou/yaframe/library/Http/BasicRequest.php ON LINE 69 {"Undefined index: HTTP_TIMESTAMP":8} []
[2016-06-28 12:44:28] error.ERROR: 8 IN FILE /Users/zhouhong/xianrou/yaframe/library/Http/BasicRequest.php ON LINE 69 {"Undefined index: HTTP_TIMESTAMP":8} []
[2016-06-28 12:44:40] error.WARNING: 8 IN FILE /Users/zhouhong/xianrou/yaframe/application/Bootstrap.php ON LINE 147 {"Undefined index: ffmpeg":8} []
[2016-06-28 12:44:40] error.ERROR: 8 IN FILE /Users/zhouhong/xianrou/yaframe/application/Bootstrap.php ON LINE 147 {"Undefined index: ffmpeg":8} []
[2016-06-28 12:44:40] error.WARNING: 8 IN FILE /Users/zhouhong/xianrou/yaframe/application/Bootstrap.php ON LINE 148 {"Undefined index: ffprobe":8} []
[2016-06-28 12:44:40] error.ERROR: 8 IN FILE /Users/zhouhong/xianrou/yaframe/application/Bootstrap.php ON LINE 148 {"Undefined index: ffprobe":8} []
[2016-06-28 12:44:40] error.WARNING: 8 IN FILE /Users/zhouhong/xianrou/yaframe/library/Http/BasicRequest.php ON LINE 66 {"Undefined index: HTTP_TOKEN":8} []
[2016-06-28 12:44:40] error.ERROR: 8 IN FILE /Users/zhouhong/xianrou/yaframe/library/Http/BasicRequest.php ON LINE 66 {"Undefined index: HTTP_TOKEN":8} []
[2016-06-28 12:44:40] error.WARNING: 8 IN FILE /Users/zhouhong/xianrou/yaframe/library/Http/BasicRequest.php ON LINE 67 {"Undefined index: HTTP_SIGN":8} []
[2016-06-28 12:44:40] error.ERROR: 8 IN FILE /Users/zhouhong/xianrou/yaframe/library/Http/BasicRequest.php ON LINE 67 {"Undefined index: HTTP_SIGN":8} []
[2016-06-28 12:44:40] error.WARNING: 8 IN FILE /Users/zhouhong/xianrou/yaframe/library/Http/BasicRequest.php ON LINE 68 {"Undefined index: HTTP_VERSION":8} []
[2016-06-28 12:44:40] error.ERROR: 8 IN FILE /Users/zhouhong/xianrou/yaframe/library/Http/BasicRequest.php ON LINE 68 {"Undefined index: HTTP_VERSION":8} []
[2016-06-28 12:44:40] error.WARNING: 8 IN FILE /Users/zhouhong/xianrou/yaframe/library/Http/BasicRequest.php ON LINE 69 {"Undefined index: HTTP_TIMESTAMP":8} []
[2016-06-28 12:44:40] error.ERROR: 8 IN FILE /Users/zhouhong/xianrou/yaframe/library/Http/BasicRequest.php ON LINE 69 {"Undefined index: HTTP_TIMESTAMP":8} []
[2016-06-28 12:46:26] error.WARNING: 8 IN FILE /Users/zhouhong/xianrou/yaframe/application/Bootstrap.php ON LINE 147 {"Undefined index: ffmpeg":8} []
[2016-06-28 12:46:26] error.ERROR: 8 IN FILE /Users/zhouhong/xianrou/yaframe/application/Bootstrap.php ON LINE 147 {"Undefined index: ffmpeg":8} []
[2016-06-28 12:46:26] error.WARNING: 8 IN FILE /Users/zhouhong/xianrou/yaframe/application/Bootstrap.php ON LINE 148 {"Undefined index: ffprobe":8} []
[2016-06-28 12:46:26] error.ERROR: 8 IN FILE /Users/zhouhong/xianrou/yaframe/application/Bootstrap.php ON LINE 148 {"Undefined index: ffprobe":8} []
[2016-06-28 12:46:26] error.WARNING: 8 IN FILE /Users/zhouhong/xianrou/yaframe/library/Http/BasicRequest.php ON LINE 66 {"Undefined index: HTTP_TOKEN":8} []
[2016-06-28 12:46:26] error.ERROR: 8 IN FILE /Users/zhouhong/xianrou/yaframe/library/Http/BasicRequest.php ON LINE 66 {"Undefined index: HTTP_TOKEN":8} []
[2016-06-28 12:46:26] error.WARNING: 8 IN FILE /Users/zhouhong/xianrou/yaframe/library/Http/BasicRequest.php ON LINE 67 {"Undefined index: HTTP_SIGN":8} []
[2016-06-28 12:46:26] error.ERROR: 8 IN FILE /Users/zhouhong/xianrou/yaframe/library/Http/BasicRequest.php ON LINE 67 {"Undefined index: HTTP_SIGN":8} []
[2016-06-28 12:46:26] error.WARNING: 8 IN FILE /Users/zhouhong/xianrou/yaframe/library/Http/BasicRequest.php ON LINE 68 {"Undefined index: HTTP_VERSION":8} []
[2016-06-28 12:46:26] error.ERROR: 8 IN FILE /Users/zhouhong/xianrou/yaframe/library/Http/BasicRequest.php ON LINE 68 {"Undefined index: HTTP_VERSION":8} []
[2016-06-28 12:46:26] error.WARNING: 8 IN FILE /Users/zhouhong/xianrou/yaframe/library/Http/BasicRequest.php ON LINE 69 {"Undefined index: HTTP_TIMESTAMP":8} []
[2016-06-28 12:46:26] error.ERROR: 8 IN FILE /Users/zhouhong/xianrou/yaframe/library/Http/BasicRequest.php ON LINE 69 {"Undefined index: HTTP_TIMESTAMP":8} []
[2016-06-28 12:48:23] error.WARNING: 8 IN FILE /Users/zhouhong/xianrou/yaframe/application/Bootstrap.php ON LINE 147 {"Undefined index: ffmpeg":8} []
[2016-06-28 12:48:23] error.ERROR: 8 IN FILE /Users/zhouhong/xianrou/yaframe/application/Bootstrap.php ON LINE 147 {"Undefined index: ffmpeg":8} []
[2016-06-28 12:48:23] error.WARNING: 8 IN FILE /Users/zhouhong/xianrou/yaframe/application/Bootstrap.php ON LINE 148 {"Undefined index: ffprobe":8} []
[2016-06-28 12:48:23] error.ERROR: 8 IN FILE /Users/zhouhong/xianrou/yaframe/application/Bootstrap.php ON LINE 148 {"Undefined index: ffprobe":8} []
[2016-06-28 12:48:23] error.WARNING: 8 IN FILE /Users/zhouhong/xianrou/yaframe/library/Http/BasicRequest.php ON LINE 66 {"Undefined index: HTTP_TOKEN":8} []
[2016-06-28 12:48:23] error.ERROR: 8 IN FILE /Users/zhouhong/xianrou/yaframe/library/Http/BasicRequest.php ON LINE 66 {"Undefined index: HTTP_TOKEN":8} []
[2016-06-28 12:48:23] error.WARNING: 8 IN FILE /Users/zhouhong/xianrou/yaframe/library/Http/BasicRequest.php ON LINE 67 {"Undefined index: HTTP_SIGN":8} []
[2016-06-28 12:48:23] error.ERROR: 8 IN FILE /Users/zhouhong/xianrou/yaframe/library/Http/BasicRequest.php ON LINE 67 {"Undefined index: HTTP_SIGN":8} []
[2016-06-28 12:48:23] error.WARNING: 8 IN FILE /Users/zhouhong/xianrou/yaframe/library/Http/BasicRequest.php ON LINE 68 {"Undefined index: HTTP_VERSION":8} []
[2016-06-28 12:48:23] error.ERROR: 8 IN FILE /Users/zhouhong/xianrou/yaframe/library/Http/BasicRequest.php ON LINE 68 {"Undefined index: HTTP_VERSION":8} []
[2016-06-28 12:48:23] error.WARNING: 8 IN FILE /Users/zhouhong/xianrou/yaframe/library/Http/BasicRequest.php ON LINE 69 {"Undefined index: HTTP_TIMESTAMP":8} []
[2016-06-28 12:48:23] error.ERROR: 8 IN FILE /Users/zhouhong/xianrou/yaframe/library/Http/BasicRequest.php ON LINE 69 {"Undefined index: HTTP_TIMESTAMP":8} []
[2016-06-28 12:48:23] error.WARNING: 8 IN FILE /Users/zhouhong/xianrou/yaframe/library/Uploader/Imager.php ON LINE 67 {"Undefined variable: leftWidth":8} []
[2016-06-28 12:48:23] error.ERROR: 8 IN FILE /Users/zhouhong/xianrou/yaframe/library/Uploader/Imager.php ON LINE 67 {"Undefined variable: leftWidth":8} []
[2016-06-28 12:48:44] error.WARNING: 8 IN FILE /Users/zhouhong/xianrou/yaframe/application/Bootstrap.php ON LINE 147 {"Undefined index: ffmpeg":8} []
[2016-06-28 12:48:44] error.ERROR: 8 IN FILE /Users/zhouhong/xianrou/yaframe/application/Bootstrap.php ON LINE 147 {"Undefined index: ffmpeg":8} []
[2016-06-28 12:48:44] error.WARNING: 8 IN FILE /Users/zhouhong/xianrou/yaframe/application/Bootstrap.php ON LINE 148 {"Undefined index: ffprobe":8} []
[2016-06-28 12:48:44] error.ERROR: 8 IN FILE /Users/zhouhong/xianrou/yaframe/application/Bootstrap.php ON LINE 148 {"Undefined index: ffprobe":8} []
[2016-06-28 12:48:44] error.WARNING: 8 IN FILE /Users/zhouhong/xianrou/yaframe/library/Http/BasicRequest.php ON LINE 66 {"Undefined index: HTTP_TOKEN":8} []
[2016-06-28 12:48:44] error.ERROR: 8 IN FILE /Users/zhouhong/xianrou/yaframe/library/Http/BasicRequest.php ON LINE 66 {"Undefined index: HTTP_TOKEN":8} []
[2016-06-28 12:48:44] error.WARNING: 8 IN FILE /Users/zhouhong/xianrou/yaframe/library/Http/BasicRequest.php ON LINE 67 {"Undefined index: HTTP_SIGN":8} []
[2016-06-28 12:48:44] error.ERROR: 8 IN FILE /Users/zhouhong/xianrou/yaframe/library/Http/BasicRequest.php ON LINE 67 {"Undefined index: HTTP_SIGN":8} []
[2016-06-28 12:48:44] error.WARNING: 8 IN FILE /Users/zhouhong/xianrou/yaframe/library/Http/BasicRequest.php ON LINE 68 {"Undefined index: HTTP_VERSION":8} []
[2016-06-28 12:48:44] error.ERROR: 8 IN FILE /Users/zhouhong/xianrou/yaframe/library/Http/BasicRequest.php ON LINE 68 {"Undefined index: HTTP_VERSION":8} []
[2016-06-28 12:48:44] error.WARNING: 8 IN FILE /Users/zhouhong/xianrou/yaframe/library/Http/BasicRequest.php ON LINE 69 {"Undefined index: HTTP_TIMESTAMP":8} []
[2016-06-28 12:48:44] error.ERROR: 8 IN FILE /Users/zhouhong/xianrou/yaframe/library/Http/BasicRequest.php ON LINE 69 {"Undefined index: HTTP_TIMESTAMP":8} []
[2016-06-28 12:48:44] error.WARNING: 8 IN FILE /Users/zhouhong/xianrou/yaframe/application/modules/User/controllers/Userinfo.php ON LINE 54 {"Undefined index: user_id":8} []
[2016-06-28 12:48:44] error.ERROR: 8 IN FILE /Users/zhouhong/xianrou/yaframe/application/modules/User/controllers/Userinfo.php ON LINE 54 {"Undefined index: user_id":8} []
[2016-06-28 12:48:44] error.WARNING: 8 IN FILE /Users/zhouhong/xianrou/yaframe/application/modules/User/controllers/Userinfo.php ON LINE 58 {"Undefined index: user_id":8} []
[2016-06-28 12:48:44] error.ERROR: 8 IN FILE /Users/zhouhong/xianrou/yaframe/application/modules/User/controllers/Userinfo.php ON LINE 58 {"Undefined index: user_id":8} []
[2016-06-28 12:48:44] error.WARNING: 8 IN FILE /Users/zhouhong/xianrou/yaframe/application/Bootstrap.php ON LINE 147 {"Undefined index: ffmpeg":8} []
[2016-06-28 12:48:44] error.ERROR: 8 IN FILE /Users/zhouhong/xianrou/yaframe/application/Bootstrap.php ON LINE 147 {"Undefined index: ffmpeg":8} []
[2016-06-28 12:48:44] error.WARNING: 8 IN FILE /Users/zhouhong/xianrou/yaframe/application/Bootstrap.php ON LINE 148 {"Undefined index: ffprobe":8} []
[2016-06-28 12:48:44] error.ERROR: 8 IN FILE /Users/zhouhong/xianrou/yaframe/application/Bootstrap.php ON LINE 148 {"Undefined index: ffprobe":8} []
[2016-06-28 12:48:44] error.WARNING: 8 IN FILE /Users/zhouhong/xianrou/yaframe/library/Http/BasicRequest.php ON LINE 66 {"Undefined index: HTTP_TOKEN":8} []
[2016-06-28 12:48:44] error.ERROR: 8 IN FILE /Users/zhouhong/xianrou/yaframe/library/Http/BasicRequest.php ON LINE 66 {"Undefined index: HTTP_TOKEN":8} []
[2016-06-28 12:48:44] error.WARNING: 8 IN FILE /Users/zhouhong/xianrou/yaframe/library/Http/BasicRequest.php ON LINE 67 {"Undefined index: HTTP_SIGN":8} []
[2016-06-28 12:48:44] error.ERROR: 8 IN FILE /Users/zhouhong/xianrou/yaframe/library/Http/BasicRequest.php ON LINE 67 {"Undefined index: HTTP_SIGN":8} []
[2016-06-28 12:48:44] error.WARNING: 8 IN FILE /Users/zhouhong/xianrou/yaframe/library/Http/BasicRequest.php ON LINE 68 {"Undefined index: HTTP_VERSION":8} []
[2016-06-28 12:48:44] error.ERROR: 8 IN FILE /Users/zhouhong/xianrou/yaframe/library/Http/BasicRequest.php ON LINE 68 {"Undefined index: HTTP_VERSION":8} []
[2016-06-28 12:48:44] error.WARNING: 8 IN FILE /Users/zhouhong/xianrou/yaframe/library/Http/BasicRequest.php ON LINE 69 {"Undefined index: HTTP_TIMESTAMP":8} []
[2016-06-28 12:48:44] error.ERROR: 8 IN FILE /Users/zhouhong/xianrou/yaframe/library/Http/BasicRequest.php ON LINE 69 {"Undefined index: HTTP_TIMESTAMP":8} []
[2016-06-28 12:48:58] error.WARNING: 8 IN FILE /Users/zhouhong/xianrou/yaframe/application/Bootstrap.php ON LINE 147 {"Undefined index: ffmpeg":8} []
[2016-06-28 12:48:58] error.ERROR: 8 IN FILE /Users/zhouhong/xianrou/yaframe/application/Bootstrap.php ON LINE 147 {"Undefined index: ffmpeg":8} []
[2016-06-28 12:48:58] error.WARNING: 8 IN FILE /Users/zhouhong/xianrou/yaframe/application/Bootstrap.php ON LINE 148 {"Undefined index: ffprobe":8} []
[2016-06-28 12:48:58] error.ERROR: 8 IN FILE /Users/zhouhong/xianrou/yaframe/application/Bootstrap.php ON LINE 148 {"Undefined index: ffprobe":8} []
[2016-06-28 12:48:58] error.WARNING: 8 IN FILE /Users/zhouhong/xianrou/yaframe/library/Http/BasicRequest.php ON LINE 66 {"Undefined index: HTTP_TOKEN":8} []
[2016-06-28 12:48:58] error.ERROR: 8 IN FILE /Users/zhouhong/xianrou/yaframe/library/Http/BasicRequest.php ON LINE 66 {"Undefined index: HTTP_TOKEN":8} []
[2016-06-28 12:48:58] error.WARNING: 8 IN FILE /Users/zhouhong/xianrou/yaframe/library/Http/BasicRequest.php ON LINE 67 {"Undefined index: HTTP_SIGN":8} []
[2016-06-28 12:48:58] error.ERROR: 8 IN FILE /Users/zhouhong/xianrou/yaframe/library/Http/BasicRequest.php ON LINE 67 {"Undefined index: HTTP_SIGN":8} []
[2016-06-28 12:48:58] error.WARNING: 8 IN FILE /Users/zhouhong/xianrou/yaframe/library/Http/BasicRequest.php ON LINE 68 {"Undefined index: HTTP_VERSION":8} []
[2016-06-28 12:48:58] error.ERROR: 8 IN FILE /Users/zhouhong/xianrou/yaframe/library/Http/BasicRequest.php ON LINE 68 {"Undefined index: HTTP_VERSION":8} []
[2016-06-28 12:48:58] error.WARNING: 8 IN FILE /Users/zhouhong/xianrou/yaframe/library/Http/BasicRequest.php ON LINE 69 {"Undefined index: HTTP_TIMESTAMP":8} []
[2016-06-28 12:48:58] error.ERROR: 8 IN FILE /Users/zhouhong/xianrou/yaframe/library/Http/BasicRequest.php ON LINE 69 {"Undefined index: HTTP_TIMESTAMP":8} []
[2016-06-28 12:48:58] error.WARNING: 8 IN FILE /Users/zhouhong/xianrou/yaframe/application/modules/User/controllers/Userinfo.php ON LINE 54 {"Undefined index: user_id":8} []
[2016-06-28 12:48:58] error.ERROR: 8 IN FILE /Users/zhouhong/xianrou/yaframe/application/modules/User/controllers/Userinfo.php ON LINE 54 {"Undefined index: user_id":8} []
[2016-06-28 12:48:58] error.WARNING: 8 IN FILE /Users/zhouhong/xianrou/yaframe/application/modules/User/controllers/Userinfo.php ON LINE 58 {"Undefined index: user_id":8} []
[2016-06-28 12:48:58] error.ERROR: 8 IN FILE /Users/zhouhong/xianrou/yaframe/application/modules/User/controllers/Userinfo.php ON LINE 58 {"Undefined index: user_id":8} []
[2016-06-28 12:48:58] error.WARNING: 8 IN FILE /Users/zhouhong/xianrou/yaframe/application/Bootstrap.php ON LINE 147 {"Undefined index: ffmpeg":8} []
[2016-06-28 12:48:58] error.ERROR: 8 IN FILE /Users/zhouhong/xianrou/yaframe/application/Bootstrap.php ON LINE 147 {"Undefined index: ffmpeg":8} []
[2016-06-28 12:48:58] error.WARNING: 8 IN FILE /Users/zhouhong/xianrou/yaframe/application/Bootstrap.php ON LINE 148 {"Undefined index: ffprobe":8} []
[2016-06-28 12:48:58] error.ERROR: 8 IN FILE /Users/zhouhong/xianrou/yaframe/application/Bootstrap.php ON LINE 148 {"Undefined index: ffprobe":8} []
[2016-06-28 12:48:58] error.WARNING: 8 IN FILE /Users/zhouhong/xianrou/yaframe/library/Http/BasicRequest.php ON LINE 66 {"Undefined index: HTTP_TOKEN":8} []
[2016-06-28 12:48:58] error.ERROR: 8 IN FILE /Users/zhouhong/xianrou/yaframe/library/Http/BasicRequest.php ON LINE 66 {"Undefined index: HTTP_TOKEN":8} []
[2016-06-28 12:48:58] error.WARNING: 8 IN FILE /Users/zhouhong/xianrou/yaframe/library/Http/BasicRequest.php ON LINE 67 {"Undefined index: HTTP_SIGN":8} []
[2016-06-28 12:48:58] error.ERROR: 8 IN FILE /Users/zhouhong/xianrou/yaframe/library/Http/BasicRequest.php ON LINE 67 {"Undefined index: HTTP_SIGN":8} []
[2016-06-28 12:48:58] error.WARNING: 8 IN FILE /Users/zhouhong/xianrou/yaframe/library/Http/BasicRequest.php ON LINE 68 {"Undefined index: HTTP_VERSION":8} []
[2016-06-28 12:48:58] error.ERROR: 8 IN FILE /Users/zhouhong/xianrou/yaframe/library/Http/BasicRequest.php ON LINE 68 {"Undefined index: HTTP_VERSION":8} []
[2016-06-28 12:48:58] error.WARNING: 8 IN FILE /Users/zhouhong/xianrou/yaframe/library/Http/BasicRequest.php ON LINE 69 {"Undefined index: HTTP_TIMESTAMP":8} []
[2016-06-28 12:48:58] error.ERROR: 8 IN FILE /Users/zhouhong/xianrou/yaframe/library/Http/BasicRequest.php ON LINE 69 {"Undefined index: HTTP_TIMESTAMP":8} []
[2016-06-28 12:50:16] error.WARNING: 8 IN FILE /Users/zhouhong/xianrou/yaframe/application/Bootstrap.php ON LINE 147 {"Undefined index: ffmpeg":8} []
[2016-06-28 12:50:16] error.ERROR: 8 IN FILE /Users/zhouhong/xianrou/yaframe/application/Bootstrap.php ON LINE 147 {"Undefined index: ffmpeg":8} []
[2016-06-28 12:50:16] error.WARNING: 8 IN FILE /Users/zhouhong/xianrou/yaframe/application/Bootstrap.php ON LINE 148 {"Undefined index: ffprobe":8} []
[2016-06-28 12:50:16] error.ERROR: 8 IN FILE /Users/zhouhong/xianrou/yaframe/application/Bootstrap.php ON LINE 148 {"Undefined index: ffprobe":8} []
[2016-06-28 12:50:16] error.WARNING: 8 IN FILE /Users/zhouhong/xianrou/yaframe/library/Http/BasicRequest.php ON LINE 66 {"Undefined index: HTTP_TOKEN":8} []
[2016-06-28 12:50:16] error.ERROR: 8 IN FILE /Users/zhouhong/xianrou/yaframe/library/Http/BasicRequest.php ON LINE 66 {"Undefined index: HTTP_TOKEN":8} []
[2016-06-28 12:50:16] error.WARNING: 8 IN FILE /Users/zhouhong/xianrou/yaframe/library/Http/BasicRequest.php ON LINE 67 {"Undefined index: HTTP_SIGN":8} []
[2016-06-28 12:50:16] error.ERROR: 8 IN FILE /Users/zhouhong/xianrou/yaframe/library/Http/BasicRequest.php ON LINE 67 {"Undefined index: HTTP_SIGN":8} []
[2016-06-28 12:50:16] error.WARNING: 8 IN FILE /Users/zhouhong/xianrou/yaframe/library/Http/BasicRequest.php ON LINE 68 {"Undefined index: HTTP_VERSION":8} []
[2016-06-28 12:50:16] error.ERROR: 8 IN FILE /Users/zhouhong/xianrou/yaframe/library/Http/BasicRequest.php ON LINE 68 {"Undefined index: HTTP_VERSION":8} []
[2016-06-28 12:50:16] error.WARNING: 8 IN FILE /Users/zhouhong/xianrou/yaframe/library/Http/BasicRequest.php ON LINE 69 {"Undefined index: HTTP_TIMESTAMP":8} []
[2016-06-28 12:50:16] error.ERROR: 8 IN FILE /Users/zhouhong/xianrou/yaframe/library/Http/BasicRequest.php ON LINE 69 {"Undefined index: HTTP_TIMESTAMP":8} []
[2016-06-28 12:50:16] error.WARNING: 8 IN FILE /Users/zhouhong/xianrou/yaframe/application/modules/User/controllers/Image.php ON LINE 33 {"Undefined index: user_id":8} []
[2016-06-28 12:50:16] error.ERROR: 8 IN FILE /Users/zhouhong/xianrou/yaframe/application/modules/User/controllers/Image.php ON LINE 33 {"Undefined index: user_id":8} []
[2016-06-28 12:50:16] error.WARNING: 8 IN FILE /Users/zhouhong/xianrou/yaframe/library/Http/BasicRequest.php ON LINE 66 {"Undefined index: HTTP_TOKEN":8} []
[2016-06-28 12:50:16] error.ERROR: 8 IN FILE /Users/zhouhong/xianrou/yaframe/library/Http/BasicRequest.php ON LINE 66 {"Undefined index: HTTP_TOKEN":8} []
[2016-06-28 12:50:16] error.WARNING: 8 IN FILE /Users/zhouhong/xianrou/yaframe/library/Http/BasicRequest.php ON LINE 67 {"Undefined index: HTTP_SIGN":8} []
[2016-06-28 12:50:16] error.ERROR: 8 IN FILE /Users/zhouhong/xianrou/yaframe/library/Http/BasicRequest.php ON LINE 67 {"Undefined index: HTTP_SIGN":8} []
[2016-06-28 12:50:16] error.WARNING: 8 IN FILE /Users/zhouhong/xianrou/yaframe/library/Http/BasicRequest.php ON LINE 68 {"Undefined index: HTTP_VERSION":8} []
[2016-06-28 12:50:16] error.ERROR: 8 IN FILE /Users/zhouhong/xianrou/yaframe/library/Http/BasicRequest.php ON LINE 68 {"Undefined index: HTTP_VERSION":8} []
[2016-06-28 12:50:16] error.WARNING: 8 IN FILE /Users/zhouhong/xianrou/yaframe/library/Http/BasicRequest.php ON LINE 69 {"Undefined index: HTTP_TIMESTAMP":8} []
[2016-06-28 12:50:16] error.ERROR: 8 IN FILE /Users/zhouhong/xianrou/yaframe/library/Http/BasicRequest.php ON LINE 69 {"Undefined index: HTTP_TIMESTAMP":8} []
[2016-06-28 12:50:29] error.WARNING: 8 IN FILE /Users/zhouhong/xianrou/yaframe/application/Bootstrap.php ON LINE 147 {"Undefined index: ffmpeg":8} []
[2016-06-28 12:50:29] error.ERROR: 8 IN FILE /Users/zhouhong/xianrou/yaframe/application/Bootstrap.php ON LINE 147 {"Undefined index: ffmpeg":8} []
[2016-06-28 12:50:29] error.WARNING: 8 IN FILE /Users/zhouhong/xianrou/yaframe/application/Bootstrap.php ON LINE 148 {"Undefined index: ffprobe":8} []
[2016-06-28 12:50:29] error.ERROR: 8 IN FILE /Users/zhouhong/xianrou/yaframe/application/Bootstrap.php ON LINE 148 {"Undefined index: ffprobe":8} []
[2016-06-28 12:50:29] error.WARNING: 8 IN FILE /Users/zhouhong/xianrou/yaframe/library/Http/BasicRequest.php ON LINE 66 {"Undefined index: HTTP_TOKEN":8} []
[2016-06-28 12:50:29] error.ERROR: 8 IN FILE /Users/zhouhong/xianrou/yaframe/library/Http/BasicRequest.php ON LINE 66 {"Undefined index: HTTP_TOKEN":8} []
[2016-06-28 12:50:29] error.WARNING: 8 IN FILE /Users/zhouhong/xianrou/yaframe/library/Http/BasicRequest.php ON LINE 67 {"Undefined index: HTTP_SIGN":8} []
[2016-06-28 12:50:29] error.ERROR: 8 IN FILE /Users/zhouhong/xianrou/yaframe/library/Http/BasicRequest.php ON LINE 67 {"Undefined index: HTTP_SIGN":8} []
[2016-06-28 12:50:29] error.WARNING: 8 IN FILE /Users/zhouhong/xianrou/yaframe/library/Http/BasicRequest.php ON LINE 68 {"Undefined index: HTTP_VERSION":8} []
[2016-06-28 12:50:29] error.ERROR: 8 IN FILE /Users/zhouhong/xianrou/yaframe/library/Http/BasicRequest.php ON LINE 68 {"Undefined index: HTTP_VERSION":8} []
[2016-06-28 12:50:29] error.WARNING: 8 IN FILE /Users/zhouhong/xianrou/yaframe/library/Http/BasicRequest.php ON LINE 69 {"Undefined index: HTTP_TIMESTAMP":8} []
[2016-06-28 12:50:29] error.ERROR: 8 IN FILE /Users/zhouhong/xianrou/yaframe/library/Http/BasicRequest.php ON LINE 69 {"Undefined index: HTTP_TIMESTAMP":8} []
