[2016-07-02 16:05:04] error.ERROR: 8 IN FILE /Users/zhouhong/xianrou/yaframe/application/Bootstrap.php ON LINE 147 {"Undefined index: ffmpeg":8} []
[2016-07-02 16:05:04] error.ERROR: 8 IN FILE /Users/zhouhong/xianrou/yaframe/application/Bootstrap.php ON LINE 148 {"Undefined index: ffprobe":8} []
[2016-07-02 16:05:04] error.ERROR: 2 IN FILE /Users/zhouhong/xianrou/yaframe/library/Sphinx/SphinxClient.php ON LINE 232 {"assert(): assert(is_int($port)) failed":2} []
[2016-07-02 16:05:04] error.ERROR: 8 IN FILE /Users/zhouhong/xianrou/yaframe/library/Http/BasicRequest.php ON LINE 67 {"Undefined index: HTTP_SIGN":8} []
[2016-07-02 16:05:04] error.ERROR: 8 IN FILE /Users/zhouhong/xianrou/yaframe/library/Http/BasicRequest.php ON LINE 68 {"Undefined index: HTTP_VERSION":8} []
[2016-07-02 16:05:04] error.ERROR: 8 IN FILE /Users/zhouhong/xianrou/yaframe/library/Http/BasicRequest.php ON LINE 69 {"Undefined index: HTTP_TIMESTAMP":8} []
[2016-07-02 16:05:05] error.ERROR: 2 IN FILE /Users/zhouhong/xianrou/yaframe/application/models/Warehouse/ProductInfoData.php ON LINE 404 {"Declaration of Warehouse\\ProductInfoDataModel::getData($params) should be compatible with Common\\BaseModel::getData($params = Array, $columns = Array, $toArray = true)":2} []
[2016-07-02 16:05:05] error.ERROR: 8 IN FILE /Users/zhouhong/xianrou/yaframe/library/Uploader/Imager.php ON LINE 68 {"Undefined variable: leftWidth":8} []
[2016-07-02 16:05:07] error.ERROR: 8 IN FILE /Users/zhouhong/xianrou/yaframe/library/Uploader/Imager.php ON LINE 68 {"Undefined variable: leftWidth":8} []
[2016-07-02 16:05:09] error.ERROR: 8 IN FILE /Users/zhouhong/xianrou/yaframe/library/Sphinx/SphinxClient.php ON LINE 195 {"Undefined property: Sphinx\\SphinxClient::$_socket":8} []
[2016-07-02 16:05:09] error.ERROR: 8 IN FILE /Users/zhouhong/xianrou/yaframe/library/Sphinx/SphinxClient.php ON LINE 196 {"Undefined property: Sphinx\\SphinxClient::$_socket":8} []
[2016-07-02 16:05:09] error.ERROR: 2 IN FILE /Users/zhouhong/xianrou/yaframe/library/Sphinx/SphinxClient.php ON LINE 196 {"fclose() expects parameter 1 to be resource, null given":2} []
[2016-07-02 16:05:27] error.ERROR: 8 IN FILE /Users/zhouhong/xianrou/yaframe/application/Bootstrap.php ON LINE 147 {"Undefined index: ffmpeg":8} []
[2016-07-02 16:05:27] error.ERROR: 8 IN FILE /Users/zhouhong/xianrou/yaframe/application/Bootstrap.php ON LINE 148 {"Undefined index: ffprobe":8} []
[2016-07-02 16:05:27] error.ERROR: 2 IN FILE /Users/zhouhong/xianrou/yaframe/library/Sphinx/SphinxClient.php ON LINE 232 {"assert(): assert(is_int($port)) failed":2} []
[2016-07-02 16:05:27] error.ERROR: 8 IN FILE /Users/zhouhong/xianrou/yaframe/library/Http/BasicRequest.php ON LINE 67 {"Undefined index: HTTP_SIGN":8} []
[2016-07-02 16:05:27] error.ERROR: 8 IN FILE /Users/zhouhong/xianrou/yaframe/library/Http/BasicRequest.php ON LINE 68 {"Undefined index: HTTP_VERSION":8} []
[2016-07-02 16:05:27] error.ERROR: 8 IN FILE /Users/zhouhong/xianrou/yaframe/library/Http/BasicRequest.php ON LINE 69 {"Undefined index: HTTP_TIMESTAMP":8} []
[2016-07-02 16:05:27] error.ERROR: 2 IN FILE /Users/zhouhong/xianrou/yaframe/application/models/Warehouse/ProductInfoData.php ON LINE 404 {"Declaration of Warehouse\\ProductInfoDataModel::getData($params) should be compatible with Common\\BaseModel::getData($params = Array, $columns = Array, $toArray = true)":2} []
[2016-07-02 16:05:27] error.ERROR: 8 IN FILE /Users/zhouhong/xianrou/yaframe/library/Uploader/Imager.php ON LINE 68 {"Undefined variable: leftWidth":8} []
[2016-07-02 16:05:29] error.ERROR: 8 IN FILE /Users/zhouhong/xianrou/yaframe/library/Uploader/Imager.php ON LINE 68 {"Undefined variable: leftWidth":8} []
[2016-07-02 16:05:32] error.ERROR: 8 IN FILE /Users/zhouhong/xianrou/yaframe/application/models/Warehouse/ProductInfoData.php ON LINE 56 {"Undefined index: product_id":8} []
[2016-07-02 16:05:32] error.ERROR: 8 IN FILE /Users/zhouhong/xianrou/yaframe/library/Sphinx/SphinxClient.php ON LINE 195 {"Undefined property: Sphinx\\SphinxClient::$_socket":8} []
[2016-07-02 16:05:32] error.ERROR: 8 IN FILE /Users/zhouhong/xianrou/yaframe/library/Sphinx/SphinxClient.php ON LINE 196 {"Undefined property: Sphinx\\SphinxClient::$_socket":8} []
[2016-07-02 16:05:32] error.ERROR: 2 IN FILE /Users/zhouhong/xianrou/yaframe/library/Sphinx/SphinxClient.php ON LINE 196 {"fclose() expects parameter 1 to be resource, null given":2} []
[2016-07-02 16:34:44] error.ERROR: 8 IN FILE /Users/zhouhong/xianrou/yaframe/application/Bootstrap.php ON LINE 147 {"Undefined index: ffmpeg":8} []
[2016-07-02 16:34:44] error.ERROR: 8 IN FILE /Users/zhouhong/xianrou/yaframe/application/Bootstrap.php ON LINE 148 {"Undefined index: ffprobe":8} []
[2016-07-02 16:34:44] error.ERROR: 2 IN FILE /Users/zhouhong/xianrou/yaframe/library/Sphinx/SphinxClient.php ON LINE 232 {"assert(): assert(is_int($port)) failed":2} []
[2016-07-02 16:34:44] error.ERROR: 8 IN FILE /Users/zhouhong/xianrou/yaframe/library/Http/BasicRequest.php ON LINE 67 {"Undefined index: HTTP_SIGN":8} []
[2016-07-02 16:34:44] error.ERROR: 8 IN FILE /Users/zhouhong/xianrou/yaframe/library/Http/BasicRequest.php ON LINE 68 {"Undefined index: HTTP_VERSION":8} []
[2016-07-02 16:34:44] error.ERROR: 8 IN FILE /Users/zhouhong/xianrou/yaframe/library/Http/BasicRequest.php ON LINE 69 {"Undefined index: HTTP_TIMESTAMP":8} []
[2016-07-02 16:34:44] error.ERROR: 2 IN FILE /Users/zhouhong/xianrou/yaframe/application/models/Warehouse/ProductInfoData.php ON LINE 407 {"Declaration of Warehouse\\ProductInfoDataModel::getData($params) should be compatible with Common\\BaseModel::getData($params = Array, $columns = Array, $toArray = true)":2} []
[2016-07-02 16:34:44] error.ERROR: 8 IN FILE /Users/zhouhong/xianrou/yaframe/library/Sphinx/SphinxClient.php ON LINE 195 {"Undefined property: Sphinx\\SphinxClient::$_socket":8} []
[2016-07-02 16:34:44] error.ERROR: 8 IN FILE /Users/zhouhong/xianrou/yaframe/library/Sphinx/SphinxClient.php ON LINE 196 {"Undefined property: Sphinx\\SphinxClient::$_socket":8} []
[2016-07-02 16:34:44] error.ERROR: 2 IN FILE /Users/zhouhong/xianrou/yaframe/library/Sphinx/SphinxClient.php ON LINE 196 {"fclose() expects parameter 1 to be resource, null given":2} []
[2016-07-02 16:37:28] error.ERROR: 8 IN FILE /Users/zhouhong/xianrou/yaframe/application/Bootstrap.php ON LINE 147 {"Undefined index: ffmpeg":8} []
[2016-07-02 16:37:28] error.ERROR: 8 IN FILE /Users/zhouhong/xianrou/yaframe/application/Bootstrap.php ON LINE 148 {"Undefined index: ffprobe":8} []
[2016-07-02 16:37:28] error.ERROR: 2 IN FILE /Users/zhouhong/xianrou/yaframe/library/Sphinx/SphinxClient.php ON LINE 232 {"assert(): assert(is_int($port)) failed":2} []
[2016-07-02 16:37:28] error.ERROR: 8 IN FILE /Users/zhouhong/xianrou/yaframe/library/Http/BasicRequest.php ON LINE 67 {"Undefined index: HTTP_SIGN":8} []
[2016-07-02 16:37:28] error.ERROR: 8 IN FILE /Users/zhouhong/xianrou/yaframe/library/Http/BasicRequest.php ON LINE 68 {"Undefined index: HTTP_VERSION":8} []
[2016-07-02 16:37:28] error.ERROR: 8 IN FILE /Users/zhouhong/xianrou/yaframe/library/Http/BasicRequest.php ON LINE 69 {"Undefined index: HTTP_TIMESTAMP":8} []
[2016-07-02 16:37:28] error.ERROR: 8 IN FILE /Users/zhouhong/xianrou/yaframe/library/Sphinx/SphinxClient.php ON LINE 195 {"Undefined property: Sphinx\\SphinxClient::$_socket":8} []
[2016-07-02 16:37:28] error.ERROR: 8 IN FILE /Users/zhouhong/xianrou/yaframe/library/Sphinx/SphinxClient.php ON LINE 196 {"Undefined property: Sphinx\\SphinxClient::$_socket":8} []
[2016-07-02 16:37:28] error.ERROR: 2 IN FILE /Users/zhouhong/xianrou/yaframe/library/Sphinx/SphinxClient.php ON LINE 196 {"fclose() expects parameter 1 to be resource, null given":2} []
[2016-07-02 16:40:43] error.ERROR: 8 IN FILE /Users/zhouhong/xianrou/yaframe/application/Bootstrap.php ON LINE 147 {"Undefined index: ffmpeg":8} []
[2016-07-02 16:40:43] error.ERROR: 8 IN FILE /Users/zhouhong/xianrou/yaframe/application/Bootstrap.php ON LINE 148 {"Undefined index: ffprobe":8} []
[2016-07-02 16:40:43] error.ERROR: 2 IN FILE /Users/zhouhong/xianrou/yaframe/library/Sphinx/SphinxClient.php ON LINE 232 {"assert(): assert(is_int($port)) failed":2} []
[2016-07-02 16:40:43] error.ERROR: 8 IN FILE /Users/zhouhong/xianrou/yaframe/library/Http/BasicRequest.php ON LINE 67 {"Undefined index: HTTP_SIGN":8} []
[2016-07-02 16:40:43] error.ERROR: 8 IN FILE /Users/zhouhong/xianrou/yaframe/library/Http/BasicRequest.php ON LINE 68 {"Undefined index: HTTP_VERSION":8} []
[2016-07-02 16:40:43] error.ERROR: 8 IN FILE /Users/zhouhong/xianrou/yaframe/library/Http/BasicRequest.php ON LINE 69 {"Undefined index: HTTP_TIMESTAMP":8} []
[2016-07-02 16:40:43] error.ERROR: 8 IN FILE /Users/zhouhong/xianrou/yaframe/library/Sphinx/SphinxClient.php ON LINE 195 {"Undefined property: Sphinx\\SphinxClient::$_socket":8} []
[2016-07-02 16:40:43] error.ERROR: 8 IN FILE /Users/zhouhong/xianrou/yaframe/library/Sphinx/SphinxClient.php ON LINE 196 {"Undefined property: Sphinx\\SphinxClient::$_socket":8} []
[2016-07-02 16:40:43] error.ERROR: 2 IN FILE /Users/zhouhong/xianrou/yaframe/library/Sphinx/SphinxClient.php ON LINE 196 {"fclose() expects parameter 1 to be resource, null given":2} []
[2016-07-02 16:41:18] error.ERROR: 8 IN FILE /Users/zhouhong/xianrou/yaframe/application/Bootstrap.php ON LINE 147 {"Undefined index: ffmpeg":8} []
[2016-07-02 16:41:18] error.ERROR: 8 IN FILE /Users/zhouhong/xianrou/yaframe/application/Bootstrap.php ON LINE 148 {"Undefined index: ffprobe":8} []
[2016-07-02 16:41:18] error.ERROR: 2 IN FILE /Users/zhouhong/xianrou/yaframe/library/Sphinx/SphinxClient.php ON LINE 232 {"assert(): assert(is_int($port)) failed":2} []
[2016-07-02 16:41:18] error.ERROR: 8 IN FILE /Users/zhouhong/xianrou/yaframe/library/Http/BasicRequest.php ON LINE 67 {"Undefined index: HTTP_SIGN":8} []
[2016-07-02 16:41:18] error.ERROR: 8 IN FILE /Users/zhouhong/xianrou/yaframe/library/Http/BasicRequest.php ON LINE 68 {"Undefined index: HTTP_VERSION":8} []
[2016-07-02 16:41:18] error.ERROR: 8 IN FILE /Users/zhouhong/xianrou/yaframe/library/Http/BasicRequest.php ON LINE 69 {"Undefined index: HTTP_TIMESTAMP":8} []
[2016-07-02 16:41:18] error.ERROR: 8 IN FILE /Users/zhouhong/xianrou/yaframe/library/Sphinx/SphinxClient.php ON LINE 195 {"Undefined property: Sphinx\\SphinxClient::$_socket":8} []
[2016-07-02 16:41:18] error.ERROR: 8 IN FILE /Users/zhouhong/xianrou/yaframe/library/Sphinx/SphinxClient.php ON LINE 196 {"Undefined property: Sphinx\\SphinxClient::$_socket":8} []
[2016-07-02 16:41:18] error.ERROR: 2 IN FILE /Users/zhouhong/xianrou/yaframe/library/Sphinx/SphinxClient.php ON LINE 196 {"fclose() expects parameter 1 to be resource, null given":2} []
[2016-07-02 16:41:34] error.ERROR: 8 IN FILE /Users/zhouhong/xianrou/yaframe/application/Bootstrap.php ON LINE 147 {"Undefined index: ffmpeg":8} []
[2016-07-02 16:41:34] error.ERROR: 8 IN FILE /Users/zhouhong/xianrou/yaframe/application/Bootstrap.php ON LINE 148 {"Undefined index: ffprobe":8} []
[2016-07-02 16:41:34] error.ERROR: 2 IN FILE /Users/zhouhong/xianrou/yaframe/library/Sphinx/SphinxClient.php ON LINE 232 {"assert(): assert(is_int($port)) failed":2} []
[2016-07-02 16:41:34] error.ERROR: 8 IN FILE /Users/zhouhong/xianrou/yaframe/library/Http/BasicRequest.php ON LINE 67 {"Undefined index: HTTP_SIGN":8} []
[2016-07-02 16:41:34] error.ERROR: 8 IN FILE /Users/zhouhong/xianrou/yaframe/library/Http/BasicRequest.php ON LINE 68 {"Undefined index: HTTP_VERSION":8} []
[2016-07-02 16:41:34] error.ERROR: 8 IN FILE /Users/zhouhong/xianrou/yaframe/library/Http/BasicRequest.php ON LINE 69 {"Undefined index: HTTP_TIMESTAMP":8} []
[2016-07-02 16:41:34] error.ERROR: 8 IN FILE /Users/zhouhong/xianrou/yaframe/library/Sphinx/SphinxClient.php ON LINE 195 {"Undefined property: Sphinx\\SphinxClient::$_socket":8} []
[2016-07-02 16:41:34] error.ERROR: 8 IN FILE /Users/zhouhong/xianrou/yaframe/library/Sphinx/SphinxClient.php ON LINE 196 {"Undefined property: Sphinx\\SphinxClient::$_socket":8} []
[2016-07-02 16:41:34] error.ERROR: 2 IN FILE /Users/zhouhong/xianrou/yaframe/library/Sphinx/SphinxClient.php ON LINE 196 {"fclose() expects parameter 1 to be resource, null given":2} []
[2016-07-02 16:41:57] error.ERROR: 8 IN FILE /Users/zhouhong/xianrou/yaframe/application/Bootstrap.php ON LINE 147 {"Undefined index: ffmpeg":8} []
[2016-07-02 16:41:57] error.ERROR: 8 IN FILE /Users/zhouhong/xianrou/yaframe/application/Bootstrap.php ON LINE 148 {"Undefined index: ffprobe":8} []
[2016-07-02 16:41:57] error.ERROR: 2 IN FILE /Users/zhouhong/xianrou/yaframe/library/Sphinx/SphinxClient.php ON LINE 232 {"assert(): assert(is_int($port)) failed":2} []
[2016-07-02 16:41:57] error.ERROR: 8 IN FILE /Users/zhouhong/xianrou/yaframe/library/Http/BasicRequest.php ON LINE 67 {"Undefined index: HTTP_SIGN":8} []
[2016-07-02 16:41:57] error.ERROR: 8 IN FILE /Users/zhouhong/xianrou/yaframe/library/Http/BasicRequest.php ON LINE 68 {"Undefined index: HTTP_VERSION":8} []
[2016-07-02 16:41:57] error.ERROR: 8 IN FILE /Users/zhouhong/xianrou/yaframe/library/Http/BasicRequest.php ON LINE 69 {"Undefined index: HTTP_TIMESTAMP":8} []
[2016-07-02 16:41:57] error.ERROR: 8 IN FILE /Users/zhouhong/xianrou/yaframe/library/Sphinx/SphinxClient.php ON LINE 195 {"Undefined property: Sphinx\\SphinxClient::$_socket":8} []
[2016-07-02 16:41:57] error.ERROR: 8 IN FILE /Users/zhouhong/xianrou/yaframe/library/Sphinx/SphinxClient.php ON LINE 196 {"Undefined property: Sphinx\\SphinxClient::$_socket":8} []
[2016-07-02 16:41:57] error.ERROR: 2 IN FILE /Users/zhouhong/xianrou/yaframe/library/Sphinx/SphinxClient.php ON LINE 196 {"fclose() expects parameter 1 to be resource, null given":2} []
[2016-07-02 16:42:30] error.ERROR: 8 IN FILE /Users/zhouhong/xianrou/yaframe/application/Bootstrap.php ON LINE 147 {"Undefined index: ffmpeg":8} []
[2016-07-02 16:42:30] error.ERROR: 8 IN FILE /Users/zhouhong/xianrou/yaframe/application/Bootstrap.php ON LINE 148 {"Undefined index: ffprobe":8} []
[2016-07-02 16:42:30] error.ERROR: 2 IN FILE /Users/zhouhong/xianrou/yaframe/library/Sphinx/SphinxClient.php ON LINE 232 {"assert(): assert(is_int($port)) failed":2} []
[2016-07-02 16:42:30] error.ERROR: 8 IN FILE /Users/zhouhong/xianrou/yaframe/library/Http/BasicRequest.php ON LINE 67 {"Undefined index: HTTP_SIGN":8} []
[2016-07-02 16:42:30] error.ERROR: 8 IN FILE /Users/zhouhong/xianrou/yaframe/library/Http/BasicRequest.php ON LINE 68 {"Undefined index: HTTP_VERSION":8} []
[2016-07-02 16:42:30] error.ERROR: 8 IN FILE /Users/zhouhong/xianrou/yaframe/library/Http/BasicRequest.php ON LINE 69 {"Undefined index: HTTP_TIMESTAMP":8} []
[2016-07-02 16:42:30] error.ERROR: 8 IN FILE /Users/zhouhong/xianrou/yaframe/library/Sphinx/SphinxClient.php ON LINE 195 {"Undefined property: Sphinx\\SphinxClient::$_socket":8} []
[2016-07-02 16:42:30] error.ERROR: 8 IN FILE /Users/zhouhong/xianrou/yaframe/library/Sphinx/SphinxClient.php ON LINE 196 {"Undefined property: Sphinx\\SphinxClient::$_socket":8} []
[2016-07-02 16:42:30] error.ERROR: 2 IN FILE /Users/zhouhong/xianrou/yaframe/library/Sphinx/SphinxClient.php ON LINE 196 {"fclose() expects parameter 1 to be resource, null given":2} []
[2016-07-02 16:43:49] error.ERROR: 8 IN FILE /Users/zhouhong/xianrou/yaframe/application/Bootstrap.php ON LINE 147 {"Undefined index: ffmpeg":8} []
[2016-07-02 16:43:49] error.ERROR: 8 IN FILE /Users/zhouhong/xianrou/yaframe/application/Bootstrap.php ON LINE 148 {"Undefined index: ffprobe":8} []
[2016-07-02 16:43:49] error.ERROR: 2 IN FILE /Users/zhouhong/xianrou/yaframe/library/Sphinx/SphinxClient.php ON LINE 232 {"assert(): assert(is_int($port)) failed":2} []
[2016-07-02 16:43:49] error.ERROR: 8 IN FILE /Users/zhouhong/xianrou/yaframe/library/Http/BasicRequest.php ON LINE 67 {"Undefined index: HTTP_SIGN":8} []
[2016-07-02 16:43:49] error.ERROR: 8 IN FILE /Users/zhouhong/xianrou/yaframe/library/Http/BasicRequest.php ON LINE 68 {"Undefined index: HTTP_VERSION":8} []
[2016-07-02 16:43:49] error.ERROR: 8 IN FILE /Users/zhouhong/xianrou/yaframe/library/Http/BasicRequest.php ON LINE 69 {"Undefined index: HTTP_TIMESTAMP":8} []
[2016-07-02 16:43:49] error.ERROR: 8 IN FILE /Users/zhouhong/xianrou/yaframe/library/Sphinx/SphinxClient.php ON LINE 195 {"Undefined property: Sphinx\\SphinxClient::$_socket":8} []
[2016-07-02 16:43:49] error.ERROR: 8 IN FILE /Users/zhouhong/xianrou/yaframe/library/Sphinx/SphinxClient.php ON LINE 196 {"Undefined property: Sphinx\\SphinxClient::$_socket":8} []
[2016-07-02 16:43:49] error.ERROR: 2 IN FILE /Users/zhouhong/xianrou/yaframe/library/Sphinx/SphinxClient.php ON LINE 196 {"fclose() expects parameter 1 to be resource, null given":2} []
[2016-07-02 16:45:34] error.ERROR: 8 IN FILE /Users/zhouhong/xianrou/yaframe/application/Bootstrap.php ON LINE 147 {"Undefined index: ffmpeg":8} []
[2016-07-02 16:45:34] error.ERROR: 8 IN FILE /Users/zhouhong/xianrou/yaframe/application/Bootstrap.php ON LINE 148 {"Undefined index: ffprobe":8} []
[2016-07-02 16:45:34] error.ERROR: 2 IN FILE /Users/zhouhong/xianrou/yaframe/library/Sphinx/SphinxClient.php ON LINE 232 {"assert(): assert(is_int($port)) failed":2} []
[2016-07-02 16:45:35] error.ERROR: 8 IN FILE /Users/zhouhong/xianrou/yaframe/library/Http/BasicRequest.php ON LINE 67 {"Undefined index: HTTP_SIGN":8} []
[2016-07-02 16:45:35] error.ERROR: 8 IN FILE /Users/zhouhong/xianrou/yaframe/library/Http/BasicRequest.php ON LINE 68 {"Undefined index: HTTP_VERSION":8} []
[2016-07-02 16:45:35] error.ERROR: 8 IN FILE /Users/zhouhong/xianrou/yaframe/library/Http/BasicRequest.php ON LINE 69 {"Undefined index: HTTP_TIMESTAMP":8} []
[2016-07-02 16:45:35] error.ERROR: 2 IN FILE /Users/zhouhong/xianrou/yaframe/application/models/Warehouse/ProductInfoData.php ON LINE 407 {"Declaration of Warehouse\\ProductInfoDataModel::getData($params) should be compatible with Common\\BaseModel::getData($params = Array, $columns = Array, $toArray = true)":2} []
[2016-07-02 16:45:35] error.ERROR: 8 IN FILE /Users/zhouhong/xianrou/yaframe/library/Http/BasicRequest.php ON LINE 67 {"Undefined index: HTTP_SIGN":8} []
[2016-07-02 16:45:35] error.ERROR: 8 IN FILE /Users/zhouhong/xianrou/yaframe/library/Http/BasicRequest.php ON LINE 68 {"Undefined index: HTTP_VERSION":8} []
[2016-07-02 16:45:35] error.ERROR: 8 IN FILE /Users/zhouhong/xianrou/yaframe/library/Http/BasicRequest.php ON LINE 69 {"Undefined index: HTTP_TIMESTAMP":8} []
[2016-07-02 16:45:35] error.ERROR: 8 IN FILE /Users/zhouhong/xianrou/yaframe/library/Sphinx/SphinxClient.php ON LINE 195 {"Undefined property: Sphinx\\SphinxClient::$_socket":8} []
[2016-07-02 16:45:35] error.ERROR: 8 IN FILE /Users/zhouhong/xianrou/yaframe/library/Sphinx/SphinxClient.php ON LINE 196 {"Undefined property: Sphinx\\SphinxClient::$_socket":8} []
[2016-07-02 16:45:35] error.ERROR: 2 IN FILE /Users/zhouhong/xianrou/yaframe/library/Sphinx/SphinxClient.php ON LINE 196 {"fclose() expects parameter 1 to be resource, null given":2} []
[2016-07-02 16:46:10] error.ERROR: 8 IN FILE /Users/zhouhong/xianrou/yaframe/application/Bootstrap.php ON LINE 147 {"Undefined index: ffmpeg":8} []
[2016-07-02 16:46:10] error.ERROR: 8 IN FILE /Users/zhouhong/xianrou/yaframe/application/Bootstrap.php ON LINE 148 {"Undefined index: ffprobe":8} []
[2016-07-02 16:46:10] error.ERROR: 2 IN FILE /Users/zhouhong/xianrou/yaframe/library/Sphinx/SphinxClient.php ON LINE 232 {"assert(): assert(is_int($port)) failed":2} []
[2016-07-02 16:46:10] error.ERROR: 8 IN FILE /Users/zhouhong/xianrou/yaframe/library/Http/BasicRequest.php ON LINE 67 {"Undefined index: HTTP_SIGN":8} []
[2016-07-02 16:46:10] error.ERROR: 8 IN FILE /Users/zhouhong/xianrou/yaframe/library/Http/BasicRequest.php ON LINE 68 {"Undefined index: HTTP_VERSION":8} []
[2016-07-02 16:46:10] error.ERROR: 8 IN FILE /Users/zhouhong/xianrou/yaframe/library/Http/BasicRequest.php ON LINE 69 {"Undefined index: HTTP_TIMESTAMP":8} []
[2016-07-02 16:46:10] error.ERROR: 8 IN FILE /Users/zhouhong/xianrou/yaframe/library/Sphinx/SphinxClient.php ON LINE 195 {"Undefined property: Sphinx\\SphinxClient::$_socket":8} []
[2016-07-02 16:46:10] error.ERROR: 8 IN FILE /Users/zhouhong/xianrou/yaframe/library/Sphinx/SphinxClient.php ON LINE 196 {"Undefined property: Sphinx\\SphinxClient::$_socket":8} []
[2016-07-02 16:46:10] error.ERROR: 2 IN FILE /Users/zhouhong/xianrou/yaframe/library/Sphinx/SphinxClient.php ON LINE 196 {"fclose() expects parameter 1 to be resource, null given":2} []
[2016-07-02 16:46:28] error.ERROR: 8 IN FILE /Users/zhouhong/xianrou/yaframe/application/Bootstrap.php ON LINE 147 {"Undefined index: ffmpeg":8} []
[2016-07-02 16:46:28] error.ERROR: 8 IN FILE /Users/zhouhong/xianrou/yaframe/application/Bootstrap.php ON LINE 148 {"Undefined index: ffprobe":8} []
[2016-07-02 16:46:28] error.ERROR: 2 IN FILE /Users/zhouhong/xianrou/yaframe/library/Sphinx/SphinxClient.php ON LINE 232 {"assert(): assert(is_int($port)) failed":2} []
[2016-07-02 16:46:28] error.ERROR: 8 IN FILE /Users/zhouhong/xianrou/yaframe/library/Http/BasicRequest.php ON LINE 67 {"Undefined index: HTTP_SIGN":8} []
[2016-07-02 16:46:28] error.ERROR: 8 IN FILE /Users/zhouhong/xianrou/yaframe/library/Http/BasicRequest.php ON LINE 68 {"Undefined index: HTTP_VERSION":8} []
[2016-07-02 16:46:28] error.ERROR: 8 IN FILE /Users/zhouhong/xianrou/yaframe/library/Http/BasicRequest.php ON LINE 69 {"Undefined index: HTTP_TIMESTAMP":8} []
[2016-07-02 16:46:28] error.ERROR: 8 IN FILE /Users/zhouhong/xianrou/yaframe/library/Sphinx/SphinxClient.php ON LINE 195 {"Undefined property: Sphinx\\SphinxClient::$_socket":8} []
[2016-07-02 16:46:28] error.ERROR: 8 IN FILE /Users/zhouhong/xianrou/yaframe/library/Sphinx/SphinxClient.php ON LINE 196 {"Undefined property: Sphinx\\SphinxClient::$_socket":8} []
[2016-07-02 16:46:28] error.ERROR: 2 IN FILE /Users/zhouhong/xianrou/yaframe/library/Sphinx/SphinxClient.php ON LINE 196 {"fclose() expects parameter 1 to be resource, null given":2} []
[2016-07-02 16:47:29] error.ERROR: 8 IN FILE /Users/zhouhong/xianrou/yaframe/application/Bootstrap.php ON LINE 147 {"Undefined index: ffmpeg":8} []
[2016-07-02 16:47:29] error.ERROR: 8 IN FILE /Users/zhouhong/xianrou/yaframe/application/Bootstrap.php ON LINE 148 {"Undefined index: ffprobe":8} []
[2016-07-02 16:47:29] error.ERROR: 2 IN FILE /Users/zhouhong/xianrou/yaframe/library/Sphinx/SphinxClient.php ON LINE 232 {"assert(): assert(is_int($port)) failed":2} []
[2016-07-02 16:47:29] error.ERROR: 8 IN FILE /Users/zhouhong/xianrou/yaframe/library/Http/BasicRequest.php ON LINE 67 {"Undefined index: HTTP_SIGN":8} []
[2016-07-02 16:47:29] error.ERROR: 8 IN FILE /Users/zhouhong/xianrou/yaframe/library/Http/BasicRequest.php ON LINE 68 {"Undefined index: HTTP_VERSION":8} []
[2016-07-02 16:47:29] error.ERROR: 8 IN FILE /Users/zhouhong/xianrou/yaframe/library/Http/BasicRequest.php ON LINE 69 {"Undefined index: HTTP_TIMESTAMP":8} []
[2016-07-02 16:47:29] error.ERROR: 8 IN FILE /Users/zhouhong/xianrou/yaframe/library/Http/BasicRequest.php ON LINE 67 {"Undefined index: HTTP_SIGN":8} []
[2016-07-02 16:47:29] error.ERROR: 8 IN FILE /Users/zhouhong/xianrou/yaframe/library/Http/BasicRequest.php ON LINE 68 {"Undefined index: HTTP_VERSION":8} []
[2016-07-02 16:47:29] error.ERROR: 8 IN FILE /Users/zhouhong/xianrou/yaframe/library/Http/BasicRequest.php ON LINE 69 {"Undefined index: HTTP_TIMESTAMP":8} []
[2016-07-02 16:47:29] error.ERROR: 8 IN FILE /Users/zhouhong/xianrou/yaframe/library/Exception/ErrorException.php ON LINE 33 {"A non well formed numeric value encountered":8} []
[2016-07-02 16:47:29] error.ERROR: 8 IN FILE /Users/zhouhong/xianrou/yaframe/library/Sphinx/SphinxClient.php ON LINE 195 {"Undefined property: Sphinx\\SphinxClient::$_socket":8} []
[2016-07-02 16:47:29] error.ERROR: 8 IN FILE /Users/zhouhong/xianrou/yaframe/library/Sphinx/SphinxClient.php ON LINE 196 {"Undefined property: Sphinx\\SphinxClient::$_socket":8} []
[2016-07-02 16:47:29] error.ERROR: 2 IN FILE /Users/zhouhong/xianrou/yaframe/library/Sphinx/SphinxClient.php ON LINE 196 {"fclose() expects parameter 1 to be resource, null given":2} []
[2016-07-02 16:48:37] error.ERROR: 8 IN FILE /Users/zhouhong/xianrou/yaframe/application/Bootstrap.php ON LINE 147 {"Undefined index: ffmpeg":8} []
[2016-07-02 16:48:37] error.ERROR: 8 IN FILE /Users/zhouhong/xianrou/yaframe/application/Bootstrap.php ON LINE 148 {"Undefined index: ffprobe":8} []
[2016-07-02 16:48:37] error.ERROR: 2 IN FILE /Users/zhouhong/xianrou/yaframe/library/Sphinx/SphinxClient.php ON LINE 232 {"assert(): assert(is_int($port)) failed":2} []
[2016-07-02 16:48:37] error.ERROR: 8 IN FILE /Users/zhouhong/xianrou/yaframe/library/Http/BasicRequest.php ON LINE 67 {"Undefined index: HTTP_SIGN":8} []
[2016-07-02 16:48:37] error.ERROR: 8 IN FILE /Users/zhouhong/xianrou/yaframe/library/Http/BasicRequest.php ON LINE 68 {"Undefined index: HTTP_VERSION":8} []
[2016-07-02 16:48:37] error.ERROR: 8 IN FILE /Users/zhouhong/xianrou/yaframe/library/Http/BasicRequest.php ON LINE 69 {"Undefined index: HTTP_TIMESTAMP":8} []
[2016-07-02 16:48:37] error.ERROR: 8 IN FILE /Users/zhouhong/xianrou/yaframe/application/modules/Service/controllers/Service.php ON LINE 142 {"Undefined index: service_data":8} []
[2016-07-02 16:48:37] error.ERROR: 8 IN FILE /Users/zhouhong/xianrou/yaframe/application/modules/Service/controllers/Service.php ON LINE 142 {"Undefined index: service_data":8} []
[2016-07-02 16:48:37] error.ERROR: 8 IN FILE /Users/zhouhong/xianrou/yaframe/application/modules/Service/controllers/Service.php ON LINE 142 {"Undefined index: service_data":8} []
[2016-07-02 16:48:37] error.ERROR: 8 IN FILE /Users/zhouhong/xianrou/yaframe/application/modules/Service/controllers/Service.php ON LINE 142 {"Undefined index: service_data":8} []
[2016-07-02 16:48:37] error.ERROR: 8 IN FILE /Users/zhouhong/xianrou/yaframe/library/Sphinx/SphinxClient.php ON LINE 195 {"Undefined property: Sphinx\\SphinxClient::$_socket":8} []
[2016-07-02 16:48:37] error.ERROR: 8 IN FILE /Users/zhouhong/xianrou/yaframe/library/Sphinx/SphinxClient.php ON LINE 196 {"Undefined property: Sphinx\\SphinxClient::$_socket":8} []
[2016-07-02 16:48:37] error.ERROR: 2 IN FILE /Users/zhouhong/xianrou/yaframe/library/Sphinx/SphinxClient.php ON LINE 196 {"fclose() expects parameter 1 to be resource, null given":2} []
[2016-07-02 16:50:33] error.ERROR: 8 IN FILE /Users/zhouhong/xianrou/yaframe/application/Bootstrap.php ON LINE 147 {"Undefined index: ffmpeg":8} []
[2016-07-02 16:50:33] error.ERROR: 8 IN FILE /Users/zhouhong/xianrou/yaframe/application/Bootstrap.php ON LINE 148 {"Undefined index: ffprobe":8} []
[2016-07-02 16:50:33] error.ERROR: 2 IN FILE /Users/zhouhong/xianrou/yaframe/library/Sphinx/SphinxClient.php ON LINE 232 {"assert(): assert(is_int($port)) failed":2} []
[2016-07-02 16:50:33] error.ERROR: 8 IN FILE /Users/zhouhong/xianrou/yaframe/library/Http/BasicRequest.php ON LINE 67 {"Undefined index: HTTP_SIGN":8} []
[2016-07-02 16:50:33] error.ERROR: 8 IN FILE /Users/zhouhong/xianrou/yaframe/library/Http/BasicRequest.php ON LINE 68 {"Undefined index: HTTP_VERSION":8} []
[2016-07-02 16:50:33] error.ERROR: 8 IN FILE /Users/zhouhong/xianrou/yaframe/library/Http/BasicRequest.php ON LINE 69 {"Undefined index: HTTP_TIMESTAMP":8} []
[2016-07-02 16:50:33] error.ERROR: 8 IN FILE /Users/zhouhong/xianrou/yaframe/application/modules/Service/controllers/Service.php ON LINE 142 {"Undefined index: service_data":8} []
[2016-07-02 16:50:33] error.ERROR: 8 IN FILE /Users/zhouhong/xianrou/yaframe/application/modules/Service/controllers/Service.php ON LINE 142 {"Undefined index: service_data":8} []
[2016-07-02 16:50:33] error.ERROR: 8 IN FILE /Users/zhouhong/xianrou/yaframe/application/modules/Service/controllers/Service.php ON LINE 142 {"Undefined index: service_data":8} []
[2016-07-02 16:50:33] error.ERROR: 8 IN FILE /Users/zhouhong/xianrou/yaframe/application/modules/Service/controllers/Service.php ON LINE 142 {"Undefined index: service_data":8} []
[2016-07-02 16:50:33] error.ERROR: 8 IN FILE /Users/zhouhong/xianrou/yaframe/library/Sphinx/SphinxClient.php ON LINE 195 {"Undefined property: Sphinx\\SphinxClient::$_socket":8} []
[2016-07-02 16:50:33] error.ERROR: 8 IN FILE /Users/zhouhong/xianrou/yaframe/library/Sphinx/SphinxClient.php ON LINE 196 {"Undefined property: Sphinx\\SphinxClient::$_socket":8} []
[2016-07-02 16:50:33] error.ERROR: 2 IN FILE /Users/zhouhong/xianrou/yaframe/library/Sphinx/SphinxClient.php ON LINE 196 {"fclose() expects parameter 1 to be resource, null given":2} []
[2016-07-02 16:50:52] error.ERROR: 8 IN FILE /Users/zhouhong/xianrou/yaframe/application/Bootstrap.php ON LINE 147 {"Undefined index: ffmpeg":8} []
[2016-07-02 16:50:52] error.ERROR: 8 IN FILE /Users/zhouhong/xianrou/yaframe/application/Bootstrap.php ON LINE 148 {"Undefined index: ffprobe":8} []
[2016-07-02 16:50:52] error.ERROR: 2 IN FILE /Users/zhouhong/xianrou/yaframe/library/Sphinx/SphinxClient.php ON LINE 232 {"assert(): assert(is_int($port)) failed":2} []
[2016-07-02 16:50:52] error.ERROR: 8 IN FILE /Users/zhouhong/xianrou/yaframe/library/Http/BasicRequest.php ON LINE 67 {"Undefined index: HTTP_SIGN":8} []
[2016-07-02 16:50:52] error.ERROR: 8 IN FILE /Users/zhouhong/xianrou/yaframe/library/Http/BasicRequest.php ON LINE 68 {"Undefined index: HTTP_VERSION":8} []
[2016-07-02 16:50:52] error.ERROR: 8 IN FILE /Users/zhouhong/xianrou/yaframe/library/Http/BasicRequest.php ON LINE 69 {"Undefined index: HTTP_TIMESTAMP":8} []
[2016-07-02 16:50:52] error.ERROR: 8 IN FILE /Users/zhouhong/xianrou/yaframe/application/modules/Service/controllers/Service.php ON LINE 142 {"Undefined index: service_data":8} []
[2016-07-02 16:50:52] error.ERROR: 8 IN FILE /Users/zhouhong/xianrou/yaframe/application/modules/Service/controllers/Service.php ON LINE 142 {"Undefined index: service_data":8} []
[2016-07-02 16:50:52] error.ERROR: 8 IN FILE /Users/zhouhong/xianrou/yaframe/application/modules/Service/controllers/Service.php ON LINE 142 {"Undefined index: service_data":8} []
[2016-07-02 16:50:52] error.ERROR: 8 IN FILE /Users/zhouhong/xianrou/yaframe/application/modules/Service/controllers/Service.php ON LINE 142 {"Undefined index: service_data":8} []
[2016-07-02 16:50:52] error.ERROR: 8 IN FILE /Users/zhouhong/xianrou/yaframe/application/modules/Service/controllers/Service.php ON LINE 142 {"Undefined index: service_data":8} []
[2016-07-02 16:50:52] error.ERROR: 8 IN FILE /Users/zhouhong/xianrou/yaframe/application/modules/Service/controllers/Service.php ON LINE 142 {"Undefined index: service_data":8} []
[2016-07-02 16:50:52] error.ERROR: 8 IN FILE /Users/zhouhong/xianrou/yaframe/library/Sphinx/SphinxClient.php ON LINE 195 {"Undefined property: Sphinx\\SphinxClient::$_socket":8} []
[2016-07-02 16:50:52] error.ERROR: 8 IN FILE /Users/zhouhong/xianrou/yaframe/library/Sphinx/SphinxClient.php ON LINE 196 {"Undefined property: Sphinx\\SphinxClient::$_socket":8} []
[2016-07-02 16:50:52] error.ERROR: 2 IN FILE /Users/zhouhong/xianrou/yaframe/library/Sphinx/SphinxClient.php ON LINE 196 {"fclose() expects parameter 1 to be resource, null given":2} []
[2016-07-02 16:51:25] error.ERROR: 8 IN FILE /Users/zhouhong/xianrou/yaframe/application/Bootstrap.php ON LINE 147 {"Undefined index: ffmpeg":8} []
[2016-07-02 16:51:25] error.ERROR: 8 IN FILE /Users/zhouhong/xianrou/yaframe/application/Bootstrap.php ON LINE 148 {"Undefined index: ffprobe":8} []
[2016-07-02 16:51:25] error.ERROR: 2 IN FILE /Users/zhouhong/xianrou/yaframe/library/Sphinx/SphinxClient.php ON LINE 232 {"assert(): assert(is_int($port)) failed":2} []
[2016-07-02 16:51:25] error.ERROR: 8 IN FILE /Users/zhouhong/xianrou/yaframe/library/Http/BasicRequest.php ON LINE 67 {"Undefined index: HTTP_SIGN":8} []
[2016-07-02 16:51:26] error.ERROR: 8 IN FILE /Users/zhouhong/xianrou/yaframe/library/Http/BasicRequest.php ON LINE 68 {"Undefined index: HTTP_VERSION":8} []
[2016-07-02 16:51:26] error.ERROR: 8 IN FILE /Users/zhouhong/xianrou/yaframe/library/Http/BasicRequest.php ON LINE 69 {"Undefined index: HTTP_TIMESTAMP":8} []
[2016-07-02 16:51:26] error.ERROR: 8 IN FILE /Users/zhouhong/xianrou/yaframe/library/Sphinx/SphinxClient.php ON LINE 195 {"Undefined property: Sphinx\\SphinxClient::$_socket":8} []
[2016-07-02 16:51:26] error.ERROR: 8 IN FILE /Users/zhouhong/xianrou/yaframe/library/Sphinx/SphinxClient.php ON LINE 196 {"Undefined property: Sphinx\\SphinxClient::$_socket":8} []
[2016-07-02 16:51:26] error.ERROR: 2 IN FILE /Users/zhouhong/xianrou/yaframe/library/Sphinx/SphinxClient.php ON LINE 196 {"fclose() expects parameter 1 to be resource, null given":2} []
[2016-07-02 16:51:42] error.ERROR: 8 IN FILE /Users/zhouhong/xianrou/yaframe/application/Bootstrap.php ON LINE 147 {"Undefined index: ffmpeg":8} []
[2016-07-02 16:51:42] error.ERROR: 8 IN FILE /Users/zhouhong/xianrou/yaframe/application/Bootstrap.php ON LINE 148 {"Undefined index: ffprobe":8} []
[2016-07-02 16:51:42] error.ERROR: 2 IN FILE /Users/zhouhong/xianrou/yaframe/library/Sphinx/SphinxClient.php ON LINE 232 {"assert(): assert(is_int($port)) failed":2} []
[2016-07-02 16:51:42] error.ERROR: 8 IN FILE /Users/zhouhong/xianrou/yaframe/library/Http/BasicRequest.php ON LINE 67 {"Undefined index: HTTP_SIGN":8} []
[2016-07-02 16:51:42] error.ERROR: 8 IN FILE /Users/zhouhong/xianrou/yaframe/library/Http/BasicRequest.php ON LINE 68 {"Undefined index: HTTP_VERSION":8} []
[2016-07-02 16:51:42] error.ERROR: 8 IN FILE /Users/zhouhong/xianrou/yaframe/library/Http/BasicRequest.php ON LINE 69 {"Undefined index: HTTP_TIMESTAMP":8} []
[2016-07-02 16:51:42] error.ERROR: 8 IN FILE /Users/zhouhong/xianrou/yaframe/library/Sphinx/SphinxClient.php ON LINE 195 {"Undefined property: Sphinx\\SphinxClient::$_socket":8} []
[2016-07-02 16:51:42] error.ERROR: 8 IN FILE /Users/zhouhong/xianrou/yaframe/library/Sphinx/SphinxClient.php ON LINE 196 {"Undefined property: Sphinx\\SphinxClient::$_socket":8} []
[2016-07-02 16:51:42] error.ERROR: 2 IN FILE /Users/zhouhong/xianrou/yaframe/library/Sphinx/SphinxClient.php ON LINE 196 {"fclose() expects parameter 1 to be resource, null given":2} []
[2016-07-02 16:51:42] error.ERROR: 2 IN FILE /Users/zhouhong/xianrou/yaframe/library/Http/BasicResponse.php ON LINE 83 {"Cannot modify header information - headers already sent by (output started at /Users/zhouhong/xianrou/yaframe/application/models/Commerce/OrderData.php:37)":2} []
[2016-07-02 16:51:42] error.ERROR: 2 IN FILE /Users/zhouhong/xianrou/yaframe/library/Http/BasicResponse.php ON LINE 84 {"Cannot modify header information - headers already sent by (output started at /Users/zhouhong/xianrou/yaframe/application/models/Commerce/OrderData.php:37)":2} []
[2016-07-02 16:52:07] error.ERROR: 8 IN FILE /Users/zhouhong/xianrou/yaframe/application/Bootstrap.php ON LINE 147 {"Undefined index: ffmpeg":8} []
[2016-07-02 16:52:07] error.ERROR: 8 IN FILE /Users/zhouhong/xianrou/yaframe/application/Bootstrap.php ON LINE 148 {"Undefined index: ffprobe":8} []
[2016-07-02 16:52:07] error.ERROR: 2 IN FILE /Users/zhouhong/xianrou/yaframe/library/Sphinx/SphinxClient.php ON LINE 232 {"assert(): assert(is_int($port)) failed":2} []
[2016-07-02 16:52:07] error.ERROR: 8 IN FILE /Users/zhouhong/xianrou/yaframe/library/Http/BasicRequest.php ON LINE 67 {"Undefined index: HTTP_SIGN":8} []
[2016-07-02 16:52:07] error.ERROR: 8 IN FILE /Users/zhouhong/xianrou/yaframe/library/Http/BasicRequest.php ON LINE 68 {"Undefined index: HTTP_VERSION":8} []
[2016-07-02 16:52:07] error.ERROR: 8 IN FILE /Users/zhouhong/xianrou/yaframe/library/Http/BasicRequest.php ON LINE 69 {"Undefined index: HTTP_TIMESTAMP":8} []
[2016-07-02 16:52:07] error.ERROR: 8 IN FILE /Users/zhouhong/xianrou/yaframe/library/Sphinx/SphinxClient.php ON LINE 195 {"Undefined property: Sphinx\\SphinxClient::$_socket":8} []
[2016-07-02 16:52:07] error.ERROR: 8 IN FILE /Users/zhouhong/xianrou/yaframe/library/Sphinx/SphinxClient.php ON LINE 196 {"Undefined property: Sphinx\\SphinxClient::$_socket":8} []
[2016-07-02 16:52:07] error.ERROR: 2 IN FILE /Users/zhouhong/xianrou/yaframe/library/Sphinx/SphinxClient.php ON LINE 196 {"fclose() expects parameter 1 to be resource, null given":2} []
[2016-07-02 16:52:07] error.ERROR: 2 IN FILE /Users/zhouhong/xianrou/yaframe/library/Http/BasicResponse.php ON LINE 83 {"Cannot modify header information - headers already sent by (output started at /Users/zhouhong/xianrou/yaframe/application/models/Commerce/OrderData.php:37)":2} []
[2016-07-02 16:52:07] error.ERROR: 2 IN FILE /Users/zhouhong/xianrou/yaframe/library/Http/BasicResponse.php ON LINE 84 {"Cannot modify header information - headers already sent by (output started at /Users/zhouhong/xianrou/yaframe/application/models/Commerce/OrderData.php:37)":2} []
[2016-07-02 16:54:06] error.ERROR: 8 IN FILE /Users/zhouhong/xianrou/yaframe/application/Bootstrap.php ON LINE 147 {"Undefined index: ffmpeg":8} []
[2016-07-02 16:54:06] error.ERROR: 8 IN FILE /Users/zhouhong/xianrou/yaframe/application/Bootstrap.php ON LINE 148 {"Undefined index: ffprobe":8} []
[2016-07-02 16:54:06] error.ERROR: 2 IN FILE /Users/zhouhong/xianrou/yaframe/library/Sphinx/SphinxClient.php ON LINE 232 {"assert(): assert(is_int($port)) failed":2} []
[2016-07-02 16:54:06] error.ERROR: 8 IN FILE /Users/zhouhong/xianrou/yaframe/library/Http/BasicRequest.php ON LINE 67 {"Undefined index: HTTP_SIGN":8} []
[2016-07-02 16:54:06] error.ERROR: 8 IN FILE /Users/zhouhong/xianrou/yaframe/library/Http/BasicRequest.php ON LINE 68 {"Undefined index: HTTP_VERSION":8} []
[2016-07-02 16:54:06] error.ERROR: 8 IN FILE /Users/zhouhong/xianrou/yaframe/library/Http/BasicRequest.php ON LINE 69 {"Undefined index: HTTP_TIMESTAMP":8} []
[2016-07-02 16:54:06] error.ERROR: 8 IN FILE /Users/zhouhong/xianrou/yaframe/application/modules/Service/controllers/Service.php ON LINE 143 {"Undefined index: service_data":8} []
[2016-07-02 16:54:06] error.ERROR: 8 IN FILE /Users/zhouhong/xianrou/yaframe/application/modules/Service/controllers/Service.php ON LINE 143 {"Undefined index: service_data":8} []
[2016-07-02 16:54:06] error.ERROR: 8 IN FILE /Users/zhouhong/xianrou/yaframe/application/modules/Service/controllers/Service.php ON LINE 143 {"Undefined index: service_data":8} []
[2016-07-02 16:54:06] error.ERROR: 8 IN FILE /Users/zhouhong/xianrou/yaframe/application/modules/Service/controllers/Service.php ON LINE 143 {"Undefined index: service_data":8} []
[2016-07-02 16:54:06] error.ERROR: 8 IN FILE /Users/zhouhong/xianrou/yaframe/application/modules/Service/controllers/Service.php ON LINE 143 {"Undefined index: service_data":8} []
[2016-07-02 16:54:06] error.ERROR: 8 IN FILE /Users/zhouhong/xianrou/yaframe/application/modules/Service/controllers/Service.php ON LINE 143 {"Undefined index: service_data":8} []
[2016-07-02 16:54:06] error.ERROR: 8 IN FILE /Users/zhouhong/xianrou/yaframe/library/Sphinx/SphinxClient.php ON LINE 195 {"Undefined property: Sphinx\\SphinxClient::$_socket":8} []
[2016-07-02 16:54:06] error.ERROR: 8 IN FILE /Users/zhouhong/xianrou/yaframe/library/Sphinx/SphinxClient.php ON LINE 196 {"Undefined property: Sphinx\\SphinxClient::$_socket":8} []
[2016-07-02 16:54:06] error.ERROR: 2 IN FILE /Users/zhouhong/xianrou/yaframe/library/Sphinx/SphinxClient.php ON LINE 196 {"fclose() expects parameter 1 to be resource, null given":2} []
[2016-07-02 16:54:15] error.ERROR: 8 IN FILE /Users/zhouhong/xianrou/yaframe/application/Bootstrap.php ON LINE 147 {"Undefined index: ffmpeg":8} []
[2016-07-02 16:54:15] error.ERROR: 8 IN FILE /Users/zhouhong/xianrou/yaframe/application/Bootstrap.php ON LINE 148 {"Undefined index: ffprobe":8} []
[2016-07-02 16:54:15] error.ERROR: 2 IN FILE /Users/zhouhong/xianrou/yaframe/library/Sphinx/SphinxClient.php ON LINE 232 {"assert(): assert(is_int($port)) failed":2} []
[2016-07-02 16:54:15] error.ERROR: 8 IN FILE /Users/zhouhong/xianrou/yaframe/library/Http/BasicRequest.php ON LINE 67 {"Undefined index: HTTP_SIGN":8} []
[2016-07-02 16:54:15] error.ERROR: 8 IN FILE /Users/zhouhong/xianrou/yaframe/library/Http/BasicRequest.php ON LINE 68 {"Undefined index: HTTP_VERSION":8} []
[2016-07-02 16:54:15] error.ERROR: 8 IN FILE /Users/zhouhong/xianrou/yaframe/library/Http/BasicRequest.php ON LINE 69 {"Undefined index: HTTP_TIMESTAMP":8} []
[2016-07-02 16:54:15] error.ERROR: 8 IN FILE /Users/zhouhong/xianrou/yaframe/application/modules/Service/controllers/Service.php ON LINE 143 {"Undefined index: service_data":8} []
[2016-07-02 16:54:15] error.ERROR: 8 IN FILE /Users/zhouhong/xianrou/yaframe/application/modules/Service/controllers/Service.php ON LINE 143 {"Undefined index: service_data":8} []
[2016-07-02 16:54:15] error.ERROR: 8 IN FILE /Users/zhouhong/xianrou/yaframe/application/modules/Service/controllers/Service.php ON LINE 143 {"Undefined index: service_data":8} []
[2016-07-02 16:54:15] error.ERROR: 8 IN FILE /Users/zhouhong/xianrou/yaframe/application/modules/Service/controllers/Service.php ON LINE 143 {"Undefined index: service_data":8} []
[2016-07-02 16:54:15] error.ERROR: 8 IN FILE /Users/zhouhong/xianrou/yaframe/application/modules/Service/controllers/Service.php ON LINE 143 {"Undefined index: service_data":8} []
[2016-07-02 16:54:15] error.ERROR: 8 IN FILE /Users/zhouhong/xianrou/yaframe/application/modules/Service/controllers/Service.php ON LINE 143 {"Undefined index: service_data":8} []
[2016-07-02 16:54:15] error.ERROR: 8 IN FILE /Users/zhouhong/xianrou/yaframe/library/Sphinx/SphinxClient.php ON LINE 195 {"Undefined property: Sphinx\\SphinxClient::$_socket":8} []
[2016-07-02 16:54:15] error.ERROR: 8 IN FILE /Users/zhouhong/xianrou/yaframe/library/Sphinx/SphinxClient.php ON LINE 196 {"Undefined property: Sphinx\\SphinxClient::$_socket":8} []
[2016-07-02 16:54:15] error.ERROR: 2 IN FILE /Users/zhouhong/xianrou/yaframe/library/Sphinx/SphinxClient.php ON LINE 196 {"fclose() expects parameter 1 to be resource, null given":2} []
[2016-07-02 16:54:31] error.ERROR: 8 IN FILE /Users/zhouhong/xianrou/yaframe/application/Bootstrap.php ON LINE 147 {"Undefined index: ffmpeg":8} []
[2016-07-02 16:54:31] error.ERROR: 8 IN FILE /Users/zhouhong/xianrou/yaframe/application/Bootstrap.php ON LINE 148 {"Undefined index: ffprobe":8} []
[2016-07-02 16:54:31] error.ERROR: 2 IN FILE /Users/zhouhong/xianrou/yaframe/library/Sphinx/SphinxClient.php ON LINE 232 {"assert(): assert(is_int($port)) failed":2} []
[2016-07-02 16:54:31] error.ERROR: 8 IN FILE /Users/zhouhong/xianrou/yaframe/library/Http/BasicRequest.php ON LINE 67 {"Undefined index: HTTP_SIGN":8} []
[2016-07-02 16:54:31] error.ERROR: 8 IN FILE /Users/zhouhong/xianrou/yaframe/library/Http/BasicRequest.php ON LINE 68 {"Undefined index: HTTP_VERSION":8} []
[2016-07-02 16:54:31] error.ERROR: 8 IN FILE /Users/zhouhong/xianrou/yaframe/library/Http/BasicRequest.php ON LINE 69 {"Undefined index: HTTP_TIMESTAMP":8} []
[2016-07-02 16:54:31] error.ERROR: 8 IN FILE /Users/zhouhong/xianrou/yaframe/library/Http/BasicRequest.php ON LINE 67 {"Undefined index: HTTP_SIGN":8} []
[2016-07-02 16:54:31] error.ERROR: 8 IN FILE /Users/zhouhong/xianrou/yaframe/library/Http/BasicRequest.php ON LINE 68 {"Undefined index: HTTP_VERSION":8} []
[2016-07-02 16:54:31] error.ERROR: 8 IN FILE /Users/zhouhong/xianrou/yaframe/library/Http/BasicRequest.php ON LINE 69 {"Undefined index: HTTP_TIMESTAMP":8} []
[2016-07-02 16:54:32] error.ERROR: 8 IN FILE /Users/zhouhong/xianrou/yaframe/library/Sphinx/SphinxClient.php ON LINE 195 {"Undefined property: Sphinx\\SphinxClient::$_socket":8} []
[2016-07-02 16:54:32] error.ERROR: 8 IN FILE /Users/zhouhong/xianrou/yaframe/library/Sphinx/SphinxClient.php ON LINE 196 {"Undefined property: Sphinx\\SphinxClient::$_socket":8} []
[2016-07-02 16:54:32] error.ERROR: 2 IN FILE /Users/zhouhong/xianrou/yaframe/library/Sphinx/SphinxClient.php ON LINE 196 {"fclose() expects parameter 1 to be resource, null given":2} []
[2016-07-02 16:58:35] error.ERROR: 8 IN FILE /Users/zhouhong/xianrou/yaframe/application/Bootstrap.php ON LINE 147 {"Undefined index: ffmpeg":8} []
[2016-07-02 16:58:35] error.ERROR: 8 IN FILE /Users/zhouhong/xianrou/yaframe/application/Bootstrap.php ON LINE 148 {"Undefined index: ffprobe":8} []
[2016-07-02 16:58:35] error.ERROR: 2 IN FILE /Users/zhouhong/xianrou/yaframe/library/Sphinx/SphinxClient.php ON LINE 232 {"assert(): assert(is_int($port)) failed":2} []
[2016-07-02 16:58:35] error.ERROR: 8 IN FILE /Users/zhouhong/xianrou/yaframe/library/Http/BasicRequest.php ON LINE 67 {"Undefined index: HTTP_SIGN":8} []
[2016-07-02 16:58:35] error.ERROR: 8 IN FILE /Users/zhouhong/xianrou/yaframe/library/Http/BasicRequest.php ON LINE 68 {"Undefined index: HTTP_VERSION":8} []
[2016-07-02 16:58:35] error.ERROR: 8 IN FILE /Users/zhouhong/xianrou/yaframe/library/Http/BasicRequest.php ON LINE 69 {"Undefined index: HTTP_TIMESTAMP":8} []
[2016-07-02 16:58:35] error.ERROR: 8 IN FILE /Users/zhouhong/xianrou/yaframe/library/Http/BasicRequest.php ON LINE 67 {"Undefined index: HTTP_SIGN":8} []
[2016-07-02 16:58:35] error.ERROR: 8 IN FILE /Users/zhouhong/xianrou/yaframe/library/Http/BasicRequest.php ON LINE 68 {"Undefined index: HTTP_VERSION":8} []
[2016-07-02 16:58:35] error.ERROR: 8 IN FILE /Users/zhouhong/xianrou/yaframe/library/Http/BasicRequest.php ON LINE 69 {"Undefined index: HTTP_TIMESTAMP":8} []
[2016-07-02 16:58:35] error.ERROR: 8 IN FILE /Users/zhouhong/xianrou/yaframe/library/Exception/ErrorException.php ON LINE 33 {"A non well formed numeric value encountered":8} []
[2016-07-02 16:58:35] error.ERROR: 8 IN FILE /Users/zhouhong/xianrou/yaframe/library/Sphinx/SphinxClient.php ON LINE 195 {"Undefined property: Sphinx\\SphinxClient::$_socket":8} []
[2016-07-02 16:58:35] error.ERROR: 8 IN FILE /Users/zhouhong/xianrou/yaframe/library/Sphinx/SphinxClient.php ON LINE 196 {"Undefined property: Sphinx\\SphinxClient::$_socket":8} []
[2016-07-02 16:58:35] error.ERROR: 2 IN FILE /Users/zhouhong/xianrou/yaframe/library/Sphinx/SphinxClient.php ON LINE 196 {"fclose() expects parameter 1 to be resource, null given":2} []
[2016-07-02 16:59:28] error.ERROR: 8 IN FILE /Users/zhouhong/xianrou/yaframe/application/Bootstrap.php ON LINE 147 {"Undefined index: ffmpeg":8} []
[2016-07-02 16:59:28] error.ERROR: 8 IN FILE /Users/zhouhong/xianrou/yaframe/application/Bootstrap.php ON LINE 148 {"Undefined index: ffprobe":8} []
[2016-07-02 16:59:28] error.ERROR: 2 IN FILE /Users/zhouhong/xianrou/yaframe/library/Sphinx/SphinxClient.php ON LINE 232 {"assert(): assert(is_int($port)) failed":2} []
[2016-07-02 16:59:28] error.ERROR: 8 IN FILE /Users/zhouhong/xianrou/yaframe/library/Http/BasicRequest.php ON LINE 67 {"Undefined index: HTTP_SIGN":8} []
[2016-07-02 16:59:28] error.ERROR: 8 IN FILE /Users/zhouhong/xianrou/yaframe/library/Http/BasicRequest.php ON LINE 68 {"Undefined index: HTTP_VERSION":8} []
[2016-07-02 16:59:28] error.ERROR: 8 IN FILE /Users/zhouhong/xianrou/yaframe/library/Http/BasicRequest.php ON LINE 69 {"Undefined index: HTTP_TIMESTAMP":8} []
[2016-07-02 16:59:28] error.ERROR: 8 IN FILE /Users/zhouhong/xianrou/yaframe/application/modules/Service/controllers/Service.php ON LINE 143 {"Undefined index: service_data":8} []
[2016-07-02 16:59:28] error.ERROR: 8 IN FILE /Users/zhouhong/xianrou/yaframe/application/modules/Service/controllers/Service.php ON LINE 143 {"Undefined index: service_data":8} []
[2016-07-02 16:59:28] error.ERROR: 8 IN FILE /Users/zhouhong/xianrou/yaframe/application/modules/Service/controllers/Service.php ON LINE 143 {"Undefined index: service_data":8} []
[2016-07-02 16:59:28] error.ERROR: 8 IN FILE /Users/zhouhong/xianrou/yaframe/library/Sphinx/SphinxClient.php ON LINE 195 {"Undefined property: Sphinx\\SphinxClient::$_socket":8} []
[2016-07-02 16:59:28] error.ERROR: 8 IN FILE /Users/zhouhong/xianrou/yaframe/library/Sphinx/SphinxClient.php ON LINE 196 {"Undefined property: Sphinx\\SphinxClient::$_socket":8} []
[2016-07-02 16:59:28] error.ERROR: 2 IN FILE /Users/zhouhong/xianrou/yaframe/library/Sphinx/SphinxClient.php ON LINE 196 {"fclose() expects parameter 1 to be resource, null given":2} []
