[2016-07-06 18:20:16] error.ERROR: 8 IN FILE /Users/zhouhong/xianrou/yaframe/application/Bootstrap.php ON LINE 147 {"Undefined index: ffmpeg":8} []
[2016-07-06 18:20:16] error.ERROR: 8 IN FILE /Users/zhouhong/xianrou/yaframe/application/Bootstrap.php ON LINE 148 {"Undefined index: ffprobe":8} []
[2016-07-06 18:20:16] error.ERROR: 2 IN FILE /Users/zhouhong/xianrou/yaframe/library/Sphinx/SphinxClient.php ON LINE 232 {"assert(): assert(is_int($port)) failed":2} []
[2016-07-06 18:20:16] error.ERROR: 8 IN FILE /Users/zhouhong/xianrou/yaframe/library/Http/BasicRequest.php ON LINE 67 {"Undefined index: HTTP_SIGN":8} []
[2016-07-06 18:20:16] error.ERROR: 8 IN FILE /Users/zhouhong/xianrou/yaframe/library/Http/BasicRequest.php ON LINE 68 {"Undefined index: HTTP_VERSION":8} []
[2016-07-06 18:20:16] error.ERROR: 8 IN FILE /Users/zhouhong/xianrou/yaframe/library/Http/BasicRequest.php ON LINE 69 {"Undefined index: HTTP_TIMESTAMP":8} []
[2016-07-06 18:20:16] error.ERROR: 8 IN FILE /Users/zhouhong/xianrou/yaframe/application/models/Commerce/OrderData.php ON LINE 381 {"Undefined index: user_id":8} []
[2016-07-06 18:20:16] error.ERROR: 8 IN FILE /Users/zhouhong/xianrou/yaframe/library/Sphinx/SphinxClient.php ON LINE 195 {"Undefined property: Sphinx\\SphinxClient::$_socket":8} []
[2016-07-06 18:20:16] error.ERROR: 8 IN FILE /Users/zhouhong/xianrou/yaframe/library/Sphinx/SphinxClient.php ON LINE 196 {"Undefined property: Sphinx\\SphinxClient::$_socket":8} []
[2016-07-06 18:20:16] error.ERROR: 2 IN FILE /Users/zhouhong/xianrou/yaframe/library/Sphinx/SphinxClient.php ON LINE 196 {"fclose() expects parameter 1 to be resource, null given":2} []
[2016-07-06 18:20:21] error.ERROR: 8 IN FILE /Users/zhouhong/xianrou/yaframe/application/Bootstrap.php ON LINE 147 {"Undefined index: ffmpeg":8} []
[2016-07-06 18:20:21] error.ERROR: 8 IN FILE /Users/zhouhong/xianrou/yaframe/application/Bootstrap.php ON LINE 148 {"Undefined index: ffprobe":8} []
[2016-07-06 18:20:21] error.ERROR: 2 IN FILE /Users/zhouhong/xianrou/yaframe/library/Sphinx/SphinxClient.php ON LINE 232 {"assert(): assert(is_int($port)) failed":2} []
[2016-07-06 18:20:21] error.ERROR: 8 IN FILE /Users/zhouhong/xianrou/yaframe/library/Http/BasicRequest.php ON LINE 67 {"Undefined index: HTTP_SIGN":8} []
[2016-07-06 18:20:21] error.ERROR: 8 IN FILE /Users/zhouhong/xianrou/yaframe/library/Http/BasicRequest.php ON LINE 68 {"Undefined index: HTTP_VERSION":8} []
[2016-07-06 18:20:21] error.ERROR: 8 IN FILE /Users/zhouhong/xianrou/yaframe/library/Http/BasicRequest.php ON LINE 69 {"Undefined index: HTTP_TIMESTAMP":8} []
[2016-07-06 18:20:21] error.ERROR: 8 IN FILE /Users/zhouhong/xianrou/yaframe/application/models/Commerce/OrderData.php ON LINE 381 {"Undefined index: user_id":8} []
[2016-07-06 18:20:21] error.ERROR: 8 IN FILE /Users/zhouhong/xianrou/yaframe/library/Sphinx/SphinxClient.php ON LINE 195 {"Undefined property: Sphinx\\SphinxClient::$_socket":8} []
[2016-07-06 18:20:21] error.ERROR: 8 IN FILE /Users/zhouhong/xianrou/yaframe/library/Sphinx/SphinxClient.php ON LINE 196 {"Undefined property: Sphinx\\SphinxClient::$_socket":8} []
[2016-07-06 18:20:21] error.ERROR: 2 IN FILE /Users/zhouhong/xianrou/yaframe/library/Sphinx/SphinxClient.php ON LINE 196 {"fclose() expects parameter 1 to be resource, null given":2} []
[2016-07-06 18:20:23] error.ERROR: 8 IN FILE /Users/zhouhong/xianrou/yaframe/application/Bootstrap.php ON LINE 147 {"Undefined index: ffmpeg":8} []
[2016-07-06 18:20:23] error.ERROR: 8 IN FILE /Users/zhouhong/xianrou/yaframe/application/Bootstrap.php ON LINE 148 {"Undefined index: ffprobe":8} []
[2016-07-06 18:20:23] error.ERROR: 2 IN FILE /Users/zhouhong/xianrou/yaframe/library/Sphinx/SphinxClient.php ON LINE 232 {"assert(): assert(is_int($port)) failed":2} []
[2016-07-06 18:20:23] error.ERROR: 8 IN FILE /Users/zhouhong/xianrou/yaframe/library/Http/BasicRequest.php ON LINE 67 {"Undefined index: HTTP_SIGN":8} []
[2016-07-06 18:20:23] error.ERROR: 8 IN FILE /Users/zhouhong/xianrou/yaframe/library/Http/BasicRequest.php ON LINE 68 {"Undefined index: HTTP_VERSION":8} []
[2016-07-06 18:20:23] error.ERROR: 8 IN FILE /Users/zhouhong/xianrou/yaframe/library/Http/BasicRequest.php ON LINE 69 {"Undefined index: HTTP_TIMESTAMP":8} []
[2016-07-06 18:20:23] error.ERROR: 8 IN FILE /Users/zhouhong/xianrou/yaframe/application/models/Commerce/OrderData.php ON LINE 381 {"Undefined index: user_id":8} []
[2016-07-06 18:20:23] error.ERROR: 8 IN FILE /Users/zhouhong/xianrou/yaframe/library/Sphinx/SphinxClient.php ON LINE 195 {"Undefined property: Sphinx\\SphinxClient::$_socket":8} []
[2016-07-06 18:20:23] error.ERROR: 8 IN FILE /Users/zhouhong/xianrou/yaframe/library/Sphinx/SphinxClient.php ON LINE 196 {"Undefined property: Sphinx\\SphinxClient::$_socket":8} []
[2016-07-06 18:20:23] error.ERROR: 2 IN FILE /Users/zhouhong/xianrou/yaframe/library/Sphinx/SphinxClient.php ON LINE 196 {"fclose() expects parameter 1 to be resource, null given":2} []
