[2016-07-04 10:15:59] error.ERROR: 8 IN FILE /Users/zhouhong/xianrou/yaframe/application/Bootstrap.php ON LINE 147 {"Undefined index: ffmpeg":8} []
[2016-07-04 10:15:59] error.ERROR: 8 IN FILE /Users/zhouhong/xianrou/yaframe/application/Bootstrap.php ON LINE 148 {"Undefined index: ffprobe":8} []
[2016-07-04 10:15:59] error.ERROR: 2 IN FILE /Users/zhouhong/xianrou/yaframe/library/Sphinx/SphinxClient.php ON LINE 232 {"assert(): assert(is_int($port)) failed":2} []
[2016-07-04 10:15:59] error.ERROR: 8 IN FILE /Users/zhouhong/xianrou/yaframe/library/Http/BasicRequest.php ON LINE 67 {"Undefined index: HTTP_SIGN":8} []
[2016-07-04 10:15:59] error.ERROR: 8 IN FILE /Users/zhouhong/xianrou/yaframe/library/Http/BasicRequest.php ON LINE 68 {"Undefined index: HTTP_VERSION":8} []
[2016-07-04 10:15:59] error.ERROR: 8 IN FILE /Users/zhouhong/xianrou/yaframe/library/Http/BasicRequest.php ON LINE 69 {"Undefined index: HTTP_TIMESTAMP":8} []
[2016-07-04 10:15:59] error.ERROR: 8 IN FILE /Users/zhouhong/xianrou/yaframe/application/modules/Service/controllers/Service.php ON LINE 140 {"Undefined index: service_data":8} []
[2016-07-04 10:15:59] error.ERROR: 8 IN FILE /Users/zhouhong/xianrou/yaframe/application/modules/Service/controllers/Service.php ON LINE 140 {"Undefined index: service_data":8} []
[2016-07-04 10:16:00] error.ERROR: 8 IN FILE /Users/zhouhong/xianrou/yaframe/application/modules/Service/controllers/Service.php ON LINE 140 {"Undefined index: service_data":8} []
[2016-07-04 10:16:00] error.ERROR: 8 IN FILE /Users/zhouhong/xianrou/yaframe/application/modules/Service/controllers/Service.php ON LINE 140 {"Undefined index: service_data":8} []
[2016-07-04 10:16:00] error.ERROR: 8 IN FILE /Users/zhouhong/xianrou/yaframe/application/modules/Service/controllers/Service.php ON LINE 140 {"Undefined index: service_data":8} []
[2016-07-04 10:16:00] error.ERROR: 8 IN FILE /Users/zhouhong/xianrou/yaframe/application/modules/Service/controllers/Service.php ON LINE 140 {"Undefined index: service_data":8} []
[2016-07-04 10:16:00] error.ERROR: 8 IN FILE /Users/zhouhong/xianrou/yaframe/library/Sphinx/SphinxClient.php ON LINE 195 {"Undefined property: Sphinx\\SphinxClient::$_socket":8} []
[2016-07-04 10:16:00] error.ERROR: 8 IN FILE /Users/zhouhong/xianrou/yaframe/library/Sphinx/SphinxClient.php ON LINE 196 {"Undefined property: Sphinx\\SphinxClient::$_socket":8} []
[2016-07-04 10:16:00] error.ERROR: 2 IN FILE /Users/zhouhong/xianrou/yaframe/library/Sphinx/SphinxClient.php ON LINE 196 {"fclose() expects parameter 1 to be resource, null given":2} []
[2016-07-04 10:27:51] error.ERROR: 8 IN FILE /Users/zhouhong/xianrou/yaframe/application/Bootstrap.php ON LINE 147 {"Undefined index: ffmpeg":8} []
[2016-07-04 10:27:51] error.ERROR: 8 IN FILE /Users/zhouhong/xianrou/yaframe/application/Bootstrap.php ON LINE 148 {"Undefined index: ffprobe":8} []
[2016-07-04 10:27:51] error.ERROR: 2 IN FILE /Users/zhouhong/xianrou/yaframe/library/Sphinx/SphinxClient.php ON LINE 232 {"assert(): assert(is_int($port)) failed":2} []
[2016-07-04 10:27:51] error.ERROR: 8 IN FILE /Users/zhouhong/xianrou/yaframe/library/Http/BasicRequest.php ON LINE 67 {"Undefined index: HTTP_SIGN":8} []
[2016-07-04 10:27:51] error.ERROR: 8 IN FILE /Users/zhouhong/xianrou/yaframe/library/Http/BasicRequest.php ON LINE 68 {"Undefined index: HTTP_VERSION":8} []
[2016-07-04 10:27:51] error.ERROR: 8 IN FILE /Users/zhouhong/xianrou/yaframe/library/Http/BasicRequest.php ON LINE 69 {"Undefined index: HTTP_TIMESTAMP":8} []
[2016-07-04 10:27:51] error.ERROR: 8 IN FILE /Users/zhouhong/xianrou/yaframe/application/modules/Service/controllers/Service.php ON LINE 140 {"Undefined index: service_data":8} []
[2016-07-04 10:27:51] error.ERROR: 8 IN FILE /Users/zhouhong/xianrou/yaframe/application/modules/Service/controllers/Service.php ON LINE 140 {"Undefined index: service_data":8} []
[2016-07-04 10:27:51] error.ERROR: 8 IN FILE /Users/zhouhong/xianrou/yaframe/application/modules/Service/controllers/Service.php ON LINE 140 {"Undefined index: service_data":8} []
[2016-07-04 10:27:51] error.ERROR: 8 IN FILE /Users/zhouhong/xianrou/yaframe/library/Sphinx/SphinxClient.php ON LINE 195 {"Undefined property: Sphinx\\SphinxClient::$_socket":8} []
[2016-07-04 10:27:51] error.ERROR: 8 IN FILE /Users/zhouhong/xianrou/yaframe/library/Sphinx/SphinxClient.php ON LINE 196 {"Undefined property: Sphinx\\SphinxClient::$_socket":8} []
[2016-07-04 10:27:51] error.ERROR: 2 IN FILE /Users/zhouhong/xianrou/yaframe/library/Sphinx/SphinxClient.php ON LINE 196 {"fclose() expects parameter 1 to be resource, null given":2} []
[2016-07-04 10:29:33] error.ERROR: 8 IN FILE /Users/zhouhong/xianrou/yaframe/application/Bootstrap.php ON LINE 147 {"Undefined index: ffmpeg":8} []
[2016-07-04 10:29:33] error.ERROR: 8 IN FILE /Users/zhouhong/xianrou/yaframe/application/Bootstrap.php ON LINE 148 {"Undefined index: ffprobe":8} []
[2016-07-04 10:29:33] error.ERROR: 2 IN FILE /Users/zhouhong/xianrou/yaframe/library/Sphinx/SphinxClient.php ON LINE 232 {"assert(): assert(is_int($port)) failed":2} []
[2016-07-04 10:29:33] error.ERROR: 8 IN FILE /Users/zhouhong/xianrou/yaframe/library/Http/BasicRequest.php ON LINE 67 {"Undefined index: HTTP_SIGN":8} []
[2016-07-04 10:29:33] error.ERROR: 8 IN FILE /Users/zhouhong/xianrou/yaframe/library/Http/BasicRequest.php ON LINE 68 {"Undefined index: HTTP_VERSION":8} []
[2016-07-04 10:29:33] error.ERROR: 8 IN FILE /Users/zhouhong/xianrou/yaframe/library/Http/BasicRequest.php ON LINE 69 {"Undefined index: HTTP_TIMESTAMP":8} []
[2016-07-04 10:29:33] error.ERROR: 8192 IN FILE /Users/zhouhong/xianrou/yaframe/application/models/Common/Base.php ON LINE 57 {"Non-static method Common\\BaseModel::selectableFromParams() should not be called statically":8192} []
[2016-07-04 10:29:33] error.ERROR: 8192 IN FILE /Users/zhouhong/xianrou/yaframe/application/models/Common/Base.php ON LINE 57 {"Non-static method Common\\BaseModel::selectableFromParams() should not be called statically":8192} []
[2016-07-04 10:29:33] error.ERROR: 8 IN FILE /Users/zhouhong/xianrou/yaframe/library/Sphinx/SphinxClient.php ON LINE 195 {"Undefined property: Sphinx\\SphinxClient::$_socket":8} []
[2016-07-04 10:29:33] error.ERROR: 8 IN FILE /Users/zhouhong/xianrou/yaframe/library/Sphinx/SphinxClient.php ON LINE 196 {"Undefined property: Sphinx\\SphinxClient::$_socket":8} []
[2016-07-04 10:29:33] error.ERROR: 2 IN FILE /Users/zhouhong/xianrou/yaframe/library/Sphinx/SphinxClient.php ON LINE 196 {"fclose() expects parameter 1 to be resource, null given":2} []
