[2016-06-24 10:01:43] error.WARNING: 8 IN FILE /Users/zhouhong/xianrou/yaframe/library/Http/BasicRequest.php ON LINE 66 {"Undefined index: HTTP_TOKEN":8} []
[2016-06-24 10:01:43] error.ERROR: 8 IN FILE /Users/zhouhong/xianrou/yaframe/library/Http/BasicRequest.php ON LINE 66 {"Undefined index: HTTP_TOKEN":8} []
[2016-06-24 10:01:43] error.WARNING: 8 IN FILE /Users/zhouhong/xianrou/yaframe/library/Http/BasicRequest.php ON LINE 67 {"Undefined index: HTTP_SIGN":8} []
[2016-06-24 10:01:43] error.ERROR: 8 IN FILE /Users/zhouhong/xianrou/yaframe/library/Http/BasicRequest.php ON LINE 67 {"Undefined index: HTTP_SIGN":8} []
[2016-06-24 10:01:43] error.WARNING: 8 IN FILE /Users/zhouhong/xianrou/yaframe/library/Http/BasicRequest.php ON LINE 68 {"Undefined index: HTTP_VERSION":8} []
[2016-06-24 10:01:43] error.ERROR: 8 IN FILE /Users/zhouhong/xianrou/yaframe/library/Http/BasicRequest.php ON LINE 68 {"Undefined index: HTTP_VERSION":8} []
[2016-06-24 10:01:43] error.WARNING: 8 IN FILE /Users/zhouhong/xianrou/yaframe/library/Http/BasicRequest.php ON LINE 69 {"Undefined index: HTTP_TIMESTAMP":8} []
[2016-06-24 10:01:43] error.ERROR: 8 IN FILE /Users/zhouhong/xianrou/yaframe/library/Http/BasicRequest.php ON LINE 69 {"Undefined index: HTTP_TIMESTAMP":8} []
[2016-06-24 10:01:43] error.WARNING: 8 IN FILE /Users/zhouhong/xianrou/yaframe/application/models/Core/CommonRegion.php ON LINE 22 {"Undefined variable: name":8} []
[2016-06-24 10:01:43] error.ERROR: 8 IN FILE /Users/zhouhong/xianrou/yaframe/application/models/Core/CommonRegion.php ON LINE 22 {"Undefined variable: name":8} []
[2016-06-24 10:01:43] error.WARNING: 2 IN FILE /Users/zhouhong/xianrou/yaframe/application/models/Account/AccountData.php ON LINE 67 {"array_intersect_key(): Argument #2 is not an array":2} []
[2016-06-24 10:01:43] error.ERROR: 2 IN FILE /Users/zhouhong/xianrou/yaframe/application/models/Account/AccountData.php ON LINE 67 {"array_intersect_key(): Argument #2 is not an array":2} []
[2016-06-24 10:01:43] error.WARNING: 2 IN FILE /Users/zhouhong/xianrou/yaframe/application/models/Account/AccountData.php ON LINE 68 {"array_merge(): Argument #1 is not an array":2} []
[2016-06-24 10:01:43] error.ERROR: 2 IN FILE /Users/zhouhong/xianrou/yaframe/application/models/Account/AccountData.php ON LINE 68 {"array_merge(): Argument #1 is not an array":2} []
[2016-06-24 10:11:34] error.WARNING: 8 IN FILE /Users/zhouhong/xianrou/yaframe/library/Http/BasicRequest.php ON LINE 66 {"Undefined index: HTTP_TOKEN":8} []
[2016-06-24 10:11:34] error.ERROR: 8 IN FILE /Users/zhouhong/xianrou/yaframe/library/Http/BasicRequest.php ON LINE 66 {"Undefined index: HTTP_TOKEN":8} []
[2016-06-24 10:11:34] error.WARNING: 8 IN FILE /Users/zhouhong/xianrou/yaframe/library/Http/BasicRequest.php ON LINE 67 {"Undefined index: HTTP_SIGN":8} []
[2016-06-24 10:11:34] error.ERROR: 8 IN FILE /Users/zhouhong/xianrou/yaframe/library/Http/BasicRequest.php ON LINE 67 {"Undefined index: HTTP_SIGN":8} []
[2016-06-24 10:11:34] error.WARNING: 8 IN FILE /Users/zhouhong/xianrou/yaframe/library/Http/BasicRequest.php ON LINE 68 {"Undefined index: HTTP_VERSION":8} []
[2016-06-24 10:11:34] error.ERROR: 8 IN FILE /Users/zhouhong/xianrou/yaframe/library/Http/BasicRequest.php ON LINE 68 {"Undefined index: HTTP_VERSION":8} []
[2016-06-24 10:11:34] error.WARNING: 8 IN FILE /Users/zhouhong/xianrou/yaframe/library/Http/BasicRequest.php ON LINE 69 {"Undefined index: HTTP_TIMESTAMP":8} []
[2016-06-24 10:11:34] error.ERROR: 8 IN FILE /Users/zhouhong/xianrou/yaframe/library/Http/BasicRequest.php ON LINE 69 {"Undefined index: HTTP_TIMESTAMP":8} []
[2016-06-24 10:11:34] error.WARNING: 8 IN FILE /Users/zhouhong/xianrou/yaframe/application/models/Core/CommonRegion.php ON LINE 22 {"Undefined variable: name":8} []
[2016-06-24 10:11:34] error.ERROR: 8 IN FILE /Users/zhouhong/xianrou/yaframe/application/models/Core/CommonRegion.php ON LINE 22 {"Undefined variable: name":8} []
[2016-06-24 10:11:34] error.WARNING: 2 IN FILE /Users/zhouhong/xianrou/yaframe/application/models/Account/AccountData.php ON LINE 67 {"array_intersect_key(): Argument #2 is not an array":2} []
[2016-06-24 10:11:34] error.ERROR: 2 IN FILE /Users/zhouhong/xianrou/yaframe/application/models/Account/AccountData.php ON LINE 67 {"array_intersect_key(): Argument #2 is not an array":2} []
[2016-06-24 10:11:34] error.WARNING: 2 IN FILE /Users/zhouhong/xianrou/yaframe/application/models/Account/AccountData.php ON LINE 68 {"array_merge(): Argument #1 is not an array":2} []
[2016-06-24 10:11:34] error.ERROR: 2 IN FILE /Users/zhouhong/xianrou/yaframe/application/models/Account/AccountData.php ON LINE 68 {"array_merge(): Argument #1 is not an array":2} []
[2016-06-24 10:11:44] error.WARNING: 8 IN FILE /Users/zhouhong/xianrou/yaframe/library/Http/BasicRequest.php ON LINE 66 {"Undefined index: HTTP_TOKEN":8} []
[2016-06-24 10:11:44] error.ERROR: 8 IN FILE /Users/zhouhong/xianrou/yaframe/library/Http/BasicRequest.php ON LINE 66 {"Undefined index: HTTP_TOKEN":8} []
[2016-06-24 10:11:44] error.WARNING: 8 IN FILE /Users/zhouhong/xianrou/yaframe/library/Http/BasicRequest.php ON LINE 67 {"Undefined index: HTTP_SIGN":8} []
[2016-06-24 10:11:44] error.ERROR: 8 IN FILE /Users/zhouhong/xianrou/yaframe/library/Http/BasicRequest.php ON LINE 67 {"Undefined index: HTTP_SIGN":8} []
[2016-06-24 10:11:44] error.WARNING: 8 IN FILE /Users/zhouhong/xianrou/yaframe/library/Http/BasicRequest.php ON LINE 68 {"Undefined index: HTTP_VERSION":8} []
[2016-06-24 10:11:44] error.ERROR: 8 IN FILE /Users/zhouhong/xianrou/yaframe/library/Http/BasicRequest.php ON LINE 68 {"Undefined index: HTTP_VERSION":8} []
[2016-06-24 10:11:44] error.WARNING: 8 IN FILE /Users/zhouhong/xianrou/yaframe/library/Http/BasicRequest.php ON LINE 69 {"Undefined index: HTTP_TIMESTAMP":8} []
[2016-06-24 10:11:44] error.ERROR: 8 IN FILE /Users/zhouhong/xianrou/yaframe/library/Http/BasicRequest.php ON LINE 69 {"Undefined index: HTTP_TIMESTAMP":8} []
[2016-06-24 10:11:44] error.WARNING: 8 IN FILE /Users/zhouhong/xianrou/yaframe/application/models/Core/CommonRegion.php ON LINE 22 {"Undefined variable: name":8} []
[2016-06-24 10:11:44] error.ERROR: 8 IN FILE /Users/zhouhong/xianrou/yaframe/application/models/Core/CommonRegion.php ON LINE 22 {"Undefined variable: name":8} []
[2016-06-24 10:11:44] error.WARNING: 2 IN FILE /Users/zhouhong/xianrou/yaframe/application/models/Account/AccountData.php ON LINE 67 {"array_intersect_key(): Argument #2 is not an array":2} []
[2016-06-24 10:11:44] error.ERROR: 2 IN FILE /Users/zhouhong/xianrou/yaframe/application/models/Account/AccountData.php ON LINE 67 {"array_intersect_key(): Argument #2 is not an array":2} []
[2016-06-24 10:11:44] error.WARNING: 2 IN FILE /Users/zhouhong/xianrou/yaframe/application/models/Account/AccountData.php ON LINE 68 {"array_merge(): Argument #1 is not an array":2} []
[2016-06-24 10:11:44] error.ERROR: 2 IN FILE /Users/zhouhong/xianrou/yaframe/application/models/Account/AccountData.php ON LINE 68 {"array_merge(): Argument #1 is not an array":2} []
[2016-06-24 10:11:44] error.WARNING: 8 IN FILE /Users/zhouhong/xianrou/yaframe/application/modules/User/controllers/Checkisblack.php ON LINE 21 {"Undefined index: user_id":8} []
[2016-06-24 10:11:44] error.ERROR: 8 IN FILE /Users/zhouhong/xianrou/yaframe/application/modules/User/controllers/Checkisblack.php ON LINE 21 {"Undefined index: user_id":8} []
[2016-06-24 10:11:44] error.WARNING: 8 IN FILE /Users/zhouhong/xianrou/yaframe/library/Http/BasicRequest.php ON LINE 66 {"Undefined index: HTTP_TOKEN":8} []
[2016-06-24 10:11:44] error.ERROR: 8 IN FILE /Users/zhouhong/xianrou/yaframe/library/Http/BasicRequest.php ON LINE 66 {"Undefined index: HTTP_TOKEN":8} []
[2016-06-24 10:11:44] error.WARNING: 8 IN FILE /Users/zhouhong/xianrou/yaframe/library/Http/BasicRequest.php ON LINE 67 {"Undefined index: HTTP_SIGN":8} []
[2016-06-24 10:11:44] error.ERROR: 8 IN FILE /Users/zhouhong/xianrou/yaframe/library/Http/BasicRequest.php ON LINE 67 {"Undefined index: HTTP_SIGN":8} []
[2016-06-24 10:11:44] error.WARNING: 8 IN FILE /Users/zhouhong/xianrou/yaframe/library/Http/BasicRequest.php ON LINE 68 {"Undefined index: HTTP_VERSION":8} []
[2016-06-24 10:11:44] error.ERROR: 8 IN FILE /Users/zhouhong/xianrou/yaframe/library/Http/BasicRequest.php ON LINE 68 {"Undefined index: HTTP_VERSION":8} []
[2016-06-24 10:11:44] error.WARNING: 8 IN FILE /Users/zhouhong/xianrou/yaframe/library/Http/BasicRequest.php ON LINE 69 {"Undefined index: HTTP_TIMESTAMP":8} []
[2016-06-24 10:11:44] error.ERROR: 8 IN FILE /Users/zhouhong/xianrou/yaframe/library/Http/BasicRequest.php ON LINE 69 {"Undefined index: HTTP_TIMESTAMP":8} []
[2016-06-24 10:11:44] error.WARNING: 8 IN FILE /Users/zhouhong/xianrou/yaframe/application/models/Core/CommonRegion.php ON LINE 22 {"Undefined variable: name":8} []
[2016-06-24 10:11:44] error.ERROR: 8 IN FILE /Users/zhouhong/xianrou/yaframe/application/models/Core/CommonRegion.php ON LINE 22 {"Undefined variable: name":8} []
[2016-06-24 10:11:44] error.WARNING: 2 IN FILE /Users/zhouhong/xianrou/yaframe/application/models/Account/AccountData.php ON LINE 67 {"array_intersect_key(): Argument #2 is not an array":2} []
[2016-06-24 10:11:44] error.ERROR: 2 IN FILE /Users/zhouhong/xianrou/yaframe/application/models/Account/AccountData.php ON LINE 67 {"array_intersect_key(): Argument #2 is not an array":2} []
[2016-06-24 10:11:44] error.WARNING: 2 IN FILE /Users/zhouhong/xianrou/yaframe/application/models/Account/AccountData.php ON LINE 68 {"array_merge(): Argument #1 is not an array":2} []
[2016-06-24 10:11:44] error.ERROR: 2 IN FILE /Users/zhouhong/xianrou/yaframe/application/models/Account/AccountData.php ON LINE 68 {"array_merge(): Argument #1 is not an array":2} []
[2016-06-24 10:11:44] error.WARNING: [0:Call to undefined method Illuminate\Database\Query\Builder::toArray()]	[/Users/zhouhong/xianrou/yaframe/application/controllers/Error.php:19] [] []
[2016-06-24 10:11:44] error.ERROR: [0:Call to undefined method Illuminate\Database\Query\Builder::toArray()]	[/Users/zhouhong/xianrou/yaframe/application/controllers/Error.php:19] [] []
[2016-06-24 10:11:57] error.WARNING: 8 IN FILE /Users/zhouhong/xianrou/yaframe/library/Http/BasicRequest.php ON LINE 66 {"Undefined index: HTTP_TOKEN":8} []
[2016-06-24 10:11:57] error.ERROR: 8 IN FILE /Users/zhouhong/xianrou/yaframe/library/Http/BasicRequest.php ON LINE 66 {"Undefined index: HTTP_TOKEN":8} []
[2016-06-24 10:11:57] error.WARNING: 8 IN FILE /Users/zhouhong/xianrou/yaframe/library/Http/BasicRequest.php ON LINE 67 {"Undefined index: HTTP_SIGN":8} []
[2016-06-24 10:11:57] error.ERROR: 8 IN FILE /Users/zhouhong/xianrou/yaframe/library/Http/BasicRequest.php ON LINE 67 {"Undefined index: HTTP_SIGN":8} []
[2016-06-24 10:11:57] error.WARNING: 8 IN FILE /Users/zhouhong/xianrou/yaframe/library/Http/BasicRequest.php ON LINE 68 {"Undefined index: HTTP_VERSION":8} []
[2016-06-24 10:11:57] error.ERROR: 8 IN FILE /Users/zhouhong/xianrou/yaframe/library/Http/BasicRequest.php ON LINE 68 {"Undefined index: HTTP_VERSION":8} []
[2016-06-24 10:11:57] error.WARNING: 8 IN FILE /Users/zhouhong/xianrou/yaframe/library/Http/BasicRequest.php ON LINE 69 {"Undefined index: HTTP_TIMESTAMP":8} []
[2016-06-24 10:11:57] error.ERROR: 8 IN FILE /Users/zhouhong/xianrou/yaframe/library/Http/BasicRequest.php ON LINE 69 {"Undefined index: HTTP_TIMESTAMP":8} []
[2016-06-24 10:11:57] error.WARNING: 8 IN FILE /Users/zhouhong/xianrou/yaframe/application/models/Core/CommonRegion.php ON LINE 22 {"Undefined variable: name":8} []
[2016-06-24 10:11:57] error.ERROR: 8 IN FILE /Users/zhouhong/xianrou/yaframe/application/models/Core/CommonRegion.php ON LINE 22 {"Undefined variable: name":8} []
[2016-06-24 10:11:57] error.WARNING: 2 IN FILE /Users/zhouhong/xianrou/yaframe/application/models/Account/AccountData.php ON LINE 67 {"array_intersect_key(): Argument #2 is not an array":2} []
[2016-06-24 10:11:57] error.ERROR: 2 IN FILE /Users/zhouhong/xianrou/yaframe/application/models/Account/AccountData.php ON LINE 67 {"array_intersect_key(): Argument #2 is not an array":2} []
[2016-06-24 10:11:57] error.WARNING: 2 IN FILE /Users/zhouhong/xianrou/yaframe/application/models/Account/AccountData.php ON LINE 68 {"array_merge(): Argument #1 is not an array":2} []
[2016-06-24 10:11:57] error.ERROR: 2 IN FILE /Users/zhouhong/xianrou/yaframe/application/models/Account/AccountData.php ON LINE 68 {"array_merge(): Argument #1 is not an array":2} []
[2016-06-24 10:11:57] error.WARNING: 8 IN FILE /Users/zhouhong/xianrou/yaframe/library/Http/BasicRequest.php ON LINE 66 {"Undefined index: HTTP_TOKEN":8} []
[2016-06-24 10:11:57] error.ERROR: 8 IN FILE /Users/zhouhong/xianrou/yaframe/library/Http/BasicRequest.php ON LINE 66 {"Undefined index: HTTP_TOKEN":8} []
[2016-06-24 10:11:57] error.WARNING: 8 IN FILE /Users/zhouhong/xianrou/yaframe/library/Http/BasicRequest.php ON LINE 67 {"Undefined index: HTTP_SIGN":8} []
[2016-06-24 10:11:57] error.ERROR: 8 IN FILE /Users/zhouhong/xianrou/yaframe/library/Http/BasicRequest.php ON LINE 67 {"Undefined index: HTTP_SIGN":8} []
[2016-06-24 10:11:57] error.WARNING: 8 IN FILE /Users/zhouhong/xianrou/yaframe/library/Http/BasicRequest.php ON LINE 68 {"Undefined index: HTTP_VERSION":8} []
[2016-06-24 10:11:57] error.ERROR: 8 IN FILE /Users/zhouhong/xianrou/yaframe/library/Http/BasicRequest.php ON LINE 68 {"Undefined index: HTTP_VERSION":8} []
[2016-06-24 10:11:57] error.WARNING: 8 IN FILE /Users/zhouhong/xianrou/yaframe/library/Http/BasicRequest.php ON LINE 69 {"Undefined index: HTTP_TIMESTAMP":8} []
[2016-06-24 10:11:57] error.ERROR: 8 IN FILE /Users/zhouhong/xianrou/yaframe/library/Http/BasicRequest.php ON LINE 69 {"Undefined index: HTTP_TIMESTAMP":8} []
[2016-06-24 10:11:57] error.WARNING: 8 IN FILE /Users/zhouhong/xianrou/yaframe/application/models/Core/CommonRegion.php ON LINE 22 {"Undefined variable: name":8} []
[2016-06-24 10:11:57] error.ERROR: 8 IN FILE /Users/zhouhong/xianrou/yaframe/application/models/Core/CommonRegion.php ON LINE 22 {"Undefined variable: name":8} []
[2016-06-24 10:11:57] error.WARNING: 2 IN FILE /Users/zhouhong/xianrou/yaframe/application/models/Account/AccountData.php ON LINE 67 {"array_intersect_key(): Argument #2 is not an array":2} []
[2016-06-24 10:11:57] error.ERROR: 2 IN FILE /Users/zhouhong/xianrou/yaframe/application/models/Account/AccountData.php ON LINE 67 {"array_intersect_key(): Argument #2 is not an array":2} []
[2016-06-24 10:11:57] error.WARNING: 2 IN FILE /Users/zhouhong/xianrou/yaframe/application/models/Account/AccountData.php ON LINE 68 {"array_merge(): Argument #1 is not an array":2} []
[2016-06-24 10:11:57] error.ERROR: 2 IN FILE /Users/zhouhong/xianrou/yaframe/application/models/Account/AccountData.php ON LINE 68 {"array_merge(): Argument #1 is not an array":2} []
[2016-06-24 10:11:57] error.WARNING: [0:Call to undefined method Illuminate\Database\Query\Builder::toArray()]	[/Users/zhouhong/xianrou/yaframe/application/controllers/Error.php:19] [] []
[2016-06-24 10:11:57] error.ERROR: [0:Call to undefined method Illuminate\Database\Query\Builder::toArray()]	[/Users/zhouhong/xianrou/yaframe/application/controllers/Error.php:19] [] []
[2016-06-24 10:11:57] error.WARNING: 8 IN FILE /Users/zhouhong/xianrou/yaframe/library/Http/BasicRequest.php ON LINE 66 {"Undefined index: HTTP_TOKEN":8} []
[2016-06-24 10:11:57] error.ERROR: 8 IN FILE /Users/zhouhong/xianrou/yaframe/library/Http/BasicRequest.php ON LINE 66 {"Undefined index: HTTP_TOKEN":8} []
[2016-06-24 10:11:57] error.WARNING: 8 IN FILE /Users/zhouhong/xianrou/yaframe/library/Http/BasicRequest.php ON LINE 67 {"Undefined index: HTTP_SIGN":8} []
[2016-06-24 10:11:57] error.ERROR: 8 IN FILE /Users/zhouhong/xianrou/yaframe/library/Http/BasicRequest.php ON LINE 67 {"Undefined index: HTTP_SIGN":8} []
[2016-06-24 10:11:57] error.WARNING: 8 IN FILE /Users/zhouhong/xianrou/yaframe/library/Http/BasicRequest.php ON LINE 68 {"Undefined index: HTTP_VERSION":8} []
[2016-06-24 10:11:57] error.ERROR: 8 IN FILE /Users/zhouhong/xianrou/yaframe/library/Http/BasicRequest.php ON LINE 68 {"Undefined index: HTTP_VERSION":8} []
[2016-06-24 10:11:57] error.WARNING: 8 IN FILE /Users/zhouhong/xianrou/yaframe/library/Http/BasicRequest.php ON LINE 69 {"Undefined index: HTTP_TIMESTAMP":8} []
[2016-06-24 10:11:57] error.ERROR: 8 IN FILE /Users/zhouhong/xianrou/yaframe/library/Http/BasicRequest.php ON LINE 69 {"Undefined index: HTTP_TIMESTAMP":8} []
[2016-06-24 10:11:57] error.WARNING: 8 IN FILE /Users/zhouhong/xianrou/yaframe/application/models/Core/CommonRegion.php ON LINE 22 {"Undefined variable: name":8} []
[2016-06-24 10:11:57] error.ERROR: 8 IN FILE /Users/zhouhong/xianrou/yaframe/application/models/Core/CommonRegion.php ON LINE 22 {"Undefined variable: name":8} []
[2016-06-24 10:11:57] error.WARNING: 2 IN FILE /Users/zhouhong/xianrou/yaframe/application/models/Account/AccountData.php ON LINE 67 {"array_intersect_key(): Argument #2 is not an array":2} []
[2016-06-24 10:11:57] error.ERROR: 2 IN FILE /Users/zhouhong/xianrou/yaframe/application/models/Account/AccountData.php ON LINE 67 {"array_intersect_key(): Argument #2 is not an array":2} []
[2016-06-24 10:11:57] error.WARNING: 2 IN FILE /Users/zhouhong/xianrou/yaframe/application/models/Account/AccountData.php ON LINE 68 {"array_merge(): Argument #1 is not an array":2} []
[2016-06-24 10:11:57] error.ERROR: 2 IN FILE /Users/zhouhong/xianrou/yaframe/application/models/Account/AccountData.php ON LINE 68 {"array_merge(): Argument #1 is not an array":2} []
[2016-06-24 10:11:58] error.WARNING: 8 IN FILE /Users/zhouhong/xianrou/yaframe/library/Http/BasicRequest.php ON LINE 66 {"Undefined index: HTTP_TOKEN":8} []
[2016-06-24 10:11:58] error.ERROR: 8 IN FILE /Users/zhouhong/xianrou/yaframe/library/Http/BasicRequest.php ON LINE 66 {"Undefined index: HTTP_TOKEN":8} []
[2016-06-24 10:11:58] error.WARNING: 8 IN FILE /Users/zhouhong/xianrou/yaframe/library/Http/BasicRequest.php ON LINE 67 {"Undefined index: HTTP_SIGN":8} []
[2016-06-24 10:11:58] error.ERROR: 8 IN FILE /Users/zhouhong/xianrou/yaframe/library/Http/BasicRequest.php ON LINE 67 {"Undefined index: HTTP_SIGN":8} []
[2016-06-24 10:11:58] error.WARNING: 8 IN FILE /Users/zhouhong/xianrou/yaframe/library/Http/BasicRequest.php ON LINE 68 {"Undefined index: HTTP_VERSION":8} []
[2016-06-24 10:11:58] error.ERROR: 8 IN FILE /Users/zhouhong/xianrou/yaframe/library/Http/BasicRequest.php ON LINE 68 {"Undefined index: HTTP_VERSION":8} []
[2016-06-24 10:11:58] error.WARNING: 8 IN FILE /Users/zhouhong/xianrou/yaframe/library/Http/BasicRequest.php ON LINE 69 {"Undefined index: HTTP_TIMESTAMP":8} []
[2016-06-24 10:11:58] error.ERROR: 8 IN FILE /Users/zhouhong/xianrou/yaframe/library/Http/BasicRequest.php ON LINE 69 {"Undefined index: HTTP_TIMESTAMP":8} []
[2016-06-24 10:11:58] error.WARNING: 8 IN FILE /Users/zhouhong/xianrou/yaframe/application/models/Core/CommonRegion.php ON LINE 22 {"Undefined variable: name":8} []
[2016-06-24 10:11:58] error.ERROR: 8 IN FILE /Users/zhouhong/xianrou/yaframe/application/models/Core/CommonRegion.php ON LINE 22 {"Undefined variable: name":8} []
[2016-06-24 10:11:58] error.WARNING: 2 IN FILE /Users/zhouhong/xianrou/yaframe/application/models/Account/AccountData.php ON LINE 67 {"array_intersect_key(): Argument #2 is not an array":2} []
[2016-06-24 10:11:58] error.ERROR: 2 IN FILE /Users/zhouhong/xianrou/yaframe/application/models/Account/AccountData.php ON LINE 67 {"array_intersect_key(): Argument #2 is not an array":2} []
[2016-06-24 10:11:58] error.WARNING: 2 IN FILE /Users/zhouhong/xianrou/yaframe/application/models/Account/AccountData.php ON LINE 68 {"array_merge(): Argument #1 is not an array":2} []
[2016-06-24 10:11:58] error.ERROR: 2 IN FILE /Users/zhouhong/xianrou/yaframe/application/models/Account/AccountData.php ON LINE 68 {"array_merge(): Argument #1 is not an array":2} []
[2016-06-24 10:11:58] error.WARNING: [0:Call to undefined method Illuminate\Database\Query\Builder::toArray()]	[/Users/zhouhong/xianrou/yaframe/application/controllers/Error.php:19] [] []
[2016-06-24 10:11:58] error.ERROR: [0:Call to undefined method Illuminate\Database\Query\Builder::toArray()]	[/Users/zhouhong/xianrou/yaframe/application/controllers/Error.php:19] [] []
[2016-06-24 10:13:23] error.WARNING: 8 IN FILE /Users/zhouhong/xianrou/yaframe/library/Http/BasicRequest.php ON LINE 66 {"Undefined index: HTTP_TOKEN":8} []
[2016-06-24 10:13:23] error.ERROR: 8 IN FILE /Users/zhouhong/xianrou/yaframe/library/Http/BasicRequest.php ON LINE 66 {"Undefined index: HTTP_TOKEN":8} []
[2016-06-24 10:13:23] error.WARNING: 8 IN FILE /Users/zhouhong/xianrou/yaframe/library/Http/BasicRequest.php ON LINE 67 {"Undefined index: HTTP_SIGN":8} []
[2016-06-24 10:13:23] error.ERROR: 8 IN FILE /Users/zhouhong/xianrou/yaframe/library/Http/BasicRequest.php ON LINE 67 {"Undefined index: HTTP_SIGN":8} []
[2016-06-24 10:13:23] error.WARNING: 8 IN FILE /Users/zhouhong/xianrou/yaframe/library/Http/BasicRequest.php ON LINE 68 {"Undefined index: HTTP_VERSION":8} []
[2016-06-24 10:13:23] error.ERROR: 8 IN FILE /Users/zhouhong/xianrou/yaframe/library/Http/BasicRequest.php ON LINE 68 {"Undefined index: HTTP_VERSION":8} []
[2016-06-24 10:13:23] error.WARNING: 8 IN FILE /Users/zhouhong/xianrou/yaframe/library/Http/BasicRequest.php ON LINE 69 {"Undefined index: HTTP_TIMESTAMP":8} []
[2016-06-24 10:13:23] error.ERROR: 8 IN FILE /Users/zhouhong/xianrou/yaframe/library/Http/BasicRequest.php ON LINE 69 {"Undefined index: HTTP_TIMESTAMP":8} []
[2016-06-24 10:13:23] error.WARNING: 8 IN FILE /Users/zhouhong/xianrou/yaframe/application/models/Core/CommonRegion.php ON LINE 22 {"Undefined variable: name":8} []
[2016-06-24 10:13:23] error.ERROR: 8 IN FILE /Users/zhouhong/xianrou/yaframe/application/models/Core/CommonRegion.php ON LINE 22 {"Undefined variable: name":8} []
[2016-06-24 10:13:23] error.WARNING: 2 IN FILE /Users/zhouhong/xianrou/yaframe/application/models/Account/AccountData.php ON LINE 67 {"array_intersect_key(): Argument #2 is not an array":2} []
[2016-06-24 10:13:23] error.ERROR: 2 IN FILE /Users/zhouhong/xianrou/yaframe/application/models/Account/AccountData.php ON LINE 67 {"array_intersect_key(): Argument #2 is not an array":2} []
[2016-06-24 10:13:23] error.WARNING: 2 IN FILE /Users/zhouhong/xianrou/yaframe/application/models/Account/AccountData.php ON LINE 68 {"array_merge(): Argument #1 is not an array":2} []
[2016-06-24 10:13:23] error.ERROR: 2 IN FILE /Users/zhouhong/xianrou/yaframe/application/models/Account/AccountData.php ON LINE 68 {"array_merge(): Argument #1 is not an array":2} []
[2016-06-24 10:13:31] error.WARNING: 8 IN FILE /Users/zhouhong/xianrou/yaframe/library/Http/BasicRequest.php ON LINE 66 {"Undefined index: HTTP_TOKEN":8} []
[2016-06-24 10:13:31] error.ERROR: 8 IN FILE /Users/zhouhong/xianrou/yaframe/library/Http/BasicRequest.php ON LINE 66 {"Undefined index: HTTP_TOKEN":8} []
[2016-06-24 10:13:31] error.WARNING: 8 IN FILE /Users/zhouhong/xianrou/yaframe/library/Http/BasicRequest.php ON LINE 67 {"Undefined index: HTTP_SIGN":8} []
[2016-06-24 10:13:31] error.ERROR: 8 IN FILE /Users/zhouhong/xianrou/yaframe/library/Http/BasicRequest.php ON LINE 67 {"Undefined index: HTTP_SIGN":8} []
[2016-06-24 10:13:31] error.WARNING: 8 IN FILE /Users/zhouhong/xianrou/yaframe/library/Http/BasicRequest.php ON LINE 68 {"Undefined index: HTTP_VERSION":8} []
[2016-06-24 10:13:31] error.ERROR: 8 IN FILE /Users/zhouhong/xianrou/yaframe/library/Http/BasicRequest.php ON LINE 68 {"Undefined index: HTTP_VERSION":8} []
[2016-06-24 10:13:31] error.WARNING: 8 IN FILE /Users/zhouhong/xianrou/yaframe/library/Http/BasicRequest.php ON LINE 69 {"Undefined index: HTTP_TIMESTAMP":8} []
[2016-06-24 10:13:31] error.ERROR: 8 IN FILE /Users/zhouhong/xianrou/yaframe/library/Http/BasicRequest.php ON LINE 69 {"Undefined index: HTTP_TIMESTAMP":8} []
[2016-06-24 10:13:31] error.WARNING: 8 IN FILE /Users/zhouhong/xianrou/yaframe/application/models/Core/CommonRegion.php ON LINE 22 {"Undefined variable: name":8} []
[2016-06-24 10:13:31] error.ERROR: 8 IN FILE /Users/zhouhong/xianrou/yaframe/application/models/Core/CommonRegion.php ON LINE 22 {"Undefined variable: name":8} []
[2016-06-24 10:13:31] error.WARNING: 2 IN FILE /Users/zhouhong/xianrou/yaframe/application/models/Account/AccountData.php ON LINE 67 {"array_intersect_key(): Argument #2 is not an array":2} []
[2016-06-24 10:13:31] error.ERROR: 2 IN FILE /Users/zhouhong/xianrou/yaframe/application/models/Account/AccountData.php ON LINE 67 {"array_intersect_key(): Argument #2 is not an array":2} []
[2016-06-24 10:13:31] error.WARNING: 2 IN FILE /Users/zhouhong/xianrou/yaframe/application/models/Account/AccountData.php ON LINE 68 {"array_merge(): Argument #1 is not an array":2} []
[2016-06-24 10:13:31] error.ERROR: 2 IN FILE /Users/zhouhong/xianrou/yaframe/application/models/Account/AccountData.php ON LINE 68 {"array_merge(): Argument #1 is not an array":2} []
[2016-06-24 10:15:58] error.WARNING: 8 IN FILE /Users/zhouhong/xianrou/yaframe/library/Http/BasicRequest.php ON LINE 66 {"Undefined index: HTTP_TOKEN":8} []
[2016-06-24 10:15:58] error.ERROR: 8 IN FILE /Users/zhouhong/xianrou/yaframe/library/Http/BasicRequest.php ON LINE 66 {"Undefined index: HTTP_TOKEN":8} []
[2016-06-24 10:15:58] error.WARNING: 8 IN FILE /Users/zhouhong/xianrou/yaframe/library/Http/BasicRequest.php ON LINE 67 {"Undefined index: HTTP_SIGN":8} []
[2016-06-24 10:15:58] error.ERROR: 8 IN FILE /Users/zhouhong/xianrou/yaframe/library/Http/BasicRequest.php ON LINE 67 {"Undefined index: HTTP_SIGN":8} []
[2016-06-24 10:15:58] error.WARNING: 8 IN FILE /Users/zhouhong/xianrou/yaframe/library/Http/BasicRequest.php ON LINE 68 {"Undefined index: HTTP_VERSION":8} []
[2016-06-24 10:15:58] error.ERROR: 8 IN FILE /Users/zhouhong/xianrou/yaframe/library/Http/BasicRequest.php ON LINE 68 {"Undefined index: HTTP_VERSION":8} []
[2016-06-24 10:15:58] error.WARNING: 8 IN FILE /Users/zhouhong/xianrou/yaframe/library/Http/BasicRequest.php ON LINE 69 {"Undefined index: HTTP_TIMESTAMP":8} []
[2016-06-24 10:15:58] error.ERROR: 8 IN FILE /Users/zhouhong/xianrou/yaframe/library/Http/BasicRequest.php ON LINE 69 {"Undefined index: HTTP_TIMESTAMP":8} []
[2016-06-24 10:15:58] error.WARNING: 8 IN FILE /Users/zhouhong/xianrou/yaframe/application/models/Core/CommonRegion.php ON LINE 22 {"Undefined variable: name":8} []
[2016-06-24 10:15:58] error.ERROR: 8 IN FILE /Users/zhouhong/xianrou/yaframe/application/models/Core/CommonRegion.php ON LINE 22 {"Undefined variable: name":8} []
[2016-06-24 10:15:58] error.WARNING: 2 IN FILE /Users/zhouhong/xianrou/yaframe/application/models/Account/AccountData.php ON LINE 67 {"array_intersect_key(): Argument #2 is not an array":2} []
[2016-06-24 10:15:58] error.ERROR: 2 IN FILE /Users/zhouhong/xianrou/yaframe/application/models/Account/AccountData.php ON LINE 67 {"array_intersect_key(): Argument #2 is not an array":2} []
[2016-06-24 10:15:58] error.WARNING: 2 IN FILE /Users/zhouhong/xianrou/yaframe/application/models/Account/AccountData.php ON LINE 68 {"array_merge(): Argument #1 is not an array":2} []
[2016-06-24 10:15:58] error.ERROR: 2 IN FILE /Users/zhouhong/xianrou/yaframe/application/models/Account/AccountData.php ON LINE 68 {"array_merge(): Argument #1 is not an array":2} []
[2016-06-24 10:16:02] error.WARNING: 8 IN FILE /Users/zhouhong/xianrou/yaframe/library/Http/BasicRequest.php ON LINE 66 {"Undefined index: HTTP_TOKEN":8} []
[2016-06-24 10:16:02] error.ERROR: 8 IN FILE /Users/zhouhong/xianrou/yaframe/library/Http/BasicRequest.php ON LINE 66 {"Undefined index: HTTP_TOKEN":8} []
[2016-06-24 10:16:02] error.WARNING: 8 IN FILE /Users/zhouhong/xianrou/yaframe/library/Http/BasicRequest.php ON LINE 67 {"Undefined index: HTTP_SIGN":8} []
[2016-06-24 10:16:02] error.ERROR: 8 IN FILE /Users/zhouhong/xianrou/yaframe/library/Http/BasicRequest.php ON LINE 67 {"Undefined index: HTTP_SIGN":8} []
[2016-06-24 10:16:02] error.WARNING: 8 IN FILE /Users/zhouhong/xianrou/yaframe/library/Http/BasicRequest.php ON LINE 68 {"Undefined index: HTTP_VERSION":8} []
[2016-06-24 10:16:02] error.ERROR: 8 IN FILE /Users/zhouhong/xianrou/yaframe/library/Http/BasicRequest.php ON LINE 68 {"Undefined index: HTTP_VERSION":8} []
[2016-06-24 10:16:02] error.WARNING: 8 IN FILE /Users/zhouhong/xianrou/yaframe/library/Http/BasicRequest.php ON LINE 69 {"Undefined index: HTTP_TIMESTAMP":8} []
[2016-06-24 10:16:02] error.ERROR: 8 IN FILE /Users/zhouhong/xianrou/yaframe/library/Http/BasicRequest.php ON LINE 69 {"Undefined index: HTTP_TIMESTAMP":8} []
[2016-06-24 10:16:02] error.WARNING: 8 IN FILE /Users/zhouhong/xianrou/yaframe/application/models/Core/CommonRegion.php ON LINE 22 {"Undefined variable: name":8} []
[2016-06-24 10:16:02] error.ERROR: 8 IN FILE /Users/zhouhong/xianrou/yaframe/application/models/Core/CommonRegion.php ON LINE 22 {"Undefined variable: name":8} []
[2016-06-24 10:16:02] error.WARNING: 2 IN FILE /Users/zhouhong/xianrou/yaframe/application/models/Account/AccountData.php ON LINE 67 {"array_intersect_key(): Argument #2 is not an array":2} []
[2016-06-24 10:16:02] error.ERROR: 2 IN FILE /Users/zhouhong/xianrou/yaframe/application/models/Account/AccountData.php ON LINE 67 {"array_intersect_key(): Argument #2 is not an array":2} []
[2016-06-24 10:16:02] error.WARNING: 2 IN FILE /Users/zhouhong/xianrou/yaframe/application/models/Account/AccountData.php ON LINE 68 {"array_merge(): Argument #1 is not an array":2} []
[2016-06-24 10:16:02] error.ERROR: 2 IN FILE /Users/zhouhong/xianrou/yaframe/application/models/Account/AccountData.php ON LINE 68 {"array_merge(): Argument #1 is not an array":2} []
[2016-06-24 10:16:06] error.WARNING: 8 IN FILE /Users/zhouhong/xianrou/yaframe/library/Http/BasicRequest.php ON LINE 66 {"Undefined index: HTTP_TOKEN":8} []
[2016-06-24 10:16:06] error.ERROR: 8 IN FILE /Users/zhouhong/xianrou/yaframe/library/Http/BasicRequest.php ON LINE 66 {"Undefined index: HTTP_TOKEN":8} []
[2016-06-24 10:16:06] error.WARNING: 8 IN FILE /Users/zhouhong/xianrou/yaframe/library/Http/BasicRequest.php ON LINE 67 {"Undefined index: HTTP_SIGN":8} []
[2016-06-24 10:16:06] error.ERROR: 8 IN FILE /Users/zhouhong/xianrou/yaframe/library/Http/BasicRequest.php ON LINE 67 {"Undefined index: HTTP_SIGN":8} []
[2016-06-24 10:16:06] error.WARNING: 8 IN FILE /Users/zhouhong/xianrou/yaframe/library/Http/BasicRequest.php ON LINE 68 {"Undefined index: HTTP_VERSION":8} []
[2016-06-24 10:16:06] error.ERROR: 8 IN FILE /Users/zhouhong/xianrou/yaframe/library/Http/BasicRequest.php ON LINE 68 {"Undefined index: HTTP_VERSION":8} []
[2016-06-24 10:16:06] error.WARNING: 8 IN FILE /Users/zhouhong/xianrou/yaframe/library/Http/BasicRequest.php ON LINE 69 {"Undefined index: HTTP_TIMESTAMP":8} []
[2016-06-24 10:16:06] error.ERROR: 8 IN FILE /Users/zhouhong/xianrou/yaframe/library/Http/BasicRequest.php ON LINE 69 {"Undefined index: HTTP_TIMESTAMP":8} []
[2016-06-24 10:16:06] error.WARNING: 8 IN FILE /Users/zhouhong/xianrou/yaframe/application/models/Core/CommonRegion.php ON LINE 22 {"Undefined variable: name":8} []
[2016-06-24 10:16:06] error.ERROR: 8 IN FILE /Users/zhouhong/xianrou/yaframe/application/models/Core/CommonRegion.php ON LINE 22 {"Undefined variable: name":8} []
[2016-06-24 10:16:06] error.WARNING: 2 IN FILE /Users/zhouhong/xianrou/yaframe/application/models/Account/AccountData.php ON LINE 67 {"array_intersect_key(): Argument #2 is not an array":2} []
[2016-06-24 10:16:06] error.ERROR: 2 IN FILE /Users/zhouhong/xianrou/yaframe/application/models/Account/AccountData.php ON LINE 67 {"array_intersect_key(): Argument #2 is not an array":2} []
[2016-06-24 10:16:06] error.WARNING: 2 IN FILE /Users/zhouhong/xianrou/yaframe/application/models/Account/AccountData.php ON LINE 68 {"array_merge(): Argument #1 is not an array":2} []
[2016-06-24 10:16:06] error.ERROR: 2 IN FILE /Users/zhouhong/xianrou/yaframe/application/models/Account/AccountData.php ON LINE 68 {"array_merge(): Argument #1 is not an array":2} []
[2016-06-24 10:29:31] error.WARNING: 8 IN FILE /Users/zhouhong/xianrou/yaframe/library/Http/BasicRequest.php ON LINE 66 {"Undefined index: HTTP_TOKEN":8} []
[2016-06-24 10:29:31] error.ERROR: 8 IN FILE /Users/zhouhong/xianrou/yaframe/library/Http/BasicRequest.php ON LINE 66 {"Undefined index: HTTP_TOKEN":8} []
[2016-06-24 10:29:31] error.WARNING: 8 IN FILE /Users/zhouhong/xianrou/yaframe/library/Http/BasicRequest.php ON LINE 67 {"Undefined index: HTTP_SIGN":8} []
[2016-06-24 10:29:31] error.ERROR: 8 IN FILE /Users/zhouhong/xianrou/yaframe/library/Http/BasicRequest.php ON LINE 67 {"Undefined index: HTTP_SIGN":8} []
[2016-06-24 10:29:31] error.WARNING: 8 IN FILE /Users/zhouhong/xianrou/yaframe/library/Http/BasicRequest.php ON LINE 68 {"Undefined index: HTTP_VERSION":8} []
[2016-06-24 10:29:31] error.ERROR: 8 IN FILE /Users/zhouhong/xianrou/yaframe/library/Http/BasicRequest.php ON LINE 68 {"Undefined index: HTTP_VERSION":8} []
[2016-06-24 10:29:31] error.WARNING: 8 IN FILE /Users/zhouhong/xianrou/yaframe/library/Http/BasicRequest.php ON LINE 69 {"Undefined index: HTTP_TIMESTAMP":8} []
[2016-06-24 10:29:31] error.ERROR: 8 IN FILE /Users/zhouhong/xianrou/yaframe/library/Http/BasicRequest.php ON LINE 69 {"Undefined index: HTTP_TIMESTAMP":8} []
[2016-06-24 10:29:31] error.WARNING: 8 IN FILE /Users/zhouhong/xianrou/yaframe/application/models/Core/CommonRegion.php ON LINE 22 {"Undefined variable: name":8} []
[2016-06-24 10:29:31] error.ERROR: 8 IN FILE /Users/zhouhong/xianrou/yaframe/application/models/Core/CommonRegion.php ON LINE 22 {"Undefined variable: name":8} []
[2016-06-24 10:29:31] error.WARNING: 2 IN FILE /Users/zhouhong/xianrou/yaframe/application/models/Account/AccountData.php ON LINE 67 {"array_intersect_key(): Argument #2 is not an array":2} []
[2016-06-24 10:29:31] error.ERROR: 2 IN FILE /Users/zhouhong/xianrou/yaframe/application/models/Account/AccountData.php ON LINE 67 {"array_intersect_key(): Argument #2 is not an array":2} []
[2016-06-24 10:29:31] error.WARNING: 2 IN FILE /Users/zhouhong/xianrou/yaframe/application/models/Account/AccountData.php ON LINE 68 {"array_merge(): Argument #1 is not an array":2} []
[2016-06-24 10:29:31] error.ERROR: 2 IN FILE /Users/zhouhong/xianrou/yaframe/application/models/Account/AccountData.php ON LINE 68 {"array_merge(): Argument #1 is not an array":2} []
[2016-06-24 10:34:49] error.WARNING: 8 IN FILE /Users/zhouhong/xianrou/yaframe/library/Http/BasicRequest.php ON LINE 66 {"Undefined index: HTTP_TOKEN":8} []
[2016-06-24 10:34:49] error.ERROR: 8 IN FILE /Users/zhouhong/xianrou/yaframe/library/Http/BasicRequest.php ON LINE 66 {"Undefined index: HTTP_TOKEN":8} []
[2016-06-24 10:34:49] error.WARNING: 8 IN FILE /Users/zhouhong/xianrou/yaframe/library/Http/BasicRequest.php ON LINE 67 {"Undefined index: HTTP_SIGN":8} []
[2016-06-24 10:34:49] error.ERROR: 8 IN FILE /Users/zhouhong/xianrou/yaframe/library/Http/BasicRequest.php ON LINE 67 {"Undefined index: HTTP_SIGN":8} []
[2016-06-24 10:34:49] error.WARNING: 8 IN FILE /Users/zhouhong/xianrou/yaframe/library/Http/BasicRequest.php ON LINE 68 {"Undefined index: HTTP_VERSION":8} []
[2016-06-24 10:34:49] error.ERROR: 8 IN FILE /Users/zhouhong/xianrou/yaframe/library/Http/BasicRequest.php ON LINE 68 {"Undefined index: HTTP_VERSION":8} []
[2016-06-24 10:34:49] error.WARNING: 8 IN FILE /Users/zhouhong/xianrou/yaframe/library/Http/BasicRequest.php ON LINE 69 {"Undefined index: HTTP_TIMESTAMP":8} []
[2016-06-24 10:34:49] error.ERROR: 8 IN FILE /Users/zhouhong/xianrou/yaframe/library/Http/BasicRequest.php ON LINE 69 {"Undefined index: HTTP_TIMESTAMP":8} []
[2016-06-24 10:34:49] error.WARNING: 8 IN FILE /Users/zhouhong/xianrou/yaframe/application/models/Core/CommonRegion.php ON LINE 22 {"Undefined variable: name":8} []
[2016-06-24 10:34:49] error.ERROR: 8 IN FILE /Users/zhouhong/xianrou/yaframe/application/models/Core/CommonRegion.php ON LINE 22 {"Undefined variable: name":8} []
[2016-06-24 10:34:49] error.WARNING: 2 IN FILE /Users/zhouhong/xianrou/yaframe/application/models/Account/AccountData.php ON LINE 67 {"array_intersect_key(): Argument #2 is not an array":2} []
[2016-06-24 10:34:49] error.ERROR: 2 IN FILE /Users/zhouhong/xianrou/yaframe/application/models/Account/AccountData.php ON LINE 67 {"array_intersect_key(): Argument #2 is not an array":2} []
[2016-06-24 10:34:49] error.WARNING: 2 IN FILE /Users/zhouhong/xianrou/yaframe/application/models/Account/AccountData.php ON LINE 68 {"array_merge(): Argument #1 is not an array":2} []
[2016-06-24 10:34:49] error.ERROR: 2 IN FILE /Users/zhouhong/xianrou/yaframe/application/models/Account/AccountData.php ON LINE 68 {"array_merge(): Argument #1 is not an array":2} []
[2016-06-24 10:35:05] error.WARNING: 8 IN FILE /Users/zhouhong/xianrou/yaframe/library/Http/BasicRequest.php ON LINE 66 {"Undefined index: HTTP_TOKEN":8} []
[2016-06-24 10:35:05] error.ERROR: 8 IN FILE /Users/zhouhong/xianrou/yaframe/library/Http/BasicRequest.php ON LINE 66 {"Undefined index: HTTP_TOKEN":8} []
[2016-06-24 10:35:05] error.WARNING: 8 IN FILE /Users/zhouhong/xianrou/yaframe/library/Http/BasicRequest.php ON LINE 67 {"Undefined index: HTTP_SIGN":8} []
[2016-06-24 10:35:05] error.ERROR: 8 IN FILE /Users/zhouhong/xianrou/yaframe/library/Http/BasicRequest.php ON LINE 67 {"Undefined index: HTTP_SIGN":8} []
[2016-06-24 10:35:05] error.WARNING: 8 IN FILE /Users/zhouhong/xianrou/yaframe/library/Http/BasicRequest.php ON LINE 68 {"Undefined index: HTTP_VERSION":8} []
[2016-06-24 10:35:05] error.ERROR: 8 IN FILE /Users/zhouhong/xianrou/yaframe/library/Http/BasicRequest.php ON LINE 68 {"Undefined index: HTTP_VERSION":8} []
[2016-06-24 10:35:05] error.WARNING: 8 IN FILE /Users/zhouhong/xianrou/yaframe/library/Http/BasicRequest.php ON LINE 69 {"Undefined index: HTTP_TIMESTAMP":8} []
[2016-06-24 10:35:05] error.ERROR: 8 IN FILE /Users/zhouhong/xianrou/yaframe/library/Http/BasicRequest.php ON LINE 69 {"Undefined index: HTTP_TIMESTAMP":8} []
[2016-06-24 10:35:05] error.WARNING: 8 IN FILE /Users/zhouhong/xianrou/yaframe/application/models/Core/CommonRegion.php ON LINE 22 {"Undefined variable: name":8} []
[2016-06-24 10:35:05] error.ERROR: 8 IN FILE /Users/zhouhong/xianrou/yaframe/application/models/Core/CommonRegion.php ON LINE 22 {"Undefined variable: name":8} []
[2016-06-24 10:35:05] error.WARNING: 2 IN FILE /Users/zhouhong/xianrou/yaframe/application/models/Account/AccountData.php ON LINE 67 {"array_intersect_key(): Argument #2 is not an array":2} []
[2016-06-24 10:35:05] error.ERROR: 2 IN FILE /Users/zhouhong/xianrou/yaframe/application/models/Account/AccountData.php ON LINE 67 {"array_intersect_key(): Argument #2 is not an array":2} []
[2016-06-24 10:35:05] error.WARNING: 2 IN FILE /Users/zhouhong/xianrou/yaframe/application/models/Account/AccountData.php ON LINE 68 {"array_merge(): Argument #1 is not an array":2} []
[2016-06-24 10:35:05] error.ERROR: 2 IN FILE /Users/zhouhong/xianrou/yaframe/application/models/Account/AccountData.php ON LINE 68 {"array_merge(): Argument #1 is not an array":2} []
[2016-06-24 10:35:09] error.WARNING: 8 IN FILE /Users/zhouhong/xianrou/yaframe/library/Http/BasicRequest.php ON LINE 66 {"Undefined index: HTTP_TOKEN":8} []
[2016-06-24 10:35:09] error.ERROR: 8 IN FILE /Users/zhouhong/xianrou/yaframe/library/Http/BasicRequest.php ON LINE 66 {"Undefined index: HTTP_TOKEN":8} []
[2016-06-24 10:35:09] error.WARNING: 8 IN FILE /Users/zhouhong/xianrou/yaframe/library/Http/BasicRequest.php ON LINE 67 {"Undefined index: HTTP_SIGN":8} []
[2016-06-24 10:35:09] error.ERROR: 8 IN FILE /Users/zhouhong/xianrou/yaframe/library/Http/BasicRequest.php ON LINE 67 {"Undefined index: HTTP_SIGN":8} []
[2016-06-24 10:35:09] error.WARNING: 8 IN FILE /Users/zhouhong/xianrou/yaframe/library/Http/BasicRequest.php ON LINE 68 {"Undefined index: HTTP_VERSION":8} []
[2016-06-24 10:35:09] error.ERROR: 8 IN FILE /Users/zhouhong/xianrou/yaframe/library/Http/BasicRequest.php ON LINE 68 {"Undefined index: HTTP_VERSION":8} []
[2016-06-24 10:35:09] error.WARNING: 8 IN FILE /Users/zhouhong/xianrou/yaframe/library/Http/BasicRequest.php ON LINE 69 {"Undefined index: HTTP_TIMESTAMP":8} []
[2016-06-24 10:35:09] error.ERROR: 8 IN FILE /Users/zhouhong/xianrou/yaframe/library/Http/BasicRequest.php ON LINE 69 {"Undefined index: HTTP_TIMESTAMP":8} []
[2016-06-24 10:35:09] error.WARNING: 8 IN FILE /Users/zhouhong/xianrou/yaframe/application/models/Core/CommonRegion.php ON LINE 22 {"Undefined variable: name":8} []
[2016-06-24 10:35:09] error.ERROR: 8 IN FILE /Users/zhouhong/xianrou/yaframe/application/models/Core/CommonRegion.php ON LINE 22 {"Undefined variable: name":8} []
[2016-06-24 10:35:09] error.WARNING: 2 IN FILE /Users/zhouhong/xianrou/yaframe/application/models/Account/AccountData.php ON LINE 67 {"array_intersect_key(): Argument #2 is not an array":2} []
[2016-06-24 10:35:09] error.ERROR: 2 IN FILE /Users/zhouhong/xianrou/yaframe/application/models/Account/AccountData.php ON LINE 67 {"array_intersect_key(): Argument #2 is not an array":2} []
[2016-06-24 10:35:09] error.WARNING: 2 IN FILE /Users/zhouhong/xianrou/yaframe/application/models/Account/AccountData.php ON LINE 68 {"array_merge(): Argument #1 is not an array":2} []
[2016-06-24 10:35:09] error.ERROR: 2 IN FILE /Users/zhouhong/xianrou/yaframe/application/models/Account/AccountData.php ON LINE 68 {"array_merge(): Argument #1 is not an array":2} []
[2016-06-24 10:35:13] error.WARNING: 8 IN FILE /Users/zhouhong/xianrou/yaframe/library/Http/BasicRequest.php ON LINE 66 {"Undefined index: HTTP_TOKEN":8} []
[2016-06-24 10:35:13] error.ERROR: 8 IN FILE /Users/zhouhong/xianrou/yaframe/library/Http/BasicRequest.php ON LINE 66 {"Undefined index: HTTP_TOKEN":8} []
[2016-06-24 10:35:13] error.WARNING: 8 IN FILE /Users/zhouhong/xianrou/yaframe/library/Http/BasicRequest.php ON LINE 67 {"Undefined index: HTTP_SIGN":8} []
[2016-06-24 10:35:13] error.ERROR: 8 IN FILE /Users/zhouhong/xianrou/yaframe/library/Http/BasicRequest.php ON LINE 67 {"Undefined index: HTTP_SIGN":8} []
[2016-06-24 10:35:13] error.WARNING: 8 IN FILE /Users/zhouhong/xianrou/yaframe/library/Http/BasicRequest.php ON LINE 68 {"Undefined index: HTTP_VERSION":8} []
[2016-06-24 10:35:13] error.ERROR: 8 IN FILE /Users/zhouhong/xianrou/yaframe/library/Http/BasicRequest.php ON LINE 68 {"Undefined index: HTTP_VERSION":8} []
[2016-06-24 10:35:13] error.WARNING: 8 IN FILE /Users/zhouhong/xianrou/yaframe/library/Http/BasicRequest.php ON LINE 69 {"Undefined index: HTTP_TIMESTAMP":8} []
[2016-06-24 10:35:13] error.ERROR: 8 IN FILE /Users/zhouhong/xianrou/yaframe/library/Http/BasicRequest.php ON LINE 69 {"Undefined index: HTTP_TIMESTAMP":8} []
[2016-06-24 10:35:13] error.WARNING: 8 IN FILE /Users/zhouhong/xianrou/yaframe/application/models/Core/CommonRegion.php ON LINE 22 {"Undefined variable: name":8} []
[2016-06-24 10:35:13] error.ERROR: 8 IN FILE /Users/zhouhong/xianrou/yaframe/application/models/Core/CommonRegion.php ON LINE 22 {"Undefined variable: name":8} []
[2016-06-24 10:35:13] error.WARNING: 2 IN FILE /Users/zhouhong/xianrou/yaframe/application/models/Account/AccountData.php ON LINE 67 {"array_intersect_key(): Argument #2 is not an array":2} []
[2016-06-24 10:35:13] error.ERROR: 2 IN FILE /Users/zhouhong/xianrou/yaframe/application/models/Account/AccountData.php ON LINE 67 {"array_intersect_key(): Argument #2 is not an array":2} []
[2016-06-24 10:35:13] error.WARNING: 2 IN FILE /Users/zhouhong/xianrou/yaframe/application/models/Account/AccountData.php ON LINE 68 {"array_merge(): Argument #1 is not an array":2} []
[2016-06-24 10:35:13] error.ERROR: 2 IN FILE /Users/zhouhong/xianrou/yaframe/application/models/Account/AccountData.php ON LINE 68 {"array_merge(): Argument #1 is not an array":2} []
[2016-06-24 10:35:44] error.WARNING: 8 IN FILE /Users/zhouhong/xianrou/yaframe/library/Http/BasicRequest.php ON LINE 66 {"Undefined index: HTTP_TOKEN":8} []
[2016-06-24 10:35:44] error.ERROR: 8 IN FILE /Users/zhouhong/xianrou/yaframe/library/Http/BasicRequest.php ON LINE 66 {"Undefined index: HTTP_TOKEN":8} []
[2016-06-24 10:35:44] error.WARNING: 8 IN FILE /Users/zhouhong/xianrou/yaframe/library/Http/BasicRequest.php ON LINE 67 {"Undefined index: HTTP_SIGN":8} []
[2016-06-24 10:35:44] error.ERROR: 8 IN FILE /Users/zhouhong/xianrou/yaframe/library/Http/BasicRequest.php ON LINE 67 {"Undefined index: HTTP_SIGN":8} []
[2016-06-24 10:35:44] error.WARNING: 8 IN FILE /Users/zhouhong/xianrou/yaframe/library/Http/BasicRequest.php ON LINE 68 {"Undefined index: HTTP_VERSION":8} []
[2016-06-24 10:35:44] error.ERROR: 8 IN FILE /Users/zhouhong/xianrou/yaframe/library/Http/BasicRequest.php ON LINE 68 {"Undefined index: HTTP_VERSION":8} []
[2016-06-24 10:35:44] error.WARNING: 8 IN FILE /Users/zhouhong/xianrou/yaframe/library/Http/BasicRequest.php ON LINE 69 {"Undefined index: HTTP_TIMESTAMP":8} []
[2016-06-24 10:35:44] error.ERROR: 8 IN FILE /Users/zhouhong/xianrou/yaframe/library/Http/BasicRequest.php ON LINE 69 {"Undefined index: HTTP_TIMESTAMP":8} []
[2016-06-24 10:35:44] error.WARNING: 8 IN FILE /Users/zhouhong/xianrou/yaframe/application/models/Core/CommonRegion.php ON LINE 22 {"Undefined variable: name":8} []
[2016-06-24 10:35:44] error.ERROR: 8 IN FILE /Users/zhouhong/xianrou/yaframe/application/models/Core/CommonRegion.php ON LINE 22 {"Undefined variable: name":8} []
[2016-06-24 10:35:44] error.WARNING: 2 IN FILE /Users/zhouhong/xianrou/yaframe/application/models/Account/AccountData.php ON LINE 67 {"array_intersect_key(): Argument #2 is not an array":2} []
[2016-06-24 10:35:44] error.ERROR: 2 IN FILE /Users/zhouhong/xianrou/yaframe/application/models/Account/AccountData.php ON LINE 67 {"array_intersect_key(): Argument #2 is not an array":2} []
[2016-06-24 10:35:44] error.WARNING: 2 IN FILE /Users/zhouhong/xianrou/yaframe/application/models/Account/AccountData.php ON LINE 68 {"array_merge(): Argument #1 is not an array":2} []
[2016-06-24 10:35:44] error.ERROR: 2 IN FILE /Users/zhouhong/xianrou/yaframe/application/models/Account/AccountData.php ON LINE 68 {"array_merge(): Argument #1 is not an array":2} []
[2016-06-24 10:35:49] error.WARNING: 8 IN FILE /Users/zhouhong/xianrou/yaframe/library/Http/BasicRequest.php ON LINE 66 {"Undefined index: HTTP_TOKEN":8} []
[2016-06-24 10:35:49] error.ERROR: 8 IN FILE /Users/zhouhong/xianrou/yaframe/library/Http/BasicRequest.php ON LINE 66 {"Undefined index: HTTP_TOKEN":8} []
[2016-06-24 10:35:49] error.WARNING: 8 IN FILE /Users/zhouhong/xianrou/yaframe/library/Http/BasicRequest.php ON LINE 67 {"Undefined index: HTTP_SIGN":8} []
[2016-06-24 10:35:49] error.ERROR: 8 IN FILE /Users/zhouhong/xianrou/yaframe/library/Http/BasicRequest.php ON LINE 67 {"Undefined index: HTTP_SIGN":8} []
[2016-06-24 10:35:49] error.WARNING: 8 IN FILE /Users/zhouhong/xianrou/yaframe/library/Http/BasicRequest.php ON LINE 68 {"Undefined index: HTTP_VERSION":8} []
[2016-06-24 10:35:49] error.ERROR: 8 IN FILE /Users/zhouhong/xianrou/yaframe/library/Http/BasicRequest.php ON LINE 68 {"Undefined index: HTTP_VERSION":8} []
[2016-06-24 10:35:49] error.WARNING: 8 IN FILE /Users/zhouhong/xianrou/yaframe/library/Http/BasicRequest.php ON LINE 69 {"Undefined index: HTTP_TIMESTAMP":8} []
[2016-06-24 10:35:49] error.ERROR: 8 IN FILE /Users/zhouhong/xianrou/yaframe/library/Http/BasicRequest.php ON LINE 69 {"Undefined index: HTTP_TIMESTAMP":8} []
[2016-06-24 10:35:49] error.WARNING: 8 IN FILE /Users/zhouhong/xianrou/yaframe/application/models/Core/CommonRegion.php ON LINE 22 {"Undefined variable: name":8} []
[2016-06-24 10:35:49] error.ERROR: 8 IN FILE /Users/zhouhong/xianrou/yaframe/application/models/Core/CommonRegion.php ON LINE 22 {"Undefined variable: name":8} []
[2016-06-24 10:35:49] error.WARNING: 2 IN FILE /Users/zhouhong/xianrou/yaframe/application/models/Account/AccountData.php ON LINE 67 {"array_intersect_key(): Argument #2 is not an array":2} []
[2016-06-24 10:35:49] error.ERROR: 2 IN FILE /Users/zhouhong/xianrou/yaframe/application/models/Account/AccountData.php ON LINE 67 {"array_intersect_key(): Argument #2 is not an array":2} []
[2016-06-24 10:35:49] error.WARNING: 2 IN FILE /Users/zhouhong/xianrou/yaframe/application/models/Account/AccountData.php ON LINE 68 {"array_merge(): Argument #1 is not an array":2} []
[2016-06-24 10:35:49] error.ERROR: 2 IN FILE /Users/zhouhong/xianrou/yaframe/application/models/Account/AccountData.php ON LINE 68 {"array_merge(): Argument #1 is not an array":2} []
[2016-06-24 10:35:59] error.WARNING: 8 IN FILE /Users/zhouhong/xianrou/yaframe/library/Http/BasicRequest.php ON LINE 66 {"Undefined index: HTTP_TOKEN":8} []
[2016-06-24 10:35:59] error.ERROR: 8 IN FILE /Users/zhouhong/xianrou/yaframe/library/Http/BasicRequest.php ON LINE 66 {"Undefined index: HTTP_TOKEN":8} []
[2016-06-24 10:35:59] error.WARNING: 8 IN FILE /Users/zhouhong/xianrou/yaframe/library/Http/BasicRequest.php ON LINE 67 {"Undefined index: HTTP_SIGN":8} []
[2016-06-24 10:35:59] error.ERROR: 8 IN FILE /Users/zhouhong/xianrou/yaframe/library/Http/BasicRequest.php ON LINE 67 {"Undefined index: HTTP_SIGN":8} []
[2016-06-24 10:35:59] error.WARNING: 8 IN FILE /Users/zhouhong/xianrou/yaframe/library/Http/BasicRequest.php ON LINE 68 {"Undefined index: HTTP_VERSION":8} []
[2016-06-24 10:35:59] error.ERROR: 8 IN FILE /Users/zhouhong/xianrou/yaframe/library/Http/BasicRequest.php ON LINE 68 {"Undefined index: HTTP_VERSION":8} []
[2016-06-24 10:35:59] error.WARNING: 8 IN FILE /Users/zhouhong/xianrou/yaframe/library/Http/BasicRequest.php ON LINE 69 {"Undefined index: HTTP_TIMESTAMP":8} []
[2016-06-24 10:35:59] error.ERROR: 8 IN FILE /Users/zhouhong/xianrou/yaframe/library/Http/BasicRequest.php ON LINE 69 {"Undefined index: HTTP_TIMESTAMP":8} []
[2016-06-24 10:35:59] error.WARNING: 8 IN FILE /Users/zhouhong/xianrou/yaframe/application/models/Core/CommonRegion.php ON LINE 22 {"Undefined variable: name":8} []
[2016-06-24 10:35:59] error.ERROR: 8 IN FILE /Users/zhouhong/xianrou/yaframe/application/models/Core/CommonRegion.php ON LINE 22 {"Undefined variable: name":8} []
[2016-06-24 10:35:59] error.WARNING: 2 IN FILE /Users/zhouhong/xianrou/yaframe/application/models/Account/AccountData.php ON LINE 67 {"array_intersect_key(): Argument #2 is not an array":2} []
[2016-06-24 10:35:59] error.ERROR: 2 IN FILE /Users/zhouhong/xianrou/yaframe/application/models/Account/AccountData.php ON LINE 67 {"array_intersect_key(): Argument #2 is not an array":2} []
[2016-06-24 10:35:59] error.WARNING: 2 IN FILE /Users/zhouhong/xianrou/yaframe/application/models/Account/AccountData.php ON LINE 68 {"array_merge(): Argument #1 is not an array":2} []
[2016-06-24 10:35:59] error.ERROR: 2 IN FILE /Users/zhouhong/xianrou/yaframe/application/models/Account/AccountData.php ON LINE 68 {"array_merge(): Argument #1 is not an array":2} []
[2016-06-24 10:37:01] error.WARNING: 8 IN FILE /Users/zhouhong/xianrou/yaframe/library/Http/BasicRequest.php ON LINE 66 {"Undefined index: HTTP_TOKEN":8} []
[2016-06-24 10:37:01] error.ERROR: 8 IN FILE /Users/zhouhong/xianrou/yaframe/library/Http/BasicRequest.php ON LINE 66 {"Undefined index: HTTP_TOKEN":8} []
[2016-06-24 10:37:01] error.WARNING: 8 IN FILE /Users/zhouhong/xianrou/yaframe/library/Http/BasicRequest.php ON LINE 67 {"Undefined index: HTTP_SIGN":8} []
[2016-06-24 10:37:01] error.ERROR: 8 IN FILE /Users/zhouhong/xianrou/yaframe/library/Http/BasicRequest.php ON LINE 67 {"Undefined index: HTTP_SIGN":8} []
[2016-06-24 10:37:01] error.WARNING: 8 IN FILE /Users/zhouhong/xianrou/yaframe/library/Http/BasicRequest.php ON LINE 68 {"Undefined index: HTTP_VERSION":8} []
[2016-06-24 10:37:01] error.ERROR: 8 IN FILE /Users/zhouhong/xianrou/yaframe/library/Http/BasicRequest.php ON LINE 68 {"Undefined index: HTTP_VERSION":8} []
[2016-06-24 10:37:01] error.WARNING: 8 IN FILE /Users/zhouhong/xianrou/yaframe/library/Http/BasicRequest.php ON LINE 69 {"Undefined index: HTTP_TIMESTAMP":8} []
[2016-06-24 10:37:01] error.ERROR: 8 IN FILE /Users/zhouhong/xianrou/yaframe/library/Http/BasicRequest.php ON LINE 69 {"Undefined index: HTTP_TIMESTAMP":8} []
[2016-06-24 10:37:01] error.WARNING: 8 IN FILE /Users/zhouhong/xianrou/yaframe/application/models/Core/CommonRegion.php ON LINE 22 {"Undefined variable: name":8} []
[2016-06-24 10:37:01] error.ERROR: 8 IN FILE /Users/zhouhong/xianrou/yaframe/application/models/Core/CommonRegion.php ON LINE 22 {"Undefined variable: name":8} []
[2016-06-24 10:37:01] error.WARNING: 2 IN FILE /Users/zhouhong/xianrou/yaframe/application/models/Account/AccountData.php ON LINE 67 {"array_intersect_key(): Argument #2 is not an array":2} []
[2016-06-24 10:37:01] error.ERROR: 2 IN FILE /Users/zhouhong/xianrou/yaframe/application/models/Account/AccountData.php ON LINE 67 {"array_intersect_key(): Argument #2 is not an array":2} []
[2016-06-24 10:37:01] error.WARNING: 2 IN FILE /Users/zhouhong/xianrou/yaframe/application/models/Account/AccountData.php ON LINE 68 {"array_merge(): Argument #1 is not an array":2} []
[2016-06-24 10:37:01] error.ERROR: 2 IN FILE /Users/zhouhong/xianrou/yaframe/application/models/Account/AccountData.php ON LINE 68 {"array_merge(): Argument #1 is not an array":2} []
[2016-06-24 10:37:13] error.WARNING: 8 IN FILE /Users/zhouhong/xianrou/yaframe/library/Http/BasicRequest.php ON LINE 66 {"Undefined index: HTTP_TOKEN":8} []
[2016-06-24 10:37:13] error.ERROR: 8 IN FILE /Users/zhouhong/xianrou/yaframe/library/Http/BasicRequest.php ON LINE 66 {"Undefined index: HTTP_TOKEN":8} []
[2016-06-24 10:37:13] error.WARNING: 8 IN FILE /Users/zhouhong/xianrou/yaframe/library/Http/BasicRequest.php ON LINE 67 {"Undefined index: HTTP_SIGN":8} []
[2016-06-24 10:37:13] error.ERROR: 8 IN FILE /Users/zhouhong/xianrou/yaframe/library/Http/BasicRequest.php ON LINE 67 {"Undefined index: HTTP_SIGN":8} []
[2016-06-24 10:37:13] error.WARNING: 8 IN FILE /Users/zhouhong/xianrou/yaframe/library/Http/BasicRequest.php ON LINE 68 {"Undefined index: HTTP_VERSION":8} []
[2016-06-24 10:37:13] error.ERROR: 8 IN FILE /Users/zhouhong/xianrou/yaframe/library/Http/BasicRequest.php ON LINE 68 {"Undefined index: HTTP_VERSION":8} []
[2016-06-24 10:37:13] error.WARNING: 8 IN FILE /Users/zhouhong/xianrou/yaframe/library/Http/BasicRequest.php ON LINE 69 {"Undefined index: HTTP_TIMESTAMP":8} []
[2016-06-24 10:37:13] error.ERROR: 8 IN FILE /Users/zhouhong/xianrou/yaframe/library/Http/BasicRequest.php ON LINE 69 {"Undefined index: HTTP_TIMESTAMP":8} []
[2016-06-24 10:37:13] error.WARNING: 8 IN FILE /Users/zhouhong/xianrou/yaframe/application/models/Core/CommonRegion.php ON LINE 22 {"Undefined variable: name":8} []
[2016-06-24 10:37:13] error.ERROR: 8 IN FILE /Users/zhouhong/xianrou/yaframe/application/models/Core/CommonRegion.php ON LINE 22 {"Undefined variable: name":8} []
[2016-06-24 10:37:13] error.WARNING: 2 IN FILE /Users/zhouhong/xianrou/yaframe/application/models/Account/AccountData.php ON LINE 67 {"array_intersect_key(): Argument #2 is not an array":2} []
[2016-06-24 10:37:13] error.ERROR: 2 IN FILE /Users/zhouhong/xianrou/yaframe/application/models/Account/AccountData.php ON LINE 67 {"array_intersect_key(): Argument #2 is not an array":2} []
[2016-06-24 10:37:13] error.WARNING: 2 IN FILE /Users/zhouhong/xianrou/yaframe/application/models/Account/AccountData.php ON LINE 68 {"array_merge(): Argument #1 is not an array":2} []
[2016-06-24 10:37:13] error.ERROR: 2 IN FILE /Users/zhouhong/xianrou/yaframe/application/models/Account/AccountData.php ON LINE 68 {"array_merge(): Argument #1 is not an array":2} []
[2016-06-24 10:37:18] error.WARNING: 8 IN FILE /Users/zhouhong/xianrou/yaframe/library/Http/BasicRequest.php ON LINE 66 {"Undefined index: HTTP_TOKEN":8} []
[2016-06-24 10:37:18] error.ERROR: 8 IN FILE /Users/zhouhong/xianrou/yaframe/library/Http/BasicRequest.php ON LINE 66 {"Undefined index: HTTP_TOKEN":8} []
[2016-06-24 10:37:18] error.WARNING: 8 IN FILE /Users/zhouhong/xianrou/yaframe/library/Http/BasicRequest.php ON LINE 67 {"Undefined index: HTTP_SIGN":8} []
[2016-06-24 10:37:18] error.ERROR: 8 IN FILE /Users/zhouhong/xianrou/yaframe/library/Http/BasicRequest.php ON LINE 67 {"Undefined index: HTTP_SIGN":8} []
[2016-06-24 10:37:18] error.WARNING: 8 IN FILE /Users/zhouhong/xianrou/yaframe/library/Http/BasicRequest.php ON LINE 68 {"Undefined index: HTTP_VERSION":8} []
[2016-06-24 10:37:18] error.ERROR: 8 IN FILE /Users/zhouhong/xianrou/yaframe/library/Http/BasicRequest.php ON LINE 68 {"Undefined index: HTTP_VERSION":8} []
[2016-06-24 10:37:18] error.WARNING: 8 IN FILE /Users/zhouhong/xianrou/yaframe/library/Http/BasicRequest.php ON LINE 69 {"Undefined index: HTTP_TIMESTAMP":8} []
[2016-06-24 10:37:18] error.ERROR: 8 IN FILE /Users/zhouhong/xianrou/yaframe/library/Http/BasicRequest.php ON LINE 69 {"Undefined index: HTTP_TIMESTAMP":8} []
[2016-06-24 10:37:18] error.WARNING: 8 IN FILE /Users/zhouhong/xianrou/yaframe/application/models/Core/CommonRegion.php ON LINE 22 {"Undefined variable: name":8} []
[2016-06-24 10:37:18] error.ERROR: 8 IN FILE /Users/zhouhong/xianrou/yaframe/application/models/Core/CommonRegion.php ON LINE 22 {"Undefined variable: name":8} []
[2016-06-24 10:37:18] error.WARNING: 2 IN FILE /Users/zhouhong/xianrou/yaframe/application/models/Account/AccountData.php ON LINE 67 {"array_intersect_key(): Argument #2 is not an array":2} []
[2016-06-24 10:37:18] error.ERROR: 2 IN FILE /Users/zhouhong/xianrou/yaframe/application/models/Account/AccountData.php ON LINE 67 {"array_intersect_key(): Argument #2 is not an array":2} []
[2016-06-24 10:37:18] error.WARNING: 2 IN FILE /Users/zhouhong/xianrou/yaframe/application/models/Account/AccountData.php ON LINE 68 {"array_merge(): Argument #1 is not an array":2} []
[2016-06-24 10:37:18] error.ERROR: 2 IN FILE /Users/zhouhong/xianrou/yaframe/application/models/Account/AccountData.php ON LINE 68 {"array_merge(): Argument #1 is not an array":2} []
[2016-06-24 10:37:28] error.WARNING: 8 IN FILE /Users/zhouhong/xianrou/yaframe/library/Http/BasicRequest.php ON LINE 66 {"Undefined index: HTTP_TOKEN":8} []
[2016-06-24 10:37:28] error.ERROR: 8 IN FILE /Users/zhouhong/xianrou/yaframe/library/Http/BasicRequest.php ON LINE 66 {"Undefined index: HTTP_TOKEN":8} []
[2016-06-24 10:37:28] error.WARNING: 8 IN FILE /Users/zhouhong/xianrou/yaframe/library/Http/BasicRequest.php ON LINE 67 {"Undefined index: HTTP_SIGN":8} []
[2016-06-24 10:37:28] error.ERROR: 8 IN FILE /Users/zhouhong/xianrou/yaframe/library/Http/BasicRequest.php ON LINE 67 {"Undefined index: HTTP_SIGN":8} []
[2016-06-24 10:37:28] error.WARNING: 8 IN FILE /Users/zhouhong/xianrou/yaframe/library/Http/BasicRequest.php ON LINE 68 {"Undefined index: HTTP_VERSION":8} []
[2016-06-24 10:37:28] error.ERROR: 8 IN FILE /Users/zhouhong/xianrou/yaframe/library/Http/BasicRequest.php ON LINE 68 {"Undefined index: HTTP_VERSION":8} []
[2016-06-24 10:37:28] error.WARNING: 8 IN FILE /Users/zhouhong/xianrou/yaframe/library/Http/BasicRequest.php ON LINE 69 {"Undefined index: HTTP_TIMESTAMP":8} []
[2016-06-24 10:37:28] error.ERROR: 8 IN FILE /Users/zhouhong/xianrou/yaframe/library/Http/BasicRequest.php ON LINE 69 {"Undefined index: HTTP_TIMESTAMP":8} []
[2016-06-24 10:37:28] error.WARNING: 8 IN FILE /Users/zhouhong/xianrou/yaframe/application/models/Core/CommonRegion.php ON LINE 22 {"Undefined variable: name":8} []
[2016-06-24 10:37:28] error.ERROR: 8 IN FILE /Users/zhouhong/xianrou/yaframe/application/models/Core/CommonRegion.php ON LINE 22 {"Undefined variable: name":8} []
[2016-06-24 10:37:28] error.WARNING: 2 IN FILE /Users/zhouhong/xianrou/yaframe/application/models/Account/AccountData.php ON LINE 67 {"array_intersect_key(): Argument #2 is not an array":2} []
[2016-06-24 10:37:28] error.ERROR: 2 IN FILE /Users/zhouhong/xianrou/yaframe/application/models/Account/AccountData.php ON LINE 67 {"array_intersect_key(): Argument #2 is not an array":2} []
[2016-06-24 10:37:28] error.WARNING: 2 IN FILE /Users/zhouhong/xianrou/yaframe/application/models/Account/AccountData.php ON LINE 68 {"array_merge(): Argument #1 is not an array":2} []
[2016-06-24 10:37:28] error.ERROR: 2 IN FILE /Users/zhouhong/xianrou/yaframe/application/models/Account/AccountData.php ON LINE 68 {"array_merge(): Argument #1 is not an array":2} []
[2016-06-24 10:37:42] error.WARNING: 8 IN FILE /Users/zhouhong/xianrou/yaframe/library/Http/BasicRequest.php ON LINE 66 {"Undefined index: HTTP_TOKEN":8} []
[2016-06-24 10:37:42] error.ERROR: 8 IN FILE /Users/zhouhong/xianrou/yaframe/library/Http/BasicRequest.php ON LINE 66 {"Undefined index: HTTP_TOKEN":8} []
[2016-06-24 10:37:42] error.WARNING: 8 IN FILE /Users/zhouhong/xianrou/yaframe/library/Http/BasicRequest.php ON LINE 67 {"Undefined index: HTTP_SIGN":8} []
[2016-06-24 10:37:42] error.ERROR: 8 IN FILE /Users/zhouhong/xianrou/yaframe/library/Http/BasicRequest.php ON LINE 67 {"Undefined index: HTTP_SIGN":8} []
[2016-06-24 10:37:42] error.WARNING: 8 IN FILE /Users/zhouhong/xianrou/yaframe/library/Http/BasicRequest.php ON LINE 68 {"Undefined index: HTTP_VERSION":8} []
[2016-06-24 10:37:42] error.ERROR: 8 IN FILE /Users/zhouhong/xianrou/yaframe/library/Http/BasicRequest.php ON LINE 68 {"Undefined index: HTTP_VERSION":8} []
[2016-06-24 10:37:42] error.WARNING: 8 IN FILE /Users/zhouhong/xianrou/yaframe/library/Http/BasicRequest.php ON LINE 69 {"Undefined index: HTTP_TIMESTAMP":8} []
[2016-06-24 10:37:42] error.ERROR: 8 IN FILE /Users/zhouhong/xianrou/yaframe/library/Http/BasicRequest.php ON LINE 69 {"Undefined index: HTTP_TIMESTAMP":8} []
[2016-06-24 10:37:42] error.WARNING: 8 IN FILE /Users/zhouhong/xianrou/yaframe/application/models/Core/CommonRegion.php ON LINE 22 {"Undefined variable: name":8} []
[2016-06-24 10:37:42] error.ERROR: 8 IN FILE /Users/zhouhong/xianrou/yaframe/application/models/Core/CommonRegion.php ON LINE 22 {"Undefined variable: name":8} []
[2016-06-24 10:37:42] error.WARNING: 2 IN FILE /Users/zhouhong/xianrou/yaframe/application/models/Account/AccountData.php ON LINE 67 {"array_intersect_key(): Argument #2 is not an array":2} []
[2016-06-24 10:37:42] error.ERROR: 2 IN FILE /Users/zhouhong/xianrou/yaframe/application/models/Account/AccountData.php ON LINE 67 {"array_intersect_key(): Argument #2 is not an array":2} []
[2016-06-24 10:37:42] error.WARNING: 2 IN FILE /Users/zhouhong/xianrou/yaframe/application/models/Account/AccountData.php ON LINE 68 {"array_merge(): Argument #1 is not an array":2} []
[2016-06-24 10:37:42] error.ERROR: 2 IN FILE /Users/zhouhong/xianrou/yaframe/application/models/Account/AccountData.php ON LINE 68 {"array_merge(): Argument #1 is not an array":2} []
[2016-06-24 10:38:32] error.WARNING: 8 IN FILE /Users/zhouhong/xianrou/yaframe/library/Http/BasicRequest.php ON LINE 66 {"Undefined index: HTTP_TOKEN":8} []
[2016-06-24 10:38:32] error.ERROR: 8 IN FILE /Users/zhouhong/xianrou/yaframe/library/Http/BasicRequest.php ON LINE 66 {"Undefined index: HTTP_TOKEN":8} []
[2016-06-24 10:38:32] error.WARNING: 8 IN FILE /Users/zhouhong/xianrou/yaframe/library/Http/BasicRequest.php ON LINE 67 {"Undefined index: HTTP_SIGN":8} []
[2016-06-24 10:38:32] error.ERROR: 8 IN FILE /Users/zhouhong/xianrou/yaframe/library/Http/BasicRequest.php ON LINE 67 {"Undefined index: HTTP_SIGN":8} []
[2016-06-24 10:38:32] error.WARNING: 8 IN FILE /Users/zhouhong/xianrou/yaframe/library/Http/BasicRequest.php ON LINE 68 {"Undefined index: HTTP_VERSION":8} []
[2016-06-24 10:38:32] error.ERROR: 8 IN FILE /Users/zhouhong/xianrou/yaframe/library/Http/BasicRequest.php ON LINE 68 {"Undefined index: HTTP_VERSION":8} []
[2016-06-24 10:38:32] error.WARNING: 8 IN FILE /Users/zhouhong/xianrou/yaframe/library/Http/BasicRequest.php ON LINE 69 {"Undefined index: HTTP_TIMESTAMP":8} []
[2016-06-24 10:38:32] error.ERROR: 8 IN FILE /Users/zhouhong/xianrou/yaframe/library/Http/BasicRequest.php ON LINE 69 {"Undefined index: HTTP_TIMESTAMP":8} []
[2016-06-24 10:38:33] error.WARNING: 8 IN FILE /Users/zhouhong/xianrou/yaframe/application/models/Core/CommonRegion.php ON LINE 22 {"Undefined variable: name":8} []
[2016-06-24 10:38:33] error.ERROR: 8 IN FILE /Users/zhouhong/xianrou/yaframe/application/models/Core/CommonRegion.php ON LINE 22 {"Undefined variable: name":8} []
[2016-06-24 10:38:33] error.WARNING: 2 IN FILE /Users/zhouhong/xianrou/yaframe/application/models/Account/AccountData.php ON LINE 67 {"array_intersect_key(): Argument #2 is not an array":2} []
[2016-06-24 10:38:33] error.ERROR: 2 IN FILE /Users/zhouhong/xianrou/yaframe/application/models/Account/AccountData.php ON LINE 67 {"array_intersect_key(): Argument #2 is not an array":2} []
[2016-06-24 10:38:33] error.WARNING: 2 IN FILE /Users/zhouhong/xianrou/yaframe/application/models/Account/AccountData.php ON LINE 68 {"array_merge(): Argument #1 is not an array":2} []
[2016-06-24 10:38:33] error.ERROR: 2 IN FILE /Users/zhouhong/xianrou/yaframe/application/models/Account/AccountData.php ON LINE 68 {"array_merge(): Argument #1 is not an array":2} []
[2016-06-24 10:39:02] error.WARNING: 8 IN FILE /Users/zhouhong/xianrou/yaframe/library/Http/BasicRequest.php ON LINE 66 {"Undefined index: HTTP_TOKEN":8} []
[2016-06-24 10:39:02] error.ERROR: 8 IN FILE /Users/zhouhong/xianrou/yaframe/library/Http/BasicRequest.php ON LINE 66 {"Undefined index: HTTP_TOKEN":8} []
[2016-06-24 10:39:02] error.WARNING: 8 IN FILE /Users/zhouhong/xianrou/yaframe/library/Http/BasicRequest.php ON LINE 67 {"Undefined index: HTTP_SIGN":8} []
[2016-06-24 10:39:02] error.ERROR: 8 IN FILE /Users/zhouhong/xianrou/yaframe/library/Http/BasicRequest.php ON LINE 67 {"Undefined index: HTTP_SIGN":8} []
[2016-06-24 10:39:02] error.WARNING: 8 IN FILE /Users/zhouhong/xianrou/yaframe/library/Http/BasicRequest.php ON LINE 68 {"Undefined index: HTTP_VERSION":8} []
[2016-06-24 10:39:02] error.ERROR: 8 IN FILE /Users/zhouhong/xianrou/yaframe/library/Http/BasicRequest.php ON LINE 68 {"Undefined index: HTTP_VERSION":8} []
[2016-06-24 10:39:02] error.WARNING: 8 IN FILE /Users/zhouhong/xianrou/yaframe/library/Http/BasicRequest.php ON LINE 69 {"Undefined index: HTTP_TIMESTAMP":8} []
[2016-06-24 10:39:02] error.ERROR: 8 IN FILE /Users/zhouhong/xianrou/yaframe/library/Http/BasicRequest.php ON LINE 69 {"Undefined index: HTTP_TIMESTAMP":8} []
[2016-06-24 10:39:02] error.WARNING: 8 IN FILE /Users/zhouhong/xianrou/yaframe/application/models/Core/CommonRegion.php ON LINE 22 {"Undefined variable: name":8} []
[2016-06-24 10:39:02] error.ERROR: 8 IN FILE /Users/zhouhong/xianrou/yaframe/application/models/Core/CommonRegion.php ON LINE 22 {"Undefined variable: name":8} []
[2016-06-24 10:39:02] error.WARNING: 2 IN FILE /Users/zhouhong/xianrou/yaframe/application/models/Account/AccountData.php ON LINE 67 {"array_intersect_key(): Argument #2 is not an array":2} []
[2016-06-24 10:39:02] error.ERROR: 2 IN FILE /Users/zhouhong/xianrou/yaframe/application/models/Account/AccountData.php ON LINE 67 {"array_intersect_key(): Argument #2 is not an array":2} []
[2016-06-24 10:39:02] error.WARNING: 2 IN FILE /Users/zhouhong/xianrou/yaframe/application/models/Account/AccountData.php ON LINE 68 {"array_merge(): Argument #1 is not an array":2} []
[2016-06-24 10:39:02] error.ERROR: 2 IN FILE /Users/zhouhong/xianrou/yaframe/application/models/Account/AccountData.php ON LINE 68 {"array_merge(): Argument #1 is not an array":2} []
[2016-06-24 10:39:45] error.WARNING: 8 IN FILE /Users/zhouhong/xianrou/yaframe/library/Http/BasicRequest.php ON LINE 66 {"Undefined index: HTTP_TOKEN":8} []
[2016-06-24 10:39:45] error.ERROR: 8 IN FILE /Users/zhouhong/xianrou/yaframe/library/Http/BasicRequest.php ON LINE 66 {"Undefined index: HTTP_TOKEN":8} []
[2016-06-24 10:39:45] error.WARNING: 8 IN FILE /Users/zhouhong/xianrou/yaframe/library/Http/BasicRequest.php ON LINE 67 {"Undefined index: HTTP_SIGN":8} []
[2016-06-24 10:39:45] error.ERROR: 8 IN FILE /Users/zhouhong/xianrou/yaframe/library/Http/BasicRequest.php ON LINE 67 {"Undefined index: HTTP_SIGN":8} []
[2016-06-24 10:39:45] error.WARNING: 8 IN FILE /Users/zhouhong/xianrou/yaframe/library/Http/BasicRequest.php ON LINE 68 {"Undefined index: HTTP_VERSION":8} []
[2016-06-24 10:39:45] error.ERROR: 8 IN FILE /Users/zhouhong/xianrou/yaframe/library/Http/BasicRequest.php ON LINE 68 {"Undefined index: HTTP_VERSION":8} []
[2016-06-24 10:39:45] error.WARNING: 8 IN FILE /Users/zhouhong/xianrou/yaframe/library/Http/BasicRequest.php ON LINE 69 {"Undefined index: HTTP_TIMESTAMP":8} []
[2016-06-24 10:39:45] error.ERROR: 8 IN FILE /Users/zhouhong/xianrou/yaframe/library/Http/BasicRequest.php ON LINE 69 {"Undefined index: HTTP_TIMESTAMP":8} []
[2016-06-24 10:39:45] error.WARNING: 8 IN FILE /Users/zhouhong/xianrou/yaframe/application/models/Core/CommonRegion.php ON LINE 22 {"Undefined variable: name":8} []
[2016-06-24 10:39:45] error.ERROR: 8 IN FILE /Users/zhouhong/xianrou/yaframe/application/models/Core/CommonRegion.php ON LINE 22 {"Undefined variable: name":8} []
[2016-06-24 10:39:45] error.WARNING: 2 IN FILE /Users/zhouhong/xianrou/yaframe/application/models/Account/AccountData.php ON LINE 67 {"array_intersect_key(): Argument #2 is not an array":2} []
[2016-06-24 10:39:45] error.ERROR: 2 IN FILE /Users/zhouhong/xianrou/yaframe/application/models/Account/AccountData.php ON LINE 67 {"array_intersect_key(): Argument #2 is not an array":2} []
[2016-06-24 10:39:45] error.WARNING: 2 IN FILE /Users/zhouhong/xianrou/yaframe/application/models/Account/AccountData.php ON LINE 68 {"array_merge(): Argument #1 is not an array":2} []
[2016-06-24 10:39:45] error.ERROR: 2 IN FILE /Users/zhouhong/xianrou/yaframe/application/models/Account/AccountData.php ON LINE 68 {"array_merge(): Argument #1 is not an array":2} []
[2016-06-24 10:40:27] error.WARNING: 8 IN FILE /Users/zhouhong/xianrou/yaframe/library/Http/BasicRequest.php ON LINE 66 {"Undefined index: HTTP_TOKEN":8} []
[2016-06-24 10:40:27] error.ERROR: 8 IN FILE /Users/zhouhong/xianrou/yaframe/library/Http/BasicRequest.php ON LINE 66 {"Undefined index: HTTP_TOKEN":8} []
[2016-06-24 10:40:27] error.WARNING: 8 IN FILE /Users/zhouhong/xianrou/yaframe/library/Http/BasicRequest.php ON LINE 67 {"Undefined index: HTTP_SIGN":8} []
[2016-06-24 10:40:27] error.ERROR: 8 IN FILE /Users/zhouhong/xianrou/yaframe/library/Http/BasicRequest.php ON LINE 67 {"Undefined index: HTTP_SIGN":8} []
[2016-06-24 10:40:27] error.WARNING: 8 IN FILE /Users/zhouhong/xianrou/yaframe/library/Http/BasicRequest.php ON LINE 68 {"Undefined index: HTTP_VERSION":8} []
[2016-06-24 10:40:27] error.ERROR: 8 IN FILE /Users/zhouhong/xianrou/yaframe/library/Http/BasicRequest.php ON LINE 68 {"Undefined index: HTTP_VERSION":8} []
[2016-06-24 10:40:27] error.WARNING: 8 IN FILE /Users/zhouhong/xianrou/yaframe/library/Http/BasicRequest.php ON LINE 69 {"Undefined index: HTTP_TIMESTAMP":8} []
[2016-06-24 10:40:27] error.ERROR: 8 IN FILE /Users/zhouhong/xianrou/yaframe/library/Http/BasicRequest.php ON LINE 69 {"Undefined index: HTTP_TIMESTAMP":8} []
[2016-06-24 10:40:32] error.WARNING: 8 IN FILE /Users/zhouhong/xianrou/yaframe/library/Http/BasicRequest.php ON LINE 66 {"Undefined index: HTTP_TOKEN":8} []
[2016-06-24 10:40:32] error.ERROR: 8 IN FILE /Users/zhouhong/xianrou/yaframe/library/Http/BasicRequest.php ON LINE 66 {"Undefined index: HTTP_TOKEN":8} []
[2016-06-24 10:40:32] error.WARNING: 8 IN FILE /Users/zhouhong/xianrou/yaframe/library/Http/BasicRequest.php ON LINE 67 {"Undefined index: HTTP_SIGN":8} []
[2016-06-24 10:40:32] error.ERROR: 8 IN FILE /Users/zhouhong/xianrou/yaframe/library/Http/BasicRequest.php ON LINE 67 {"Undefined index: HTTP_SIGN":8} []
[2016-06-24 10:40:32] error.WARNING: 8 IN FILE /Users/zhouhong/xianrou/yaframe/library/Http/BasicRequest.php ON LINE 68 {"Undefined index: HTTP_VERSION":8} []
[2016-06-24 10:40:32] error.ERROR: 8 IN FILE /Users/zhouhong/xianrou/yaframe/library/Http/BasicRequest.php ON LINE 68 {"Undefined index: HTTP_VERSION":8} []
[2016-06-24 10:40:32] error.WARNING: 8 IN FILE /Users/zhouhong/xianrou/yaframe/library/Http/BasicRequest.php ON LINE 69 {"Undefined index: HTTP_TIMESTAMP":8} []
[2016-06-24 10:40:32] error.ERROR: 8 IN FILE /Users/zhouhong/xianrou/yaframe/library/Http/BasicRequest.php ON LINE 69 {"Undefined index: HTTP_TIMESTAMP":8} []
[2016-06-24 10:40:39] error.WARNING: 8 IN FILE /Users/zhouhong/xianrou/yaframe/library/Http/BasicRequest.php ON LINE 66 {"Undefined index: HTTP_TOKEN":8} []
[2016-06-24 10:40:39] error.ERROR: 8 IN FILE /Users/zhouhong/xianrou/yaframe/library/Http/BasicRequest.php ON LINE 66 {"Undefined index: HTTP_TOKEN":8} []
[2016-06-24 10:40:39] error.WARNING: 8 IN FILE /Users/zhouhong/xianrou/yaframe/library/Http/BasicRequest.php ON LINE 67 {"Undefined index: HTTP_SIGN":8} []
[2016-06-24 10:40:39] error.ERROR: 8 IN FILE /Users/zhouhong/xianrou/yaframe/library/Http/BasicRequest.php ON LINE 67 {"Undefined index: HTTP_SIGN":8} []
[2016-06-24 10:40:39] error.WARNING: 8 IN FILE /Users/zhouhong/xianrou/yaframe/library/Http/BasicRequest.php ON LINE 68 {"Undefined index: HTTP_VERSION":8} []
[2016-06-24 10:40:39] error.ERROR: 8 IN FILE /Users/zhouhong/xianrou/yaframe/library/Http/BasicRequest.php ON LINE 68 {"Undefined index: HTTP_VERSION":8} []
[2016-06-24 10:40:39] error.WARNING: 8 IN FILE /Users/zhouhong/xianrou/yaframe/library/Http/BasicRequest.php ON LINE 69 {"Undefined index: HTTP_TIMESTAMP":8} []
[2016-06-24 10:40:39] error.ERROR: 8 IN FILE /Users/zhouhong/xianrou/yaframe/library/Http/BasicRequest.php ON LINE 69 {"Undefined index: HTTP_TIMESTAMP":8} []
[2016-06-24 10:40:45] error.WARNING: 8 IN FILE /Users/zhouhong/xianrou/yaframe/library/Http/BasicRequest.php ON LINE 66 {"Undefined index: HTTP_TOKEN":8} []
[2016-06-24 10:40:45] error.ERROR: 8 IN FILE /Users/zhouhong/xianrou/yaframe/library/Http/BasicRequest.php ON LINE 66 {"Undefined index: HTTP_TOKEN":8} []
[2016-06-24 10:40:45] error.WARNING: 8 IN FILE /Users/zhouhong/xianrou/yaframe/library/Http/BasicRequest.php ON LINE 67 {"Undefined index: HTTP_SIGN":8} []
[2016-06-24 10:40:45] error.ERROR: 8 IN FILE /Users/zhouhong/xianrou/yaframe/library/Http/BasicRequest.php ON LINE 67 {"Undefined index: HTTP_SIGN":8} []
[2016-06-24 10:40:45] error.WARNING: 8 IN FILE /Users/zhouhong/xianrou/yaframe/library/Http/BasicRequest.php ON LINE 68 {"Undefined index: HTTP_VERSION":8} []
[2016-06-24 10:40:45] error.ERROR: 8 IN FILE /Users/zhouhong/xianrou/yaframe/library/Http/BasicRequest.php ON LINE 68 {"Undefined index: HTTP_VERSION":8} []
[2016-06-24 10:40:45] error.WARNING: 8 IN FILE /Users/zhouhong/xianrou/yaframe/library/Http/BasicRequest.php ON LINE 69 {"Undefined index: HTTP_TIMESTAMP":8} []
[2016-06-24 10:40:45] error.ERROR: 8 IN FILE /Users/zhouhong/xianrou/yaframe/library/Http/BasicRequest.php ON LINE 69 {"Undefined index: HTTP_TIMESTAMP":8} []
[2016-06-24 10:40:50] error.WARNING: 8 IN FILE /Users/zhouhong/xianrou/yaframe/library/Http/BasicRequest.php ON LINE 66 {"Undefined index: HTTP_TOKEN":8} []
[2016-06-24 10:40:50] error.ERROR: 8 IN FILE /Users/zhouhong/xianrou/yaframe/library/Http/BasicRequest.php ON LINE 66 {"Undefined index: HTTP_TOKEN":8} []
[2016-06-24 10:40:50] error.WARNING: 8 IN FILE /Users/zhouhong/xianrou/yaframe/library/Http/BasicRequest.php ON LINE 67 {"Undefined index: HTTP_SIGN":8} []
[2016-06-24 10:40:50] error.ERROR: 8 IN FILE /Users/zhouhong/xianrou/yaframe/library/Http/BasicRequest.php ON LINE 67 {"Undefined index: HTTP_SIGN":8} []
[2016-06-24 10:40:50] error.WARNING: 8 IN FILE /Users/zhouhong/xianrou/yaframe/library/Http/BasicRequest.php ON LINE 68 {"Undefined index: HTTP_VERSION":8} []
[2016-06-24 10:40:50] error.ERROR: 8 IN FILE /Users/zhouhong/xianrou/yaframe/library/Http/BasicRequest.php ON LINE 68 {"Undefined index: HTTP_VERSION":8} []
[2016-06-24 10:40:50] error.WARNING: 8 IN FILE /Users/zhouhong/xianrou/yaframe/library/Http/BasicRequest.php ON LINE 69 {"Undefined index: HTTP_TIMESTAMP":8} []
[2016-06-24 10:40:50] error.ERROR: 8 IN FILE /Users/zhouhong/xianrou/yaframe/library/Http/BasicRequest.php ON LINE 69 {"Undefined index: HTTP_TIMESTAMP":8} []
[2016-06-24 10:55:44] error.WARNING: 8 IN FILE /Users/zhouhong/xianrou/yaframe/library/Http/BasicRequest.php ON LINE 66 {"Undefined index: HTTP_TOKEN":8} []
[2016-06-24 10:55:44] error.ERROR: 8 IN FILE /Users/zhouhong/xianrou/yaframe/library/Http/BasicRequest.php ON LINE 66 {"Undefined index: HTTP_TOKEN":8} []
[2016-06-24 10:55:44] error.WARNING: 8 IN FILE /Users/zhouhong/xianrou/yaframe/library/Http/BasicRequest.php ON LINE 67 {"Undefined index: HTTP_SIGN":8} []
[2016-06-24 10:55:44] error.ERROR: 8 IN FILE /Users/zhouhong/xianrou/yaframe/library/Http/BasicRequest.php ON LINE 67 {"Undefined index: HTTP_SIGN":8} []
[2016-06-24 10:55:44] error.WARNING: 8 IN FILE /Users/zhouhong/xianrou/yaframe/library/Http/BasicRequest.php ON LINE 68 {"Undefined index: HTTP_VERSION":8} []
[2016-06-24 10:55:44] error.ERROR: 8 IN FILE /Users/zhouhong/xianrou/yaframe/library/Http/BasicRequest.php ON LINE 68 {"Undefined index: HTTP_VERSION":8} []
[2016-06-24 10:55:44] error.WARNING: 8 IN FILE /Users/zhouhong/xianrou/yaframe/library/Http/BasicRequest.php ON LINE 69 {"Undefined index: HTTP_TIMESTAMP":8} []
[2016-06-24 10:55:44] error.ERROR: 8 IN FILE /Users/zhouhong/xianrou/yaframe/library/Http/BasicRequest.php ON LINE 69 {"Undefined index: HTTP_TIMESTAMP":8} []
[2016-06-24 10:57:28] error.WARNING: 8 IN FILE /Users/zhouhong/xianrou/yaframe/library/Http/BasicRequest.php ON LINE 66 {"Undefined index: HTTP_TOKEN":8} []
[2016-06-24 10:57:28] error.ERROR: 8 IN FILE /Users/zhouhong/xianrou/yaframe/library/Http/BasicRequest.php ON LINE 66 {"Undefined index: HTTP_TOKEN":8} []
[2016-06-24 10:57:28] error.WARNING: 8 IN FILE /Users/zhouhong/xianrou/yaframe/library/Http/BasicRequest.php ON LINE 67 {"Undefined index: HTTP_SIGN":8} []
[2016-06-24 10:57:28] error.ERROR: 8 IN FILE /Users/zhouhong/xianrou/yaframe/library/Http/BasicRequest.php ON LINE 67 {"Undefined index: HTTP_SIGN":8} []
[2016-06-24 10:57:28] error.WARNING: 8 IN FILE /Users/zhouhong/xianrou/yaframe/library/Http/BasicRequest.php ON LINE 68 {"Undefined index: HTTP_VERSION":8} []
[2016-06-24 10:57:28] error.ERROR: 8 IN FILE /Users/zhouhong/xianrou/yaframe/library/Http/BasicRequest.php ON LINE 68 {"Undefined index: HTTP_VERSION":8} []
[2016-06-24 10:57:28] error.WARNING: 8 IN FILE /Users/zhouhong/xianrou/yaframe/library/Http/BasicRequest.php ON LINE 69 {"Undefined index: HTTP_TIMESTAMP":8} []
[2016-06-24 10:57:28] error.ERROR: 8 IN FILE /Users/zhouhong/xianrou/yaframe/library/Http/BasicRequest.php ON LINE 69 {"Undefined index: HTTP_TIMESTAMP":8} []
[2016-06-24 10:57:28] error.WARNING: 8 IN FILE /Users/zhouhong/xianrou/yaframe/application/modules/User/controllers/Addupdateuserblack.php ON LINE 24 {"Undefined index: user_id":8} []
[2016-06-24 10:57:28] error.ERROR: 8 IN FILE /Users/zhouhong/xianrou/yaframe/application/modules/User/controllers/Addupdateuserblack.php ON LINE 24 {"Undefined index: user_id":8} []
[2016-06-24 10:57:28] error.WARNING: 8 IN FILE /Users/zhouhong/xianrou/yaframe/library/Http/BasicRequest.php ON LINE 66 {"Undefined index: HTTP_TOKEN":8} []
[2016-06-24 10:57:28] error.ERROR: 8 IN FILE /Users/zhouhong/xianrou/yaframe/library/Http/BasicRequest.php ON LINE 66 {"Undefined index: HTTP_TOKEN":8} []
[2016-06-24 10:57:28] error.WARNING: 8 IN FILE /Users/zhouhong/xianrou/yaframe/library/Http/BasicRequest.php ON LINE 67 {"Undefined index: HTTP_SIGN":8} []
[2016-06-24 10:57:28] error.ERROR: 8 IN FILE /Users/zhouhong/xianrou/yaframe/library/Http/BasicRequest.php ON LINE 67 {"Undefined index: HTTP_SIGN":8} []
[2016-06-24 10:57:28] error.WARNING: 8 IN FILE /Users/zhouhong/xianrou/yaframe/library/Http/BasicRequest.php ON LINE 68 {"Undefined index: HTTP_VERSION":8} []
[2016-06-24 10:57:28] error.ERROR: 8 IN FILE /Users/zhouhong/xianrou/yaframe/library/Http/BasicRequest.php ON LINE 68 {"Undefined index: HTTP_VERSION":8} []
[2016-06-24 10:57:28] error.WARNING: 8 IN FILE /Users/zhouhong/xianrou/yaframe/library/Http/BasicRequest.php ON LINE 69 {"Undefined index: HTTP_TIMESTAMP":8} []
[2016-06-24 10:57:28] error.ERROR: 8 IN FILE /Users/zhouhong/xianrou/yaframe/library/Http/BasicRequest.php ON LINE 69 {"Undefined index: HTTP_TIMESTAMP":8} []
[2016-06-24 10:57:28] error.WARNING: [10001:]	[/Users/zhouhong/xianrou/yaframe/application/controllers/Error.php:17] [] []
[2016-06-24 10:57:28] error.ERROR: [10001:]	[/Users/zhouhong/xianrou/yaframe/application/controllers/Error.php:17] [] []
[2016-06-24 10:57:38] error.WARNING: 8 IN FILE /Users/zhouhong/xianrou/yaframe/library/Http/BasicRequest.php ON LINE 66 {"Undefined index: HTTP_TOKEN":8} []
[2016-06-24 10:57:38] error.ERROR: 8 IN FILE /Users/zhouhong/xianrou/yaframe/library/Http/BasicRequest.php ON LINE 66 {"Undefined index: HTTP_TOKEN":8} []
[2016-06-24 10:57:38] error.WARNING: 8 IN FILE /Users/zhouhong/xianrou/yaframe/library/Http/BasicRequest.php ON LINE 67 {"Undefined index: HTTP_SIGN":8} []
[2016-06-24 10:57:38] error.ERROR: 8 IN FILE /Users/zhouhong/xianrou/yaframe/library/Http/BasicRequest.php ON LINE 67 {"Undefined index: HTTP_SIGN":8} []
[2016-06-24 10:57:38] error.WARNING: 8 IN FILE /Users/zhouhong/xianrou/yaframe/library/Http/BasicRequest.php ON LINE 68 {"Undefined index: HTTP_VERSION":8} []
[2016-06-24 10:57:38] error.ERROR: 8 IN FILE /Users/zhouhong/xianrou/yaframe/library/Http/BasicRequest.php ON LINE 68 {"Undefined index: HTTP_VERSION":8} []
[2016-06-24 10:57:38] error.WARNING: 8 IN FILE /Users/zhouhong/xianrou/yaframe/library/Http/BasicRequest.php ON LINE 69 {"Undefined index: HTTP_TIMESTAMP":8} []
[2016-06-24 10:57:38] error.ERROR: 8 IN FILE /Users/zhouhong/xianrou/yaframe/library/Http/BasicRequest.php ON LINE 69 {"Undefined index: HTTP_TIMESTAMP":8} []
[2016-06-24 10:57:38] error.WARNING: 8 IN FILE /Users/zhouhong/xianrou/yaframe/application/modules/User/controllers/Addupdateuserblack.php ON LINE 24 {"Undefined index: user_id":8} []
[2016-06-24 10:57:38] error.ERROR: 8 IN FILE /Users/zhouhong/xianrou/yaframe/application/modules/User/controllers/Addupdateuserblack.php ON LINE 24 {"Undefined index: user_id":8} []
[2016-06-24 10:57:49] error.WARNING: 8 IN FILE /Users/zhouhong/xianrou/yaframe/library/Http/BasicRequest.php ON LINE 66 {"Undefined index: HTTP_TOKEN":8} []
[2016-06-24 10:57:49] error.ERROR: 8 IN FILE /Users/zhouhong/xianrou/yaframe/library/Http/BasicRequest.php ON LINE 66 {"Undefined index: HTTP_TOKEN":8} []
[2016-06-24 10:57:49] error.WARNING: 8 IN FILE /Users/zhouhong/xianrou/yaframe/library/Http/BasicRequest.php ON LINE 67 {"Undefined index: HTTP_SIGN":8} []
[2016-06-24 10:57:49] error.ERROR: 8 IN FILE /Users/zhouhong/xianrou/yaframe/library/Http/BasicRequest.php ON LINE 67 {"Undefined index: HTTP_SIGN":8} []
[2016-06-24 10:57:49] error.WARNING: 8 IN FILE /Users/zhouhong/xianrou/yaframe/library/Http/BasicRequest.php ON LINE 68 {"Undefined index: HTTP_VERSION":8} []
[2016-06-24 10:57:49] error.ERROR: 8 IN FILE /Users/zhouhong/xianrou/yaframe/library/Http/BasicRequest.php ON LINE 68 {"Undefined index: HTTP_VERSION":8} []
[2016-06-24 10:57:49] error.WARNING: 8 IN FILE /Users/zhouhong/xianrou/yaframe/library/Http/BasicRequest.php ON LINE 69 {"Undefined index: HTTP_TIMESTAMP":8} []
[2016-06-24 10:57:49] error.ERROR: 8 IN FILE /Users/zhouhong/xianrou/yaframe/library/Http/BasicRequest.php ON LINE 69 {"Undefined index: HTTP_TIMESTAMP":8} []
[2016-06-24 10:57:49] error.WARNING: 8 IN FILE /Users/zhouhong/xianrou/yaframe/application/modules/User/controllers/Addupdateuserblack.php ON LINE 24 {"Undefined index: user_id":8} []
[2016-06-24 10:57:49] error.ERROR: 8 IN FILE /Users/zhouhong/xianrou/yaframe/application/modules/User/controllers/Addupdateuserblack.php ON LINE 24 {"Undefined index: user_id":8} []
[2016-06-24 10:57:49] error.WARNING: 8 IN FILE /Users/zhouhong/xianrou/yaframe/library/Http/BasicRequest.php ON LINE 66 {"Undefined index: HTTP_TOKEN":8} []
[2016-06-24 10:57:49] error.ERROR: 8 IN FILE /Users/zhouhong/xianrou/yaframe/library/Http/BasicRequest.php ON LINE 66 {"Undefined index: HTTP_TOKEN":8} []
[2016-06-24 10:57:49] error.WARNING: 8 IN FILE /Users/zhouhong/xianrou/yaframe/library/Http/BasicRequest.php ON LINE 67 {"Undefined index: HTTP_SIGN":8} []
[2016-06-24 10:57:49] error.ERROR: 8 IN FILE /Users/zhouhong/xianrou/yaframe/library/Http/BasicRequest.php ON LINE 67 {"Undefined index: HTTP_SIGN":8} []
[2016-06-24 10:57:49] error.WARNING: 8 IN FILE /Users/zhouhong/xianrou/yaframe/library/Http/BasicRequest.php ON LINE 68 {"Undefined index: HTTP_VERSION":8} []
[2016-06-24 10:57:49] error.ERROR: 8 IN FILE /Users/zhouhong/xianrou/yaframe/library/Http/BasicRequest.php ON LINE 68 {"Undefined index: HTTP_VERSION":8} []
[2016-06-24 10:57:49] error.WARNING: 8 IN FILE /Users/zhouhong/xianrou/yaframe/library/Http/BasicRequest.php ON LINE 69 {"Undefined index: HTTP_TIMESTAMP":8} []
[2016-06-24 10:57:49] error.ERROR: 8 IN FILE /Users/zhouhong/xianrou/yaframe/library/Http/BasicRequest.php ON LINE 69 {"Undefined index: HTTP_TIMESTAMP":8} []
[2016-06-24 10:57:49] error.WARNING: [10001:]	[/Users/zhouhong/xianrou/yaframe/application/controllers/Error.php:17] [] []
[2016-06-24 10:57:49] error.ERROR: [10001:]	[/Users/zhouhong/xianrou/yaframe/application/controllers/Error.php:17] [] []
[2016-06-24 10:58:23] error.WARNING: 8 IN FILE /Users/zhouhong/xianrou/yaframe/library/Http/BasicRequest.php ON LINE 66 {"Undefined index: HTTP_TOKEN":8} []
[2016-06-24 10:58:23] error.ERROR: 8 IN FILE /Users/zhouhong/xianrou/yaframe/library/Http/BasicRequest.php ON LINE 66 {"Undefined index: HTTP_TOKEN":8} []
[2016-06-24 10:58:23] error.WARNING: 8 IN FILE /Users/zhouhong/xianrou/yaframe/library/Http/BasicRequest.php ON LINE 67 {"Undefined index: HTTP_SIGN":8} []
[2016-06-24 10:58:23] error.ERROR: 8 IN FILE /Users/zhouhong/xianrou/yaframe/library/Http/BasicRequest.php ON LINE 67 {"Undefined index: HTTP_SIGN":8} []
[2016-06-24 10:58:23] error.WARNING: 8 IN FILE /Users/zhouhong/xianrou/yaframe/library/Http/BasicRequest.php ON LINE 68 {"Undefined index: HTTP_VERSION":8} []
[2016-06-24 10:58:23] error.ERROR: 8 IN FILE /Users/zhouhong/xianrou/yaframe/library/Http/BasicRequest.php ON LINE 68 {"Undefined index: HTTP_VERSION":8} []
[2016-06-24 10:58:23] error.WARNING: 8 IN FILE /Users/zhouhong/xianrou/yaframe/library/Http/BasicRequest.php ON LINE 69 {"Undefined index: HTTP_TIMESTAMP":8} []
[2016-06-24 10:58:23] error.ERROR: 8 IN FILE /Users/zhouhong/xianrou/yaframe/library/Http/BasicRequest.php ON LINE 69 {"Undefined index: HTTP_TIMESTAMP":8} []
[2016-06-24 10:58:33] error.WARNING: 8 IN FILE /Users/zhouhong/xianrou/yaframe/library/Http/BasicRequest.php ON LINE 66 {"Undefined index: HTTP_TOKEN":8} []
[2016-06-24 10:58:33] error.ERROR: 8 IN FILE /Users/zhouhong/xianrou/yaframe/library/Http/BasicRequest.php ON LINE 66 {"Undefined index: HTTP_TOKEN":8} []
[2016-06-24 10:58:33] error.WARNING: 8 IN FILE /Users/zhouhong/xianrou/yaframe/library/Http/BasicRequest.php ON LINE 67 {"Undefined index: HTTP_SIGN":8} []
[2016-06-24 10:58:33] error.ERROR: 8 IN FILE /Users/zhouhong/xianrou/yaframe/library/Http/BasicRequest.php ON LINE 67 {"Undefined index: HTTP_SIGN":8} []
[2016-06-24 10:58:33] error.WARNING: 8 IN FILE /Users/zhouhong/xianrou/yaframe/library/Http/BasicRequest.php ON LINE 68 {"Undefined index: HTTP_VERSION":8} []
[2016-06-24 10:58:33] error.ERROR: 8 IN FILE /Users/zhouhong/xianrou/yaframe/library/Http/BasicRequest.php ON LINE 68 {"Undefined index: HTTP_VERSION":8} []
[2016-06-24 10:58:33] error.WARNING: 8 IN FILE /Users/zhouhong/xianrou/yaframe/library/Http/BasicRequest.php ON LINE 69 {"Undefined index: HTTP_TIMESTAMP":8} []
[2016-06-24 10:58:33] error.ERROR: 8 IN FILE /Users/zhouhong/xianrou/yaframe/library/Http/BasicRequest.php ON LINE 69 {"Undefined index: HTTP_TIMESTAMP":8} []
[2016-06-24 10:58:33] error.WARNING: 8 IN FILE /Users/zhouhong/xianrou/yaframe/application/modules/Social/controllers/Addsharereport.php ON LINE 24 {"Undefined index: user_id":8} []
[2016-06-24 10:58:33] error.ERROR: 8 IN FILE /Users/zhouhong/xianrou/yaframe/application/modules/Social/controllers/Addsharereport.php ON LINE 24 {"Undefined index: user_id":8} []
[2016-06-24 10:58:33] error.WARNING: 8 IN FILE /Users/zhouhong/xianrou/yaframe/library/Http/BasicRequest.php ON LINE 66 {"Undefined index: HTTP_TOKEN":8} []
[2016-06-24 10:58:33] error.ERROR: 8 IN FILE /Users/zhouhong/xianrou/yaframe/library/Http/BasicRequest.php ON LINE 66 {"Undefined index: HTTP_TOKEN":8} []
[2016-06-24 10:58:33] error.WARNING: 8 IN FILE /Users/zhouhong/xianrou/yaframe/library/Http/BasicRequest.php ON LINE 67 {"Undefined index: HTTP_SIGN":8} []
[2016-06-24 10:58:33] error.ERROR: 8 IN FILE /Users/zhouhong/xianrou/yaframe/library/Http/BasicRequest.php ON LINE 67 {"Undefined index: HTTP_SIGN":8} []
[2016-06-24 10:58:33] error.WARNING: 8 IN FILE /Users/zhouhong/xianrou/yaframe/library/Http/BasicRequest.php ON LINE 68 {"Undefined index: HTTP_VERSION":8} []
[2016-06-24 10:58:33] error.ERROR: 8 IN FILE /Users/zhouhong/xianrou/yaframe/library/Http/BasicRequest.php ON LINE 68 {"Undefined index: HTTP_VERSION":8} []
[2016-06-24 10:58:33] error.WARNING: 8 IN FILE /Users/zhouhong/xianrou/yaframe/library/Http/BasicRequest.php ON LINE 69 {"Undefined index: HTTP_TIMESTAMP":8} []
[2016-06-24 10:58:33] error.ERROR: 8 IN FILE /Users/zhouhong/xianrou/yaframe/library/Http/BasicRequest.php ON LINE 69 {"Undefined index: HTTP_TIMESTAMP":8} []
[2016-06-24 10:58:33] error.WARNING: [10000:]	[/Users/zhouhong/xianrou/yaframe/application/controllers/Error.php:17] [] []
[2016-06-24 10:58:33] error.ERROR: [10000:]	[/Users/zhouhong/xianrou/yaframe/application/controllers/Error.php:17] [] []
[2016-06-24 10:58:38] error.WARNING: 8 IN FILE /Users/zhouhong/xianrou/yaframe/library/Http/BasicRequest.php ON LINE 66 {"Undefined index: HTTP_TOKEN":8} []
[2016-06-24 10:58:38] error.ERROR: 8 IN FILE /Users/zhouhong/xianrou/yaframe/library/Http/BasicRequest.php ON LINE 66 {"Undefined index: HTTP_TOKEN":8} []
[2016-06-24 10:58:38] error.WARNING: 8 IN FILE /Users/zhouhong/xianrou/yaframe/library/Http/BasicRequest.php ON LINE 67 {"Undefined index: HTTP_SIGN":8} []
[2016-06-24 10:58:38] error.ERROR: 8 IN FILE /Users/zhouhong/xianrou/yaframe/library/Http/BasicRequest.php ON LINE 67 {"Undefined index: HTTP_SIGN":8} []
[2016-06-24 10:58:38] error.WARNING: 8 IN FILE /Users/zhouhong/xianrou/yaframe/library/Http/BasicRequest.php ON LINE 68 {"Undefined index: HTTP_VERSION":8} []
[2016-06-24 10:58:38] error.ERROR: 8 IN FILE /Users/zhouhong/xianrou/yaframe/library/Http/BasicRequest.php ON LINE 68 {"Undefined index: HTTP_VERSION":8} []
[2016-06-24 10:58:38] error.WARNING: 8 IN FILE /Users/zhouhong/xianrou/yaframe/library/Http/BasicRequest.php ON LINE 69 {"Undefined index: HTTP_TIMESTAMP":8} []
[2016-06-24 10:58:38] error.ERROR: 8 IN FILE /Users/zhouhong/xianrou/yaframe/library/Http/BasicRequest.php ON LINE 69 {"Undefined index: HTTP_TIMESTAMP":8} []
[2016-06-24 10:58:38] error.WARNING: 8 IN FILE /Users/zhouhong/xianrou/yaframe/application/modules/Social/controllers/Addsharereport.php ON LINE 24 {"Undefined index: user_id":8} []
[2016-06-24 10:58:38] error.ERROR: 8 IN FILE /Users/zhouhong/xianrou/yaframe/application/modules/Social/controllers/Addsharereport.php ON LINE 24 {"Undefined index: user_id":8} []
[2016-06-24 10:58:41] error.WARNING: 8 IN FILE /Users/zhouhong/xianrou/yaframe/library/Http/BasicRequest.php ON LINE 66 {"Undefined index: HTTP_TOKEN":8} []
[2016-06-24 10:58:41] error.ERROR: 8 IN FILE /Users/zhouhong/xianrou/yaframe/library/Http/BasicRequest.php ON LINE 66 {"Undefined index: HTTP_TOKEN":8} []
[2016-06-24 10:58:41] error.WARNING: 8 IN FILE /Users/zhouhong/xianrou/yaframe/library/Http/BasicRequest.php ON LINE 67 {"Undefined index: HTTP_SIGN":8} []
[2016-06-24 10:58:41] error.ERROR: 8 IN FILE /Users/zhouhong/xianrou/yaframe/library/Http/BasicRequest.php ON LINE 67 {"Undefined index: HTTP_SIGN":8} []
[2016-06-24 10:58:41] error.WARNING: 8 IN FILE /Users/zhouhong/xianrou/yaframe/library/Http/BasicRequest.php ON LINE 68 {"Undefined index: HTTP_VERSION":8} []
[2016-06-24 10:58:41] error.ERROR: 8 IN FILE /Users/zhouhong/xianrou/yaframe/library/Http/BasicRequest.php ON LINE 68 {"Undefined index: HTTP_VERSION":8} []
[2016-06-24 10:58:41] error.WARNING: 8 IN FILE /Users/zhouhong/xianrou/yaframe/library/Http/BasicRequest.php ON LINE 69 {"Undefined index: HTTP_TIMESTAMP":8} []
[2016-06-24 10:58:41] error.ERROR: 8 IN FILE /Users/zhouhong/xianrou/yaframe/library/Http/BasicRequest.php ON LINE 69 {"Undefined index: HTTP_TIMESTAMP":8} []
[2016-06-24 10:58:41] error.WARNING: 8 IN FILE /Users/zhouhong/xianrou/yaframe/application/modules/Social/controllers/Addsharereport.php ON LINE 24 {"Undefined index: user_id":8} []
[2016-06-24 10:58:41] error.ERROR: 8 IN FILE /Users/zhouhong/xianrou/yaframe/application/modules/Social/controllers/Addsharereport.php ON LINE 24 {"Undefined index: user_id":8} []
[2016-06-24 10:58:41] error.WARNING: 8 IN FILE /Users/zhouhong/xianrou/yaframe/library/Http/BasicRequest.php ON LINE 66 {"Undefined index: HTTP_TOKEN":8} []
[2016-06-24 10:58:41] error.ERROR: 8 IN FILE /Users/zhouhong/xianrou/yaframe/library/Http/BasicRequest.php ON LINE 66 {"Undefined index: HTTP_TOKEN":8} []
[2016-06-24 10:58:41] error.WARNING: 8 IN FILE /Users/zhouhong/xianrou/yaframe/library/Http/BasicRequest.php ON LINE 67 {"Undefined index: HTTP_SIGN":8} []
[2016-06-24 10:58:41] error.ERROR: 8 IN FILE /Users/zhouhong/xianrou/yaframe/library/Http/BasicRequest.php ON LINE 67 {"Undefined index: HTTP_SIGN":8} []
[2016-06-24 10:58:41] error.WARNING: 8 IN FILE /Users/zhouhong/xianrou/yaframe/library/Http/BasicRequest.php ON LINE 68 {"Undefined index: HTTP_VERSION":8} []
[2016-06-24 10:58:41] error.ERROR: 8 IN FILE /Users/zhouhong/xianrou/yaframe/library/Http/BasicRequest.php ON LINE 68 {"Undefined index: HTTP_VERSION":8} []
[2016-06-24 10:58:41] error.WARNING: 8 IN FILE /Users/zhouhong/xianrou/yaframe/library/Http/BasicRequest.php ON LINE 69 {"Undefined index: HTTP_TIMESTAMP":8} []
[2016-06-24 10:58:41] error.ERROR: 8 IN FILE /Users/zhouhong/xianrou/yaframe/library/Http/BasicRequest.php ON LINE 69 {"Undefined index: HTTP_TIMESTAMP":8} []
[2016-06-24 10:58:41] error.WARNING: [10000:]	[/Users/zhouhong/xianrou/yaframe/application/controllers/Error.php:17] [] []
[2016-06-24 10:58:41] error.ERROR: [10000:]	[/Users/zhouhong/xianrou/yaframe/application/controllers/Error.php:17] [] []
[2016-06-24 10:58:49] error.WARNING: 8 IN FILE /Users/zhouhong/xianrou/yaframe/library/Http/BasicRequest.php ON LINE 66 {"Undefined index: HTTP_TOKEN":8} []
[2016-06-24 10:58:49] error.ERROR: 8 IN FILE /Users/zhouhong/xianrou/yaframe/library/Http/BasicRequest.php ON LINE 66 {"Undefined index: HTTP_TOKEN":8} []
[2016-06-24 10:58:49] error.WARNING: 8 IN FILE /Users/zhouhong/xianrou/yaframe/library/Http/BasicRequest.php ON LINE 67 {"Undefined index: HTTP_SIGN":8} []
[2016-06-24 10:58:49] error.ERROR: 8 IN FILE /Users/zhouhong/xianrou/yaframe/library/Http/BasicRequest.php ON LINE 67 {"Undefined index: HTTP_SIGN":8} []
[2016-06-24 10:58:49] error.WARNING: 8 IN FILE /Users/zhouhong/xianrou/yaframe/library/Http/BasicRequest.php ON LINE 68 {"Undefined index: HTTP_VERSION":8} []
[2016-06-24 10:58:49] error.ERROR: 8 IN FILE /Users/zhouhong/xianrou/yaframe/library/Http/BasicRequest.php ON LINE 68 {"Undefined index: HTTP_VERSION":8} []
[2016-06-24 10:58:49] error.WARNING: 8 IN FILE /Users/zhouhong/xianrou/yaframe/library/Http/BasicRequest.php ON LINE 69 {"Undefined index: HTTP_TIMESTAMP":8} []
[2016-06-24 10:58:49] error.ERROR: 8 IN FILE /Users/zhouhong/xianrou/yaframe/library/Http/BasicRequest.php ON LINE 69 {"Undefined index: HTTP_TIMESTAMP":8} []
[2016-06-24 10:58:49] error.WARNING: 8 IN FILE /Users/zhouhong/xianrou/yaframe/application/modules/Social/controllers/Addsharereport.php ON LINE 24 {"Undefined index: user_id":8} []
[2016-06-24 10:58:49] error.ERROR: 8 IN FILE /Users/zhouhong/xianrou/yaframe/application/modules/Social/controllers/Addsharereport.php ON LINE 24 {"Undefined index: user_id":8} []
[2016-06-24 10:58:49] error.WARNING: 8 IN FILE /Users/zhouhong/xianrou/yaframe/library/Http/BasicRequest.php ON LINE 66 {"Undefined index: HTTP_TOKEN":8} []
[2016-06-24 10:58:49] error.ERROR: 8 IN FILE /Users/zhouhong/xianrou/yaframe/library/Http/BasicRequest.php ON LINE 66 {"Undefined index: HTTP_TOKEN":8} []
[2016-06-24 10:58:49] error.WARNING: 8 IN FILE /Users/zhouhong/xianrou/yaframe/library/Http/BasicRequest.php ON LINE 67 {"Undefined index: HTTP_SIGN":8} []
[2016-06-24 10:58:49] error.ERROR: 8 IN FILE /Users/zhouhong/xianrou/yaframe/library/Http/BasicRequest.php ON LINE 67 {"Undefined index: HTTP_SIGN":8} []
[2016-06-24 10:58:49] error.WARNING: 8 IN FILE /Users/zhouhong/xianrou/yaframe/library/Http/BasicRequest.php ON LINE 68 {"Undefined index: HTTP_VERSION":8} []
[2016-06-24 10:58:49] error.ERROR: 8 IN FILE /Users/zhouhong/xianrou/yaframe/library/Http/BasicRequest.php ON LINE 68 {"Undefined index: HTTP_VERSION":8} []
[2016-06-24 10:58:49] error.WARNING: 8 IN FILE /Users/zhouhong/xianrou/yaframe/library/Http/BasicRequest.php ON LINE 69 {"Undefined index: HTTP_TIMESTAMP":8} []
[2016-06-24 10:58:49] error.ERROR: 8 IN FILE /Users/zhouhong/xianrou/yaframe/library/Http/BasicRequest.php ON LINE 69 {"Undefined index: HTTP_TIMESTAMP":8} []
[2016-06-24 10:58:49] error.WARNING: [10000:]	[/Users/zhouhong/xianrou/yaframe/application/controllers/Error.php:17] [] []
[2016-06-24 10:58:49] error.ERROR: [10000:]	[/Users/zhouhong/xianrou/yaframe/application/controllers/Error.php:17] [] []
