[2016-06-29 19:44:09] error.WARNING: 8 IN FILE /Users/zhouhong/xianrou/yaframe/application/Bootstrap.php ON LINE 147 {"Undefined index: ffmpeg":8} []
[2016-06-29 19:44:09] error.ERROR: 8 IN FILE /Users/zhouhong/xianrou/yaframe/application/Bootstrap.php ON LINE 147 {"Undefined index: ffmpeg":8} []
[2016-06-29 19:44:09] error.WARNING: 8 IN FILE /Users/zhouhong/xianrou/yaframe/application/Bootstrap.php ON LINE 148 {"Undefined index: ffprobe":8} []
[2016-06-29 19:44:09] error.ERROR: 8 IN FILE /Users/zhouhong/xianrou/yaframe/application/Bootstrap.php ON LINE 148 {"Undefined index: ffprobe":8} []
[2016-06-29 19:44:09] error.WARNING: 8 IN FILE /Users/zhouhong/xianrou/yaframe/library/Http/BasicRequest.php ON LINE 66 {"Undefined index: HTTP_TOKEN":8} []
[2016-06-29 19:44:09] error.ERROR: 8 IN FILE /Users/zhouhong/xianrou/yaframe/library/Http/BasicRequest.php ON LINE 66 {"Undefined index: HTTP_TOKEN":8} []
[2016-06-29 19:44:09] error.WARNING: 8 IN FILE /Users/zhouhong/xianrou/yaframe/library/Http/BasicRequest.php ON LINE 67 {"Undefined index: HTTP_SIGN":8} []
[2016-06-29 19:44:09] error.ERROR: 8 IN FILE /Users/zhouhong/xianrou/yaframe/library/Http/BasicRequest.php ON LINE 67 {"Undefined index: HTTP_SIGN":8} []
[2016-06-29 19:44:09] error.WARNING: 8 IN FILE /Users/zhouhong/xianrou/yaframe/library/Http/BasicRequest.php ON LINE 68 {"Undefined index: HTTP_VERSION":8} []
[2016-06-29 19:44:09] error.ERROR: 8 IN FILE /Users/zhouhong/xianrou/yaframe/library/Http/BasicRequest.php ON LINE 68 {"Undefined index: HTTP_VERSION":8} []
[2016-06-29 19:44:09] error.WARNING: 8 IN FILE /Users/zhouhong/xianrou/yaframe/library/Http/BasicRequest.php ON LINE 69 {"Undefined index: HTTP_TIMESTAMP":8} []
[2016-06-29 19:44:09] error.ERROR: 8 IN FILE /Users/zhouhong/xianrou/yaframe/library/Http/BasicRequest.php ON LINE 69 {"Undefined index: HTTP_TIMESTAMP":8} []
[2016-06-29 19:44:09] error.WARNING: 8 IN FILE /Users/zhouhong/xianrou/yaframe/application/models/Core/CommonRegion.php ON LINE 24 {"Undefined variable: name":8} []
[2016-06-29 19:44:09] error.ERROR: 8 IN FILE /Users/zhouhong/xianrou/yaframe/application/models/Core/CommonRegion.php ON LINE 24 {"Undefined variable: name":8} []
[2016-06-29 19:44:09] error.WARNING: 2 IN FILE /Users/zhouhong/xianrou/yaframe/application/models/Account/AccountData.php ON LINE 67 {"array_intersect_key(): Argument #2 is not an array":2} []
[2016-06-29 19:44:09] error.ERROR: 2 IN FILE /Users/zhouhong/xianrou/yaframe/application/models/Account/AccountData.php ON LINE 67 {"array_intersect_key(): Argument #2 is not an array":2} []
[2016-06-29 19:44:09] error.WARNING: 2 IN FILE /Users/zhouhong/xianrou/yaframe/application/models/Account/AccountData.php ON LINE 68 {"array_merge(): Argument #1 is not an array":2} []
[2016-06-29 19:44:09] error.ERROR: 2 IN FILE /Users/zhouhong/xianrou/yaframe/application/models/Account/AccountData.php ON LINE 68 {"array_merge(): Argument #1 is not an array":2} []
[2016-06-29 19:44:09] error.WARNING: 8 IN FILE /Users/zhouhong/xianrou/yaframe/library/Http/BasicRequest.php ON LINE 66 {"Undefined index: HTTP_TOKEN":8} []
[2016-06-29 19:44:09] error.ERROR: 8 IN FILE /Users/zhouhong/xianrou/yaframe/library/Http/BasicRequest.php ON LINE 66 {"Undefined index: HTTP_TOKEN":8} []
[2016-06-29 19:44:09] error.WARNING: 8 IN FILE /Users/zhouhong/xianrou/yaframe/library/Http/BasicRequest.php ON LINE 67 {"Undefined index: HTTP_SIGN":8} []
[2016-06-29 19:44:09] error.ERROR: 8 IN FILE /Users/zhouhong/xianrou/yaframe/library/Http/BasicRequest.php ON LINE 67 {"Undefined index: HTTP_SIGN":8} []
[2016-06-29 19:44:09] error.WARNING: 8 IN FILE /Users/zhouhong/xianrou/yaframe/library/Http/BasicRequest.php ON LINE 68 {"Undefined index: HTTP_VERSION":8} []
[2016-06-29 19:44:09] error.ERROR: 8 IN FILE /Users/zhouhong/xianrou/yaframe/library/Http/BasicRequest.php ON LINE 68 {"Undefined index: HTTP_VERSION":8} []
[2016-06-29 19:44:09] error.WARNING: 8 IN FILE /Users/zhouhong/xianrou/yaframe/library/Http/BasicRequest.php ON LINE 69 {"Undefined index: HTTP_TIMESTAMP":8} []
[2016-06-29 19:44:09] error.ERROR: 8 IN FILE /Users/zhouhong/xianrou/yaframe/library/Http/BasicRequest.php ON LINE 69 {"Undefined index: HTTP_TIMESTAMP":8} []
[2016-06-29 19:44:09] error.WARNING: 8 IN FILE /Users/zhouhong/xianrou/yaframe/application/models/Core/CommonRegion.php ON LINE 24 {"Undefined variable: name":8} []
[2016-06-29 19:44:09] error.ERROR: 8 IN FILE /Users/zhouhong/xianrou/yaframe/application/models/Core/CommonRegion.php ON LINE 24 {"Undefined variable: name":8} []
[2016-06-29 19:44:09] error.WARNING: 2 IN FILE /Users/zhouhong/xianrou/yaframe/application/models/Account/AccountData.php ON LINE 67 {"array_intersect_key(): Argument #2 is not an array":2} []
[2016-06-29 19:44:09] error.ERROR: 2 IN FILE /Users/zhouhong/xianrou/yaframe/application/models/Account/AccountData.php ON LINE 67 {"array_intersect_key(): Argument #2 is not an array":2} []
[2016-06-29 19:44:09] error.WARNING: 2 IN FILE /Users/zhouhong/xianrou/yaframe/application/models/Account/AccountData.php ON LINE 68 {"array_merge(): Argument #1 is not an array":2} []
[2016-06-29 19:44:09] error.ERROR: 2 IN FILE /Users/zhouhong/xianrou/yaframe/application/models/Account/AccountData.php ON LINE 68 {"array_merge(): Argument #1 is not an array":2} []
[2016-06-29 19:44:09] error.WARNING: 8 IN FILE /Users/zhouhong/xianrou/yaframe/application/Bootstrap.php ON LINE 147 {"Undefined index: ffmpeg":8} []
[2016-06-29 19:44:09] error.ERROR: 8 IN FILE /Users/zhouhong/xianrou/yaframe/application/Bootstrap.php ON LINE 147 {"Undefined index: ffmpeg":8} []
[2016-06-29 19:44:09] error.WARNING: 8 IN FILE /Users/zhouhong/xianrou/yaframe/application/Bootstrap.php ON LINE 148 {"Undefined index: ffprobe":8} []
[2016-06-29 19:44:09] error.ERROR: 8 IN FILE /Users/zhouhong/xianrou/yaframe/application/Bootstrap.php ON LINE 148 {"Undefined index: ffprobe":8} []
[2016-06-29 19:44:09] error.WARNING: 8 IN FILE /Users/zhouhong/xianrou/yaframe/library/Http/BasicRequest.php ON LINE 66 {"Undefined index: HTTP_TOKEN":8} []
[2016-06-29 19:44:09] error.ERROR: 8 IN FILE /Users/zhouhong/xianrou/yaframe/library/Http/BasicRequest.php ON LINE 66 {"Undefined index: HTTP_TOKEN":8} []
[2016-06-29 19:44:09] error.WARNING: 8 IN FILE /Users/zhouhong/xianrou/yaframe/library/Http/BasicRequest.php ON LINE 67 {"Undefined index: HTTP_SIGN":8} []
[2016-06-29 19:44:09] error.ERROR: 8 IN FILE /Users/zhouhong/xianrou/yaframe/library/Http/BasicRequest.php ON LINE 67 {"Undefined index: HTTP_SIGN":8} []
[2016-06-29 19:44:09] error.WARNING: 8 IN FILE /Users/zhouhong/xianrou/yaframe/library/Http/BasicRequest.php ON LINE 68 {"Undefined index: HTTP_VERSION":8} []
[2016-06-29 19:44:09] error.ERROR: 8 IN FILE /Users/zhouhong/xianrou/yaframe/library/Http/BasicRequest.php ON LINE 68 {"Undefined index: HTTP_VERSION":8} []
[2016-06-29 19:44:09] error.WARNING: 8 IN FILE /Users/zhouhong/xianrou/yaframe/library/Http/BasicRequest.php ON LINE 69 {"Undefined index: HTTP_TIMESTAMP":8} []
[2016-06-29 19:44:09] error.ERROR: 8 IN FILE /Users/zhouhong/xianrou/yaframe/library/Http/BasicRequest.php ON LINE 69 {"Undefined index: HTTP_TIMESTAMP":8} []
[2016-06-29 19:44:09] error.WARNING: 8 IN FILE /Users/zhouhong/xianrou/yaframe/application/models/Core/CommonRegion.php ON LINE 24 {"Undefined variable: name":8} []
[2016-06-29 19:44:09] error.ERROR: 8 IN FILE /Users/zhouhong/xianrou/yaframe/application/models/Core/CommonRegion.php ON LINE 24 {"Undefined variable: name":8} []
[2016-06-29 19:44:09] error.WARNING: 2 IN FILE /Users/zhouhong/xianrou/yaframe/application/models/Account/AccountData.php ON LINE 67 {"array_intersect_key(): Argument #2 is not an array":2} []
[2016-06-29 19:44:09] error.ERROR: 2 IN FILE /Users/zhouhong/xianrou/yaframe/application/models/Account/AccountData.php ON LINE 67 {"array_intersect_key(): Argument #2 is not an array":2} []
[2016-06-29 19:44:09] error.WARNING: 2 IN FILE /Users/zhouhong/xianrou/yaframe/application/models/Account/AccountData.php ON LINE 68 {"array_merge(): Argument #1 is not an array":2} []
[2016-06-29 19:44:09] error.ERROR: 2 IN FILE /Users/zhouhong/xianrou/yaframe/application/models/Account/AccountData.php ON LINE 68 {"array_merge(): Argument #1 is not an array":2} []
[2016-06-29 19:44:16] error.WARNING: 8 IN FILE /Users/zhouhong/xianrou/yaframe/application/Bootstrap.php ON LINE 147 {"Undefined index: ffmpeg":8} []
[2016-06-29 19:44:16] error.ERROR: 8 IN FILE /Users/zhouhong/xianrou/yaframe/application/Bootstrap.php ON LINE 147 {"Undefined index: ffmpeg":8} []
[2016-06-29 19:44:16] error.WARNING: 8 IN FILE /Users/zhouhong/xianrou/yaframe/application/Bootstrap.php ON LINE 148 {"Undefined index: ffprobe":8} []
[2016-06-29 19:44:16] error.ERROR: 8 IN FILE /Users/zhouhong/xianrou/yaframe/application/Bootstrap.php ON LINE 148 {"Undefined index: ffprobe":8} []
[2016-06-29 19:44:16] error.WARNING: 8 IN FILE /Users/zhouhong/xianrou/yaframe/library/Http/BasicRequest.php ON LINE 66 {"Undefined index: HTTP_TOKEN":8} []
[2016-06-29 19:44:16] error.ERROR: 8 IN FILE /Users/zhouhong/xianrou/yaframe/library/Http/BasicRequest.php ON LINE 66 {"Undefined index: HTTP_TOKEN":8} []
[2016-06-29 19:44:16] error.WARNING: 8 IN FILE /Users/zhouhong/xianrou/yaframe/library/Http/BasicRequest.php ON LINE 67 {"Undefined index: HTTP_SIGN":8} []
[2016-06-29 19:44:16] error.ERROR: 8 IN FILE /Users/zhouhong/xianrou/yaframe/library/Http/BasicRequest.php ON LINE 67 {"Undefined index: HTTP_SIGN":8} []
[2016-06-29 19:44:16] error.WARNING: 8 IN FILE /Users/zhouhong/xianrou/yaframe/library/Http/BasicRequest.php ON LINE 68 {"Undefined index: HTTP_VERSION":8} []
[2016-06-29 19:44:16] error.ERROR: 8 IN FILE /Users/zhouhong/xianrou/yaframe/library/Http/BasicRequest.php ON LINE 68 {"Undefined index: HTTP_VERSION":8} []
[2016-06-29 19:44:16] error.WARNING: 8 IN FILE /Users/zhouhong/xianrou/yaframe/library/Http/BasicRequest.php ON LINE 69 {"Undefined index: HTTP_TIMESTAMP":8} []
[2016-06-29 19:44:16] error.ERROR: 8 IN FILE /Users/zhouhong/xianrou/yaframe/library/Http/BasicRequest.php ON LINE 69 {"Undefined index: HTTP_TIMESTAMP":8} []
[2016-06-29 19:44:16] error.WARNING: 8 IN FILE /Users/zhouhong/xianrou/yaframe/application/models/Core/CommonRegion.php ON LINE 24 {"Undefined variable: name":8} []
[2016-06-29 19:44:16] error.ERROR: 8 IN FILE /Users/zhouhong/xianrou/yaframe/application/models/Core/CommonRegion.php ON LINE 24 {"Undefined variable: name":8} []
[2016-06-29 19:44:16] error.WARNING: 2 IN FILE /Users/zhouhong/xianrou/yaframe/application/models/Account/AccountData.php ON LINE 67 {"array_intersect_key(): Argument #2 is not an array":2} []
[2016-06-29 19:44:16] error.ERROR: 2 IN FILE /Users/zhouhong/xianrou/yaframe/application/models/Account/AccountData.php ON LINE 67 {"array_intersect_key(): Argument #2 is not an array":2} []
[2016-06-29 19:44:16] error.WARNING: 2 IN FILE /Users/zhouhong/xianrou/yaframe/application/models/Account/AccountData.php ON LINE 68 {"array_merge(): Argument #1 is not an array":2} []
[2016-06-29 19:44:16] error.ERROR: 2 IN FILE /Users/zhouhong/xianrou/yaframe/application/models/Account/AccountData.php ON LINE 68 {"array_merge(): Argument #1 is not an array":2} []
[2016-06-29 19:44:16] error.WARNING: 8 IN FILE /Users/zhouhong/xianrou/yaframe/application/modules/User/controllers/Userinfo.php ON LINE 131 {"Undefined index: limit":8} []
[2016-06-29 19:44:16] error.ERROR: 8 IN FILE /Users/zhouhong/xianrou/yaframe/application/modules/User/controllers/Userinfo.php ON LINE 131 {"Undefined index: limit":8} []
[2016-06-29 19:44:16] error.WARNING: 8 IN FILE /Users/zhouhong/xianrou/yaframe/application/modules/User/controllers/Userinfo.php ON LINE 151 {"Undefined index: user_id":8} []
[2016-06-29 19:44:16] error.ERROR: 8 IN FILE /Users/zhouhong/xianrou/yaframe/application/modules/User/controllers/Userinfo.php ON LINE 151 {"Undefined index: user_id":8} []
[2016-06-29 19:44:16] error.WARNING: 8 IN FILE /Users/zhouhong/xianrou/yaframe/application/modules/User/controllers/Userinfo.php ON LINE 156 {"Undefined index: user_id":8} []
[2016-06-29 19:44:16] error.ERROR: 8 IN FILE /Users/zhouhong/xianrou/yaframe/application/modules/User/controllers/Userinfo.php ON LINE 156 {"Undefined index: user_id":8} []
[2016-06-29 19:44:16] error.WARNING: 8 IN FILE /Users/zhouhong/xianrou/yaframe/application/modules/User/controllers/Userinfo.php ON LINE 158 {"Undefined index: user_id":8} []
[2016-06-29 19:44:16] error.ERROR: 8 IN FILE /Users/zhouhong/xianrou/yaframe/application/modules/User/controllers/Userinfo.php ON LINE 158 {"Undefined index: user_id":8} []
[2016-06-29 19:44:16] error.WARNING: 8 IN FILE /Users/zhouhong/xianrou/yaframe/application/Bootstrap.php ON LINE 147 {"Undefined index: ffmpeg":8} []
[2016-06-29 19:44:17] error.ERROR: 8 IN FILE /Users/zhouhong/xianrou/yaframe/application/Bootstrap.php ON LINE 147 {"Undefined index: ffmpeg":8} []
[2016-06-29 19:44:17] error.WARNING: 8 IN FILE /Users/zhouhong/xianrou/yaframe/application/Bootstrap.php ON LINE 148 {"Undefined index: ffprobe":8} []
[2016-06-29 19:44:17] error.ERROR: 8 IN FILE /Users/zhouhong/xianrou/yaframe/application/Bootstrap.php ON LINE 148 {"Undefined index: ffprobe":8} []
[2016-06-29 19:44:17] error.WARNING: 8 IN FILE /Users/zhouhong/xianrou/yaframe/library/Http/BasicRequest.php ON LINE 66 {"Undefined index: HTTP_TOKEN":8} []
[2016-06-29 19:44:17] error.ERROR: 8 IN FILE /Users/zhouhong/xianrou/yaframe/library/Http/BasicRequest.php ON LINE 66 {"Undefined index: HTTP_TOKEN":8} []
[2016-06-29 19:44:17] error.WARNING: 8 IN FILE /Users/zhouhong/xianrou/yaframe/library/Http/BasicRequest.php ON LINE 67 {"Undefined index: HTTP_SIGN":8} []
[2016-06-29 19:44:17] error.ERROR: 8 IN FILE /Users/zhouhong/xianrou/yaframe/library/Http/BasicRequest.php ON LINE 67 {"Undefined index: HTTP_SIGN":8} []
[2016-06-29 19:44:17] error.WARNING: 8 IN FILE /Users/zhouhong/xianrou/yaframe/library/Http/BasicRequest.php ON LINE 68 {"Undefined index: HTTP_VERSION":8} []
[2016-06-29 19:44:17] error.ERROR: 8 IN FILE /Users/zhouhong/xianrou/yaframe/library/Http/BasicRequest.php ON LINE 68 {"Undefined index: HTTP_VERSION":8} []
[2016-06-29 19:44:17] error.WARNING: 8 IN FILE /Users/zhouhong/xianrou/yaframe/library/Http/BasicRequest.php ON LINE 69 {"Undefined index: HTTP_TIMESTAMP":8} []
[2016-06-29 19:44:17] error.ERROR: 8 IN FILE /Users/zhouhong/xianrou/yaframe/library/Http/BasicRequest.php ON LINE 69 {"Undefined index: HTTP_TIMESTAMP":8} []
[2016-06-29 19:44:17] error.WARNING: 8 IN FILE /Users/zhouhong/xianrou/yaframe/application/models/Core/CommonRegion.php ON LINE 24 {"Undefined variable: name":8} []
[2016-06-29 19:44:17] error.ERROR: 8 IN FILE /Users/zhouhong/xianrou/yaframe/application/models/Core/CommonRegion.php ON LINE 24 {"Undefined variable: name":8} []
[2016-06-29 19:44:17] error.WARNING: 2 IN FILE /Users/zhouhong/xianrou/yaframe/application/models/Account/AccountData.php ON LINE 67 {"array_intersect_key(): Argument #2 is not an array":2} []
[2016-06-29 19:44:17] error.ERROR: 2 IN FILE /Users/zhouhong/xianrou/yaframe/application/models/Account/AccountData.php ON LINE 67 {"array_intersect_key(): Argument #2 is not an array":2} []
[2016-06-29 19:44:17] error.WARNING: 2 IN FILE /Users/zhouhong/xianrou/yaframe/application/models/Account/AccountData.php ON LINE 68 {"array_merge(): Argument #1 is not an array":2} []
[2016-06-29 19:44:17] error.ERROR: 2 IN FILE /Users/zhouhong/xianrou/yaframe/application/models/Account/AccountData.php ON LINE 68 {"array_merge(): Argument #1 is not an array":2} []
[2016-06-29 19:44:34] error.WARNING: 8 IN FILE /Users/zhouhong/xianrou/yaframe/application/Bootstrap.php ON LINE 147 {"Undefined index: ffmpeg":8} []
[2016-06-29 19:44:34] error.ERROR: 8 IN FILE /Users/zhouhong/xianrou/yaframe/application/Bootstrap.php ON LINE 147 {"Undefined index: ffmpeg":8} []
[2016-06-29 19:44:34] error.WARNING: 8 IN FILE /Users/zhouhong/xianrou/yaframe/application/Bootstrap.php ON LINE 148 {"Undefined index: ffprobe":8} []
[2016-06-29 19:44:34] error.ERROR: 8 IN FILE /Users/zhouhong/xianrou/yaframe/application/Bootstrap.php ON LINE 148 {"Undefined index: ffprobe":8} []
[2016-06-29 19:44:34] error.WARNING: 8 IN FILE /Users/zhouhong/xianrou/yaframe/library/Http/BasicRequest.php ON LINE 66 {"Undefined index: HTTP_TOKEN":8} []
[2016-06-29 19:44:34] error.ERROR: 8 IN FILE /Users/zhouhong/xianrou/yaframe/library/Http/BasicRequest.php ON LINE 66 {"Undefined index: HTTP_TOKEN":8} []
[2016-06-29 19:44:34] error.WARNING: 8 IN FILE /Users/zhouhong/xianrou/yaframe/library/Http/BasicRequest.php ON LINE 67 {"Undefined index: HTTP_SIGN":8} []
[2016-06-29 19:44:34] error.ERROR: 8 IN FILE /Users/zhouhong/xianrou/yaframe/library/Http/BasicRequest.php ON LINE 67 {"Undefined index: HTTP_SIGN":8} []
[2016-06-29 19:44:34] error.WARNING: 8 IN FILE /Users/zhouhong/xianrou/yaframe/library/Http/BasicRequest.php ON LINE 68 {"Undefined index: HTTP_VERSION":8} []
[2016-06-29 19:44:34] error.ERROR: 8 IN FILE /Users/zhouhong/xianrou/yaframe/library/Http/BasicRequest.php ON LINE 68 {"Undefined index: HTTP_VERSION":8} []
[2016-06-29 19:44:34] error.WARNING: 8 IN FILE /Users/zhouhong/xianrou/yaframe/library/Http/BasicRequest.php ON LINE 69 {"Undefined index: HTTP_TIMESTAMP":8} []
[2016-06-29 19:44:34] error.ERROR: 8 IN FILE /Users/zhouhong/xianrou/yaframe/library/Http/BasicRequest.php ON LINE 69 {"Undefined index: HTTP_TIMESTAMP":8} []
[2016-06-29 19:44:34] error.WARNING: 8 IN FILE /Users/zhouhong/xianrou/yaframe/application/models/Core/CommonRegion.php ON LINE 24 {"Undefined variable: name":8} []
[2016-06-29 19:44:34] error.ERROR: 8 IN FILE /Users/zhouhong/xianrou/yaframe/application/models/Core/CommonRegion.php ON LINE 24 {"Undefined variable: name":8} []
[2016-06-29 19:44:34] error.WARNING: 2 IN FILE /Users/zhouhong/xianrou/yaframe/application/models/Account/AccountData.php ON LINE 67 {"array_intersect_key(): Argument #2 is not an array":2} []
[2016-06-29 19:44:34] error.ERROR: 2 IN FILE /Users/zhouhong/xianrou/yaframe/application/models/Account/AccountData.php ON LINE 67 {"array_intersect_key(): Argument #2 is not an array":2} []
[2016-06-29 19:44:34] error.WARNING: 2 IN FILE /Users/zhouhong/xianrou/yaframe/application/models/Account/AccountData.php ON LINE 68 {"array_merge(): Argument #1 is not an array":2} []
[2016-06-29 19:44:34] error.ERROR: 2 IN FILE /Users/zhouhong/xianrou/yaframe/application/models/Account/AccountData.php ON LINE 68 {"array_merge(): Argument #1 is not an array":2} []
[2016-06-29 19:44:34] error.WARNING: 8 IN FILE /Users/zhouhong/xianrou/yaframe/application/modules/User/controllers/Userinfo.php ON LINE 131 {"Undefined index: limit":8} []
[2016-06-29 19:44:34] error.ERROR: 8 IN FILE /Users/zhouhong/xianrou/yaframe/application/modules/User/controllers/Userinfo.php ON LINE 131 {"Undefined index: limit":8} []
[2016-06-29 19:44:34] error.WARNING: 8 IN FILE /Users/zhouhong/xianrou/yaframe/application/modules/User/controllers/Userinfo.php ON LINE 151 {"Undefined index: user_id":8} []
[2016-06-29 19:44:34] error.ERROR: 8 IN FILE /Users/zhouhong/xianrou/yaframe/application/modules/User/controllers/Userinfo.php ON LINE 151 {"Undefined index: user_id":8} []
[2016-06-29 19:44:34] error.WARNING: 8 IN FILE /Users/zhouhong/xianrou/yaframe/application/modules/User/controllers/Userinfo.php ON LINE 156 {"Undefined index: user_id":8} []
[2016-06-29 19:44:34] error.ERROR: 8 IN FILE /Users/zhouhong/xianrou/yaframe/application/modules/User/controllers/Userinfo.php ON LINE 156 {"Undefined index: user_id":8} []
[2016-06-29 19:44:34] error.WARNING: 8 IN FILE /Users/zhouhong/xianrou/yaframe/application/modules/User/controllers/Userinfo.php ON LINE 158 {"Undefined index: user_id":8} []
[2016-06-29 19:44:34] error.ERROR: 8 IN FILE /Users/zhouhong/xianrou/yaframe/application/modules/User/controllers/Userinfo.php ON LINE 158 {"Undefined index: user_id":8} []
[2016-06-29 19:44:35] error.WARNING: 8 IN FILE /Users/zhouhong/xianrou/yaframe/application/Bootstrap.php ON LINE 147 {"Undefined index: ffmpeg":8} []
[2016-06-29 19:44:35] error.ERROR: 8 IN FILE /Users/zhouhong/xianrou/yaframe/application/Bootstrap.php ON LINE 147 {"Undefined index: ffmpeg":8} []
[2016-06-29 19:44:35] error.WARNING: 8 IN FILE /Users/zhouhong/xianrou/yaframe/application/Bootstrap.php ON LINE 148 {"Undefined index: ffprobe":8} []
[2016-06-29 19:44:35] error.ERROR: 8 IN FILE /Users/zhouhong/xianrou/yaframe/application/Bootstrap.php ON LINE 148 {"Undefined index: ffprobe":8} []
[2016-06-29 19:44:35] error.WARNING: 8 IN FILE /Users/zhouhong/xianrou/yaframe/library/Http/BasicRequest.php ON LINE 66 {"Undefined index: HTTP_TOKEN":8} []
[2016-06-29 19:44:35] error.ERROR: 8 IN FILE /Users/zhouhong/xianrou/yaframe/library/Http/BasicRequest.php ON LINE 66 {"Undefined index: HTTP_TOKEN":8} []
[2016-06-29 19:44:35] error.WARNING: 8 IN FILE /Users/zhouhong/xianrou/yaframe/library/Http/BasicRequest.php ON LINE 67 {"Undefined index: HTTP_SIGN":8} []
[2016-06-29 19:44:35] error.ERROR: 8 IN FILE /Users/zhouhong/xianrou/yaframe/library/Http/BasicRequest.php ON LINE 67 {"Undefined index: HTTP_SIGN":8} []
[2016-06-29 19:44:35] error.WARNING: 8 IN FILE /Users/zhouhong/xianrou/yaframe/library/Http/BasicRequest.php ON LINE 68 {"Undefined index: HTTP_VERSION":8} []
[2016-06-29 19:44:35] error.ERROR: 8 IN FILE /Users/zhouhong/xianrou/yaframe/library/Http/BasicRequest.php ON LINE 68 {"Undefined index: HTTP_VERSION":8} []
[2016-06-29 19:44:35] error.WARNING: 8 IN FILE /Users/zhouhong/xianrou/yaframe/library/Http/BasicRequest.php ON LINE 69 {"Undefined index: HTTP_TIMESTAMP":8} []
[2016-06-29 19:44:35] error.ERROR: 8 IN FILE /Users/zhouhong/xianrou/yaframe/library/Http/BasicRequest.php ON LINE 69 {"Undefined index: HTTP_TIMESTAMP":8} []
[2016-06-29 19:44:35] error.WARNING: 8 IN FILE /Users/zhouhong/xianrou/yaframe/application/models/Core/CommonRegion.php ON LINE 24 {"Undefined variable: name":8} []
[2016-06-29 19:44:35] error.ERROR: 8 IN FILE /Users/zhouhong/xianrou/yaframe/application/models/Core/CommonRegion.php ON LINE 24 {"Undefined variable: name":8} []
[2016-06-29 19:44:35] error.WARNING: 2 IN FILE /Users/zhouhong/xianrou/yaframe/application/models/Account/AccountData.php ON LINE 67 {"array_intersect_key(): Argument #2 is not an array":2} []
[2016-06-29 19:44:35] error.ERROR: 2 IN FILE /Users/zhouhong/xianrou/yaframe/application/models/Account/AccountData.php ON LINE 67 {"array_intersect_key(): Argument #2 is not an array":2} []
[2016-06-29 19:44:35] error.WARNING: 2 IN FILE /Users/zhouhong/xianrou/yaframe/application/models/Account/AccountData.php ON LINE 68 {"array_merge(): Argument #1 is not an array":2} []
[2016-06-29 19:44:35] error.ERROR: 2 IN FILE /Users/zhouhong/xianrou/yaframe/application/models/Account/AccountData.php ON LINE 68 {"array_merge(): Argument #1 is not an array":2} []
[2016-06-29 19:46:31] error.WARNING: 8 IN FILE /Users/zhouhong/xianrou/yaframe/application/Bootstrap.php ON LINE 147 {"Undefined index: ffmpeg":8} []
[2016-06-29 19:46:31] error.ERROR: 8 IN FILE /Users/zhouhong/xianrou/yaframe/application/Bootstrap.php ON LINE 147 {"Undefined index: ffmpeg":8} []
[2016-06-29 19:46:31] error.WARNING: 8 IN FILE /Users/zhouhong/xianrou/yaframe/application/Bootstrap.php ON LINE 148 {"Undefined index: ffprobe":8} []
[2016-06-29 19:46:31] error.ERROR: 8 IN FILE /Users/zhouhong/xianrou/yaframe/application/Bootstrap.php ON LINE 148 {"Undefined index: ffprobe":8} []
[2016-06-29 19:46:31] error.WARNING: 8 IN FILE /Users/zhouhong/xianrou/yaframe/library/Http/BasicRequest.php ON LINE 66 {"Undefined index: HTTP_TOKEN":8} []
[2016-06-29 19:46:31] error.ERROR: 8 IN FILE /Users/zhouhong/xianrou/yaframe/library/Http/BasicRequest.php ON LINE 66 {"Undefined index: HTTP_TOKEN":8} []
[2016-06-29 19:46:31] error.WARNING: 8 IN FILE /Users/zhouhong/xianrou/yaframe/library/Http/BasicRequest.php ON LINE 67 {"Undefined index: HTTP_SIGN":8} []
[2016-06-29 19:46:31] error.ERROR: 8 IN FILE /Users/zhouhong/xianrou/yaframe/library/Http/BasicRequest.php ON LINE 67 {"Undefined index: HTTP_SIGN":8} []
[2016-06-29 19:46:31] error.WARNING: 8 IN FILE /Users/zhouhong/xianrou/yaframe/library/Http/BasicRequest.php ON LINE 68 {"Undefined index: HTTP_VERSION":8} []
[2016-06-29 19:46:31] error.ERROR: 8 IN FILE /Users/zhouhong/xianrou/yaframe/library/Http/BasicRequest.php ON LINE 68 {"Undefined index: HTTP_VERSION":8} []
[2016-06-29 19:46:31] error.WARNING: 8 IN FILE /Users/zhouhong/xianrou/yaframe/library/Http/BasicRequest.php ON LINE 69 {"Undefined index: HTTP_TIMESTAMP":8} []
[2016-06-29 19:46:31] error.ERROR: 8 IN FILE /Users/zhouhong/xianrou/yaframe/library/Http/BasicRequest.php ON LINE 69 {"Undefined index: HTTP_TIMESTAMP":8} []
[2016-06-29 19:46:31] error.WARNING: 8 IN FILE /Users/zhouhong/xianrou/yaframe/application/models/Core/CommonRegion.php ON LINE 24 {"Undefined variable: name":8} []
[2016-06-29 19:46:31] error.ERROR: 8 IN FILE /Users/zhouhong/xianrou/yaframe/application/models/Core/CommonRegion.php ON LINE 24 {"Undefined variable: name":8} []
[2016-06-29 19:46:31] error.WARNING: 2 IN FILE /Users/zhouhong/xianrou/yaframe/application/models/Account/AccountData.php ON LINE 67 {"array_intersect_key(): Argument #2 is not an array":2} []
[2016-06-29 19:46:31] error.ERROR: 2 IN FILE /Users/zhouhong/xianrou/yaframe/application/models/Account/AccountData.php ON LINE 67 {"array_intersect_key(): Argument #2 is not an array":2} []
[2016-06-29 19:46:31] error.WARNING: 2 IN FILE /Users/zhouhong/xianrou/yaframe/application/models/Account/AccountData.php ON LINE 68 {"array_merge(): Argument #1 is not an array":2} []
[2016-06-29 19:46:31] error.ERROR: 2 IN FILE /Users/zhouhong/xianrou/yaframe/application/models/Account/AccountData.php ON LINE 68 {"array_merge(): Argument #1 is not an array":2} []
[2016-06-29 19:46:31] error.WARNING: 8 IN FILE /Users/zhouhong/xianrou/yaframe/application/Bootstrap.php ON LINE 147 {"Undefined index: ffmpeg":8} []
[2016-06-29 19:46:31] error.ERROR: 8 IN FILE /Users/zhouhong/xianrou/yaframe/application/Bootstrap.php ON LINE 147 {"Undefined index: ffmpeg":8} []
[2016-06-29 19:46:31] error.WARNING: 8 IN FILE /Users/zhouhong/xianrou/yaframe/application/Bootstrap.php ON LINE 148 {"Undefined index: ffprobe":8} []
[2016-06-29 19:46:31] error.ERROR: 8 IN FILE /Users/zhouhong/xianrou/yaframe/application/Bootstrap.php ON LINE 148 {"Undefined index: ffprobe":8} []
[2016-06-29 19:46:31] error.WARNING: 8 IN FILE /Users/zhouhong/xianrou/yaframe/library/Http/BasicRequest.php ON LINE 66 {"Undefined index: HTTP_TOKEN":8} []
[2016-06-29 19:46:31] error.ERROR: 8 IN FILE /Users/zhouhong/xianrou/yaframe/library/Http/BasicRequest.php ON LINE 66 {"Undefined index: HTTP_TOKEN":8} []
[2016-06-29 19:46:31] error.WARNING: 8 IN FILE /Users/zhouhong/xianrou/yaframe/library/Http/BasicRequest.php ON LINE 67 {"Undefined index: HTTP_SIGN":8} []
[2016-06-29 19:46:31] error.ERROR: 8 IN FILE /Users/zhouhong/xianrou/yaframe/library/Http/BasicRequest.php ON LINE 67 {"Undefined index: HTTP_SIGN":8} []
[2016-06-29 19:46:31] error.WARNING: 8 IN FILE /Users/zhouhong/xianrou/yaframe/library/Http/BasicRequest.php ON LINE 68 {"Undefined index: HTTP_VERSION":8} []
[2016-06-29 19:46:31] error.ERROR: 8 IN FILE /Users/zhouhong/xianrou/yaframe/library/Http/BasicRequest.php ON LINE 68 {"Undefined index: HTTP_VERSION":8} []
[2016-06-29 19:46:31] error.WARNING: 8 IN FILE /Users/zhouhong/xianrou/yaframe/library/Http/BasicRequest.php ON LINE 69 {"Undefined index: HTTP_TIMESTAMP":8} []
[2016-06-29 19:46:31] error.ERROR: 8 IN FILE /Users/zhouhong/xianrou/yaframe/library/Http/BasicRequest.php ON LINE 69 {"Undefined index: HTTP_TIMESTAMP":8} []
[2016-06-29 19:46:31] error.WARNING: 8 IN FILE /Users/zhouhong/xianrou/yaframe/application/models/Core/CommonRegion.php ON LINE 24 {"Undefined variable: name":8} []
[2016-06-29 19:46:31] error.ERROR: 8 IN FILE /Users/zhouhong/xianrou/yaframe/application/models/Core/CommonRegion.php ON LINE 24 {"Undefined variable: name":8} []
[2016-06-29 19:46:31] error.WARNING: 2 IN FILE /Users/zhouhong/xianrou/yaframe/application/models/Account/AccountData.php ON LINE 67 {"array_intersect_key(): Argument #2 is not an array":2} []
[2016-06-29 19:46:31] error.ERROR: 2 IN FILE /Users/zhouhong/xianrou/yaframe/application/models/Account/AccountData.php ON LINE 67 {"array_intersect_key(): Argument #2 is not an array":2} []
[2016-06-29 19:46:31] error.WARNING: 2 IN FILE /Users/zhouhong/xianrou/yaframe/application/models/Account/AccountData.php ON LINE 68 {"array_merge(): Argument #1 is not an array":2} []
[2016-06-29 19:46:31] error.ERROR: 2 IN FILE /Users/zhouhong/xianrou/yaframe/application/models/Account/AccountData.php ON LINE 68 {"array_merge(): Argument #1 is not an array":2} []
[2016-06-29 19:46:44] error.WARNING: 8 IN FILE /Users/zhouhong/xianrou/yaframe/application/Bootstrap.php ON LINE 147 {"Undefined index: ffmpeg":8} []
[2016-06-29 19:46:44] error.ERROR: 8 IN FILE /Users/zhouhong/xianrou/yaframe/application/Bootstrap.php ON LINE 147 {"Undefined index: ffmpeg":8} []
[2016-06-29 19:46:44] error.WARNING: 8 IN FILE /Users/zhouhong/xianrou/yaframe/application/Bootstrap.php ON LINE 148 {"Undefined index: ffprobe":8} []
[2016-06-29 19:46:44] error.ERROR: 8 IN FILE /Users/zhouhong/xianrou/yaframe/application/Bootstrap.php ON LINE 148 {"Undefined index: ffprobe":8} []
[2016-06-29 19:46:44] error.WARNING: 8 IN FILE /Users/zhouhong/xianrou/yaframe/library/Http/BasicRequest.php ON LINE 66 {"Undefined index: HTTP_TOKEN":8} []
[2016-06-29 19:46:44] error.ERROR: 8 IN FILE /Users/zhouhong/xianrou/yaframe/library/Http/BasicRequest.php ON LINE 66 {"Undefined index: HTTP_TOKEN":8} []
[2016-06-29 19:46:44] error.WARNING: 8 IN FILE /Users/zhouhong/xianrou/yaframe/library/Http/BasicRequest.php ON LINE 67 {"Undefined index: HTTP_SIGN":8} []
[2016-06-29 19:46:44] error.ERROR: 8 IN FILE /Users/zhouhong/xianrou/yaframe/library/Http/BasicRequest.php ON LINE 67 {"Undefined index: HTTP_SIGN":8} []
[2016-06-29 19:46:44] error.WARNING: 8 IN FILE /Users/zhouhong/xianrou/yaframe/library/Http/BasicRequest.php ON LINE 68 {"Undefined index: HTTP_VERSION":8} []
[2016-06-29 19:46:44] error.ERROR: 8 IN FILE /Users/zhouhong/xianrou/yaframe/library/Http/BasicRequest.php ON LINE 68 {"Undefined index: HTTP_VERSION":8} []
[2016-06-29 19:46:44] error.WARNING: 8 IN FILE /Users/zhouhong/xianrou/yaframe/library/Http/BasicRequest.php ON LINE 69 {"Undefined index: HTTP_TIMESTAMP":8} []
[2016-06-29 19:46:44] error.ERROR: 8 IN FILE /Users/zhouhong/xianrou/yaframe/library/Http/BasicRequest.php ON LINE 69 {"Undefined index: HTTP_TIMESTAMP":8} []
[2016-06-29 19:46:44] error.WARNING: 8 IN FILE /Users/zhouhong/xianrou/yaframe/application/models/Core/CommonRegion.php ON LINE 24 {"Undefined variable: name":8} []
[2016-06-29 19:46:44] error.ERROR: 8 IN FILE /Users/zhouhong/xianrou/yaframe/application/models/Core/CommonRegion.php ON LINE 24 {"Undefined variable: name":8} []
[2016-06-29 19:46:44] error.WARNING: 2 IN FILE /Users/zhouhong/xianrou/yaframe/application/models/Account/AccountData.php ON LINE 67 {"array_intersect_key(): Argument #2 is not an array":2} []
[2016-06-29 19:46:44] error.ERROR: 2 IN FILE /Users/zhouhong/xianrou/yaframe/application/models/Account/AccountData.php ON LINE 67 {"array_intersect_key(): Argument #2 is not an array":2} []
[2016-06-29 19:46:44] error.WARNING: 2 IN FILE /Users/zhouhong/xianrou/yaframe/application/models/Account/AccountData.php ON LINE 68 {"array_merge(): Argument #1 is not an array":2} []
[2016-06-29 19:46:44] error.ERROR: 2 IN FILE /Users/zhouhong/xianrou/yaframe/application/models/Account/AccountData.php ON LINE 68 {"array_merge(): Argument #1 is not an array":2} []
[2016-06-29 19:46:44] error.WARNING: 8 IN FILE /Users/zhouhong/xianrou/yaframe/application/modules/User/controllers/Userinfo.php ON LINE 148 {"Undefined index: user_id":8} []
[2016-06-29 19:46:44] error.ERROR: 8 IN FILE /Users/zhouhong/xianrou/yaframe/application/modules/User/controllers/Userinfo.php ON LINE 148 {"Undefined index: user_id":8} []
[2016-06-29 19:46:44] error.WARNING: 8 IN FILE /Users/zhouhong/xianrou/yaframe/application/modules/User/controllers/Userinfo.php ON LINE 153 {"Undefined index: user_id":8} []
[2016-06-29 19:46:44] error.ERROR: 8 IN FILE /Users/zhouhong/xianrou/yaframe/application/modules/User/controllers/Userinfo.php ON LINE 153 {"Undefined index: user_id":8} []
[2016-06-29 19:46:44] error.WARNING: 8 IN FILE /Users/zhouhong/xianrou/yaframe/application/modules/User/controllers/Userinfo.php ON LINE 155 {"Undefined index: user_id":8} []
[2016-06-29 19:46:44] error.ERROR: 8 IN FILE /Users/zhouhong/xianrou/yaframe/application/modules/User/controllers/Userinfo.php ON LINE 155 {"Undefined index: user_id":8} []
[2016-06-29 19:46:44] error.WARNING: 8 IN FILE /Users/zhouhong/xianrou/yaframe/application/Bootstrap.php ON LINE 147 {"Undefined index: ffmpeg":8} []
[2016-06-29 19:46:44] error.ERROR: 8 IN FILE /Users/zhouhong/xianrou/yaframe/application/Bootstrap.php ON LINE 147 {"Undefined index: ffmpeg":8} []
[2016-06-29 19:46:44] error.WARNING: 8 IN FILE /Users/zhouhong/xianrou/yaframe/application/Bootstrap.php ON LINE 148 {"Undefined index: ffprobe":8} []
[2016-06-29 19:46:44] error.ERROR: 8 IN FILE /Users/zhouhong/xianrou/yaframe/application/Bootstrap.php ON LINE 148 {"Undefined index: ffprobe":8} []
[2016-06-29 19:46:44] error.WARNING: 8 IN FILE /Users/zhouhong/xianrou/yaframe/library/Http/BasicRequest.php ON LINE 66 {"Undefined index: HTTP_TOKEN":8} []
[2016-06-29 19:46:44] error.ERROR: 8 IN FILE /Users/zhouhong/xianrou/yaframe/library/Http/BasicRequest.php ON LINE 66 {"Undefined index: HTTP_TOKEN":8} []
[2016-06-29 19:46:44] error.WARNING: 8 IN FILE /Users/zhouhong/xianrou/yaframe/library/Http/BasicRequest.php ON LINE 67 {"Undefined index: HTTP_SIGN":8} []
[2016-06-29 19:46:44] error.ERROR: 8 IN FILE /Users/zhouhong/xianrou/yaframe/library/Http/BasicRequest.php ON LINE 67 {"Undefined index: HTTP_SIGN":8} []
[2016-06-29 19:46:44] error.WARNING: 8 IN FILE /Users/zhouhong/xianrou/yaframe/library/Http/BasicRequest.php ON LINE 68 {"Undefined index: HTTP_VERSION":8} []
[2016-06-29 19:46:44] error.ERROR: 8 IN FILE /Users/zhouhong/xianrou/yaframe/library/Http/BasicRequest.php ON LINE 68 {"Undefined index: HTTP_VERSION":8} []
[2016-06-29 19:46:44] error.WARNING: 8 IN FILE /Users/zhouhong/xianrou/yaframe/library/Http/BasicRequest.php ON LINE 69 {"Undefined index: HTTP_TIMESTAMP":8} []
[2016-06-29 19:46:44] error.ERROR: 8 IN FILE /Users/zhouhong/xianrou/yaframe/library/Http/BasicRequest.php ON LINE 69 {"Undefined index: HTTP_TIMESTAMP":8} []
[2016-06-29 19:46:44] error.WARNING: 8 IN FILE /Users/zhouhong/xianrou/yaframe/application/models/Core/CommonRegion.php ON LINE 24 {"Undefined variable: name":8} []
[2016-06-29 19:46:44] error.ERROR: 8 IN FILE /Users/zhouhong/xianrou/yaframe/application/models/Core/CommonRegion.php ON LINE 24 {"Undefined variable: name":8} []
[2016-06-29 19:46:44] error.WARNING: 2 IN FILE /Users/zhouhong/xianrou/yaframe/application/models/Account/AccountData.php ON LINE 67 {"array_intersect_key(): Argument #2 is not an array":2} []
[2016-06-29 19:46:44] error.ERROR: 2 IN FILE /Users/zhouhong/xianrou/yaframe/application/models/Account/AccountData.php ON LINE 67 {"array_intersect_key(): Argument #2 is not an array":2} []
[2016-06-29 19:46:44] error.WARNING: 2 IN FILE /Users/zhouhong/xianrou/yaframe/application/models/Account/AccountData.php ON LINE 68 {"array_merge(): Argument #1 is not an array":2} []
[2016-06-29 19:46:44] error.ERROR: 2 IN FILE /Users/zhouhong/xianrou/yaframe/application/models/Account/AccountData.php ON LINE 68 {"array_merge(): Argument #1 is not an array":2} []
