[2016-06-22 11:00:06] error.WARNING: 8 IN FILE /Users/zhouhong/xianrou/yaframe/library/Http/BasicRequest.php ON LINE 67 {"Undefined index: HTTP_SIGN":8} []
[2016-06-22 11:00:06] error.ERROR: 8 IN FILE /Users/zhouhong/xianrou/yaframe/library/Http/BasicRequest.php ON LINE 67 {"Undefined index: HTTP_SIGN":8} []
[2016-06-22 11:00:06] error.WARNING: 8 IN FILE /Users/zhouhong/xianrou/yaframe/library/Http/BasicRequest.php ON LINE 68 {"Undefined index: HTTP_VERSION":8} []
[2016-06-22 11:00:06] error.ERROR: 8 IN FILE /Users/zhouhong/xianrou/yaframe/library/Http/BasicRequest.php ON LINE 68 {"Undefined index: HTTP_VERSION":8} []
[2016-06-22 11:00:06] error.WARNING: 8 IN FILE /Users/zhouhong/xianrou/yaframe/library/Http/BasicRequest.php ON LINE 69 {"Undefined index: HTTP_TIMESTAMP":8} []
[2016-06-22 11:00:06] error.ERROR: 8 IN FILE /Users/zhouhong/xianrou/yaframe/library/Http/BasicRequest.php ON LINE 69 {"Undefined index: HTTP_TIMESTAMP":8} []
[2016-06-22 11:01:01] error.WARNING: 8 IN FILE /Users/zhouhong/xianrou/yaframe/library/Http/BasicRequest.php ON LINE 66 {"Undefined index: HTTP_TOKEN":8} []
[2016-06-22 11:01:01] error.ERROR: 8 IN FILE /Users/zhouhong/xianrou/yaframe/library/Http/BasicRequest.php ON LINE 66 {"Undefined index: HTTP_TOKEN":8} []
[2016-06-22 11:01:01] error.WARNING: 8 IN FILE /Users/zhouhong/xianrou/yaframe/library/Http/BasicRequest.php ON LINE 67 {"Undefined index: HTTP_SIGN":8} []
[2016-06-22 11:01:01] error.ERROR: 8 IN FILE /Users/zhouhong/xianrou/yaframe/library/Http/BasicRequest.php ON LINE 67 {"Undefined index: HTTP_SIGN":8} []
[2016-06-22 11:01:01] error.WARNING: 8 IN FILE /Users/zhouhong/xianrou/yaframe/library/Http/BasicRequest.php ON LINE 68 {"Undefined index: HTTP_VERSION":8} []
[2016-06-22 11:01:01] error.ERROR: 8 IN FILE /Users/zhouhong/xianrou/yaframe/library/Http/BasicRequest.php ON LINE 68 {"Undefined index: HTTP_VERSION":8} []
[2016-06-22 11:01:01] error.WARNING: 8 IN FILE /Users/zhouhong/xianrou/yaframe/library/Http/BasicRequest.php ON LINE 69 {"Undefined index: HTTP_TIMESTAMP":8} []
[2016-06-22 11:01:01] error.ERROR: 8 IN FILE /Users/zhouhong/xianrou/yaframe/library/Http/BasicRequest.php ON LINE 69 {"Undefined index: HTTP_TIMESTAMP":8} []
[2016-06-22 11:01:01] error.WARNING: 8 IN FILE /Users/zhouhong/xianrou/yaframe/library/Http/BasicRequest.php ON LINE 66 {"Undefined index: HTTP_TOKEN":8} []
[2016-06-22 11:01:01] error.ERROR: 8 IN FILE /Users/zhouhong/xianrou/yaframe/library/Http/BasicRequest.php ON LINE 66 {"Undefined index: HTTP_TOKEN":8} []
[2016-06-22 11:01:01] error.WARNING: 8 IN FILE /Users/zhouhong/xianrou/yaframe/library/Http/BasicRequest.php ON LINE 67 {"Undefined index: HTTP_SIGN":8} []
[2016-06-22 11:01:01] error.ERROR: 8 IN FILE /Users/zhouhong/xianrou/yaframe/library/Http/BasicRequest.php ON LINE 67 {"Undefined index: HTTP_SIGN":8} []
[2016-06-22 11:01:01] error.WARNING: 8 IN FILE /Users/zhouhong/xianrou/yaframe/library/Http/BasicRequest.php ON LINE 68 {"Undefined index: HTTP_VERSION":8} []
[2016-06-22 11:01:01] error.ERROR: 8 IN FILE /Users/zhouhong/xianrou/yaframe/library/Http/BasicRequest.php ON LINE 68 {"Undefined index: HTTP_VERSION":8} []
[2016-06-22 11:01:01] error.WARNING: 8 IN FILE /Users/zhouhong/xianrou/yaframe/library/Http/BasicRequest.php ON LINE 69 {"Undefined index: HTTP_TIMESTAMP":8} []
[2016-06-22 11:01:01] error.ERROR: 8 IN FILE /Users/zhouhong/xianrou/yaframe/library/Http/BasicRequest.php ON LINE 69 {"Undefined index: HTTP_TIMESTAMP":8} []
[2016-06-22 11:01:02] error.WARNING: 8 IN FILE /Users/zhouhong/xianrou/yaframe/library/Http/BasicRequest.php ON LINE 66 {"Undefined index: HTTP_TOKEN":8} []
[2016-06-22 11:01:02] error.ERROR: 8 IN FILE /Users/zhouhong/xianrou/yaframe/library/Http/BasicRequest.php ON LINE 66 {"Undefined index: HTTP_TOKEN":8} []
[2016-06-22 11:01:02] error.WARNING: 8 IN FILE /Users/zhouhong/xianrou/yaframe/library/Http/BasicRequest.php ON LINE 67 {"Undefined index: HTTP_SIGN":8} []
[2016-06-22 11:01:02] error.ERROR: 8 IN FILE /Users/zhouhong/xianrou/yaframe/library/Http/BasicRequest.php ON LINE 67 {"Undefined index: HTTP_SIGN":8} []
[2016-06-22 11:01:02] error.WARNING: 8 IN FILE /Users/zhouhong/xianrou/yaframe/library/Http/BasicRequest.php ON LINE 68 {"Undefined index: HTTP_VERSION":8} []
[2016-06-22 11:01:02] error.ERROR: 8 IN FILE /Users/zhouhong/xianrou/yaframe/library/Http/BasicRequest.php ON LINE 68 {"Undefined index: HTTP_VERSION":8} []
[2016-06-22 11:01:02] error.WARNING: 8 IN FILE /Users/zhouhong/xianrou/yaframe/library/Http/BasicRequest.php ON LINE 69 {"Undefined index: HTTP_TIMESTAMP":8} []
[2016-06-22 11:01:02] error.ERROR: 8 IN FILE /Users/zhouhong/xianrou/yaframe/library/Http/BasicRequest.php ON LINE 69 {"Undefined index: HTTP_TIMESTAMP":8} []
[2016-06-22 11:01:02] error.WARNING: 8 IN FILE /Users/zhouhong/xianrou/yaframe/library/Http/BasicRequest.php ON LINE 66 {"Undefined index: HTTP_TOKEN":8} []
[2016-06-22 11:01:02] error.ERROR: 8 IN FILE /Users/zhouhong/xianrou/yaframe/library/Http/BasicRequest.php ON LINE 66 {"Undefined index: HTTP_TOKEN":8} []
[2016-06-22 11:01:02] error.WARNING: 8 IN FILE /Users/zhouhong/xianrou/yaframe/library/Http/BasicRequest.php ON LINE 67 {"Undefined index: HTTP_SIGN":8} []
[2016-06-22 11:01:02] error.ERROR: 8 IN FILE /Users/zhouhong/xianrou/yaframe/library/Http/BasicRequest.php ON LINE 67 {"Undefined index: HTTP_SIGN":8} []
[2016-06-22 11:01:02] error.WARNING: 8 IN FILE /Users/zhouhong/xianrou/yaframe/library/Http/BasicRequest.php ON LINE 68 {"Undefined index: HTTP_VERSION":8} []
[2016-06-22 11:01:02] error.ERROR: 8 IN FILE /Users/zhouhong/xianrou/yaframe/library/Http/BasicRequest.php ON LINE 68 {"Undefined index: HTTP_VERSION":8} []
[2016-06-22 11:01:02] error.WARNING: 8 IN FILE /Users/zhouhong/xianrou/yaframe/library/Http/BasicRequest.php ON LINE 69 {"Undefined index: HTTP_TIMESTAMP":8} []
[2016-06-22 11:01:02] error.ERROR: 8 IN FILE /Users/zhouhong/xianrou/yaframe/library/Http/BasicRequest.php ON LINE 69 {"Undefined index: HTTP_TIMESTAMP":8} []
[2016-06-22 11:01:12] error.WARNING: 8 IN FILE /Users/zhouhong/xianrou/yaframe/library/Http/BasicRequest.php ON LINE 67 {"Undefined index: HTTP_SIGN":8} []
[2016-06-22 11:01:12] error.ERROR: 8 IN FILE /Users/zhouhong/xianrou/yaframe/library/Http/BasicRequest.php ON LINE 67 {"Undefined index: HTTP_SIGN":8} []
[2016-06-22 11:01:12] error.WARNING: 8 IN FILE /Users/zhouhong/xianrou/yaframe/library/Http/BasicRequest.php ON LINE 68 {"Undefined index: HTTP_VERSION":8} []
[2016-06-22 11:01:12] error.ERROR: 8 IN FILE /Users/zhouhong/xianrou/yaframe/library/Http/BasicRequest.php ON LINE 68 {"Undefined index: HTTP_VERSION":8} []
[2016-06-22 11:01:12] error.WARNING: 8 IN FILE /Users/zhouhong/xianrou/yaframe/library/Http/BasicRequest.php ON LINE 69 {"Undefined index: HTTP_TIMESTAMP":8} []
[2016-06-22 11:01:12] error.ERROR: 8 IN FILE /Users/zhouhong/xianrou/yaframe/library/Http/BasicRequest.php ON LINE 69 {"Undefined index: HTTP_TIMESTAMP":8} []
[2016-06-22 11:01:12] error.WARNING: 8 IN FILE /Users/zhouhong/xianrou/yaframe/library/Http/BasicRequest.php ON LINE 67 {"Undefined index: HTTP_SIGN":8} []
[2016-06-22 11:01:12] error.ERROR: 8 IN FILE /Users/zhouhong/xianrou/yaframe/library/Http/BasicRequest.php ON LINE 67 {"Undefined index: HTTP_SIGN":8} []
[2016-06-22 11:01:12] error.WARNING: 8 IN FILE /Users/zhouhong/xianrou/yaframe/library/Http/BasicRequest.php ON LINE 68 {"Undefined index: HTTP_VERSION":8} []
[2016-06-22 11:01:12] error.ERROR: 8 IN FILE /Users/zhouhong/xianrou/yaframe/library/Http/BasicRequest.php ON LINE 68 {"Undefined index: HTTP_VERSION":8} []
[2016-06-22 11:01:12] error.WARNING: 8 IN FILE /Users/zhouhong/xianrou/yaframe/library/Http/BasicRequest.php ON LINE 69 {"Undefined index: HTTP_TIMESTAMP":8} []
[2016-06-22 11:01:12] error.ERROR: 8 IN FILE /Users/zhouhong/xianrou/yaframe/library/Http/BasicRequest.php ON LINE 69 {"Undefined index: HTTP_TIMESTAMP":8} []
[2016-06-22 11:02:16] error.WARNING: 8 IN FILE /Users/zhouhong/xianrou/yaframe/library/Http/BasicRequest.php ON LINE 67 {"Undefined index: HTTP_SIGN":8} []
[2016-06-22 11:02:16] error.ERROR: 8 IN FILE /Users/zhouhong/xianrou/yaframe/library/Http/BasicRequest.php ON LINE 67 {"Undefined index: HTTP_SIGN":8} []
[2016-06-22 11:02:16] error.WARNING: 8 IN FILE /Users/zhouhong/xianrou/yaframe/library/Http/BasicRequest.php ON LINE 68 {"Undefined index: HTTP_VERSION":8} []
[2016-06-22 11:02:16] error.ERROR: 8 IN FILE /Users/zhouhong/xianrou/yaframe/library/Http/BasicRequest.php ON LINE 68 {"Undefined index: HTTP_VERSION":8} []
[2016-06-22 11:02:16] error.WARNING: 8 IN FILE /Users/zhouhong/xianrou/yaframe/library/Http/BasicRequest.php ON LINE 69 {"Undefined index: HTTP_TIMESTAMP":8} []
[2016-06-22 11:02:16] error.ERROR: 8 IN FILE /Users/zhouhong/xianrou/yaframe/library/Http/BasicRequest.php ON LINE 69 {"Undefined index: HTTP_TIMESTAMP":8} []
[2016-06-22 11:04:12] error.WARNING: 8 IN FILE /Users/zhouhong/xianrou/yaframe/library/Http/BasicRequest.php ON LINE 66 {"Undefined index: HTTP_TOKEN":8} []
[2016-06-22 11:04:12] error.ERROR: 8 IN FILE /Users/zhouhong/xianrou/yaframe/library/Http/BasicRequest.php ON LINE 66 {"Undefined index: HTTP_TOKEN":8} []
[2016-06-22 11:04:12] error.WARNING: 8 IN FILE /Users/zhouhong/xianrou/yaframe/library/Http/BasicRequest.php ON LINE 67 {"Undefined index: HTTP_SIGN":8} []
[2016-06-22 11:04:12] error.ERROR: 8 IN FILE /Users/zhouhong/xianrou/yaframe/library/Http/BasicRequest.php ON LINE 67 {"Undefined index: HTTP_SIGN":8} []
[2016-06-22 11:04:12] error.WARNING: 8 IN FILE /Users/zhouhong/xianrou/yaframe/library/Http/BasicRequest.php ON LINE 68 {"Undefined index: HTTP_VERSION":8} []
[2016-06-22 11:04:12] error.ERROR: 8 IN FILE /Users/zhouhong/xianrou/yaframe/library/Http/BasicRequest.php ON LINE 68 {"Undefined index: HTTP_VERSION":8} []
[2016-06-22 11:04:12] error.WARNING: 8 IN FILE /Users/zhouhong/xianrou/yaframe/library/Http/BasicRequest.php ON LINE 69 {"Undefined index: HTTP_TIMESTAMP":8} []
[2016-06-22 11:04:12] error.ERROR: 8 IN FILE /Users/zhouhong/xianrou/yaframe/library/Http/BasicRequest.php ON LINE 69 {"Undefined index: HTTP_TIMESTAMP":8} []
[2016-06-22 11:04:12] error.WARNING: 8 IN FILE /Users/zhouhong/xianrou/yaframe/library/Http/BasicRequest.php ON LINE 66 {"Undefined index: HTTP_TOKEN":8} []
[2016-06-22 11:04:12] error.ERROR: 8 IN FILE /Users/zhouhong/xianrou/yaframe/library/Http/BasicRequest.php ON LINE 66 {"Undefined index: HTTP_TOKEN":8} []
[2016-06-22 11:04:12] error.WARNING: 8 IN FILE /Users/zhouhong/xianrou/yaframe/library/Http/BasicRequest.php ON LINE 67 {"Undefined index: HTTP_SIGN":8} []
[2016-06-22 11:04:12] error.ERROR: 8 IN FILE /Users/zhouhong/xianrou/yaframe/library/Http/BasicRequest.php ON LINE 67 {"Undefined index: HTTP_SIGN":8} []
[2016-06-22 11:04:12] error.WARNING: 8 IN FILE /Users/zhouhong/xianrou/yaframe/library/Http/BasicRequest.php ON LINE 68 {"Undefined index: HTTP_VERSION":8} []
[2016-06-22 11:04:12] error.ERROR: 8 IN FILE /Users/zhouhong/xianrou/yaframe/library/Http/BasicRequest.php ON LINE 68 {"Undefined index: HTTP_VERSION":8} []
[2016-06-22 11:04:12] error.WARNING: 8 IN FILE /Users/zhouhong/xianrou/yaframe/library/Http/BasicRequest.php ON LINE 69 {"Undefined index: HTTP_TIMESTAMP":8} []
[2016-06-22 11:04:12] error.ERROR: 8 IN FILE /Users/zhouhong/xianrou/yaframe/library/Http/BasicRequest.php ON LINE 69 {"Undefined index: HTTP_TIMESTAMP":8} []
[2016-06-22 11:06:48] error.WARNING: 8 IN FILE /Users/zhouhong/xianrou/yaframe/library/Http/BasicRequest.php ON LINE 66 {"Undefined index: HTTP_TOKEN":8} []
[2016-06-22 11:06:48] error.ERROR: 8 IN FILE /Users/zhouhong/xianrou/yaframe/library/Http/BasicRequest.php ON LINE 66 {"Undefined index: HTTP_TOKEN":8} []
[2016-06-22 11:06:48] error.WARNING: 8 IN FILE /Users/zhouhong/xianrou/yaframe/library/Http/BasicRequest.php ON LINE 67 {"Undefined index: HTTP_SIGN":8} []
[2016-06-22 11:06:48] error.ERROR: 8 IN FILE /Users/zhouhong/xianrou/yaframe/library/Http/BasicRequest.php ON LINE 67 {"Undefined index: HTTP_SIGN":8} []
[2016-06-22 11:06:48] error.WARNING: 8 IN FILE /Users/zhouhong/xianrou/yaframe/library/Http/BasicRequest.php ON LINE 68 {"Undefined index: HTTP_VERSION":8} []
[2016-06-22 11:06:48] error.ERROR: 8 IN FILE /Users/zhouhong/xianrou/yaframe/library/Http/BasicRequest.php ON LINE 68 {"Undefined index: HTTP_VERSION":8} []
[2016-06-22 11:06:48] error.WARNING: 8 IN FILE /Users/zhouhong/xianrou/yaframe/library/Http/BasicRequest.php ON LINE 69 {"Undefined index: HTTP_TIMESTAMP":8} []
[2016-06-22 11:06:48] error.ERROR: 8 IN FILE /Users/zhouhong/xianrou/yaframe/library/Http/BasicRequest.php ON LINE 69 {"Undefined index: HTTP_TIMESTAMP":8} []
[2016-06-22 11:06:48] error.WARNING: 8 IN FILE /Users/zhouhong/xianrou/yaframe/library/Http/BasicRequest.php ON LINE 66 {"Undefined index: HTTP_TOKEN":8} []
[2016-06-22 11:06:48] error.ERROR: 8 IN FILE /Users/zhouhong/xianrou/yaframe/library/Http/BasicRequest.php ON LINE 66 {"Undefined index: HTTP_TOKEN":8} []
[2016-06-22 11:06:48] error.WARNING: 8 IN FILE /Users/zhouhong/xianrou/yaframe/library/Http/BasicRequest.php ON LINE 67 {"Undefined index: HTTP_SIGN":8} []
[2016-06-22 11:06:48] error.ERROR: 8 IN FILE /Users/zhouhong/xianrou/yaframe/library/Http/BasicRequest.php ON LINE 67 {"Undefined index: HTTP_SIGN":8} []
[2016-06-22 11:06:48] error.WARNING: 8 IN FILE /Users/zhouhong/xianrou/yaframe/library/Http/BasicRequest.php ON LINE 68 {"Undefined index: HTTP_VERSION":8} []
[2016-06-22 11:06:48] error.ERROR: 8 IN FILE /Users/zhouhong/xianrou/yaframe/library/Http/BasicRequest.php ON LINE 68 {"Undefined index: HTTP_VERSION":8} []
[2016-06-22 11:06:48] error.WARNING: 8 IN FILE /Users/zhouhong/xianrou/yaframe/library/Http/BasicRequest.php ON LINE 69 {"Undefined index: HTTP_TIMESTAMP":8} []
[2016-06-22 11:06:48] error.ERROR: 8 IN FILE /Users/zhouhong/xianrou/yaframe/library/Http/BasicRequest.php ON LINE 69 {"Undefined index: HTTP_TIMESTAMP":8} []
[2016-06-22 11:06:48] error.WARNING: [1004:参数错误]	[/Users/zhouhong/xianrou/yaframe/application/controllers/Error.php:17] [] []
[2016-06-22 11:06:48] error.ERROR: [1004:参数错误]	[/Users/zhouhong/xianrou/yaframe/application/controllers/Error.php:17] [] []
[2016-06-22 11:06:58] error.WARNING: 8 IN FILE /Users/zhouhong/xianrou/yaframe/library/Http/BasicRequest.php ON LINE 66 {"Undefined index: HTTP_TOKEN":8} []
[2016-06-22 11:06:58] error.ERROR: 8 IN FILE /Users/zhouhong/xianrou/yaframe/library/Http/BasicRequest.php ON LINE 66 {"Undefined index: HTTP_TOKEN":8} []
[2016-06-22 11:06:58] error.WARNING: 8 IN FILE /Users/zhouhong/xianrou/yaframe/library/Http/BasicRequest.php ON LINE 67 {"Undefined index: HTTP_SIGN":8} []
[2016-06-22 11:06:58] error.ERROR: 8 IN FILE /Users/zhouhong/xianrou/yaframe/library/Http/BasicRequest.php ON LINE 67 {"Undefined index: HTTP_SIGN":8} []
[2016-06-22 11:06:58] error.WARNING: 8 IN FILE /Users/zhouhong/xianrou/yaframe/library/Http/BasicRequest.php ON LINE 68 {"Undefined index: HTTP_VERSION":8} []
[2016-06-22 11:06:58] error.ERROR: 8 IN FILE /Users/zhouhong/xianrou/yaframe/library/Http/BasicRequest.php ON LINE 68 {"Undefined index: HTTP_VERSION":8} []
[2016-06-22 11:06:58] error.WARNING: 8 IN FILE /Users/zhouhong/xianrou/yaframe/library/Http/BasicRequest.php ON LINE 69 {"Undefined index: HTTP_TIMESTAMP":8} []
[2016-06-22 11:06:58] error.ERROR: 8 IN FILE /Users/zhouhong/xianrou/yaframe/library/Http/BasicRequest.php ON LINE 69 {"Undefined index: HTTP_TIMESTAMP":8} []
[2016-06-22 11:06:58] error.WARNING: 8192 IN FILE /Users/zhouhong/xianrou/yaframe/application/models/Social/Comment.php ON LINE 72 {"Non-static method Illuminate\\Database\\Eloquent\\Model::update() should not be called statically":8192} []
[2016-06-22 11:06:58] error.ERROR: 8192 IN FILE /Users/zhouhong/xianrou/yaframe/application/models/Social/Comment.php ON LINE 72 {"Non-static method Illuminate\\Database\\Eloquent\\Model::update() should not be called statically":8192} []
[2016-06-22 11:10:36] error.WARNING: 8 IN FILE /Users/zhouhong/xianrou/yaframe/library/Http/BasicRequest.php ON LINE 66 {"Undefined index: HTTP_TOKEN":8} []
[2016-06-22 11:10:36] error.ERROR: 8 IN FILE /Users/zhouhong/xianrou/yaframe/library/Http/BasicRequest.php ON LINE 66 {"Undefined index: HTTP_TOKEN":8} []
[2016-06-22 11:10:36] error.WARNING: 8 IN FILE /Users/zhouhong/xianrou/yaframe/library/Http/BasicRequest.php ON LINE 67 {"Undefined index: HTTP_SIGN":8} []
[2016-06-22 11:10:36] error.ERROR: 8 IN FILE /Users/zhouhong/xianrou/yaframe/library/Http/BasicRequest.php ON LINE 67 {"Undefined index: HTTP_SIGN":8} []
[2016-06-22 11:10:36] error.WARNING: 8 IN FILE /Users/zhouhong/xianrou/yaframe/library/Http/BasicRequest.php ON LINE 68 {"Undefined index: HTTP_VERSION":8} []
[2016-06-22 11:10:36] error.ERROR: 8 IN FILE /Users/zhouhong/xianrou/yaframe/library/Http/BasicRequest.php ON LINE 68 {"Undefined index: HTTP_VERSION":8} []
[2016-06-22 11:10:36] error.WARNING: 8 IN FILE /Users/zhouhong/xianrou/yaframe/library/Http/BasicRequest.php ON LINE 69 {"Undefined index: HTTP_TIMESTAMP":8} []
[2016-06-22 11:10:36] error.ERROR: 8 IN FILE /Users/zhouhong/xianrou/yaframe/library/Http/BasicRequest.php ON LINE 69 {"Undefined index: HTTP_TIMESTAMP":8} []
[2016-06-22 11:11:15] error.WARNING: 8 IN FILE /Users/zhouhong/xianrou/yaframe/library/Http/BasicRequest.php ON LINE 66 {"Undefined index: HTTP_TOKEN":8} []
[2016-06-22 11:11:15] error.ERROR: 8 IN FILE /Users/zhouhong/xianrou/yaframe/library/Http/BasicRequest.php ON LINE 66 {"Undefined index: HTTP_TOKEN":8} []
[2016-06-22 11:11:15] error.WARNING: 8 IN FILE /Users/zhouhong/xianrou/yaframe/library/Http/BasicRequest.php ON LINE 67 {"Undefined index: HTTP_SIGN":8} []
[2016-06-22 11:11:15] error.ERROR: 8 IN FILE /Users/zhouhong/xianrou/yaframe/library/Http/BasicRequest.php ON LINE 67 {"Undefined index: HTTP_SIGN":8} []
[2016-06-22 11:11:15] error.WARNING: 8 IN FILE /Users/zhouhong/xianrou/yaframe/library/Http/BasicRequest.php ON LINE 68 {"Undefined index: HTTP_VERSION":8} []
[2016-06-22 11:11:15] error.ERROR: 8 IN FILE /Users/zhouhong/xianrou/yaframe/library/Http/BasicRequest.php ON LINE 68 {"Undefined index: HTTP_VERSION":8} []
[2016-06-22 11:11:15] error.WARNING: 8 IN FILE /Users/zhouhong/xianrou/yaframe/library/Http/BasicRequest.php ON LINE 69 {"Undefined index: HTTP_TIMESTAMP":8} []
[2016-06-22 11:11:15] error.ERROR: 8 IN FILE /Users/zhouhong/xianrou/yaframe/library/Http/BasicRequest.php ON LINE 69 {"Undefined index: HTTP_TIMESTAMP":8} []
[2016-06-22 11:12:08] error.WARNING: 8 IN FILE /Users/zhouhong/xianrou/yaframe/library/Http/BasicRequest.php ON LINE 66 {"Undefined index: HTTP_TOKEN":8} []
[2016-06-22 11:12:08] error.ERROR: 8 IN FILE /Users/zhouhong/xianrou/yaframe/library/Http/BasicRequest.php ON LINE 66 {"Undefined index: HTTP_TOKEN":8} []
[2016-06-22 11:12:08] error.WARNING: 8 IN FILE /Users/zhouhong/xianrou/yaframe/library/Http/BasicRequest.php ON LINE 67 {"Undefined index: HTTP_SIGN":8} []
[2016-06-22 11:12:08] error.ERROR: 8 IN FILE /Users/zhouhong/xianrou/yaframe/library/Http/BasicRequest.php ON LINE 67 {"Undefined index: HTTP_SIGN":8} []
[2016-06-22 11:12:08] error.WARNING: 8 IN FILE /Users/zhouhong/xianrou/yaframe/library/Http/BasicRequest.php ON LINE 68 {"Undefined index: HTTP_VERSION":8} []
[2016-06-22 11:12:08] error.ERROR: 8 IN FILE /Users/zhouhong/xianrou/yaframe/library/Http/BasicRequest.php ON LINE 68 {"Undefined index: HTTP_VERSION":8} []
[2016-06-22 11:12:08] error.WARNING: 8 IN FILE /Users/zhouhong/xianrou/yaframe/library/Http/BasicRequest.php ON LINE 69 {"Undefined index: HTTP_TIMESTAMP":8} []
[2016-06-22 11:12:08] error.ERROR: 8 IN FILE /Users/zhouhong/xianrou/yaframe/library/Http/BasicRequest.php ON LINE 69 {"Undefined index: HTTP_TIMESTAMP":8} []
[2016-06-22 11:12:08] error.WARNING: 8192 IN FILE /Users/zhouhong/xianrou/yaframe/application/models/Social/Comment.php ON LINE 67 {"Non-static method Illuminate\\Database\\Eloquent\\Model::update() should not be called statically":8192} []
[2016-06-22 11:12:08] error.ERROR: 8192 IN FILE /Users/zhouhong/xianrou/yaframe/application/models/Social/Comment.php ON LINE 67 {"Non-static method Illuminate\\Database\\Eloquent\\Model::update() should not be called statically":8192} []
[2016-06-22 11:12:36] error.WARNING: 8 IN FILE /Users/zhouhong/xianrou/yaframe/library/Http/BasicRequest.php ON LINE 66 {"Undefined index: HTTP_TOKEN":8} []
[2016-06-22 11:12:36] error.ERROR: 8 IN FILE /Users/zhouhong/xianrou/yaframe/library/Http/BasicRequest.php ON LINE 66 {"Undefined index: HTTP_TOKEN":8} []
[2016-06-22 11:12:36] error.WARNING: 8 IN FILE /Users/zhouhong/xianrou/yaframe/library/Http/BasicRequest.php ON LINE 67 {"Undefined index: HTTP_SIGN":8} []
[2016-06-22 11:12:36] error.ERROR: 8 IN FILE /Users/zhouhong/xianrou/yaframe/library/Http/BasicRequest.php ON LINE 67 {"Undefined index: HTTP_SIGN":8} []
[2016-06-22 11:12:36] error.WARNING: 8 IN FILE /Users/zhouhong/xianrou/yaframe/library/Http/BasicRequest.php ON LINE 68 {"Undefined index: HTTP_VERSION":8} []
[2016-06-22 11:12:36] error.ERROR: 8 IN FILE /Users/zhouhong/xianrou/yaframe/library/Http/BasicRequest.php ON LINE 68 {"Undefined index: HTTP_VERSION":8} []
[2016-06-22 11:12:36] error.WARNING: 8 IN FILE /Users/zhouhong/xianrou/yaframe/library/Http/BasicRequest.php ON LINE 69 {"Undefined index: HTTP_TIMESTAMP":8} []
[2016-06-22 11:12:36] error.ERROR: 8 IN FILE /Users/zhouhong/xianrou/yaframe/library/Http/BasicRequest.php ON LINE 69 {"Undefined index: HTTP_TIMESTAMP":8} []
[2016-06-22 11:17:25] error.WARNING: 8 IN FILE /Users/zhouhong/xianrou/yaframe/library/Http/BasicRequest.php ON LINE 66 {"Undefined index: HTTP_TOKEN":8} []
[2016-06-22 11:17:25] error.ERROR: 8 IN FILE /Users/zhouhong/xianrou/yaframe/library/Http/BasicRequest.php ON LINE 66 {"Undefined index: HTTP_TOKEN":8} []
[2016-06-22 11:17:25] error.WARNING: 8 IN FILE /Users/zhouhong/xianrou/yaframe/library/Http/BasicRequest.php ON LINE 67 {"Undefined index: HTTP_SIGN":8} []
[2016-06-22 11:17:25] error.ERROR: 8 IN FILE /Users/zhouhong/xianrou/yaframe/library/Http/BasicRequest.php ON LINE 67 {"Undefined index: HTTP_SIGN":8} []
[2016-06-22 11:17:25] error.WARNING: 8 IN FILE /Users/zhouhong/xianrou/yaframe/library/Http/BasicRequest.php ON LINE 68 {"Undefined index: HTTP_VERSION":8} []
[2016-06-22 11:17:25] error.ERROR: 8 IN FILE /Users/zhouhong/xianrou/yaframe/library/Http/BasicRequest.php ON LINE 68 {"Undefined index: HTTP_VERSION":8} []
[2016-06-22 11:17:25] error.WARNING: 8 IN FILE /Users/zhouhong/xianrou/yaframe/library/Http/BasicRequest.php ON LINE 69 {"Undefined index: HTTP_TIMESTAMP":8} []
[2016-06-22 11:17:25] error.ERROR: 8 IN FILE /Users/zhouhong/xianrou/yaframe/library/Http/BasicRequest.php ON LINE 69 {"Undefined index: HTTP_TIMESTAMP":8} []
[2016-06-22 11:17:25] error.WARNING: 8192 IN FILE /Users/zhouhong/xianrou/yaframe/application/models/Social/Comment.php ON LINE 80 {"Non-static method Illuminate\\Database\\Eloquent\\Model::update() should not be called statically":8192} []
[2016-06-22 11:17:25] error.ERROR: 8192 IN FILE /Users/zhouhong/xianrou/yaframe/application/models/Social/Comment.php ON LINE 80 {"Non-static method Illuminate\\Database\\Eloquent\\Model::update() should not be called statically":8192} []
[2016-06-22 11:17:54] error.WARNING: 8 IN FILE /Users/zhouhong/xianrou/yaframe/library/Http/BasicRequest.php ON LINE 66 {"Undefined index: HTTP_TOKEN":8} []
[2016-06-22 11:17:54] error.ERROR: 8 IN FILE /Users/zhouhong/xianrou/yaframe/library/Http/BasicRequest.php ON LINE 66 {"Undefined index: HTTP_TOKEN":8} []
[2016-06-22 11:17:54] error.WARNING: 8 IN FILE /Users/zhouhong/xianrou/yaframe/library/Http/BasicRequest.php ON LINE 67 {"Undefined index: HTTP_SIGN":8} []
[2016-06-22 11:17:54] error.ERROR: 8 IN FILE /Users/zhouhong/xianrou/yaframe/library/Http/BasicRequest.php ON LINE 67 {"Undefined index: HTTP_SIGN":8} []
[2016-06-22 11:17:54] error.WARNING: 8 IN FILE /Users/zhouhong/xianrou/yaframe/library/Http/BasicRequest.php ON LINE 68 {"Undefined index: HTTP_VERSION":8} []
[2016-06-22 11:17:54] error.ERROR: 8 IN FILE /Users/zhouhong/xianrou/yaframe/library/Http/BasicRequest.php ON LINE 68 {"Undefined index: HTTP_VERSION":8} []
[2016-06-22 11:17:54] error.WARNING: 8 IN FILE /Users/zhouhong/xianrou/yaframe/library/Http/BasicRequest.php ON LINE 69 {"Undefined index: HTTP_TIMESTAMP":8} []
[2016-06-22 11:17:54] error.ERROR: 8 IN FILE /Users/zhouhong/xianrou/yaframe/library/Http/BasicRequest.php ON LINE 69 {"Undefined index: HTTP_TIMESTAMP":8} []
[2016-06-22 11:17:54] error.WARNING: 8 IN FILE /Users/zhouhong/xianrou/yaframe/library/Http/BasicRequest.php ON LINE 66 {"Undefined index: HTTP_TOKEN":8} []
[2016-06-22 11:17:54] error.ERROR: 8 IN FILE /Users/zhouhong/xianrou/yaframe/library/Http/BasicRequest.php ON LINE 66 {"Undefined index: HTTP_TOKEN":8} []
[2016-06-22 11:17:54] error.WARNING: 8 IN FILE /Users/zhouhong/xianrou/yaframe/library/Http/BasicRequest.php ON LINE 67 {"Undefined index: HTTP_SIGN":8} []
[2016-06-22 11:17:54] error.ERROR: 8 IN FILE /Users/zhouhong/xianrou/yaframe/library/Http/BasicRequest.php ON LINE 67 {"Undefined index: HTTP_SIGN":8} []
[2016-06-22 11:17:54] error.WARNING: 8 IN FILE /Users/zhouhong/xianrou/yaframe/library/Http/BasicRequest.php ON LINE 68 {"Undefined index: HTTP_VERSION":8} []
[2016-06-22 11:17:54] error.ERROR: 8 IN FILE /Users/zhouhong/xianrou/yaframe/library/Http/BasicRequest.php ON LINE 68 {"Undefined index: HTTP_VERSION":8} []
[2016-06-22 11:17:54] error.WARNING: 8 IN FILE /Users/zhouhong/xianrou/yaframe/library/Http/BasicRequest.php ON LINE 69 {"Undefined index: HTTP_TIMESTAMP":8} []
[2016-06-22 11:17:54] error.ERROR: 8 IN FILE /Users/zhouhong/xianrou/yaframe/library/Http/BasicRequest.php ON LINE 69 {"Undefined index: HTTP_TIMESTAMP":8} []
[2016-06-22 11:21:21] error.WARNING: 8 IN FILE /Users/zhouhong/xianrou/yaframe/library/Http/BasicRequest.php ON LINE 66 {"Undefined index: HTTP_TOKEN":8} []
[2016-06-22 11:21:21] error.ERROR: 8 IN FILE /Users/zhouhong/xianrou/yaframe/library/Http/BasicRequest.php ON LINE 66 {"Undefined index: HTTP_TOKEN":8} []
[2016-06-22 11:21:21] error.WARNING: 8 IN FILE /Users/zhouhong/xianrou/yaframe/library/Http/BasicRequest.php ON LINE 67 {"Undefined index: HTTP_SIGN":8} []
[2016-06-22 11:21:21] error.ERROR: 8 IN FILE /Users/zhouhong/xianrou/yaframe/library/Http/BasicRequest.php ON LINE 67 {"Undefined index: HTTP_SIGN":8} []
[2016-06-22 11:21:21] error.WARNING: 8 IN FILE /Users/zhouhong/xianrou/yaframe/library/Http/BasicRequest.php ON LINE 68 {"Undefined index: HTTP_VERSION":8} []
[2016-06-22 11:21:21] error.ERROR: 8 IN FILE /Users/zhouhong/xianrou/yaframe/library/Http/BasicRequest.php ON LINE 68 {"Undefined index: HTTP_VERSION":8} []
[2016-06-22 11:21:21] error.WARNING: 8 IN FILE /Users/zhouhong/xianrou/yaframe/library/Http/BasicRequest.php ON LINE 69 {"Undefined index: HTTP_TIMESTAMP":8} []
[2016-06-22 11:21:21] error.ERROR: 8 IN FILE /Users/zhouhong/xianrou/yaframe/library/Http/BasicRequest.php ON LINE 69 {"Undefined index: HTTP_TIMESTAMP":8} []
[2016-06-22 11:23:12] error.WARNING: 8 IN FILE /Users/zhouhong/xianrou/yaframe/library/Http/BasicRequest.php ON LINE 66 {"Undefined index: HTTP_TOKEN":8} []
[2016-06-22 11:23:12] error.ERROR: 8 IN FILE /Users/zhouhong/xianrou/yaframe/library/Http/BasicRequest.php ON LINE 66 {"Undefined index: HTTP_TOKEN":8} []
[2016-06-22 11:23:12] error.WARNING: 8 IN FILE /Users/zhouhong/xianrou/yaframe/library/Http/BasicRequest.php ON LINE 67 {"Undefined index: HTTP_SIGN":8} []
[2016-06-22 11:23:12] error.ERROR: 8 IN FILE /Users/zhouhong/xianrou/yaframe/library/Http/BasicRequest.php ON LINE 67 {"Undefined index: HTTP_SIGN":8} []
[2016-06-22 11:23:12] error.WARNING: 8 IN FILE /Users/zhouhong/xianrou/yaframe/library/Http/BasicRequest.php ON LINE 68 {"Undefined index: HTTP_VERSION":8} []
[2016-06-22 11:23:12] error.ERROR: 8 IN FILE /Users/zhouhong/xianrou/yaframe/library/Http/BasicRequest.php ON LINE 68 {"Undefined index: HTTP_VERSION":8} []
[2016-06-22 11:23:12] error.WARNING: 8 IN FILE /Users/zhouhong/xianrou/yaframe/library/Http/BasicRequest.php ON LINE 69 {"Undefined index: HTTP_TIMESTAMP":8} []
[2016-06-22 11:23:12] error.ERROR: 8 IN FILE /Users/zhouhong/xianrou/yaframe/library/Http/BasicRequest.php ON LINE 69 {"Undefined index: HTTP_TIMESTAMP":8} []
[2016-06-22 11:23:22] error.WARNING: 8 IN FILE /Users/zhouhong/xianrou/yaframe/library/Http/BasicRequest.php ON LINE 66 {"Undefined index: HTTP_TOKEN":8} []
[2016-06-22 11:23:22] error.ERROR: 8 IN FILE /Users/zhouhong/xianrou/yaframe/library/Http/BasicRequest.php ON LINE 66 {"Undefined index: HTTP_TOKEN":8} []
[2016-06-22 11:23:22] error.WARNING: 8 IN FILE /Users/zhouhong/xianrou/yaframe/library/Http/BasicRequest.php ON LINE 67 {"Undefined index: HTTP_SIGN":8} []
[2016-06-22 11:23:22] error.ERROR: 8 IN FILE /Users/zhouhong/xianrou/yaframe/library/Http/BasicRequest.php ON LINE 67 {"Undefined index: HTTP_SIGN":8} []
[2016-06-22 11:23:22] error.WARNING: 8 IN FILE /Users/zhouhong/xianrou/yaframe/library/Http/BasicRequest.php ON LINE 68 {"Undefined index: HTTP_VERSION":8} []
[2016-06-22 11:23:22] error.ERROR: 8 IN FILE /Users/zhouhong/xianrou/yaframe/library/Http/BasicRequest.php ON LINE 68 {"Undefined index: HTTP_VERSION":8} []
[2016-06-22 11:23:22] error.WARNING: 8 IN FILE /Users/zhouhong/xianrou/yaframe/library/Http/BasicRequest.php ON LINE 69 {"Undefined index: HTTP_TIMESTAMP":8} []
[2016-06-22 11:23:22] error.ERROR: 8 IN FILE /Users/zhouhong/xianrou/yaframe/library/Http/BasicRequest.php ON LINE 69 {"Undefined index: HTTP_TIMESTAMP":8} []
[2016-06-22 11:23:24] error.WARNING: 8 IN FILE /Users/zhouhong/xianrou/yaframe/library/Http/BasicRequest.php ON LINE 66 {"Undefined index: HTTP_TOKEN":8} []
[2016-06-22 11:23:24] error.ERROR: 8 IN FILE /Users/zhouhong/xianrou/yaframe/library/Http/BasicRequest.php ON LINE 66 {"Undefined index: HTTP_TOKEN":8} []
[2016-06-22 11:23:24] error.WARNING: 8 IN FILE /Users/zhouhong/xianrou/yaframe/library/Http/BasicRequest.php ON LINE 67 {"Undefined index: HTTP_SIGN":8} []
[2016-06-22 11:23:24] error.ERROR: 8 IN FILE /Users/zhouhong/xianrou/yaframe/library/Http/BasicRequest.php ON LINE 67 {"Undefined index: HTTP_SIGN":8} []
[2016-06-22 11:23:24] error.WARNING: 8 IN FILE /Users/zhouhong/xianrou/yaframe/library/Http/BasicRequest.php ON LINE 68 {"Undefined index: HTTP_VERSION":8} []
[2016-06-22 11:23:24] error.ERROR: 8 IN FILE /Users/zhouhong/xianrou/yaframe/library/Http/BasicRequest.php ON LINE 68 {"Undefined index: HTTP_VERSION":8} []
[2016-06-22 11:23:24] error.WARNING: 8 IN FILE /Users/zhouhong/xianrou/yaframe/library/Http/BasicRequest.php ON LINE 69 {"Undefined index: HTTP_TIMESTAMP":8} []
[2016-06-22 11:23:24] error.ERROR: 8 IN FILE /Users/zhouhong/xianrou/yaframe/library/Http/BasicRequest.php ON LINE 69 {"Undefined index: HTTP_TIMESTAMP":8} []
[2016-06-22 11:23:29] error.WARNING: 8 IN FILE /Users/zhouhong/xianrou/yaframe/library/Http/BasicRequest.php ON LINE 66 {"Undefined index: HTTP_TOKEN":8} []
[2016-06-22 11:23:29] error.ERROR: 8 IN FILE /Users/zhouhong/xianrou/yaframe/library/Http/BasicRequest.php ON LINE 66 {"Undefined index: HTTP_TOKEN":8} []
[2016-06-22 11:23:29] error.WARNING: 8 IN FILE /Users/zhouhong/xianrou/yaframe/library/Http/BasicRequest.php ON LINE 67 {"Undefined index: HTTP_SIGN":8} []
[2016-06-22 11:23:29] error.ERROR: 8 IN FILE /Users/zhouhong/xianrou/yaframe/library/Http/BasicRequest.php ON LINE 67 {"Undefined index: HTTP_SIGN":8} []
[2016-06-22 11:23:29] error.WARNING: 8 IN FILE /Users/zhouhong/xianrou/yaframe/library/Http/BasicRequest.php ON LINE 68 {"Undefined index: HTTP_VERSION":8} []
[2016-06-22 11:23:29] error.ERROR: 8 IN FILE /Users/zhouhong/xianrou/yaframe/library/Http/BasicRequest.php ON LINE 68 {"Undefined index: HTTP_VERSION":8} []
[2016-06-22 11:23:29] error.WARNING: 8 IN FILE /Users/zhouhong/xianrou/yaframe/library/Http/BasicRequest.php ON LINE 69 {"Undefined index: HTTP_TIMESTAMP":8} []
[2016-06-22 11:23:29] error.ERROR: 8 IN FILE /Users/zhouhong/xianrou/yaframe/library/Http/BasicRequest.php ON LINE 69 {"Undefined index: HTTP_TIMESTAMP":8} []
[2016-06-22 11:23:29] error.WARNING: 8 IN FILE /Users/zhouhong/xianrou/yaframe/library/Http/BasicRequest.php ON LINE 66 {"Undefined index: HTTP_TOKEN":8} []
[2016-06-22 11:23:29] error.ERROR: 8 IN FILE /Users/zhouhong/xianrou/yaframe/library/Http/BasicRequest.php ON LINE 66 {"Undefined index: HTTP_TOKEN":8} []
[2016-06-22 11:23:29] error.WARNING: 8 IN FILE /Users/zhouhong/xianrou/yaframe/library/Http/BasicRequest.php ON LINE 67 {"Undefined index: HTTP_SIGN":8} []
[2016-06-22 11:23:29] error.ERROR: 8 IN FILE /Users/zhouhong/xianrou/yaframe/library/Http/BasicRequest.php ON LINE 67 {"Undefined index: HTTP_SIGN":8} []
[2016-06-22 11:23:29] error.WARNING: 8 IN FILE /Users/zhouhong/xianrou/yaframe/library/Http/BasicRequest.php ON LINE 68 {"Undefined index: HTTP_VERSION":8} []
[2016-06-22 11:23:29] error.ERROR: 8 IN FILE /Users/zhouhong/xianrou/yaframe/library/Http/BasicRequest.php ON LINE 68 {"Undefined index: HTTP_VERSION":8} []
[2016-06-22 11:23:29] error.WARNING: 8 IN FILE /Users/zhouhong/xianrou/yaframe/library/Http/BasicRequest.php ON LINE 69 {"Undefined index: HTTP_TIMESTAMP":8} []
[2016-06-22 11:23:29] error.ERROR: 8 IN FILE /Users/zhouhong/xianrou/yaframe/library/Http/BasicRequest.php ON LINE 69 {"Undefined index: HTTP_TIMESTAMP":8} []
[2016-06-22 11:23:30] error.WARNING: 8 IN FILE /Users/zhouhong/xianrou/yaframe/library/Http/BasicRequest.php ON LINE 66 {"Undefined index: HTTP_TOKEN":8} []
[2016-06-22 11:23:30] error.ERROR: 8 IN FILE /Users/zhouhong/xianrou/yaframe/library/Http/BasicRequest.php ON LINE 66 {"Undefined index: HTTP_TOKEN":8} []
[2016-06-22 11:23:30] error.WARNING: 8 IN FILE /Users/zhouhong/xianrou/yaframe/library/Http/BasicRequest.php ON LINE 67 {"Undefined index: HTTP_SIGN":8} []
[2016-06-22 11:23:30] error.ERROR: 8 IN FILE /Users/zhouhong/xianrou/yaframe/library/Http/BasicRequest.php ON LINE 67 {"Undefined index: HTTP_SIGN":8} []
[2016-06-22 11:23:30] error.WARNING: 8 IN FILE /Users/zhouhong/xianrou/yaframe/library/Http/BasicRequest.php ON LINE 68 {"Undefined index: HTTP_VERSION":8} []
[2016-06-22 11:23:30] error.ERROR: 8 IN FILE /Users/zhouhong/xianrou/yaframe/library/Http/BasicRequest.php ON LINE 68 {"Undefined index: HTTP_VERSION":8} []
[2016-06-22 11:23:30] error.WARNING: 8 IN FILE /Users/zhouhong/xianrou/yaframe/library/Http/BasicRequest.php ON LINE 69 {"Undefined index: HTTP_TIMESTAMP":8} []
[2016-06-22 11:23:30] error.ERROR: 8 IN FILE /Users/zhouhong/xianrou/yaframe/library/Http/BasicRequest.php ON LINE 69 {"Undefined index: HTTP_TIMESTAMP":8} []
[2016-06-22 11:23:41] error.WARNING: 8 IN FILE /Users/zhouhong/xianrou/yaframe/library/Http/BasicRequest.php ON LINE 66 {"Undefined index: HTTP_TOKEN":8} []
[2016-06-22 11:23:41] error.ERROR: 8 IN FILE /Users/zhouhong/xianrou/yaframe/library/Http/BasicRequest.php ON LINE 66 {"Undefined index: HTTP_TOKEN":8} []
[2016-06-22 11:23:41] error.WARNING: 8 IN FILE /Users/zhouhong/xianrou/yaframe/library/Http/BasicRequest.php ON LINE 67 {"Undefined index: HTTP_SIGN":8} []
[2016-06-22 11:23:41] error.ERROR: 8 IN FILE /Users/zhouhong/xianrou/yaframe/library/Http/BasicRequest.php ON LINE 67 {"Undefined index: HTTP_SIGN":8} []
[2016-06-22 11:23:41] error.WARNING: 8 IN FILE /Users/zhouhong/xianrou/yaframe/library/Http/BasicRequest.php ON LINE 68 {"Undefined index: HTTP_VERSION":8} []
[2016-06-22 11:23:41] error.ERROR: 8 IN FILE /Users/zhouhong/xianrou/yaframe/library/Http/BasicRequest.php ON LINE 68 {"Undefined index: HTTP_VERSION":8} []
[2016-06-22 11:23:41] error.WARNING: 8 IN FILE /Users/zhouhong/xianrou/yaframe/library/Http/BasicRequest.php ON LINE 69 {"Undefined index: HTTP_TIMESTAMP":8} []
[2016-06-22 11:23:41] error.ERROR: 8 IN FILE /Users/zhouhong/xianrou/yaframe/library/Http/BasicRequest.php ON LINE 69 {"Undefined index: HTTP_TIMESTAMP":8} []
[2016-06-22 11:24:49] error.WARNING: 8 IN FILE /Users/zhouhong/xianrou/yaframe/library/Http/BasicRequest.php ON LINE 66 {"Undefined index: HTTP_TOKEN":8} []
[2016-06-22 11:24:49] error.ERROR: 8 IN FILE /Users/zhouhong/xianrou/yaframe/library/Http/BasicRequest.php ON LINE 66 {"Undefined index: HTTP_TOKEN":8} []
[2016-06-22 11:24:49] error.WARNING: 8 IN FILE /Users/zhouhong/xianrou/yaframe/library/Http/BasicRequest.php ON LINE 67 {"Undefined index: HTTP_SIGN":8} []
[2016-06-22 11:24:49] error.ERROR: 8 IN FILE /Users/zhouhong/xianrou/yaframe/library/Http/BasicRequest.php ON LINE 67 {"Undefined index: HTTP_SIGN":8} []
[2016-06-22 11:24:49] error.WARNING: 8 IN FILE /Users/zhouhong/xianrou/yaframe/library/Http/BasicRequest.php ON LINE 68 {"Undefined index: HTTP_VERSION":8} []
[2016-06-22 11:24:49] error.ERROR: 8 IN FILE /Users/zhouhong/xianrou/yaframe/library/Http/BasicRequest.php ON LINE 68 {"Undefined index: HTTP_VERSION":8} []
[2016-06-22 11:24:49] error.WARNING: 8 IN FILE /Users/zhouhong/xianrou/yaframe/library/Http/BasicRequest.php ON LINE 69 {"Undefined index: HTTP_TIMESTAMP":8} []
[2016-06-22 11:24:49] error.ERROR: 8 IN FILE /Users/zhouhong/xianrou/yaframe/library/Http/BasicRequest.php ON LINE 69 {"Undefined index: HTTP_TIMESTAMP":8} []
[2016-06-22 11:28:25] error.WARNING: 8 IN FILE /Users/zhouhong/xianrou/yaframe/library/Http/BasicRequest.php ON LINE 66 {"Undefined index: HTTP_TOKEN":8} []
[2016-06-22 11:28:25] error.ERROR: 8 IN FILE /Users/zhouhong/xianrou/yaframe/library/Http/BasicRequest.php ON LINE 66 {"Undefined index: HTTP_TOKEN":8} []
[2016-06-22 11:28:25] error.WARNING: 8 IN FILE /Users/zhouhong/xianrou/yaframe/library/Http/BasicRequest.php ON LINE 67 {"Undefined index: HTTP_SIGN":8} []
[2016-06-22 11:28:25] error.ERROR: 8 IN FILE /Users/zhouhong/xianrou/yaframe/library/Http/BasicRequest.php ON LINE 67 {"Undefined index: HTTP_SIGN":8} []
[2016-06-22 11:28:25] error.WARNING: 8 IN FILE /Users/zhouhong/xianrou/yaframe/library/Http/BasicRequest.php ON LINE 68 {"Undefined index: HTTP_VERSION":8} []
[2016-06-22 11:28:25] error.ERROR: 8 IN FILE /Users/zhouhong/xianrou/yaframe/library/Http/BasicRequest.php ON LINE 68 {"Undefined index: HTTP_VERSION":8} []
[2016-06-22 11:28:25] error.WARNING: 8 IN FILE /Users/zhouhong/xianrou/yaframe/library/Http/BasicRequest.php ON LINE 69 {"Undefined index: HTTP_TIMESTAMP":8} []
[2016-06-22 11:28:25] error.ERROR: 8 IN FILE /Users/zhouhong/xianrou/yaframe/library/Http/BasicRequest.php ON LINE 69 {"Undefined index: HTTP_TIMESTAMP":8} []
[2016-06-22 11:28:25] error.WARNING: 8 IN FILE /Users/zhouhong/xianrou/yaframe/application/models/Social/Comment.php ON LINE 71 {"Undefined index: user_id":8} []
[2016-06-22 11:28:25] error.ERROR: 8 IN FILE /Users/zhouhong/xianrou/yaframe/application/models/Social/Comment.php ON LINE 71 {"Undefined index: user_id":8} []
[2016-06-22 11:28:25] error.WARNING: 8 IN FILE /Users/zhouhong/xianrou/yaframe/application/models/Social/Comment.php ON LINE 72 {"Undefined index: share_id":8} []
[2016-06-22 11:28:25] error.ERROR: 8 IN FILE /Users/zhouhong/xianrou/yaframe/application/models/Social/Comment.php ON LINE 72 {"Undefined index: share_id":8} []
[2016-06-22 11:28:25] error.WARNING: 8 IN FILE /Users/zhouhong/xianrou/yaframe/application/models/Social/Comment.php ON LINE 73 {"Undefined index: reply_comment_id":8} []
[2016-06-22 11:28:25] error.ERROR: 8 IN FILE /Users/zhouhong/xianrou/yaframe/application/models/Social/Comment.php ON LINE 73 {"Undefined index: reply_comment_id":8} []
[2016-06-22 11:28:25] error.WARNING: 8 IN FILE /Users/zhouhong/xianrou/yaframe/application/models/Social/Comment.php ON LINE 74 {"Undefined index: content":8} []
[2016-06-22 11:28:25] error.ERROR: 8 IN FILE /Users/zhouhong/xianrou/yaframe/application/models/Social/Comment.php ON LINE 74 {"Undefined index: content":8} []
[2016-06-22 11:28:25] error.WARNING: 8 IN FILE /Users/zhouhong/xianrou/yaframe/library/Http/BasicRequest.php ON LINE 66 {"Undefined index: HTTP_TOKEN":8} []
[2016-06-22 11:28:25] error.ERROR: 8 IN FILE /Users/zhouhong/xianrou/yaframe/library/Http/BasicRequest.php ON LINE 66 {"Undefined index: HTTP_TOKEN":8} []
[2016-06-22 11:28:25] error.WARNING: 8 IN FILE /Users/zhouhong/xianrou/yaframe/library/Http/BasicRequest.php ON LINE 67 {"Undefined index: HTTP_SIGN":8} []
[2016-06-22 11:28:25] error.ERROR: 8 IN FILE /Users/zhouhong/xianrou/yaframe/library/Http/BasicRequest.php ON LINE 67 {"Undefined index: HTTP_SIGN":8} []
[2016-06-22 11:28:25] error.WARNING: 8 IN FILE /Users/zhouhong/xianrou/yaframe/library/Http/BasicRequest.php ON LINE 68 {"Undefined index: HTTP_VERSION":8} []
[2016-06-22 11:28:25] error.ERROR: 8 IN FILE /Users/zhouhong/xianrou/yaframe/library/Http/BasicRequest.php ON LINE 68 {"Undefined index: HTTP_VERSION":8} []
[2016-06-22 11:28:25] error.WARNING: 8 IN FILE /Users/zhouhong/xianrou/yaframe/library/Http/BasicRequest.php ON LINE 69 {"Undefined index: HTTP_TIMESTAMP":8} []
[2016-06-22 11:28:25] error.ERROR: 8 IN FILE /Users/zhouhong/xianrou/yaframe/library/Http/BasicRequest.php ON LINE 69 {"Undefined index: HTTP_TIMESTAMP":8} []
[2016-06-22 11:28:25] error.WARNING: [23000:SQLSTATE[23000]: Integrity constraint violation: 1048 Column 'user_id' cannot be null (SQL: insert into `comment` (`user_id`, `share_id`, `reply_comment_id`, `content`) values (, , , ))]	[/Users/zhouhong/xianrou/yaframe/application/controllers/Error.php:19] [] []
[2016-06-22 11:28:25] error.ERROR: [23000:SQLSTATE[23000]: Integrity constraint violation: 1048 Column 'user_id' cannot be null (SQL: insert into `comment` (`user_id`, `share_id`, `reply_comment_id`, `content`) values (, , , ))]	[/Users/zhouhong/xianrou/yaframe/application/controllers/Error.php:19] [] []
[2016-06-22 11:28:59] error.WARNING: 8 IN FILE /Users/zhouhong/xianrou/yaframe/library/Http/BasicRequest.php ON LINE 66 {"Undefined index: HTTP_TOKEN":8} []
[2016-06-22 11:28:59] error.ERROR: 8 IN FILE /Users/zhouhong/xianrou/yaframe/library/Http/BasicRequest.php ON LINE 66 {"Undefined index: HTTP_TOKEN":8} []
[2016-06-22 11:28:59] error.WARNING: 8 IN FILE /Users/zhouhong/xianrou/yaframe/library/Http/BasicRequest.php ON LINE 67 {"Undefined index: HTTP_SIGN":8} []
[2016-06-22 11:28:59] error.ERROR: 8 IN FILE /Users/zhouhong/xianrou/yaframe/library/Http/BasicRequest.php ON LINE 67 {"Undefined index: HTTP_SIGN":8} []
[2016-06-22 11:28:59] error.WARNING: 8 IN FILE /Users/zhouhong/xianrou/yaframe/library/Http/BasicRequest.php ON LINE 68 {"Undefined index: HTTP_VERSION":8} []
[2016-06-22 11:28:59] error.ERROR: 8 IN FILE /Users/zhouhong/xianrou/yaframe/library/Http/BasicRequest.php ON LINE 68 {"Undefined index: HTTP_VERSION":8} []
[2016-06-22 11:28:59] error.WARNING: 8 IN FILE /Users/zhouhong/xianrou/yaframe/library/Http/BasicRequest.php ON LINE 69 {"Undefined index: HTTP_TIMESTAMP":8} []
[2016-06-22 11:28:59] error.ERROR: 8 IN FILE /Users/zhouhong/xianrou/yaframe/library/Http/BasicRequest.php ON LINE 69 {"Undefined index: HTTP_TIMESTAMP":8} []
[2016-06-22 11:28:59] error.WARNING: 8 IN FILE /Users/zhouhong/xianrou/yaframe/application/models/Social/Comment.php ON LINE 71 {"Undefined index: user_id":8} []
[2016-06-22 11:28:59] error.ERROR: 8 IN FILE /Users/zhouhong/xianrou/yaframe/application/models/Social/Comment.php ON LINE 71 {"Undefined index: user_id":8} []
[2016-06-22 11:28:59] error.WARNING: 8 IN FILE /Users/zhouhong/xianrou/yaframe/application/models/Social/Comment.php ON LINE 72 {"Undefined index: share_id":8} []
[2016-06-22 11:28:59] error.ERROR: 8 IN FILE /Users/zhouhong/xianrou/yaframe/application/models/Social/Comment.php ON LINE 72 {"Undefined index: share_id":8} []
[2016-06-22 11:28:59] error.WARNING: 8 IN FILE /Users/zhouhong/xianrou/yaframe/application/models/Social/Comment.php ON LINE 73 {"Undefined index: reply_comment_id":8} []
[2016-06-22 11:28:59] error.ERROR: 8 IN FILE /Users/zhouhong/xianrou/yaframe/application/models/Social/Comment.php ON LINE 73 {"Undefined index: reply_comment_id":8} []
[2016-06-22 11:28:59] error.WARNING: 8 IN FILE /Users/zhouhong/xianrou/yaframe/application/models/Social/Comment.php ON LINE 74 {"Undefined index: content":8} []
[2016-06-22 11:28:59] error.ERROR: 8 IN FILE /Users/zhouhong/xianrou/yaframe/application/models/Social/Comment.php ON LINE 74 {"Undefined index: content":8} []
[2016-06-22 11:28:59] error.WARNING: 8 IN FILE /Users/zhouhong/xianrou/yaframe/library/Http/BasicRequest.php ON LINE 66 {"Undefined index: HTTP_TOKEN":8} []
[2016-06-22 11:28:59] error.ERROR: 8 IN FILE /Users/zhouhong/xianrou/yaframe/library/Http/BasicRequest.php ON LINE 66 {"Undefined index: HTTP_TOKEN":8} []
[2016-06-22 11:28:59] error.WARNING: 8 IN FILE /Users/zhouhong/xianrou/yaframe/library/Http/BasicRequest.php ON LINE 67 {"Undefined index: HTTP_SIGN":8} []
[2016-06-22 11:28:59] error.ERROR: 8 IN FILE /Users/zhouhong/xianrou/yaframe/library/Http/BasicRequest.php ON LINE 67 {"Undefined index: HTTP_SIGN":8} []
[2016-06-22 11:28:59] error.WARNING: 8 IN FILE /Users/zhouhong/xianrou/yaframe/library/Http/BasicRequest.php ON LINE 68 {"Undefined index: HTTP_VERSION":8} []
[2016-06-22 11:28:59] error.ERROR: 8 IN FILE /Users/zhouhong/xianrou/yaframe/library/Http/BasicRequest.php ON LINE 68 {"Undefined index: HTTP_VERSION":8} []
[2016-06-22 11:28:59] error.WARNING: 8 IN FILE /Users/zhouhong/xianrou/yaframe/library/Http/BasicRequest.php ON LINE 69 {"Undefined index: HTTP_TIMESTAMP":8} []
[2016-06-22 11:28:59] error.ERROR: 8 IN FILE /Users/zhouhong/xianrou/yaframe/library/Http/BasicRequest.php ON LINE 69 {"Undefined index: HTTP_TIMESTAMP":8} []
[2016-06-22 11:28:59] error.WARNING: [23000:SQLSTATE[23000]: Integrity constraint violation: 1048 Column 'user_id' cannot be null (SQL: insert into `comment` (`user_id`, `share_id`, `reply_comment_id`, `content`) values (, , , ))]	[/Users/zhouhong/xianrou/yaframe/application/controllers/Error.php:19] [] []
[2016-06-22 11:28:59] error.ERROR: [23000:SQLSTATE[23000]: Integrity constraint violation: 1048 Column 'user_id' cannot be null (SQL: insert into `comment` (`user_id`, `share_id`, `reply_comment_id`, `content`) values (, , , ))]	[/Users/zhouhong/xianrou/yaframe/application/controllers/Error.php:19] [] []
[2016-06-22 11:29:16] error.WARNING: 8 IN FILE /Users/zhouhong/xianrou/yaframe/library/Http/BasicRequest.php ON LINE 66 {"Undefined index: HTTP_TOKEN":8} []
[2016-06-22 11:29:16] error.ERROR: 8 IN FILE /Users/zhouhong/xianrou/yaframe/library/Http/BasicRequest.php ON LINE 66 {"Undefined index: HTTP_TOKEN":8} []
[2016-06-22 11:29:16] error.WARNING: 8 IN FILE /Users/zhouhong/xianrou/yaframe/library/Http/BasicRequest.php ON LINE 67 {"Undefined index: HTTP_SIGN":8} []
[2016-06-22 11:29:16] error.ERROR: 8 IN FILE /Users/zhouhong/xianrou/yaframe/library/Http/BasicRequest.php ON LINE 67 {"Undefined index: HTTP_SIGN":8} []
[2016-06-22 11:29:16] error.WARNING: 8 IN FILE /Users/zhouhong/xianrou/yaframe/library/Http/BasicRequest.php ON LINE 68 {"Undefined index: HTTP_VERSION":8} []
[2016-06-22 11:29:16] error.ERROR: 8 IN FILE /Users/zhouhong/xianrou/yaframe/library/Http/BasicRequest.php ON LINE 68 {"Undefined index: HTTP_VERSION":8} []
[2016-06-22 11:29:16] error.WARNING: 8 IN FILE /Users/zhouhong/xianrou/yaframe/library/Http/BasicRequest.php ON LINE 69 {"Undefined index: HTTP_TIMESTAMP":8} []
[2016-06-22 11:29:16] error.ERROR: 8 IN FILE /Users/zhouhong/xianrou/yaframe/library/Http/BasicRequest.php ON LINE 69 {"Undefined index: HTTP_TIMESTAMP":8} []
[2016-06-22 11:29:16] error.WARNING: 8 IN FILE /Users/zhouhong/xianrou/yaframe/application/models/Social/Comment.php ON LINE 71 {"Undefined index: user_id":8} []
[2016-06-22 11:29:16] error.ERROR: 8 IN FILE /Users/zhouhong/xianrou/yaframe/application/models/Social/Comment.php ON LINE 71 {"Undefined index: user_id":8} []
[2016-06-22 11:29:16] error.WARNING: 8 IN FILE /Users/zhouhong/xianrou/yaframe/application/models/Social/Comment.php ON LINE 72 {"Undefined index: share_id":8} []
[2016-06-22 11:29:16] error.ERROR: 8 IN FILE /Users/zhouhong/xianrou/yaframe/application/models/Social/Comment.php ON LINE 72 {"Undefined index: share_id":8} []
[2016-06-22 11:29:16] error.WARNING: 8 IN FILE /Users/zhouhong/xianrou/yaframe/application/models/Social/Comment.php ON LINE 73 {"Undefined index: reply_comment_id":8} []
[2016-06-22 11:29:16] error.ERROR: 8 IN FILE /Users/zhouhong/xianrou/yaframe/application/models/Social/Comment.php ON LINE 73 {"Undefined index: reply_comment_id":8} []
[2016-06-22 11:29:16] error.WARNING: 8 IN FILE /Users/zhouhong/xianrou/yaframe/application/models/Social/Comment.php ON LINE 74 {"Undefined index: content":8} []
[2016-06-22 11:29:16] error.ERROR: 8 IN FILE /Users/zhouhong/xianrou/yaframe/application/models/Social/Comment.php ON LINE 74 {"Undefined index: content":8} []
[2016-06-22 11:29:16] error.WARNING: 8 IN FILE /Users/zhouhong/xianrou/yaframe/library/Http/BasicRequest.php ON LINE 66 {"Undefined index: HTTP_TOKEN":8} []
[2016-06-22 11:29:16] error.ERROR: 8 IN FILE /Users/zhouhong/xianrou/yaframe/library/Http/BasicRequest.php ON LINE 66 {"Undefined index: HTTP_TOKEN":8} []
[2016-06-22 11:29:16] error.WARNING: 8 IN FILE /Users/zhouhong/xianrou/yaframe/library/Http/BasicRequest.php ON LINE 67 {"Undefined index: HTTP_SIGN":8} []
[2016-06-22 11:29:16] error.ERROR: 8 IN FILE /Users/zhouhong/xianrou/yaframe/library/Http/BasicRequest.php ON LINE 67 {"Undefined index: HTTP_SIGN":8} []
[2016-06-22 11:29:16] error.WARNING: 8 IN FILE /Users/zhouhong/xianrou/yaframe/library/Http/BasicRequest.php ON LINE 68 {"Undefined index: HTTP_VERSION":8} []
[2016-06-22 11:29:16] error.ERROR: 8 IN FILE /Users/zhouhong/xianrou/yaframe/library/Http/BasicRequest.php ON LINE 68 {"Undefined index: HTTP_VERSION":8} []
[2016-06-22 11:29:16] error.WARNING: 8 IN FILE /Users/zhouhong/xianrou/yaframe/library/Http/BasicRequest.php ON LINE 69 {"Undefined index: HTTP_TIMESTAMP":8} []
[2016-06-22 11:29:16] error.ERROR: 8 IN FILE /Users/zhouhong/xianrou/yaframe/library/Http/BasicRequest.php ON LINE 69 {"Undefined index: HTTP_TIMESTAMP":8} []
[2016-06-22 11:29:16] error.WARNING: [23000:SQLSTATE[23000]: Integrity constraint violation: 1048 Column 'user_id' cannot be null (SQL: insert into `comment` (`user_id`, `share_id`, `reply_comment_id`, `content`) values (, , , ))]	[/Users/zhouhong/xianrou/yaframe/application/controllers/Error.php:19] [] []
[2016-06-22 11:29:16] error.ERROR: [23000:SQLSTATE[23000]: Integrity constraint violation: 1048 Column 'user_id' cannot be null (SQL: insert into `comment` (`user_id`, `share_id`, `reply_comment_id`, `content`) values (, , , ))]	[/Users/zhouhong/xianrou/yaframe/application/controllers/Error.php:19] [] []
[2016-06-22 11:29:41] error.WARNING: 8 IN FILE /Users/zhouhong/xianrou/yaframe/library/Http/BasicRequest.php ON LINE 66 {"Undefined index: HTTP_TOKEN":8} []
[2016-06-22 11:29:41] error.ERROR: 8 IN FILE /Users/zhouhong/xianrou/yaframe/library/Http/BasicRequest.php ON LINE 66 {"Undefined index: HTTP_TOKEN":8} []
[2016-06-22 11:29:41] error.WARNING: 8 IN FILE /Users/zhouhong/xianrou/yaframe/library/Http/BasicRequest.php ON LINE 67 {"Undefined index: HTTP_SIGN":8} []
[2016-06-22 11:29:41] error.ERROR: 8 IN FILE /Users/zhouhong/xianrou/yaframe/library/Http/BasicRequest.php ON LINE 67 {"Undefined index: HTTP_SIGN":8} []
[2016-06-22 11:29:41] error.WARNING: 8 IN FILE /Users/zhouhong/xianrou/yaframe/library/Http/BasicRequest.php ON LINE 68 {"Undefined index: HTTP_VERSION":8} []
[2016-06-22 11:29:41] error.ERROR: 8 IN FILE /Users/zhouhong/xianrou/yaframe/library/Http/BasicRequest.php ON LINE 68 {"Undefined index: HTTP_VERSION":8} []
[2016-06-22 11:29:41] error.WARNING: 8 IN FILE /Users/zhouhong/xianrou/yaframe/library/Http/BasicRequest.php ON LINE 69 {"Undefined index: HTTP_TIMESTAMP":8} []
[2016-06-22 11:29:41] error.ERROR: 8 IN FILE /Users/zhouhong/xianrou/yaframe/library/Http/BasicRequest.php ON LINE 69 {"Undefined index: HTTP_TIMESTAMP":8} []
[2016-06-22 11:29:41] error.WARNING: 8 IN FILE /Users/zhouhong/xianrou/yaframe/application/models/Social/Comment.php ON LINE 71 {"Undefined index: user_id":8} []
[2016-06-22 11:29:41] error.ERROR: 8 IN FILE /Users/zhouhong/xianrou/yaframe/application/models/Social/Comment.php ON LINE 71 {"Undefined index: user_id":8} []
[2016-06-22 11:29:41] error.WARNING: 8 IN FILE /Users/zhouhong/xianrou/yaframe/application/models/Social/Comment.php ON LINE 72 {"Undefined index: share_id":8} []
[2016-06-22 11:29:41] error.ERROR: 8 IN FILE /Users/zhouhong/xianrou/yaframe/application/models/Social/Comment.php ON LINE 72 {"Undefined index: share_id":8} []
[2016-06-22 11:29:41] error.WARNING: 8 IN FILE /Users/zhouhong/xianrou/yaframe/application/models/Social/Comment.php ON LINE 73 {"Undefined index: reply_comment_id":8} []
[2016-06-22 11:29:41] error.ERROR: 8 IN FILE /Users/zhouhong/xianrou/yaframe/application/models/Social/Comment.php ON LINE 73 {"Undefined index: reply_comment_id":8} []
[2016-06-22 11:29:41] error.WARNING: 8 IN FILE /Users/zhouhong/xianrou/yaframe/application/models/Social/Comment.php ON LINE 74 {"Undefined index: content":8} []
[2016-06-22 11:29:41] error.ERROR: 8 IN FILE /Users/zhouhong/xianrou/yaframe/application/models/Social/Comment.php ON LINE 74 {"Undefined index: content":8} []
[2016-06-22 11:40:31] error.WARNING: 8 IN FILE /Users/zhouhong/xianrou/yaframe/library/Http/BasicRequest.php ON LINE 66 {"Undefined index: HTTP_TOKEN":8} []
[2016-06-22 11:40:31] error.ERROR: 8 IN FILE /Users/zhouhong/xianrou/yaframe/library/Http/BasicRequest.php ON LINE 66 {"Undefined index: HTTP_TOKEN":8} []
[2016-06-22 11:40:31] error.WARNING: 8 IN FILE /Users/zhouhong/xianrou/yaframe/library/Http/BasicRequest.php ON LINE 67 {"Undefined index: HTTP_SIGN":8} []
[2016-06-22 11:40:31] error.ERROR: 8 IN FILE /Users/zhouhong/xianrou/yaframe/library/Http/BasicRequest.php ON LINE 67 {"Undefined index: HTTP_SIGN":8} []
[2016-06-22 11:40:31] error.WARNING: 8 IN FILE /Users/zhouhong/xianrou/yaframe/library/Http/BasicRequest.php ON LINE 68 {"Undefined index: HTTP_VERSION":8} []
[2016-06-22 11:40:31] error.ERROR: 8 IN FILE /Users/zhouhong/xianrou/yaframe/library/Http/BasicRequest.php ON LINE 68 {"Undefined index: HTTP_VERSION":8} []
[2016-06-22 11:40:31] error.WARNING: 8 IN FILE /Users/zhouhong/xianrou/yaframe/library/Http/BasicRequest.php ON LINE 69 {"Undefined index: HTTP_TIMESTAMP":8} []
[2016-06-22 11:40:31] error.ERROR: 8 IN FILE /Users/zhouhong/xianrou/yaframe/library/Http/BasicRequest.php ON LINE 69 {"Undefined index: HTTP_TIMESTAMP":8} []
[2016-06-22 11:40:31] error.WARNING: [516:Failed opening controller script /Users/zhouhong/xianrou/yaframe/application/controllers/Social.php: No such file or directory]	[/Users/zhouhong/xianrou/yaframe/application/controllers/Error.php:19] [] []
[2016-06-22 11:40:31] error.ERROR: [516:Failed opening controller script /Users/zhouhong/xianrou/yaframe/application/controllers/Social.php: No such file or directory]	[/Users/zhouhong/xianrou/yaframe/application/controllers/Error.php:19] [] []
[2016-06-22 11:40:31] error.WARNING: 8 IN FILE /Users/zhouhong/xianrou/yaframe/library/Http/BasicRequest.php ON LINE 66 {"Undefined index: HTTP_TOKEN":8} []
[2016-06-22 11:40:31] error.ERROR: 8 IN FILE /Users/zhouhong/xianrou/yaframe/library/Http/BasicRequest.php ON LINE 66 {"Undefined index: HTTP_TOKEN":8} []
[2016-06-22 11:40:31] error.WARNING: 8 IN FILE /Users/zhouhong/xianrou/yaframe/library/Http/BasicRequest.php ON LINE 67 {"Undefined index: HTTP_SIGN":8} []
[2016-06-22 11:40:31] error.ERROR: 8 IN FILE /Users/zhouhong/xianrou/yaframe/library/Http/BasicRequest.php ON LINE 67 {"Undefined index: HTTP_SIGN":8} []
[2016-06-22 11:40:31] error.WARNING: 8 IN FILE /Users/zhouhong/xianrou/yaframe/library/Http/BasicRequest.php ON LINE 68 {"Undefined index: HTTP_VERSION":8} []
[2016-06-22 11:40:31] error.ERROR: 8 IN FILE /Users/zhouhong/xianrou/yaframe/library/Http/BasicRequest.php ON LINE 68 {"Undefined index: HTTP_VERSION":8} []
[2016-06-22 11:40:31] error.WARNING: 8 IN FILE /Users/zhouhong/xianrou/yaframe/library/Http/BasicRequest.php ON LINE 69 {"Undefined index: HTTP_TIMESTAMP":8} []
[2016-06-22 11:40:31] error.ERROR: 8 IN FILE /Users/zhouhong/xianrou/yaframe/library/Http/BasicRequest.php ON LINE 69 {"Undefined index: HTTP_TIMESTAMP":8} []
[2016-06-22 11:40:31] error.WARNING: [516:Failed opening controller script /Users/zhouhong/xianrou/yaframe/application/controllers/Favicon.ico.php: No such file or directory]	[/Users/zhouhong/xianrou/yaframe/application/controllers/Error.php:19] [] []
[2016-06-22 11:40:31] error.ERROR: [516:Failed opening controller script /Users/zhouhong/xianrou/yaframe/application/controllers/Favicon.ico.php: No such file or directory]	[/Users/zhouhong/xianrou/yaframe/application/controllers/Error.php:19] [] []
[2016-06-22 11:40:38] error.WARNING: 8 IN FILE /Users/zhouhong/xianrou/yaframe/library/Http/BasicRequest.php ON LINE 66 {"Undefined index: HTTP_TOKEN":8} []
[2016-06-22 11:40:38] error.ERROR: 8 IN FILE /Users/zhouhong/xianrou/yaframe/library/Http/BasicRequest.php ON LINE 66 {"Undefined index: HTTP_TOKEN":8} []
[2016-06-22 11:40:38] error.WARNING: 8 IN FILE /Users/zhouhong/xianrou/yaframe/library/Http/BasicRequest.php ON LINE 67 {"Undefined index: HTTP_SIGN":8} []
[2016-06-22 11:40:38] error.ERROR: 8 IN FILE /Users/zhouhong/xianrou/yaframe/library/Http/BasicRequest.php ON LINE 67 {"Undefined index: HTTP_SIGN":8} []
[2016-06-22 11:40:38] error.WARNING: 8 IN FILE /Users/zhouhong/xianrou/yaframe/library/Http/BasicRequest.php ON LINE 68 {"Undefined index: HTTP_VERSION":8} []
[2016-06-22 11:40:38] error.ERROR: 8 IN FILE /Users/zhouhong/xianrou/yaframe/library/Http/BasicRequest.php ON LINE 68 {"Undefined index: HTTP_VERSION":8} []
[2016-06-22 11:40:38] error.WARNING: 8 IN FILE /Users/zhouhong/xianrou/yaframe/library/Http/BasicRequest.php ON LINE 69 {"Undefined index: HTTP_TIMESTAMP":8} []
[2016-06-22 11:40:38] error.ERROR: 8 IN FILE /Users/zhouhong/xianrou/yaframe/library/Http/BasicRequest.php ON LINE 69 {"Undefined index: HTTP_TIMESTAMP":8} []
[2016-06-22 11:40:38] error.WARNING: 8 IN FILE /Users/zhouhong/xianrou/yaframe/library/Http/BasicRequest.php ON LINE 66 {"Undefined index: HTTP_TOKEN":8} []
[2016-06-22 11:40:38] error.ERROR: 8 IN FILE /Users/zhouhong/xianrou/yaframe/library/Http/BasicRequest.php ON LINE 66 {"Undefined index: HTTP_TOKEN":8} []
[2016-06-22 11:40:38] error.WARNING: 8 IN FILE /Users/zhouhong/xianrou/yaframe/library/Http/BasicRequest.php ON LINE 67 {"Undefined index: HTTP_SIGN":8} []
[2016-06-22 11:40:38] error.ERROR: 8 IN FILE /Users/zhouhong/xianrou/yaframe/library/Http/BasicRequest.php ON LINE 67 {"Undefined index: HTTP_SIGN":8} []
[2016-06-22 11:40:38] error.WARNING: 8 IN FILE /Users/zhouhong/xianrou/yaframe/library/Http/BasicRequest.php ON LINE 68 {"Undefined index: HTTP_VERSION":8} []
[2016-06-22 11:40:38] error.ERROR: 8 IN FILE /Users/zhouhong/xianrou/yaframe/library/Http/BasicRequest.php ON LINE 68 {"Undefined index: HTTP_VERSION":8} []
[2016-06-22 11:40:38] error.WARNING: 8 IN FILE /Users/zhouhong/xianrou/yaframe/library/Http/BasicRequest.php ON LINE 69 {"Undefined index: HTTP_TIMESTAMP":8} []
[2016-06-22 11:40:38] error.ERROR: 8 IN FILE /Users/zhouhong/xianrou/yaframe/library/Http/BasicRequest.php ON LINE 69 {"Undefined index: HTTP_TIMESTAMP":8} []
[2016-06-22 11:40:38] error.WARNING: [1004:参数错误]	[/Users/zhouhong/xianrou/yaframe/application/controllers/Error.php:17] [] []
[2016-06-22 11:40:38] error.ERROR: [1004:参数错误]	[/Users/zhouhong/xianrou/yaframe/application/controllers/Error.php:17] [] []
[2016-06-22 11:40:38] error.WARNING: 8 IN FILE /Users/zhouhong/xianrou/yaframe/library/Http/BasicRequest.php ON LINE 66 {"Undefined index: HTTP_TOKEN":8} []
[2016-06-22 11:40:38] error.ERROR: 8 IN FILE /Users/zhouhong/xianrou/yaframe/library/Http/BasicRequest.php ON LINE 66 {"Undefined index: HTTP_TOKEN":8} []
[2016-06-22 11:40:38] error.WARNING: 8 IN FILE /Users/zhouhong/xianrou/yaframe/library/Http/BasicRequest.php ON LINE 67 {"Undefined index: HTTP_SIGN":8} []
[2016-06-22 11:40:38] error.ERROR: 8 IN FILE /Users/zhouhong/xianrou/yaframe/library/Http/BasicRequest.php ON LINE 67 {"Undefined index: HTTP_SIGN":8} []
[2016-06-22 11:40:38] error.WARNING: 8 IN FILE /Users/zhouhong/xianrou/yaframe/library/Http/BasicRequest.php ON LINE 68 {"Undefined index: HTTP_VERSION":8} []
[2016-06-22 11:40:38] error.ERROR: 8 IN FILE /Users/zhouhong/xianrou/yaframe/library/Http/BasicRequest.php ON LINE 68 {"Undefined index: HTTP_VERSION":8} []
[2016-06-22 11:40:38] error.WARNING: 8 IN FILE /Users/zhouhong/xianrou/yaframe/library/Http/BasicRequest.php ON LINE 69 {"Undefined index: HTTP_TIMESTAMP":8} []
[2016-06-22 11:40:38] error.ERROR: 8 IN FILE /Users/zhouhong/xianrou/yaframe/library/Http/BasicRequest.php ON LINE 69 {"Undefined index: HTTP_TIMESTAMP":8} []
[2016-06-22 11:40:38] error.WARNING: [516:Failed opening controller script /Users/zhouhong/xianrou/yaframe/application/controllers/Favicon.ico.php: No such file or directory]	[/Users/zhouhong/xianrou/yaframe/application/controllers/Error.php:19] [] []
[2016-06-22 11:40:38] error.ERROR: [516:Failed opening controller script /Users/zhouhong/xianrou/yaframe/application/controllers/Favicon.ico.php: No such file or directory]	[/Users/zhouhong/xianrou/yaframe/application/controllers/Error.php:19] [] []
