[2016-07-09 17:13:32] error.ERROR: 8 IN FILE /Users/zhouhong/xianrou/yaframe/application/Bootstrap.php ON LINE 147 {"Undefined index: ffmpeg":8} []
[2016-07-09 17:13:32] error.ERROR: 8 IN FILE /Users/zhouhong/xianrou/yaframe/application/Bootstrap.php ON LINE 148 {"Undefined index: ffprobe":8} []
[2016-07-09 17:13:32] error.ERROR: 2 IN FILE /Users/zhouhong/xianrou/yaframe/library/Sphinx/SphinxClient.php ON LINE 232 {"assert(): assert(is_int($port)) failed":2} []
[2016-07-09 17:13:32] error.ERROR: 8 IN FILE /Users/zhouhong/xianrou/yaframe/library/Http/BasicRequest.php ON LINE 67 {"Undefined index: HTTP_SIGN":8} []
[2016-07-09 17:13:32] error.ERROR: 8 IN FILE /Users/zhouhong/xianrou/yaframe/library/Http/BasicRequest.php ON LINE 68 {"Undefined index: HTTP_VERSION":8} []
[2016-07-09 17:13:32] error.ERROR: 8 IN FILE /Users/zhouhong/xianrou/yaframe/library/Http/BasicRequest.php ON LINE 69 {"Undefined index: HTTP_TIMESTAMP":8} []
[2016-07-09 17:13:32] error.ERROR: 2 IN FILE /Users/zhouhong/xianrou/yaframe/library/Uploader/Uploader.php ON LINE 117 {"Missing argument 1 for Uploader\\Uploader::getFileInfo(), called in /Users/zhouhong/xianrou/yaframe/application/models/Common/VideoDriver.php on line 36 and defined":2} []
[2016-07-09 17:13:32] error.ERROR: 8 IN FILE /Users/zhouhong/xianrou/yaframe/library/Uploader/Uploader.php ON LINE 119 {"Undefined variable: field":8} []
[2016-07-09 17:13:33] error.ERROR: 8 IN FILE /Users/zhouhong/xianrou/yaframe/library/Uploader/Uploader.php ON LINE 123 {"Undefined variable: field":8} []
[2016-07-09 17:13:33] error.ERROR: 8 IN FILE /Users/zhouhong/xianrou/yaframe/library/Uploader/Uploader.php ON LINE 135 {"Undefined variable: field":8} []
[2016-07-09 17:13:33] error.ERROR: 2 IN FILE /Users/zhouhong/xianrou/yaframe/library/Uploader/Uploader.php ON LINE 154 {"Missing argument 1 for Uploader\\Uploader::doUpload(), called in /Users/zhouhong/xianrou/yaframe/application/models/Common/VideoDriver.php on line 43 and defined":2} []
[2016-07-09 17:13:33] error.ERROR: 8 IN FILE /Users/zhouhong/xianrou/yaframe/library/Uploader/Uploader.php ON LINE 158 {"Undefined variable: field":8} []
[2016-07-09 17:13:33] error.ERROR: 8 IN FILE /Users/zhouhong/xianrou/yaframe/library/Uploader/Uploader.php ON LINE 159 {"Undefined variable: field":8} []
[2016-07-09 17:13:33] error.ERROR: 8 IN FILE /Users/zhouhong/xianrou/yaframe/application/models/Common/VideoDriver.php ON LINE 92 {"Undefined variable: files":8} []
[2016-07-09 17:13:33] error.ERROR: 8 IN FILE /Users/zhouhong/xianrou/yaframe/library/Http/BasicRequest.php ON LINE 67 {"Undefined index: HTTP_SIGN":8} []
[2016-07-09 17:13:33] error.ERROR: 8 IN FILE /Users/zhouhong/xianrou/yaframe/library/Http/BasicRequest.php ON LINE 68 {"Undefined index: HTTP_VERSION":8} []
[2016-07-09 17:13:33] error.ERROR: 8 IN FILE /Users/zhouhong/xianrou/yaframe/library/Http/BasicRequest.php ON LINE 69 {"Undefined index: HTTP_TIMESTAMP":8} []
[2016-07-09 17:13:33] error.ERROR: 8 IN FILE /Users/zhouhong/xianrou/yaframe/library/Sphinx/SphinxClient.php ON LINE 195 {"Undefined property: Sphinx\\SphinxClient::$_socket":8} []
[2016-07-09 17:13:33] error.ERROR: 8 IN FILE /Users/zhouhong/xianrou/yaframe/library/Sphinx/SphinxClient.php ON LINE 196 {"Undefined property: Sphinx\\SphinxClient::$_socket":8} []
[2016-07-09 17:13:33] error.ERROR: 2 IN FILE /Users/zhouhong/xianrou/yaframe/library/Sphinx/SphinxClient.php ON LINE 196 {"fclose() expects parameter 1 to be resource, null given":2} []
[2016-07-09 17:14:59] error.ERROR: 8 IN FILE /Users/zhouhong/xianrou/yaframe/application/Bootstrap.php ON LINE 147 {"Undefined index: ffmpeg":8} []
[2016-07-09 17:14:59] error.ERROR: 8 IN FILE /Users/zhouhong/xianrou/yaframe/application/Bootstrap.php ON LINE 148 {"Undefined index: ffprobe":8} []
[2016-07-09 17:14:59] error.ERROR: 2 IN FILE /Users/zhouhong/xianrou/yaframe/library/Sphinx/SphinxClient.php ON LINE 232 {"assert(): assert(is_int($port)) failed":2} []
[2016-07-09 17:14:59] error.ERROR: 8 IN FILE /Users/zhouhong/xianrou/yaframe/library/Http/BasicRequest.php ON LINE 67 {"Undefined index: HTTP_SIGN":8} []
[2016-07-09 17:14:59] error.ERROR: 8 IN FILE /Users/zhouhong/xianrou/yaframe/library/Http/BasicRequest.php ON LINE 68 {"Undefined index: HTTP_VERSION":8} []
[2016-07-09 17:14:59] error.ERROR: 8 IN FILE /Users/zhouhong/xianrou/yaframe/library/Http/BasicRequest.php ON LINE 69 {"Undefined index: HTTP_TIMESTAMP":8} []
[2016-07-09 17:15:00] error.ERROR: 2 IN FILE /Users/zhouhong/xianrou/yaframe/library/Uploader/Uploader.php ON LINE 117 {"Missing argument 1 for Uploader\\Uploader::getFileInfo(), called in /Users/zhouhong/xianrou/yaframe/application/models/Common/VideoDriver.php on line 36 and defined":2} []
[2016-07-09 17:15:00] error.ERROR: 8 IN FILE /Users/zhouhong/xianrou/yaframe/library/Uploader/Uploader.php ON LINE 119 {"Undefined variable: field":8} []
[2016-07-09 17:15:00] error.ERROR: 8 IN FILE /Users/zhouhong/xianrou/yaframe/library/Uploader/Uploader.php ON LINE 123 {"Undefined variable: field":8} []
[2016-07-09 17:15:00] error.ERROR: 8 IN FILE /Users/zhouhong/xianrou/yaframe/library/Uploader/Uploader.php ON LINE 135 {"Undefined variable: field":8} []
[2016-07-09 17:15:00] error.ERROR: 2 IN FILE /Users/zhouhong/xianrou/yaframe/library/Uploader/Uploader.php ON LINE 154 {"Missing argument 1 for Uploader\\Uploader::doUpload(), called in /Users/zhouhong/xianrou/yaframe/application/models/Common/VideoDriver.php on line 43 and defined":2} []
[2016-07-09 17:15:00] error.ERROR: 8 IN FILE /Users/zhouhong/xianrou/yaframe/library/Uploader/Uploader.php ON LINE 158 {"Undefined variable: field":8} []
[2016-07-09 17:15:00] error.ERROR: 8 IN FILE /Users/zhouhong/xianrou/yaframe/library/Uploader/Uploader.php ON LINE 159 {"Undefined variable: field":8} []
[2016-07-09 17:15:00] error.ERROR: 8 IN FILE /Users/zhouhong/xianrou/yaframe/application/models/Common/VideoDriver.php ON LINE 92 {"Undefined variable: files":8} []
[2016-07-09 17:15:00] error.ERROR: 8 IN FILE /Users/zhouhong/xianrou/yaframe/library/Http/BasicRequest.php ON LINE 67 {"Undefined index: HTTP_SIGN":8} []
[2016-07-09 17:15:00] error.ERROR: 8 IN FILE /Users/zhouhong/xianrou/yaframe/library/Http/BasicRequest.php ON LINE 68 {"Undefined index: HTTP_VERSION":8} []
[2016-07-09 17:15:00] error.ERROR: 8 IN FILE /Users/zhouhong/xianrou/yaframe/library/Http/BasicRequest.php ON LINE 69 {"Undefined index: HTTP_TIMESTAMP":8} []
[2016-07-09 17:15:00] error.ERROR: 8 IN FILE /Users/zhouhong/xianrou/yaframe/library/Sphinx/SphinxClient.php ON LINE 195 {"Undefined property: Sphinx\\SphinxClient::$_socket":8} []
[2016-07-09 17:15:00] error.ERROR: 8 IN FILE /Users/zhouhong/xianrou/yaframe/library/Sphinx/SphinxClient.php ON LINE 196 {"Undefined property: Sphinx\\SphinxClient::$_socket":8} []
[2016-07-09 17:15:00] error.ERROR: 2 IN FILE /Users/zhouhong/xianrou/yaframe/library/Sphinx/SphinxClient.php ON LINE 196 {"fclose() expects parameter 1 to be resource, null given":2} []
[2016-07-09 17:15:01] error.ERROR: 8 IN FILE /Users/zhouhong/xianrou/yaframe/application/Bootstrap.php ON LINE 147 {"Undefined index: ffmpeg":8} []
[2016-07-09 17:15:01] error.ERROR: 8 IN FILE /Users/zhouhong/xianrou/yaframe/application/Bootstrap.php ON LINE 148 {"Undefined index: ffprobe":8} []
[2016-07-09 17:15:01] error.ERROR: 2 IN FILE /Users/zhouhong/xianrou/yaframe/library/Sphinx/SphinxClient.php ON LINE 232 {"assert(): assert(is_int($port)) failed":2} []
[2016-07-09 17:15:01] error.ERROR: 8 IN FILE /Users/zhouhong/xianrou/yaframe/library/Http/BasicRequest.php ON LINE 67 {"Undefined index: HTTP_SIGN":8} []
[2016-07-09 17:15:01] error.ERROR: 8 IN FILE /Users/zhouhong/xianrou/yaframe/library/Http/BasicRequest.php ON LINE 68 {"Undefined index: HTTP_VERSION":8} []
[2016-07-09 17:15:01] error.ERROR: 8 IN FILE /Users/zhouhong/xianrou/yaframe/library/Http/BasicRequest.php ON LINE 69 {"Undefined index: HTTP_TIMESTAMP":8} []
[2016-07-09 17:15:01] error.ERROR: 2 IN FILE /Users/zhouhong/xianrou/yaframe/library/Uploader/Uploader.php ON LINE 117 {"Missing argument 1 for Uploader\\Uploader::getFileInfo(), called in /Users/zhouhong/xianrou/yaframe/application/models/Common/VideoDriver.php on line 36 and defined":2} []
[2016-07-09 17:15:01] error.ERROR: 8 IN FILE /Users/zhouhong/xianrou/yaframe/library/Uploader/Uploader.php ON LINE 119 {"Undefined variable: field":8} []
[2016-07-09 17:15:01] error.ERROR: 8 IN FILE /Users/zhouhong/xianrou/yaframe/library/Uploader/Uploader.php ON LINE 123 {"Undefined variable: field":8} []
[2016-07-09 17:15:01] error.ERROR: 8 IN FILE /Users/zhouhong/xianrou/yaframe/library/Uploader/Uploader.php ON LINE 135 {"Undefined variable: field":8} []
[2016-07-09 17:15:01] error.ERROR: 2 IN FILE /Users/zhouhong/xianrou/yaframe/library/Uploader/Uploader.php ON LINE 154 {"Missing argument 1 for Uploader\\Uploader::doUpload(), called in /Users/zhouhong/xianrou/yaframe/application/models/Common/VideoDriver.php on line 43 and defined":2} []
[2016-07-09 17:15:01] error.ERROR: 8 IN FILE /Users/zhouhong/xianrou/yaframe/library/Uploader/Uploader.php ON LINE 158 {"Undefined variable: field":8} []
[2016-07-09 17:15:01] error.ERROR: 8 IN FILE /Users/zhouhong/xianrou/yaframe/library/Uploader/Uploader.php ON LINE 159 {"Undefined variable: field":8} []
[2016-07-09 17:15:01] error.ERROR: 8 IN FILE /Users/zhouhong/xianrou/yaframe/application/models/Common/VideoDriver.php ON LINE 92 {"Undefined variable: files":8} []
[2016-07-09 17:15:01] error.ERROR: 8 IN FILE /Users/zhouhong/xianrou/yaframe/library/Http/BasicRequest.php ON LINE 67 {"Undefined index: HTTP_SIGN":8} []
[2016-07-09 17:15:01] error.ERROR: 8 IN FILE /Users/zhouhong/xianrou/yaframe/library/Http/BasicRequest.php ON LINE 68 {"Undefined index: HTTP_VERSION":8} []
[2016-07-09 17:15:01] error.ERROR: 8 IN FILE /Users/zhouhong/xianrou/yaframe/library/Http/BasicRequest.php ON LINE 69 {"Undefined index: HTTP_TIMESTAMP":8} []
[2016-07-09 17:15:01] error.ERROR: 8 IN FILE /Users/zhouhong/xianrou/yaframe/library/Sphinx/SphinxClient.php ON LINE 195 {"Undefined property: Sphinx\\SphinxClient::$_socket":8} []
[2016-07-09 17:15:01] error.ERROR: 8 IN FILE /Users/zhouhong/xianrou/yaframe/library/Sphinx/SphinxClient.php ON LINE 196 {"Undefined property: Sphinx\\SphinxClient::$_socket":8} []
[2016-07-09 17:15:01] error.ERROR: 2 IN FILE /Users/zhouhong/xianrou/yaframe/library/Sphinx/SphinxClient.php ON LINE 196 {"fclose() expects parameter 1 to be resource, null given":2} []
[2016-07-09 17:15:02] error.ERROR: 8 IN FILE /Users/zhouhong/xianrou/yaframe/application/Bootstrap.php ON LINE 147 {"Undefined index: ffmpeg":8} []
[2016-07-09 17:15:02] error.ERROR: 8 IN FILE /Users/zhouhong/xianrou/yaframe/application/Bootstrap.php ON LINE 148 {"Undefined index: ffprobe":8} []
[2016-07-09 17:15:02] error.ERROR: 2 IN FILE /Users/zhouhong/xianrou/yaframe/library/Sphinx/SphinxClient.php ON LINE 232 {"assert(): assert(is_int($port)) failed":2} []
[2016-07-09 17:15:02] error.ERROR: 8 IN FILE /Users/zhouhong/xianrou/yaframe/library/Http/BasicRequest.php ON LINE 67 {"Undefined index: HTTP_SIGN":8} []
[2016-07-09 17:15:02] error.ERROR: 8 IN FILE /Users/zhouhong/xianrou/yaframe/library/Http/BasicRequest.php ON LINE 68 {"Undefined index: HTTP_VERSION":8} []
[2016-07-09 17:15:02] error.ERROR: 8 IN FILE /Users/zhouhong/xianrou/yaframe/library/Http/BasicRequest.php ON LINE 69 {"Undefined index: HTTP_TIMESTAMP":8} []
[2016-07-09 17:15:02] error.ERROR: 2 IN FILE /Users/zhouhong/xianrou/yaframe/library/Uploader/Uploader.php ON LINE 117 {"Missing argument 1 for Uploader\\Uploader::getFileInfo(), called in /Users/zhouhong/xianrou/yaframe/application/models/Common/VideoDriver.php on line 36 and defined":2} []
[2016-07-09 17:15:02] error.ERROR: 8 IN FILE /Users/zhouhong/xianrou/yaframe/library/Uploader/Uploader.php ON LINE 119 {"Undefined variable: field":8} []
[2016-07-09 17:15:02] error.ERROR: 8 IN FILE /Users/zhouhong/xianrou/yaframe/library/Uploader/Uploader.php ON LINE 123 {"Undefined variable: field":8} []
[2016-07-09 17:15:02] error.ERROR: 8 IN FILE /Users/zhouhong/xianrou/yaframe/library/Uploader/Uploader.php ON LINE 135 {"Undefined variable: field":8} []
[2016-07-09 17:15:02] error.ERROR: 2 IN FILE /Users/zhouhong/xianrou/yaframe/library/Uploader/Uploader.php ON LINE 154 {"Missing argument 1 for Uploader\\Uploader::doUpload(), called in /Users/zhouhong/xianrou/yaframe/application/models/Common/VideoDriver.php on line 43 and defined":2} []
[2016-07-09 17:15:02] error.ERROR: 8 IN FILE /Users/zhouhong/xianrou/yaframe/library/Uploader/Uploader.php ON LINE 158 {"Undefined variable: field":8} []
[2016-07-09 17:15:02] error.ERROR: 8 IN FILE /Users/zhouhong/xianrou/yaframe/library/Uploader/Uploader.php ON LINE 159 {"Undefined variable: field":8} []
[2016-07-09 17:15:02] error.ERROR: 8 IN FILE /Users/zhouhong/xianrou/yaframe/application/models/Common/VideoDriver.php ON LINE 92 {"Undefined variable: files":8} []
[2016-07-09 17:15:02] error.ERROR: 8 IN FILE /Users/zhouhong/xianrou/yaframe/library/Http/BasicRequest.php ON LINE 67 {"Undefined index: HTTP_SIGN":8} []
[2016-07-09 17:15:02] error.ERROR: 8 IN FILE /Users/zhouhong/xianrou/yaframe/library/Http/BasicRequest.php ON LINE 68 {"Undefined index: HTTP_VERSION":8} []
[2016-07-09 17:15:02] error.ERROR: 8 IN FILE /Users/zhouhong/xianrou/yaframe/library/Http/BasicRequest.php ON LINE 69 {"Undefined index: HTTP_TIMESTAMP":8} []
[2016-07-09 17:15:02] error.ERROR: 8 IN FILE /Users/zhouhong/xianrou/yaframe/library/Sphinx/SphinxClient.php ON LINE 195 {"Undefined property: Sphinx\\SphinxClient::$_socket":8} []
[2016-07-09 17:15:02] error.ERROR: 8 IN FILE /Users/zhouhong/xianrou/yaframe/library/Sphinx/SphinxClient.php ON LINE 196 {"Undefined property: Sphinx\\SphinxClient::$_socket":8} []
[2016-07-09 17:15:02] error.ERROR: 2 IN FILE /Users/zhouhong/xianrou/yaframe/library/Sphinx/SphinxClient.php ON LINE 196 {"fclose() expects parameter 1 to be resource, null given":2} []
[2016-07-09 17:15:23] error.ERROR: 8 IN FILE /Users/zhouhong/xianrou/yaframe/application/Bootstrap.php ON LINE 147 {"Undefined index: ffmpeg":8} []
[2016-07-09 17:15:23] error.ERROR: 8 IN FILE /Users/zhouhong/xianrou/yaframe/application/Bootstrap.php ON LINE 148 {"Undefined index: ffprobe":8} []
[2016-07-09 17:15:23] error.ERROR: 2 IN FILE /Users/zhouhong/xianrou/yaframe/library/Sphinx/SphinxClient.php ON LINE 232 {"assert(): assert(is_int($port)) failed":2} []
[2016-07-09 17:15:23] error.ERROR: 8 IN FILE /Users/zhouhong/xianrou/yaframe/library/Http/BasicRequest.php ON LINE 67 {"Undefined index: HTTP_SIGN":8} []
[2016-07-09 17:15:23] error.ERROR: 8 IN FILE /Users/zhouhong/xianrou/yaframe/library/Http/BasicRequest.php ON LINE 68 {"Undefined index: HTTP_VERSION":8} []
[2016-07-09 17:15:23] error.ERROR: 8 IN FILE /Users/zhouhong/xianrou/yaframe/library/Http/BasicRequest.php ON LINE 69 {"Undefined index: HTTP_TIMESTAMP":8} []
[2016-07-09 17:15:23] error.ERROR: 2 IN FILE /Users/zhouhong/xianrou/yaframe/library/Uploader/Uploader.php ON LINE 117 {"Missing argument 1 for Uploader\\Uploader::getFileInfo(), called in /Users/zhouhong/xianrou/yaframe/application/models/Common/VideoDriver.php on line 36 and defined":2} []
[2016-07-09 17:15:23] error.ERROR: 8 IN FILE /Users/zhouhong/xianrou/yaframe/library/Uploader/Uploader.php ON LINE 119 {"Undefined variable: field":8} []
[2016-07-09 17:15:23] error.ERROR: 8 IN FILE /Users/zhouhong/xianrou/yaframe/library/Uploader/Uploader.php ON LINE 123 {"Undefined variable: field":8} []
[2016-07-09 17:15:23] error.ERROR: 8 IN FILE /Users/zhouhong/xianrou/yaframe/library/Uploader/Uploader.php ON LINE 135 {"Undefined variable: field":8} []
[2016-07-09 17:15:23] error.ERROR: 2 IN FILE /Users/zhouhong/xianrou/yaframe/library/Uploader/Uploader.php ON LINE 154 {"Missing argument 1 for Uploader\\Uploader::doUpload(), called in /Users/zhouhong/xianrou/yaframe/application/models/Common/VideoDriver.php on line 43 and defined":2} []
[2016-07-09 17:15:23] error.ERROR: 8 IN FILE /Users/zhouhong/xianrou/yaframe/library/Uploader/Uploader.php ON LINE 158 {"Undefined variable: field":8} []
[2016-07-09 17:15:23] error.ERROR: 8 IN FILE /Users/zhouhong/xianrou/yaframe/library/Uploader/Uploader.php ON LINE 159 {"Undefined variable: field":8} []
[2016-07-09 17:15:23] error.ERROR: 8 IN FILE /Users/zhouhong/xianrou/yaframe/application/models/Common/VideoDriver.php ON LINE 92 {"Undefined variable: files":8} []
[2016-07-09 17:15:23] error.ERROR: 8 IN FILE /Users/zhouhong/xianrou/yaframe/library/Sphinx/SphinxClient.php ON LINE 195 {"Undefined property: Sphinx\\SphinxClient::$_socket":8} []
[2016-07-09 17:15:23] error.ERROR: 8 IN FILE /Users/zhouhong/xianrou/yaframe/library/Sphinx/SphinxClient.php ON LINE 196 {"Undefined property: Sphinx\\SphinxClient::$_socket":8} []
[2016-07-09 17:15:23] error.ERROR: 2 IN FILE /Users/zhouhong/xianrou/yaframe/library/Sphinx/SphinxClient.php ON LINE 196 {"fclose() expects parameter 1 to be resource, null given":2} []
[2016-07-09 17:22:34] error.ERROR: 8 IN FILE /Users/zhouhong/xianrou/yaframe/application/Bootstrap.php ON LINE 147 {"Undefined index: ffmpeg":8} []
[2016-07-09 17:22:34] error.ERROR: 8 IN FILE /Users/zhouhong/xianrou/yaframe/application/Bootstrap.php ON LINE 148 {"Undefined index: ffprobe":8} []
[2016-07-09 17:22:34] error.ERROR: 2 IN FILE /Users/zhouhong/xianrou/yaframe/library/Sphinx/SphinxClient.php ON LINE 232 {"assert(): assert(is_int($port)) failed":2} []
[2016-07-09 17:22:34] error.ERROR: 8 IN FILE /Users/zhouhong/xianrou/yaframe/library/Http/BasicRequest.php ON LINE 67 {"Undefined index: HTTP_SIGN":8} []
[2016-07-09 17:22:34] error.ERROR: 8 IN FILE /Users/zhouhong/xianrou/yaframe/library/Http/BasicRequest.php ON LINE 68 {"Undefined index: HTTP_VERSION":8} []
[2016-07-09 17:22:34] error.ERROR: 8 IN FILE /Users/zhouhong/xianrou/yaframe/library/Http/BasicRequest.php ON LINE 69 {"Undefined index: HTTP_TIMESTAMP":8} []
[2016-07-09 17:22:34] error.ERROR: 2 IN FILE /Users/zhouhong/xianrou/yaframe/library/Uploader/Uploader.php ON LINE 117 {"Missing argument 1 for Uploader\\Uploader::getFileInfo(), called in /Users/zhouhong/xianrou/yaframe/application/models/Common/VideoDriver.php on line 36 and defined":2} []
[2016-07-09 17:22:34] error.ERROR: 8 IN FILE /Users/zhouhong/xianrou/yaframe/library/Uploader/Uploader.php ON LINE 119 {"Undefined variable: field":8} []
[2016-07-09 17:22:34] error.ERROR: 8 IN FILE /Users/zhouhong/xianrou/yaframe/library/Uploader/Uploader.php ON LINE 123 {"Undefined variable: field":8} []
[2016-07-09 17:22:34] error.ERROR: 8 IN FILE /Users/zhouhong/xianrou/yaframe/library/Uploader/Uploader.php ON LINE 135 {"Undefined variable: field":8} []
[2016-07-09 17:22:34] error.ERROR: 2 IN FILE /Users/zhouhong/xianrou/yaframe/library/Uploader/Uploader.php ON LINE 154 {"Missing argument 1 for Uploader\\Uploader::doUpload(), called in /Users/zhouhong/xianrou/yaframe/application/models/Common/VideoDriver.php on line 43 and defined":2} []
[2016-07-09 17:22:34] error.ERROR: 8 IN FILE /Users/zhouhong/xianrou/yaframe/library/Uploader/Uploader.php ON LINE 158 {"Undefined variable: field":8} []
[2016-07-09 17:22:34] error.ERROR: 8 IN FILE /Users/zhouhong/xianrou/yaframe/library/Uploader/Uploader.php ON LINE 159 {"Undefined variable: field":8} []
[2016-07-09 17:22:34] error.ERROR: 8 IN FILE /Users/zhouhong/xianrou/yaframe/application/models/Common/VideoDriver.php ON LINE 92 {"Undefined variable: files":8} []
[2016-07-09 17:22:34] error.ERROR: 8 IN FILE /Users/zhouhong/xianrou/yaframe/library/Http/BasicRequest.php ON LINE 67 {"Undefined index: HTTP_SIGN":8} []
[2016-07-09 17:22:34] error.ERROR: 8 IN FILE /Users/zhouhong/xianrou/yaframe/library/Http/BasicRequest.php ON LINE 68 {"Undefined index: HTTP_VERSION":8} []
[2016-07-09 17:22:34] error.ERROR: 8 IN FILE /Users/zhouhong/xianrou/yaframe/library/Http/BasicRequest.php ON LINE 69 {"Undefined index: HTTP_TIMESTAMP":8} []
[2016-07-09 17:22:34] error.ERROR: 8 IN FILE /Users/zhouhong/xianrou/yaframe/library/Sphinx/SphinxClient.php ON LINE 195 {"Undefined property: Sphinx\\SphinxClient::$_socket":8} []
[2016-07-09 17:22:34] error.ERROR: 8 IN FILE /Users/zhouhong/xianrou/yaframe/library/Sphinx/SphinxClient.php ON LINE 196 {"Undefined property: Sphinx\\SphinxClient::$_socket":8} []
[2016-07-09 17:22:34] error.ERROR: 2 IN FILE /Users/zhouhong/xianrou/yaframe/library/Sphinx/SphinxClient.php ON LINE 196 {"fclose() expects parameter 1 to be resource, null given":2} []
[2016-07-09 17:22:51] error.ERROR: 8 IN FILE /Users/zhouhong/xianrou/yaframe/application/Bootstrap.php ON LINE 147 {"Undefined index: ffmpeg":8} []
[2016-07-09 17:22:51] error.ERROR: 8 IN FILE /Users/zhouhong/xianrou/yaframe/application/Bootstrap.php ON LINE 148 {"Undefined index: ffprobe":8} []
[2016-07-09 17:22:51] error.ERROR: 2 IN FILE /Users/zhouhong/xianrou/yaframe/library/Sphinx/SphinxClient.php ON LINE 232 {"assert(): assert(is_int($port)) failed":2} []
[2016-07-09 17:22:51] error.ERROR: 8 IN FILE /Users/zhouhong/xianrou/yaframe/library/Http/BasicRequest.php ON LINE 67 {"Undefined index: HTTP_SIGN":8} []
[2016-07-09 17:22:51] error.ERROR: 8 IN FILE /Users/zhouhong/xianrou/yaframe/library/Http/BasicRequest.php ON LINE 68 {"Undefined index: HTTP_VERSION":8} []
[2016-07-09 17:22:51] error.ERROR: 8 IN FILE /Users/zhouhong/xianrou/yaframe/library/Http/BasicRequest.php ON LINE 69 {"Undefined index: HTTP_TIMESTAMP":8} []
[2016-07-09 17:22:51] error.ERROR: 8 IN FILE /Users/zhouhong/xianrou/yaframe/library/Http/BasicRequest.php ON LINE 67 {"Undefined index: HTTP_SIGN":8} []
[2016-07-09 17:22:51] error.ERROR: 8 IN FILE /Users/zhouhong/xianrou/yaframe/library/Http/BasicRequest.php ON LINE 68 {"Undefined index: HTTP_VERSION":8} []
[2016-07-09 17:22:51] error.ERROR: 8 IN FILE /Users/zhouhong/xianrou/yaframe/library/Http/BasicRequest.php ON LINE 69 {"Undefined index: HTTP_TIMESTAMP":8} []
[2016-07-09 17:22:51] error.ERROR: 8 IN FILE /Users/zhouhong/xianrou/yaframe/library/Sphinx/SphinxClient.php ON LINE 195 {"Undefined property: Sphinx\\SphinxClient::$_socket":8} []
[2016-07-09 17:22:51] error.ERROR: 8 IN FILE /Users/zhouhong/xianrou/yaframe/library/Sphinx/SphinxClient.php ON LINE 196 {"Undefined property: Sphinx\\SphinxClient::$_socket":8} []
[2016-07-09 17:22:51] error.ERROR: 2 IN FILE /Users/zhouhong/xianrou/yaframe/library/Sphinx/SphinxClient.php ON LINE 196 {"fclose() expects parameter 1 to be resource, null given":2} []
[2016-07-09 17:23:27] error.ERROR: 8 IN FILE /Users/zhouhong/xianrou/yaframe/application/Bootstrap.php ON LINE 147 {"Undefined index: ffmpeg":8} []
[2016-07-09 17:23:27] error.ERROR: 8 IN FILE /Users/zhouhong/xianrou/yaframe/application/Bootstrap.php ON LINE 148 {"Undefined index: ffprobe":8} []
[2016-07-09 17:23:27] error.ERROR: 2 IN FILE /Users/zhouhong/xianrou/yaframe/library/Sphinx/SphinxClient.php ON LINE 232 {"assert(): assert(is_int($port)) failed":2} []
[2016-07-09 17:23:27] error.ERROR: 8 IN FILE /Users/zhouhong/xianrou/yaframe/library/Http/BasicRequest.php ON LINE 67 {"Undefined index: HTTP_SIGN":8} []
[2016-07-09 17:23:27] error.ERROR: 8 IN FILE /Users/zhouhong/xianrou/yaframe/library/Http/BasicRequest.php ON LINE 68 {"Undefined index: HTTP_VERSION":8} []
[2016-07-09 17:23:27] error.ERROR: 8 IN FILE /Users/zhouhong/xianrou/yaframe/library/Http/BasicRequest.php ON LINE 69 {"Undefined index: HTTP_TIMESTAMP":8} []
[2016-07-09 17:23:27] error.ERROR: 8 IN FILE /Users/zhouhong/xianrou/yaframe/library/Uploader/Imager.php ON LINE 68 {"Undefined variable: leftWidth":8} []
[2016-07-09 17:23:29] error.ERROR: 8 IN FILE /Users/zhouhong/xianrou/yaframe/library/Sphinx/SphinxClient.php ON LINE 195 {"Undefined property: Sphinx\\SphinxClient::$_socket":8} []
[2016-07-09 17:23:29] error.ERROR: 8 IN FILE /Users/zhouhong/xianrou/yaframe/library/Sphinx/SphinxClient.php ON LINE 196 {"Undefined property: Sphinx\\SphinxClient::$_socket":8} []
[2016-07-09 17:23:29] error.ERROR: 2 IN FILE /Users/zhouhong/xianrou/yaframe/library/Sphinx/SphinxClient.php ON LINE 196 {"fclose() expects parameter 1 to be resource, null given":2} []
[2016-07-09 17:24:48] error.ERROR: 8 IN FILE /Users/zhouhong/xianrou/yaframe/application/Bootstrap.php ON LINE 147 {"Undefined index: ffmpeg":8} []
[2016-07-09 17:24:48] error.ERROR: 8 IN FILE /Users/zhouhong/xianrou/yaframe/application/Bootstrap.php ON LINE 148 {"Undefined index: ffprobe":8} []
[2016-07-09 17:24:48] error.ERROR: 2 IN FILE /Users/zhouhong/xianrou/yaframe/library/Sphinx/SphinxClient.php ON LINE 232 {"assert(): assert(is_int($port)) failed":2} []
[2016-07-09 17:24:48] error.ERROR: 8 IN FILE /Users/zhouhong/xianrou/yaframe/library/Http/BasicRequest.php ON LINE 67 {"Undefined index: HTTP_SIGN":8} []
[2016-07-09 17:24:48] error.ERROR: 8 IN FILE /Users/zhouhong/xianrou/yaframe/library/Http/BasicRequest.php ON LINE 68 {"Undefined index: HTTP_VERSION":8} []
[2016-07-09 17:24:48] error.ERROR: 8 IN FILE /Users/zhouhong/xianrou/yaframe/library/Http/BasicRequest.php ON LINE 69 {"Undefined index: HTTP_TIMESTAMP":8} []
[2016-07-09 17:24:48] error.ERROR: 8 IN FILE /Users/zhouhong/xianrou/yaframe/library/Http/BasicRequest.php ON LINE 67 {"Undefined index: HTTP_SIGN":8} []
[2016-07-09 17:24:48] error.ERROR: 8 IN FILE /Users/zhouhong/xianrou/yaframe/library/Http/BasicRequest.php ON LINE 68 {"Undefined index: HTTP_VERSION":8} []
[2016-07-09 17:24:48] error.ERROR: 8 IN FILE /Users/zhouhong/xianrou/yaframe/library/Http/BasicRequest.php ON LINE 69 {"Undefined index: HTTP_TIMESTAMP":8} []
[2016-07-09 17:24:48] error.ERROR: 8 IN FILE /Users/zhouhong/xianrou/yaframe/library/Sphinx/SphinxClient.php ON LINE 195 {"Undefined property: Sphinx\\SphinxClient::$_socket":8} []
[2016-07-09 17:24:48] error.ERROR: 8 IN FILE /Users/zhouhong/xianrou/yaframe/library/Sphinx/SphinxClient.php ON LINE 196 {"Undefined property: Sphinx\\SphinxClient::$_socket":8} []
[2016-07-09 17:24:48] error.ERROR: 2 IN FILE /Users/zhouhong/xianrou/yaframe/library/Sphinx/SphinxClient.php ON LINE 196 {"fclose() expects parameter 1 to be resource, null given":2} []
[2016-07-09 17:25:33] error.ERROR: 8 IN FILE /Users/zhouhong/xianrou/yaframe/application/Bootstrap.php ON LINE 147 {"Undefined index: ffmpeg":8} []
[2016-07-09 17:25:33] error.ERROR: 8 IN FILE /Users/zhouhong/xianrou/yaframe/application/Bootstrap.php ON LINE 148 {"Undefined index: ffprobe":8} []
[2016-07-09 17:25:33] error.ERROR: 2 IN FILE /Users/zhouhong/xianrou/yaframe/library/Sphinx/SphinxClient.php ON LINE 232 {"assert(): assert(is_int($port)) failed":2} []
[2016-07-09 17:25:33] error.ERROR: 8 IN FILE /Users/zhouhong/xianrou/yaframe/library/Http/BasicRequest.php ON LINE 67 {"Undefined index: HTTP_SIGN":8} []
[2016-07-09 17:25:33] error.ERROR: 8 IN FILE /Users/zhouhong/xianrou/yaframe/library/Http/BasicRequest.php ON LINE 68 {"Undefined index: HTTP_VERSION":8} []
[2016-07-09 17:25:33] error.ERROR: 8 IN FILE /Users/zhouhong/xianrou/yaframe/library/Http/BasicRequest.php ON LINE 69 {"Undefined index: HTTP_TIMESTAMP":8} []
[2016-07-09 17:25:33] error.ERROR: 8 IN FILE /Users/zhouhong/xianrou/yaframe/library/Http/BasicRequest.php ON LINE 67 {"Undefined index: HTTP_SIGN":8} []
[2016-07-09 17:25:33] error.ERROR: 8 IN FILE /Users/zhouhong/xianrou/yaframe/library/Http/BasicRequest.php ON LINE 68 {"Undefined index: HTTP_VERSION":8} []
[2016-07-09 17:25:33] error.ERROR: 8 IN FILE /Users/zhouhong/xianrou/yaframe/library/Http/BasicRequest.php ON LINE 69 {"Undefined index: HTTP_TIMESTAMP":8} []
[2016-07-09 17:25:33] error.ERROR: 8 IN FILE /Users/zhouhong/xianrou/yaframe/library/Sphinx/SphinxClient.php ON LINE 195 {"Undefined property: Sphinx\\SphinxClient::$_socket":8} []
[2016-07-09 17:25:33] error.ERROR: 8 IN FILE /Users/zhouhong/xianrou/yaframe/library/Sphinx/SphinxClient.php ON LINE 196 {"Undefined property: Sphinx\\SphinxClient::$_socket":8} []
[2016-07-09 17:25:33] error.ERROR: 2 IN FILE /Users/zhouhong/xianrou/yaframe/library/Sphinx/SphinxClient.php ON LINE 196 {"fclose() expects parameter 1 to be resource, null given":2} []
[2016-07-09 17:25:42] error.ERROR: 8 IN FILE /Users/zhouhong/xianrou/yaframe/application/Bootstrap.php ON LINE 147 {"Undefined index: ffmpeg":8} []
[2016-07-09 17:25:42] error.ERROR: 8 IN FILE /Users/zhouhong/xianrou/yaframe/application/Bootstrap.php ON LINE 148 {"Undefined index: ffprobe":8} []
[2016-07-09 17:25:42] error.ERROR: 2 IN FILE /Users/zhouhong/xianrou/yaframe/library/Sphinx/SphinxClient.php ON LINE 232 {"assert(): assert(is_int($port)) failed":2} []
[2016-07-09 17:25:42] error.ERROR: 8 IN FILE /Users/zhouhong/xianrou/yaframe/library/Http/BasicRequest.php ON LINE 67 {"Undefined index: HTTP_SIGN":8} []
[2016-07-09 17:25:42] error.ERROR: 8 IN FILE /Users/zhouhong/xianrou/yaframe/library/Http/BasicRequest.php ON LINE 68 {"Undefined index: HTTP_VERSION":8} []
[2016-07-09 17:25:42] error.ERROR: 8 IN FILE /Users/zhouhong/xianrou/yaframe/library/Http/BasicRequest.php ON LINE 69 {"Undefined index: HTTP_TIMESTAMP":8} []
[2016-07-09 17:25:42] error.ERROR: 2 IN FILE /Users/zhouhong/xianrou/yaframe/library/Uploader/Uploader.php ON LINE 117 {"Missing argument 1 for Uploader\\Uploader::getFileInfo(), called in /Users/zhouhong/xianrou/yaframe/application/models/Common/VideoDriver.php on line 36 and defined":2} []
[2016-07-09 17:25:42] error.ERROR: 8 IN FILE /Users/zhouhong/xianrou/yaframe/library/Uploader/Uploader.php ON LINE 119 {"Undefined variable: field":8} []
[2016-07-09 17:25:42] error.ERROR: 8 IN FILE /Users/zhouhong/xianrou/yaframe/library/Uploader/Uploader.php ON LINE 123 {"Undefined variable: field":8} []
[2016-07-09 17:25:42] error.ERROR: 8 IN FILE /Users/zhouhong/xianrou/yaframe/library/Uploader/Uploader.php ON LINE 135 {"Undefined variable: field":8} []
[2016-07-09 17:25:42] error.ERROR: 2 IN FILE /Users/zhouhong/xianrou/yaframe/library/Uploader/Uploader.php ON LINE 154 {"Missing argument 1 for Uploader\\Uploader::doUpload(), called in /Users/zhouhong/xianrou/yaframe/application/models/Common/VideoDriver.php on line 43 and defined":2} []
[2016-07-09 17:25:42] error.ERROR: 8 IN FILE /Users/zhouhong/xianrou/yaframe/library/Uploader/Uploader.php ON LINE 158 {"Undefined variable: field":8} []
[2016-07-09 17:25:42] error.ERROR: 8 IN FILE /Users/zhouhong/xianrou/yaframe/library/Uploader/Uploader.php ON LINE 159 {"Undefined variable: field":8} []
[2016-07-09 17:25:42] error.ERROR: 8 IN FILE /Users/zhouhong/xianrou/yaframe/application/models/Common/VideoDriver.php ON LINE 92 {"Undefined variable: files":8} []
[2016-07-09 17:25:42] error.ERROR: 8 IN FILE /Users/zhouhong/xianrou/yaframe/library/Http/BasicRequest.php ON LINE 67 {"Undefined index: HTTP_SIGN":8} []
[2016-07-09 17:25:42] error.ERROR: 8 IN FILE /Users/zhouhong/xianrou/yaframe/library/Http/BasicRequest.php ON LINE 68 {"Undefined index: HTTP_VERSION":8} []
[2016-07-09 17:25:42] error.ERROR: 8 IN FILE /Users/zhouhong/xianrou/yaframe/library/Http/BasicRequest.php ON LINE 69 {"Undefined index: HTTP_TIMESTAMP":8} []
[2016-07-09 17:25:42] error.ERROR: 8 IN FILE /Users/zhouhong/xianrou/yaframe/library/Sphinx/SphinxClient.php ON LINE 195 {"Undefined property: Sphinx\\SphinxClient::$_socket":8} []
[2016-07-09 17:25:42] error.ERROR: 8 IN FILE /Users/zhouhong/xianrou/yaframe/library/Sphinx/SphinxClient.php ON LINE 196 {"Undefined property: Sphinx\\SphinxClient::$_socket":8} []
[2016-07-09 17:25:42] error.ERROR: 2 IN FILE /Users/zhouhong/xianrou/yaframe/library/Sphinx/SphinxClient.php ON LINE 196 {"fclose() expects parameter 1 to be resource, null given":2} []
[2016-07-09 17:25:56] error.ERROR: 8 IN FILE /Users/zhouhong/xianrou/yaframe/application/Bootstrap.php ON LINE 147 {"Undefined index: ffmpeg":8} []
[2016-07-09 17:25:56] error.ERROR: 8 IN FILE /Users/zhouhong/xianrou/yaframe/application/Bootstrap.php ON LINE 148 {"Undefined index: ffprobe":8} []
[2016-07-09 17:25:56] error.ERROR: 2 IN FILE /Users/zhouhong/xianrou/yaframe/library/Sphinx/SphinxClient.php ON LINE 232 {"assert(): assert(is_int($port)) failed":2} []
[2016-07-09 17:25:56] error.ERROR: 8 IN FILE /Users/zhouhong/xianrou/yaframe/library/Http/BasicRequest.php ON LINE 67 {"Undefined index: HTTP_SIGN":8} []
[2016-07-09 17:25:56] error.ERROR: 8 IN FILE /Users/zhouhong/xianrou/yaframe/library/Http/BasicRequest.php ON LINE 68 {"Undefined index: HTTP_VERSION":8} []
[2016-07-09 17:25:56] error.ERROR: 8 IN FILE /Users/zhouhong/xianrou/yaframe/library/Http/BasicRequest.php ON LINE 69 {"Undefined index: HTTP_TIMESTAMP":8} []
[2016-07-09 17:25:56] error.ERROR: 8 IN FILE /Users/zhouhong/xianrou/yaframe/library/Uploader/Imager.php ON LINE 68 {"Undefined variable: leftWidth":8} []
[2016-07-09 17:25:58] error.ERROR: 2 IN FILE /Users/zhouhong/xianrou/yaframe/library/Uploader/Uploader.php ON LINE 117 {"Missing argument 1 for Uploader\\Uploader::getFileInfo(), called in /Users/zhouhong/xianrou/yaframe/application/models/Common/VideoDriver.php on line 36 and defined":2} []
[2016-07-09 17:25:58] error.ERROR: 8 IN FILE /Users/zhouhong/xianrou/yaframe/library/Uploader/Uploader.php ON LINE 119 {"Undefined variable: field":8} []
[2016-07-09 17:25:58] error.ERROR: 8 IN FILE /Users/zhouhong/xianrou/yaframe/library/Uploader/Uploader.php ON LINE 123 {"Undefined variable: field":8} []
[2016-07-09 17:25:58] error.ERROR: 8 IN FILE /Users/zhouhong/xianrou/yaframe/library/Uploader/Uploader.php ON LINE 135 {"Undefined variable: field":8} []
[2016-07-09 17:25:58] error.ERROR: 2 IN FILE /Users/zhouhong/xianrou/yaframe/library/Uploader/Uploader.php ON LINE 154 {"Missing argument 1 for Uploader\\Uploader::doUpload(), called in /Users/zhouhong/xianrou/yaframe/application/models/Common/VideoDriver.php on line 43 and defined":2} []
[2016-07-09 17:25:58] error.ERROR: 8 IN FILE /Users/zhouhong/xianrou/yaframe/library/Uploader/Uploader.php ON LINE 158 {"Undefined variable: field":8} []
[2016-07-09 17:25:58] error.ERROR: 8 IN FILE /Users/zhouhong/xianrou/yaframe/library/Uploader/Uploader.php ON LINE 159 {"Undefined variable: field":8} []
[2016-07-09 17:25:58] error.ERROR: 8 IN FILE /Users/zhouhong/xianrou/yaframe/application/models/Common/VideoDriver.php ON LINE 92 {"Undefined variable: files":8} []
[2016-07-09 17:25:58] error.ERROR: 8 IN FILE /Users/zhouhong/xianrou/yaframe/library/Http/BasicRequest.php ON LINE 67 {"Undefined index: HTTP_SIGN":8} []
[2016-07-09 17:25:58] error.ERROR: 8 IN FILE /Users/zhouhong/xianrou/yaframe/library/Http/BasicRequest.php ON LINE 68 {"Undefined index: HTTP_VERSION":8} []
[2016-07-09 17:25:58] error.ERROR: 8 IN FILE /Users/zhouhong/xianrou/yaframe/library/Http/BasicRequest.php ON LINE 69 {"Undefined index: HTTP_TIMESTAMP":8} []
[2016-07-09 17:25:58] error.ERROR: 8 IN FILE /Users/zhouhong/xianrou/yaframe/library/Sphinx/SphinxClient.php ON LINE 195 {"Undefined property: Sphinx\\SphinxClient::$_socket":8} []
[2016-07-09 17:25:58] error.ERROR: 8 IN FILE /Users/zhouhong/xianrou/yaframe/library/Sphinx/SphinxClient.php ON LINE 196 {"Undefined property: Sphinx\\SphinxClient::$_socket":8} []
[2016-07-09 17:25:58] error.ERROR: 2 IN FILE /Users/zhouhong/xianrou/yaframe/library/Sphinx/SphinxClient.php ON LINE 196 {"fclose() expects parameter 1 to be resource, null given":2} []
[2016-07-09 17:26:59] error.ERROR: 8 IN FILE /Users/zhouhong/xianrou/yaframe/application/Bootstrap.php ON LINE 147 {"Undefined index: ffmpeg":8} []
[2016-07-09 17:26:59] error.ERROR: 8 IN FILE /Users/zhouhong/xianrou/yaframe/application/Bootstrap.php ON LINE 148 {"Undefined index: ffprobe":8} []
[2016-07-09 17:26:59] error.ERROR: 2 IN FILE /Users/zhouhong/xianrou/yaframe/library/Sphinx/SphinxClient.php ON LINE 232 {"assert(): assert(is_int($port)) failed":2} []
[2016-07-09 17:26:59] error.ERROR: 8 IN FILE /Users/zhouhong/xianrou/yaframe/library/Http/BasicRequest.php ON LINE 67 {"Undefined index: HTTP_SIGN":8} []
[2016-07-09 17:26:59] error.ERROR: 8 IN FILE /Users/zhouhong/xianrou/yaframe/library/Http/BasicRequest.php ON LINE 68 {"Undefined index: HTTP_VERSION":8} []
[2016-07-09 17:26:59] error.ERROR: 8 IN FILE /Users/zhouhong/xianrou/yaframe/library/Http/BasicRequest.php ON LINE 69 {"Undefined index: HTTP_TIMESTAMP":8} []
[2016-07-09 17:26:59] error.ERROR: 2 IN FILE /Users/zhouhong/xianrou/yaframe/library/Uploader/Uploader.php ON LINE 117 {"Missing argument 1 for Uploader\\Uploader::getFileInfo(), called in /Users/zhouhong/xianrou/yaframe/application/models/Common/VideoDriver.php on line 36 and defined":2} []
[2016-07-09 17:26:59] error.ERROR: 8 IN FILE /Users/zhouhong/xianrou/yaframe/library/Uploader/Uploader.php ON LINE 119 {"Undefined variable: field":8} []
[2016-07-09 17:26:59] error.ERROR: 8 IN FILE /Users/zhouhong/xianrou/yaframe/library/Uploader/Uploader.php ON LINE 123 {"Undefined variable: field":8} []
[2016-07-09 17:26:59] error.ERROR: 8 IN FILE /Users/zhouhong/xianrou/yaframe/library/Uploader/Uploader.php ON LINE 135 {"Undefined variable: field":8} []
[2016-07-09 17:26:59] error.ERROR: 2 IN FILE /Users/zhouhong/xianrou/yaframe/library/Uploader/Uploader.php ON LINE 154 {"Missing argument 1 for Uploader\\Uploader::doUpload(), called in /Users/zhouhong/xianrou/yaframe/application/models/Common/VideoDriver.php on line 43 and defined":2} []
[2016-07-09 17:26:59] error.ERROR: 8 IN FILE /Users/zhouhong/xianrou/yaframe/library/Uploader/Uploader.php ON LINE 158 {"Undefined variable: field":8} []
[2016-07-09 17:26:59] error.ERROR: 8 IN FILE /Users/zhouhong/xianrou/yaframe/library/Uploader/Uploader.php ON LINE 159 {"Undefined variable: field":8} []
[2016-07-09 17:26:59] error.ERROR: 8 IN FILE /Users/zhouhong/xianrou/yaframe/application/models/Common/VideoDriver.php ON LINE 92 {"Undefined variable: files":8} []
[2016-07-09 17:26:59] error.ERROR: 8 IN FILE /Users/zhouhong/xianrou/yaframe/library/Http/BasicRequest.php ON LINE 67 {"Undefined index: HTTP_SIGN":8} []
[2016-07-09 17:26:59] error.ERROR: 8 IN FILE /Users/zhouhong/xianrou/yaframe/library/Http/BasicRequest.php ON LINE 68 {"Undefined index: HTTP_VERSION":8} []
[2016-07-09 17:26:59] error.ERROR: 8 IN FILE /Users/zhouhong/xianrou/yaframe/library/Http/BasicRequest.php ON LINE 69 {"Undefined index: HTTP_TIMESTAMP":8} []
[2016-07-09 17:26:59] error.ERROR: 8 IN FILE /Users/zhouhong/xianrou/yaframe/library/Sphinx/SphinxClient.php ON LINE 195 {"Undefined property: Sphinx\\SphinxClient::$_socket":8} []
[2016-07-09 17:26:59] error.ERROR: 8 IN FILE /Users/zhouhong/xianrou/yaframe/library/Sphinx/SphinxClient.php ON LINE 196 {"Undefined property: Sphinx\\SphinxClient::$_socket":8} []
[2016-07-09 17:26:59] error.ERROR: 2 IN FILE /Users/zhouhong/xianrou/yaframe/library/Sphinx/SphinxClient.php ON LINE 196 {"fclose() expects parameter 1 to be resource, null given":2} []
