[2016-06-21 17:02:39] error.WARNING: 8 IN FILE /Users/zhouhong/xianrou/yaframe/application/Bootstrap.php ON LINE 139 {"Undefined index: imageUploadPath":8} []
[2016-06-21 17:02:39] error.ERROR: 8 IN FILE /Users/zhouhong/xianrou/yaframe/application/Bootstrap.php ON LINE 139 {"Undefined index: imageUploadPath":8} []
[2016-06-21 17:02:39] error.WARNING: 8 IN FILE /Users/zhouhong/xianrou/yaframe/application/Bootstrap.php ON LINE 140 {"Undefined index: audioUploadPath":8} []
[2016-06-21 17:02:39] error.ERROR: 8 IN FILE /Users/zhouhong/xianrou/yaframe/application/Bootstrap.php ON LINE 140 {"Undefined index: audioUploadPath":8} []
[2016-06-21 17:02:39] error.WARNING: 8 IN FILE /Users/zhouhong/xianrou/yaframe/application/Bootstrap.php ON LINE 141 {"Undefined index: videoUploadPath":8} []
[2016-06-21 17:02:39] error.ERROR: 8 IN FILE /Users/zhouhong/xianrou/yaframe/application/Bootstrap.php ON LINE 141 {"Undefined index: videoUploadPath":8} []
[2016-06-21 17:02:39] error.WARNING: 8 IN FILE /Users/zhouhong/xianrou/yaflib/library/Http/BasicRequest.php ON LINE 66 {"Undefined index: HTTP_TOKEN":8} []
[2016-06-21 17:02:39] error.ERROR: 8 IN FILE /Users/zhouhong/xianrou/yaflib/library/Http/BasicRequest.php ON LINE 66 {"Undefined index: HTTP_TOKEN":8} []
[2016-06-21 17:02:39] error.WARNING: 8 IN FILE /Users/zhouhong/xianrou/yaflib/library/Http/BasicRequest.php ON LINE 67 {"Undefined index: HTTP_SIGN":8} []
[2016-06-21 17:02:39] error.ERROR: 8 IN FILE /Users/zhouhong/xianrou/yaflib/library/Http/BasicRequest.php ON LINE 67 {"Undefined index: HTTP_SIGN":8} []
[2016-06-21 17:02:39] error.WARNING: 8 IN FILE /Users/zhouhong/xianrou/yaflib/library/Http/BasicRequest.php ON LINE 68 {"Undefined index: HTTP_VERSION":8} []
[2016-06-21 17:02:39] error.ERROR: 8 IN FILE /Users/zhouhong/xianrou/yaflib/library/Http/BasicRequest.php ON LINE 68 {"Undefined index: HTTP_VERSION":8} []
[2016-06-21 17:02:39] error.WARNING: 8 IN FILE /Users/zhouhong/xianrou/yaflib/library/Http/BasicRequest.php ON LINE 69 {"Undefined index: HTTP_TIMESTAMP":8} []
[2016-06-21 17:02:39] error.ERROR: 8 IN FILE /Users/zhouhong/xianrou/yaflib/library/Http/BasicRequest.php ON LINE 69 {"Undefined index: HTTP_TIMESTAMP":8} []
[2016-06-21 17:04:33] error.WARNING: 8 IN FILE /Users/zhouhong/xianrou/yaframe/application/Bootstrap.php ON LINE 139 {"Undefined index: imageUploadPath":8} []
[2016-06-21 17:04:33] error.ERROR: 8 IN FILE /Users/zhouhong/xianrou/yaframe/application/Bootstrap.php ON LINE 139 {"Undefined index: imageUploadPath":8} []
[2016-06-21 17:04:33] error.WARNING: 8 IN FILE /Users/zhouhong/xianrou/yaframe/application/Bootstrap.php ON LINE 140 {"Undefined index: audioUploadPath":8} []
[2016-06-21 17:04:33] error.ERROR: 8 IN FILE /Users/zhouhong/xianrou/yaframe/application/Bootstrap.php ON LINE 140 {"Undefined index: audioUploadPath":8} []
[2016-06-21 17:04:33] error.WARNING: 8 IN FILE /Users/zhouhong/xianrou/yaframe/application/Bootstrap.php ON LINE 141 {"Undefined index: videoUploadPath":8} []
[2016-06-21 17:04:33] error.ERROR: 8 IN FILE /Users/zhouhong/xianrou/yaframe/application/Bootstrap.php ON LINE 141 {"Undefined index: videoUploadPath":8} []
[2016-06-21 17:04:33] error.WARNING: 8 IN FILE /Users/zhouhong/xianrou/yaflib/library/Http/BasicRequest.php ON LINE 66 {"Undefined index: HTTP_TOKEN":8} []
[2016-06-21 17:04:33] error.ERROR: 8 IN FILE /Users/zhouhong/xianrou/yaflib/library/Http/BasicRequest.php ON LINE 66 {"Undefined index: HTTP_TOKEN":8} []
[2016-06-21 17:04:33] error.WARNING: 8 IN FILE /Users/zhouhong/xianrou/yaflib/library/Http/BasicRequest.php ON LINE 67 {"Undefined index: HTTP_SIGN":8} []
[2016-06-21 17:04:33] error.ERROR: 8 IN FILE /Users/zhouhong/xianrou/yaflib/library/Http/BasicRequest.php ON LINE 67 {"Undefined index: HTTP_SIGN":8} []
[2016-06-21 17:04:33] error.WARNING: 8 IN FILE /Users/zhouhong/xianrou/yaflib/library/Http/BasicRequest.php ON LINE 68 {"Undefined index: HTTP_VERSION":8} []
[2016-06-21 17:04:33] error.ERROR: 8 IN FILE /Users/zhouhong/xianrou/yaflib/library/Http/BasicRequest.php ON LINE 68 {"Undefined index: HTTP_VERSION":8} []
[2016-06-21 17:04:33] error.WARNING: 8 IN FILE /Users/zhouhong/xianrou/yaflib/library/Http/BasicRequest.php ON LINE 69 {"Undefined index: HTTP_TIMESTAMP":8} []
[2016-06-21 17:04:33] error.ERROR: 8 IN FILE /Users/zhouhong/xianrou/yaflib/library/Http/BasicRequest.php ON LINE 69 {"Undefined index: HTTP_TIMESTAMP":8} []
[2016-06-21 17:04:33] error.WARNING: [516:Failed opening controller script /Users/zhouhong/xianrou/yaframe/application/controllers/User.php: No such file or directory]	[/Users/zhouhong/xianrou/yaframe/application/controllers/Error.php:19] [] []
[2016-06-21 17:04:33] error.ERROR: [516:Failed opening controller script /Users/zhouhong/xianrou/yaframe/application/controllers/User.php: No such file or directory]	[/Users/zhouhong/xianrou/yaframe/application/controllers/Error.php:19] [] []
[2016-06-21 17:06:01] error.WARNING: 8 IN FILE /Users/zhouhong/xianrou/yaframe/application/Bootstrap.php ON LINE 139 {"Undefined index: imageUploadPath":8} []
[2016-06-21 17:06:01] error.ERROR: 8 IN FILE /Users/zhouhong/xianrou/yaframe/application/Bootstrap.php ON LINE 139 {"Undefined index: imageUploadPath":8} []
[2016-06-21 17:06:01] error.WARNING: 8 IN FILE /Users/zhouhong/xianrou/yaframe/application/Bootstrap.php ON LINE 140 {"Undefined index: audioUploadPath":8} []
[2016-06-21 17:06:01] error.ERROR: 8 IN FILE /Users/zhouhong/xianrou/yaframe/application/Bootstrap.php ON LINE 140 {"Undefined index: audioUploadPath":8} []
[2016-06-21 17:06:01] error.WARNING: 8 IN FILE /Users/zhouhong/xianrou/yaframe/application/Bootstrap.php ON LINE 141 {"Undefined index: videoUploadPath":8} []
[2016-06-21 17:06:01] error.ERROR: 8 IN FILE /Users/zhouhong/xianrou/yaframe/application/Bootstrap.php ON LINE 141 {"Undefined index: videoUploadPath":8} []
[2016-06-21 17:06:01] error.WARNING: 8 IN FILE /Users/zhouhong/xianrou/yaflib/library/Http/BasicRequest.php ON LINE 66 {"Undefined index: HTTP_TOKEN":8} []
[2016-06-21 17:06:01] error.ERROR: 8 IN FILE /Users/zhouhong/xianrou/yaflib/library/Http/BasicRequest.php ON LINE 66 {"Undefined index: HTTP_TOKEN":8} []
[2016-06-21 17:06:01] error.WARNING: 8 IN FILE /Users/zhouhong/xianrou/yaflib/library/Http/BasicRequest.php ON LINE 67 {"Undefined index: HTTP_SIGN":8} []
[2016-06-21 17:06:01] error.ERROR: 8 IN FILE /Users/zhouhong/xianrou/yaflib/library/Http/BasicRequest.php ON LINE 67 {"Undefined index: HTTP_SIGN":8} []
[2016-06-21 17:06:01] error.WARNING: 8 IN FILE /Users/zhouhong/xianrou/yaflib/library/Http/BasicRequest.php ON LINE 68 {"Undefined index: HTTP_VERSION":8} []
[2016-06-21 17:06:01] error.ERROR: 8 IN FILE /Users/zhouhong/xianrou/yaflib/library/Http/BasicRequest.php ON LINE 68 {"Undefined index: HTTP_VERSION":8} []
[2016-06-21 17:06:01] error.WARNING: 8 IN FILE /Users/zhouhong/xianrou/yaflib/library/Http/BasicRequest.php ON LINE 69 {"Undefined index: HTTP_TIMESTAMP":8} []
[2016-06-21 17:06:01] error.ERROR: 8 IN FILE /Users/zhouhong/xianrou/yaflib/library/Http/BasicRequest.php ON LINE 69 {"Undefined index: HTTP_TIMESTAMP":8} []
[2016-06-21 17:06:01] error.WARNING: 8 IN FILE /Users/zhouhong/xianrou/yaframe/application/modules/Build/controllers/Captcha.php ON LINE 40 {"Undefined index: access_token":8} []
[2016-06-21 17:06:01] error.ERROR: 8 IN FILE /Users/zhouhong/xianrou/yaframe/application/modules/Build/controllers/Captcha.php ON LINE 40 {"Undefined index: access_token":8} []
[2016-06-21 17:06:05] error.WARNING: 8 IN FILE /Users/zhouhong/xianrou/yaflib/library/Http/BasicRequest.php ON LINE 66 {"Undefined index: HTTP_TOKEN":8} []
[2016-06-21 17:06:05] error.ERROR: 8 IN FILE /Users/zhouhong/xianrou/yaflib/library/Http/BasicRequest.php ON LINE 66 {"Undefined index: HTTP_TOKEN":8} []
[2016-06-21 17:06:05] error.WARNING: 8 IN FILE /Users/zhouhong/xianrou/yaflib/library/Http/BasicRequest.php ON LINE 67 {"Undefined index: HTTP_SIGN":8} []
[2016-06-21 17:06:05] error.ERROR: 8 IN FILE /Users/zhouhong/xianrou/yaflib/library/Http/BasicRequest.php ON LINE 67 {"Undefined index: HTTP_SIGN":8} []
[2016-06-21 17:06:05] error.WARNING: 8 IN FILE /Users/zhouhong/xianrou/yaflib/library/Http/BasicRequest.php ON LINE 68 {"Undefined index: HTTP_VERSION":8} []
[2016-06-21 17:06:05] error.ERROR: 8 IN FILE /Users/zhouhong/xianrou/yaflib/library/Http/BasicRequest.php ON LINE 68 {"Undefined index: HTTP_VERSION":8} []
[2016-06-21 17:06:05] error.WARNING: 8 IN FILE /Users/zhouhong/xianrou/yaflib/library/Http/BasicRequest.php ON LINE 69 {"Undefined index: HTTP_TIMESTAMP":8} []
[2016-06-21 17:06:05] error.ERROR: 8 IN FILE /Users/zhouhong/xianrou/yaflib/library/Http/BasicRequest.php ON LINE 69 {"Undefined index: HTTP_TIMESTAMP":8} []
[2016-06-21 17:06:05] error.WARNING: [404:Client error: `GET http://yaframe.local.com/build/captcha/index` resulted in a `404 Not Found` response: <!DOCTYPE html PUBLIC "-//W3C//DTD XHTML 1.0 Transitional//EN" "http://www.w3.org/TR/xhtml1/DTD/xhtml1-transitional.dtd" (truncated...) ]	[/Users/zhouhong/xianrou/yaframe/application/controllers/Error.php:19] [] []
[2016-06-21 17:06:05] error.ERROR: [404:Client error: `GET http://yaframe.local.com/build/captcha/index` resulted in a `404 Not Found` response: <!DOCTYPE html PUBLIC "-//W3C//DTD XHTML 1.0 Transitional//EN" "http://www.w3.org/TR/xhtml1/DTD/xhtml1-transitional.dtd" (truncated...) ]	[/Users/zhouhong/xianrou/yaframe/application/controllers/Error.php:19] [] []
[2016-06-21 17:07:24] error.WARNING: 8 IN FILE /Users/zhouhong/xianrou/yaframe/application/Bootstrap.php ON LINE 139 {"Undefined index: imageUploadPath":8} []
[2016-06-21 17:07:24] error.ERROR: 8 IN FILE /Users/zhouhong/xianrou/yaframe/application/Bootstrap.php ON LINE 139 {"Undefined index: imageUploadPath":8} []
[2016-06-21 17:07:24] error.WARNING: 8 IN FILE /Users/zhouhong/xianrou/yaframe/application/Bootstrap.php ON LINE 140 {"Undefined index: audioUploadPath":8} []
[2016-06-21 17:07:24] error.ERROR: 8 IN FILE /Users/zhouhong/xianrou/yaframe/application/Bootstrap.php ON LINE 140 {"Undefined index: audioUploadPath":8} []
[2016-06-21 17:07:24] error.WARNING: 8 IN FILE /Users/zhouhong/xianrou/yaframe/application/Bootstrap.php ON LINE 141 {"Undefined index: videoUploadPath":8} []
[2016-06-21 17:07:24] error.ERROR: 8 IN FILE /Users/zhouhong/xianrou/yaframe/application/Bootstrap.php ON LINE 141 {"Undefined index: videoUploadPath":8} []
[2016-06-21 17:07:24] error.WARNING: 8 IN FILE /Users/zhouhong/xianrou/yaflib/library/Http/BasicRequest.php ON LINE 66 {"Undefined index: HTTP_TOKEN":8} []
[2016-06-21 17:07:24] error.ERROR: 8 IN FILE /Users/zhouhong/xianrou/yaflib/library/Http/BasicRequest.php ON LINE 66 {"Undefined index: HTTP_TOKEN":8} []
[2016-06-21 17:07:24] error.WARNING: 8 IN FILE /Users/zhouhong/xianrou/yaflib/library/Http/BasicRequest.php ON LINE 67 {"Undefined index: HTTP_SIGN":8} []
[2016-06-21 17:07:24] error.ERROR: 8 IN FILE /Users/zhouhong/xianrou/yaflib/library/Http/BasicRequest.php ON LINE 67 {"Undefined index: HTTP_SIGN":8} []
[2016-06-21 17:07:24] error.WARNING: 8 IN FILE /Users/zhouhong/xianrou/yaflib/library/Http/BasicRequest.php ON LINE 68 {"Undefined index: HTTP_VERSION":8} []
[2016-06-21 17:07:24] error.ERROR: 8 IN FILE /Users/zhouhong/xianrou/yaflib/library/Http/BasicRequest.php ON LINE 68 {"Undefined index: HTTP_VERSION":8} []
[2016-06-21 17:07:24] error.WARNING: 8 IN FILE /Users/zhouhong/xianrou/yaflib/library/Http/BasicRequest.php ON LINE 69 {"Undefined index: HTTP_TIMESTAMP":8} []
[2016-06-21 17:07:24] error.ERROR: 8 IN FILE /Users/zhouhong/xianrou/yaflib/library/Http/BasicRequest.php ON LINE 69 {"Undefined index: HTTP_TIMESTAMP":8} []
[2016-06-21 17:15:50] error.WARNING: 8 IN FILE /Users/zhouhong/xianrou/yaframe/application/Bootstrap.php ON LINE 139 {"Undefined index: imageUploadPath":8} []
[2016-06-21 17:15:50] error.ERROR: 8 IN FILE /Users/zhouhong/xianrou/yaframe/application/Bootstrap.php ON LINE 139 {"Undefined index: imageUploadPath":8} []
[2016-06-21 17:15:50] error.WARNING: 8 IN FILE /Users/zhouhong/xianrou/yaframe/application/Bootstrap.php ON LINE 140 {"Undefined index: audioUploadPath":8} []
[2016-06-21 17:15:50] error.ERROR: 8 IN FILE /Users/zhouhong/xianrou/yaframe/application/Bootstrap.php ON LINE 140 {"Undefined index: audioUploadPath":8} []
[2016-06-21 17:15:50] error.WARNING: 8 IN FILE /Users/zhouhong/xianrou/yaframe/application/Bootstrap.php ON LINE 141 {"Undefined index: videoUploadPath":8} []
[2016-06-21 17:15:50] error.ERROR: 8 IN FILE /Users/zhouhong/xianrou/yaframe/application/Bootstrap.php ON LINE 141 {"Undefined index: videoUploadPath":8} []
[2016-06-21 17:15:50] error.WARNING: 8 IN FILE /Users/zhouhong/xianrou/yaframe/application/Bootstrap.php ON LINE 144 {"Undefined index: audioUri":8} []
[2016-06-21 17:15:50] error.ERROR: 8 IN FILE /Users/zhouhong/xianrou/yaframe/application/Bootstrap.php ON LINE 144 {"Undefined index: audioUri":8} []
[2016-06-21 17:15:50] error.WARNING: 8 IN FILE /Users/zhouhong/xianrou/yaframe/application/Bootstrap.php ON LINE 145 {"Undefined index: videoUri":8} []
[2016-06-21 17:15:50] error.ERROR: 8 IN FILE /Users/zhouhong/xianrou/yaframe/application/Bootstrap.php ON LINE 145 {"Undefined index: videoUri":8} []
[2016-06-21 17:15:50] error.WARNING: 8 IN FILE /Users/zhouhong/xianrou/yaframe/library/Http/BasicRequest.php ON LINE 66 {"Undefined index: HTTP_TOKEN":8} []
[2016-06-21 17:15:50] error.ERROR: 8 IN FILE /Users/zhouhong/xianrou/yaframe/library/Http/BasicRequest.php ON LINE 66 {"Undefined index: HTTP_TOKEN":8} []
[2016-06-21 17:15:50] error.WARNING: 8 IN FILE /Users/zhouhong/xianrou/yaframe/library/Http/BasicRequest.php ON LINE 67 {"Undefined index: HTTP_SIGN":8} []
[2016-06-21 17:15:50] error.ERROR: 8 IN FILE /Users/zhouhong/xianrou/yaframe/library/Http/BasicRequest.php ON LINE 67 {"Undefined index: HTTP_SIGN":8} []
[2016-06-21 17:15:50] error.WARNING: 8 IN FILE /Users/zhouhong/xianrou/yaframe/library/Http/BasicRequest.php ON LINE 68 {"Undefined index: HTTP_VERSION":8} []
[2016-06-21 17:15:50] error.ERROR: 8 IN FILE /Users/zhouhong/xianrou/yaframe/library/Http/BasicRequest.php ON LINE 68 {"Undefined index: HTTP_VERSION":8} []
[2016-06-21 17:15:50] error.WARNING: 8 IN FILE /Users/zhouhong/xianrou/yaframe/library/Http/BasicRequest.php ON LINE 69 {"Undefined index: HTTP_TIMESTAMP":8} []
[2016-06-21 17:15:50] error.ERROR: 8 IN FILE /Users/zhouhong/xianrou/yaframe/library/Http/BasicRequest.php ON LINE 69 {"Undefined index: HTTP_TIMESTAMP":8} []
[2016-06-21 17:16:04] error.WARNING: 8 IN FILE /Users/zhouhong/xianrou/yaframe/application/Bootstrap.php ON LINE 139 {"Undefined index: imageUploadPath":8} []
[2016-06-21 17:16:04] error.ERROR: 8 IN FILE /Users/zhouhong/xianrou/yaframe/application/Bootstrap.php ON LINE 139 {"Undefined index: imageUploadPath":8} []
[2016-06-21 17:16:04] error.WARNING: 8 IN FILE /Users/zhouhong/xianrou/yaframe/application/Bootstrap.php ON LINE 140 {"Undefined index: audioUploadPath":8} []
[2016-06-21 17:16:04] error.ERROR: 8 IN FILE /Users/zhouhong/xianrou/yaframe/application/Bootstrap.php ON LINE 140 {"Undefined index: audioUploadPath":8} []
[2016-06-21 17:16:04] error.WARNING: 8 IN FILE /Users/zhouhong/xianrou/yaframe/application/Bootstrap.php ON LINE 141 {"Undefined index: videoUploadPath":8} []
[2016-06-21 17:16:04] error.ERROR: 8 IN FILE /Users/zhouhong/xianrou/yaframe/application/Bootstrap.php ON LINE 141 {"Undefined index: videoUploadPath":8} []
[2016-06-21 17:16:04] error.WARNING: 8 IN FILE /Users/zhouhong/xianrou/yaframe/application/Bootstrap.php ON LINE 144 {"Undefined index: audioUri":8} []
[2016-06-21 17:16:04] error.ERROR: 8 IN FILE /Users/zhouhong/xianrou/yaframe/application/Bootstrap.php ON LINE 144 {"Undefined index: audioUri":8} []
[2016-06-21 17:16:04] error.WARNING: 8 IN FILE /Users/zhouhong/xianrou/yaframe/application/Bootstrap.php ON LINE 145 {"Undefined index: videoUri":8} []
[2016-06-21 17:16:04] error.ERROR: 8 IN FILE /Users/zhouhong/xianrou/yaframe/application/Bootstrap.php ON LINE 145 {"Undefined index: videoUri":8} []
[2016-06-21 17:16:04] error.WARNING: 8 IN FILE /Users/zhouhong/xianrou/yaframe/library/Http/BasicRequest.php ON LINE 66 {"Undefined index: HTTP_TOKEN":8} []
[2016-06-21 17:16:04] error.ERROR: 8 IN FILE /Users/zhouhong/xianrou/yaframe/library/Http/BasicRequest.php ON LINE 66 {"Undefined index: HTTP_TOKEN":8} []
[2016-06-21 17:16:04] error.WARNING: 8 IN FILE /Users/zhouhong/xianrou/yaframe/library/Http/BasicRequest.php ON LINE 67 {"Undefined index: HTTP_SIGN":8} []
[2016-06-21 17:16:04] error.ERROR: 8 IN FILE /Users/zhouhong/xianrou/yaframe/library/Http/BasicRequest.php ON LINE 67 {"Undefined index: HTTP_SIGN":8} []
[2016-06-21 17:16:04] error.WARNING: 8 IN FILE /Users/zhouhong/xianrou/yaframe/library/Http/BasicRequest.php ON LINE 68 {"Undefined index: HTTP_VERSION":8} []
[2016-06-21 17:16:04] error.ERROR: 8 IN FILE /Users/zhouhong/xianrou/yaframe/library/Http/BasicRequest.php ON LINE 68 {"Undefined index: HTTP_VERSION":8} []
[2016-06-21 17:16:04] error.WARNING: 8 IN FILE /Users/zhouhong/xianrou/yaframe/library/Http/BasicRequest.php ON LINE 69 {"Undefined index: HTTP_TIMESTAMP":8} []
[2016-06-21 17:16:04] error.ERROR: 8 IN FILE /Users/zhouhong/xianrou/yaframe/library/Http/BasicRequest.php ON LINE 69 {"Undefined index: HTTP_TIMESTAMP":8} []
[2016-06-21 17:16:04] error.WARNING: [516:Failed opening controller script /Users/zhouhong/xianrou/yaframe/application/controllers/User.php: No such file or directory]	[/Users/zhouhong/xianrou/yaframe/application/controllers/Error.php:19] [] []
[2016-06-21 17:16:04] error.ERROR: [516:Failed opening controller script /Users/zhouhong/xianrou/yaframe/application/controllers/User.php: No such file or directory]	[/Users/zhouhong/xianrou/yaframe/application/controllers/Error.php:19] [] []
