[2016-07-09 16:13:54] error.ERROR: 8 IN FILE /Users/zhouhong/xianrou/yaframe/application/Bootstrap.php ON LINE 147 {"Undefined index: ffmpeg":8} []
[2016-07-09 16:13:54] error.ERROR: 8 IN FILE /Users/zhouhong/xianrou/yaframe/application/Bootstrap.php ON LINE 148 {"Undefined index: ffprobe":8} []
[2016-07-09 16:13:54] error.ERROR: 2 IN FILE /Users/zhouhong/xianrou/yaframe/library/Sphinx/SphinxClient.php ON LINE 232 {"assert(): assert(is_int($port)) failed":2} []
[2016-07-09 16:13:54] error.ERROR: 8 IN FILE /Users/zhouhong/xianrou/yaframe/library/Http/BasicRequest.php ON LINE 67 {"Undefined index: HTTP_SIGN":8} []
[2016-07-09 16:13:54] error.ERROR: 8 IN FILE /Users/zhouhong/xianrou/yaframe/library/Http/BasicRequest.php ON LINE 68 {"Undefined index: HTTP_VERSION":8} []
[2016-07-09 16:13:54] error.ERROR: 8 IN FILE /Users/zhouhong/xianrou/yaframe/library/Http/BasicRequest.php ON LINE 69 {"Undefined index: HTTP_TIMESTAMP":8} []
[2016-07-09 16:13:54] error.ERROR: 8 IN FILE /Users/zhouhong/xianrou/yaframe/library/Sphinx/SphinxClient.php ON LINE 195 {"Undefined property: Sphinx\\SphinxClient::$_socket":8} []
[2016-07-09 16:13:54] error.ERROR: 8 IN FILE /Users/zhouhong/xianrou/yaframe/library/Sphinx/SphinxClient.php ON LINE 196 {"Undefined property: Sphinx\\SphinxClient::$_socket":8} []
[2016-07-09 16:13:54] error.ERROR: 2 IN FILE /Users/zhouhong/xianrou/yaframe/library/Sphinx/SphinxClient.php ON LINE 196 {"fclose() expects parameter 1 to be resource, null given":2} []
[2016-07-09 16:14:17] error.ERROR: 8 IN FILE /Users/zhouhong/xianrou/yaframe/application/Bootstrap.php ON LINE 147 {"Undefined index: ffmpeg":8} []
[2016-07-09 16:14:17] error.ERROR: 8 IN FILE /Users/zhouhong/xianrou/yaframe/application/Bootstrap.php ON LINE 148 {"Undefined index: ffprobe":8} []
[2016-07-09 16:14:17] error.ERROR: 2 IN FILE /Users/zhouhong/xianrou/yaframe/library/Sphinx/SphinxClient.php ON LINE 232 {"assert(): assert(is_int($port)) failed":2} []
[2016-07-09 16:14:17] error.ERROR: 8 IN FILE /Users/zhouhong/xianrou/yaframe/library/Http/BasicRequest.php ON LINE 67 {"Undefined index: HTTP_SIGN":8} []
[2016-07-09 16:14:17] error.ERROR: 8 IN FILE /Users/zhouhong/xianrou/yaframe/library/Http/BasicRequest.php ON LINE 68 {"Undefined index: HTTP_VERSION":8} []
[2016-07-09 16:14:17] error.ERROR: 8 IN FILE /Users/zhouhong/xianrou/yaframe/library/Http/BasicRequest.php ON LINE 69 {"Undefined index: HTTP_TIMESTAMP":8} []
[2016-07-09 16:14:17] error.ERROR: 8 IN FILE /Users/zhouhong/xianrou/yaframe/library/Sphinx/SphinxClient.php ON LINE 195 {"Undefined property: Sphinx\\SphinxClient::$_socket":8} []
[2016-07-09 16:14:17] error.ERROR: 8 IN FILE /Users/zhouhong/xianrou/yaframe/library/Sphinx/SphinxClient.php ON LINE 196 {"Undefined property: Sphinx\\SphinxClient::$_socket":8} []
[2016-07-09 16:14:17] error.ERROR: 2 IN FILE /Users/zhouhong/xianrou/yaframe/library/Sphinx/SphinxClient.php ON LINE 196 {"fclose() expects parameter 1 to be resource, null given":2} []
[2016-07-09 16:14:36] error.ERROR: 8 IN FILE /Users/zhouhong/xianrou/yaframe/application/Bootstrap.php ON LINE 147 {"Undefined index: ffmpeg":8} []
[2016-07-09 16:14:36] error.ERROR: 8 IN FILE /Users/zhouhong/xianrou/yaframe/application/Bootstrap.php ON LINE 148 {"Undefined index: ffprobe":8} []
[2016-07-09 16:14:36] error.ERROR: 2 IN FILE /Users/zhouhong/xianrou/yaframe/library/Sphinx/SphinxClient.php ON LINE 232 {"assert(): assert(is_int($port)) failed":2} []
[2016-07-09 16:14:36] error.ERROR: 8 IN FILE /Users/zhouhong/xianrou/yaframe/library/Http/BasicRequest.php ON LINE 67 {"Undefined index: HTTP_SIGN":8} []
[2016-07-09 16:14:36] error.ERROR: 8 IN FILE /Users/zhouhong/xianrou/yaframe/library/Http/BasicRequest.php ON LINE 68 {"Undefined index: HTTP_VERSION":8} []
[2016-07-09 16:14:36] error.ERROR: 8 IN FILE /Users/zhouhong/xianrou/yaframe/library/Http/BasicRequest.php ON LINE 69 {"Undefined index: HTTP_TIMESTAMP":8} []
[2016-07-09 16:14:36] error.ERROR: 8 IN FILE /Users/zhouhong/xianrou/yaframe/library/Sphinx/SphinxClient.php ON LINE 195 {"Undefined property: Sphinx\\SphinxClient::$_socket":8} []
[2016-07-09 16:14:36] error.ERROR: 8 IN FILE /Users/zhouhong/xianrou/yaframe/library/Sphinx/SphinxClient.php ON LINE 196 {"Undefined property: Sphinx\\SphinxClient::$_socket":8} []
[2016-07-09 16:14:36] error.ERROR: 2 IN FILE /Users/zhouhong/xianrou/yaframe/library/Sphinx/SphinxClient.php ON LINE 196 {"fclose() expects parameter 1 to be resource, null given":2} []
[2016-07-09 16:25:24] error.ERROR: 8 IN FILE /Users/zhouhong/xianrou/yaframe/application/Bootstrap.php ON LINE 147 {"Undefined index: ffmpeg":8} []
[2016-07-09 16:25:24] error.ERROR: 8 IN FILE /Users/zhouhong/xianrou/yaframe/application/Bootstrap.php ON LINE 148 {"Undefined index: ffprobe":8} []
[2016-07-09 16:25:24] error.ERROR: 2 IN FILE /Users/zhouhong/xianrou/yaframe/library/Sphinx/SphinxClient.php ON LINE 232 {"assert(): assert(is_int($port)) failed":2} []
[2016-07-09 16:25:24] error.ERROR: 8 IN FILE /Users/zhouhong/xianrou/yaframe/library/Http/BasicRequest.php ON LINE 67 {"Undefined index: HTTP_SIGN":8} []
[2016-07-09 16:25:24] error.ERROR: 8 IN FILE /Users/zhouhong/xianrou/yaframe/library/Http/BasicRequest.php ON LINE 68 {"Undefined index: HTTP_VERSION":8} []
[2016-07-09 16:25:24] error.ERROR: 8 IN FILE /Users/zhouhong/xianrou/yaframe/library/Http/BasicRequest.php ON LINE 69 {"Undefined index: HTTP_TIMESTAMP":8} []
[2016-07-09 16:25:24] error.ERROR: 8 IN FILE /Users/zhouhong/xianrou/yaframe/library/Sphinx/SphinxClient.php ON LINE 195 {"Undefined property: Sphinx\\SphinxClient::$_socket":8} []
[2016-07-09 16:25:24] error.ERROR: 8 IN FILE /Users/zhouhong/xianrou/yaframe/library/Sphinx/SphinxClient.php ON LINE 196 {"Undefined property: Sphinx\\SphinxClient::$_socket":8} []
[2016-07-09 16:25:24] error.ERROR: 2 IN FILE /Users/zhouhong/xianrou/yaframe/library/Sphinx/SphinxClient.php ON LINE 196 {"fclose() expects parameter 1 to be resource, null given":2} []
[2016-07-09 16:25:31] error.ERROR: 8 IN FILE /Users/zhouhong/xianrou/yaframe/application/Bootstrap.php ON LINE 147 {"Undefined index: ffmpeg":8} []
[2016-07-09 16:25:31] error.ERROR: 8 IN FILE /Users/zhouhong/xianrou/yaframe/application/Bootstrap.php ON LINE 148 {"Undefined index: ffprobe":8} []
[2016-07-09 16:25:31] error.ERROR: 2 IN FILE /Users/zhouhong/xianrou/yaframe/library/Sphinx/SphinxClient.php ON LINE 232 {"assert(): assert(is_int($port)) failed":2} []
[2016-07-09 16:25:31] error.ERROR: 8 IN FILE /Users/zhouhong/xianrou/yaframe/library/Http/BasicRequest.php ON LINE 67 {"Undefined index: HTTP_SIGN":8} []
[2016-07-09 16:25:31] error.ERROR: 8 IN FILE /Users/zhouhong/xianrou/yaframe/library/Http/BasicRequest.php ON LINE 68 {"Undefined index: HTTP_VERSION":8} []
[2016-07-09 16:25:31] error.ERROR: 8 IN FILE /Users/zhouhong/xianrou/yaframe/library/Http/BasicRequest.php ON LINE 69 {"Undefined index: HTTP_TIMESTAMP":8} []
[2016-07-09 16:25:31] error.ERROR: 2 IN FILE /Users/zhouhong/xianrou/yaframe/application/models/Warehouse/ProductInfoData.php ON LINE 445 {"Declaration of Warehouse\\ProductInfoDataModel::getData($params) should be compatible with Common\\BaseModel::getData($params = Array, $columns = Array, $order = Array, $toArray = true)":2} []
[2016-07-09 16:25:31] error.ERROR: 8 IN FILE /Users/zhouhong/xianrou/yaframe/library/Sphinx/SphinxClient.php ON LINE 195 {"Undefined property: Sphinx\\SphinxClient::$_socket":8} []
[2016-07-09 16:25:31] error.ERROR: 8 IN FILE /Users/zhouhong/xianrou/yaframe/library/Sphinx/SphinxClient.php ON LINE 196 {"Undefined property: Sphinx\\SphinxClient::$_socket":8} []
[2016-07-09 16:25:31] error.ERROR: 2 IN FILE /Users/zhouhong/xianrou/yaframe/library/Sphinx/SphinxClient.php ON LINE 196 {"fclose() expects parameter 1 to be resource, null given":2} []
[2016-07-09 16:25:39] error.ERROR: 8 IN FILE /Users/zhouhong/xianrou/yaframe/application/Bootstrap.php ON LINE 147 {"Undefined index: ffmpeg":8} []
[2016-07-09 16:25:39] error.ERROR: 8 IN FILE /Users/zhouhong/xianrou/yaframe/application/Bootstrap.php ON LINE 148 {"Undefined index: ffprobe":8} []
[2016-07-09 16:25:39] error.ERROR: 2 IN FILE /Users/zhouhong/xianrou/yaframe/library/Sphinx/SphinxClient.php ON LINE 232 {"assert(): assert(is_int($port)) failed":2} []
[2016-07-09 16:25:39] error.ERROR: 8 IN FILE /Users/zhouhong/xianrou/yaframe/library/Http/BasicRequest.php ON LINE 66 {"Undefined index: HTTP_TOKEN":8} []
[2016-07-09 16:25:39] error.ERROR: 8 IN FILE /Users/zhouhong/xianrou/yaframe/library/Http/BasicRequest.php ON LINE 67 {"Undefined index: HTTP_SIGN":8} []
[2016-07-09 16:25:39] error.ERROR: 8 IN FILE /Users/zhouhong/xianrou/yaframe/library/Http/BasicRequest.php ON LINE 68 {"Undefined index: HTTP_VERSION":8} []
[2016-07-09 16:25:39] error.ERROR: 8 IN FILE /Users/zhouhong/xianrou/yaframe/library/Http/BasicRequest.php ON LINE 69 {"Undefined index: HTTP_TIMESTAMP":8} []
[2016-07-09 16:25:39] error.ERROR: 8 IN FILE /Users/zhouhong/xianrou/yaframe/library/Sphinx/SphinxClient.php ON LINE 195 {"Undefined property: Sphinx\\SphinxClient::$_socket":8} []
[2016-07-09 16:25:39] error.ERROR: 8 IN FILE /Users/zhouhong/xianrou/yaframe/library/Sphinx/SphinxClient.php ON LINE 196 {"Undefined property: Sphinx\\SphinxClient::$_socket":8} []
[2016-07-09 16:25:39] error.ERROR: 2 IN FILE /Users/zhouhong/xianrou/yaframe/library/Sphinx/SphinxClient.php ON LINE 196 {"fclose() expects parameter 1 to be resource, null given":2} []
[2016-07-09 16:25:46] error.ERROR: 8 IN FILE /Users/zhouhong/xianrou/yaframe/application/Bootstrap.php ON LINE 147 {"Undefined index: ffmpeg":8} []
[2016-07-09 16:25:46] error.ERROR: 8 IN FILE /Users/zhouhong/xianrou/yaframe/application/Bootstrap.php ON LINE 148 {"Undefined index: ffprobe":8} []
[2016-07-09 16:25:46] error.ERROR: 2 IN FILE /Users/zhouhong/xianrou/yaframe/library/Sphinx/SphinxClient.php ON LINE 232 {"assert(): assert(is_int($port)) failed":2} []
[2016-07-09 16:25:46] error.ERROR: 8 IN FILE /Users/zhouhong/xianrou/yaframe/library/Http/BasicRequest.php ON LINE 67 {"Undefined index: HTTP_SIGN":8} []
[2016-07-09 16:25:46] error.ERROR: 8 IN FILE /Users/zhouhong/xianrou/yaframe/library/Http/BasicRequest.php ON LINE 68 {"Undefined index: HTTP_VERSION":8} []
[2016-07-09 16:25:46] error.ERROR: 8 IN FILE /Users/zhouhong/xianrou/yaframe/library/Http/BasicRequest.php ON LINE 69 {"Undefined index: HTTP_TIMESTAMP":8} []
[2016-07-09 16:25:46] error.ERROR: 8 IN FILE /Users/zhouhong/xianrou/yaframe/library/Sphinx/SphinxClient.php ON LINE 195 {"Undefined property: Sphinx\\SphinxClient::$_socket":8} []
[2016-07-09 16:25:46] error.ERROR: 8 IN FILE /Users/zhouhong/xianrou/yaframe/library/Sphinx/SphinxClient.php ON LINE 196 {"Undefined property: Sphinx\\SphinxClient::$_socket":8} []
[2016-07-09 16:25:46] error.ERROR: 2 IN FILE /Users/zhouhong/xianrou/yaframe/library/Sphinx/SphinxClient.php ON LINE 196 {"fclose() expects parameter 1 to be resource, null given":2} []
[2016-07-09 16:26:01] error.ERROR: 8 IN FILE /Users/zhouhong/xianrou/yaframe/application/Bootstrap.php ON LINE 147 {"Undefined index: ffmpeg":8} []
[2016-07-09 16:26:01] error.ERROR: 8 IN FILE /Users/zhouhong/xianrou/yaframe/application/Bootstrap.php ON LINE 148 {"Undefined index: ffprobe":8} []
[2016-07-09 16:26:01] error.ERROR: 2 IN FILE /Users/zhouhong/xianrou/yaframe/library/Sphinx/SphinxClient.php ON LINE 232 {"assert(): assert(is_int($port)) failed":2} []
[2016-07-09 16:26:01] error.ERROR: 8 IN FILE /Users/zhouhong/xianrou/yaframe/library/Http/BasicRequest.php ON LINE 67 {"Undefined index: HTTP_SIGN":8} []
[2016-07-09 16:26:01] error.ERROR: 8 IN FILE /Users/zhouhong/xianrou/yaframe/library/Http/BasicRequest.php ON LINE 68 {"Undefined index: HTTP_VERSION":8} []
[2016-07-09 16:26:01] error.ERROR: 8 IN FILE /Users/zhouhong/xianrou/yaframe/library/Http/BasicRequest.php ON LINE 69 {"Undefined index: HTTP_TIMESTAMP":8} []
[2016-07-09 16:26:01] error.ERROR: 8 IN FILE /Users/zhouhong/xianrou/yaframe/library/Sphinx/SphinxClient.php ON LINE 195 {"Undefined property: Sphinx\\SphinxClient::$_socket":8} []
[2016-07-09 16:26:01] error.ERROR: 8 IN FILE /Users/zhouhong/xianrou/yaframe/library/Sphinx/SphinxClient.php ON LINE 196 {"Undefined property: Sphinx\\SphinxClient::$_socket":8} []
[2016-07-09 16:26:01] error.ERROR: 2 IN FILE /Users/zhouhong/xianrou/yaframe/library/Sphinx/SphinxClient.php ON LINE 196 {"fclose() expects parameter 1 to be resource, null given":2} []
[2016-07-09 16:26:03] error.ERROR: 8 IN FILE /Users/zhouhong/xianrou/yaframe/application/Bootstrap.php ON LINE 147 {"Undefined index: ffmpeg":8} []
[2016-07-09 16:26:03] error.ERROR: 8 IN FILE /Users/zhouhong/xianrou/yaframe/application/Bootstrap.php ON LINE 148 {"Undefined index: ffprobe":8} []
[2016-07-09 16:26:03] error.ERROR: 2 IN FILE /Users/zhouhong/xianrou/yaframe/library/Sphinx/SphinxClient.php ON LINE 232 {"assert(): assert(is_int($port)) failed":2} []
[2016-07-09 16:26:03] error.ERROR: 8 IN FILE /Users/zhouhong/xianrou/yaframe/library/Http/BasicRequest.php ON LINE 67 {"Undefined index: HTTP_SIGN":8} []
[2016-07-09 16:26:03] error.ERROR: 8 IN FILE /Users/zhouhong/xianrou/yaframe/library/Http/BasicRequest.php ON LINE 68 {"Undefined index: HTTP_VERSION":8} []
[2016-07-09 16:26:03] error.ERROR: 8 IN FILE /Users/zhouhong/xianrou/yaframe/library/Http/BasicRequest.php ON LINE 69 {"Undefined index: HTTP_TIMESTAMP":8} []
[2016-07-09 16:26:03] error.ERROR: 8 IN FILE /Users/zhouhong/xianrou/yaframe/library/Sphinx/SphinxClient.php ON LINE 195 {"Undefined property: Sphinx\\SphinxClient::$_socket":8} []
[2016-07-09 16:26:03] error.ERROR: 8 IN FILE /Users/zhouhong/xianrou/yaframe/library/Sphinx/SphinxClient.php ON LINE 196 {"Undefined property: Sphinx\\SphinxClient::$_socket":8} []
[2016-07-09 16:26:03] error.ERROR: 2 IN FILE /Users/zhouhong/xianrou/yaframe/library/Sphinx/SphinxClient.php ON LINE 196 {"fclose() expects parameter 1 to be resource, null given":2} []
[2016-07-09 16:26:17] error.ERROR: 8 IN FILE /Users/zhouhong/xianrou/yaframe/application/Bootstrap.php ON LINE 147 {"Undefined index: ffmpeg":8} []
[2016-07-09 16:26:17] error.ERROR: 8 IN FILE /Users/zhouhong/xianrou/yaframe/application/Bootstrap.php ON LINE 148 {"Undefined index: ffprobe":8} []
[2016-07-09 16:26:17] error.ERROR: 2 IN FILE /Users/zhouhong/xianrou/yaframe/library/Sphinx/SphinxClient.php ON LINE 232 {"assert(): assert(is_int($port)) failed":2} []
[2016-07-09 16:26:17] error.ERROR: 8 IN FILE /Users/zhouhong/xianrou/yaframe/library/Http/BasicRequest.php ON LINE 67 {"Undefined index: HTTP_SIGN":8} []
[2016-07-09 16:26:17] error.ERROR: 8 IN FILE /Users/zhouhong/xianrou/yaframe/library/Http/BasicRequest.php ON LINE 68 {"Undefined index: HTTP_VERSION":8} []
[2016-07-09 16:26:17] error.ERROR: 8 IN FILE /Users/zhouhong/xianrou/yaframe/library/Http/BasicRequest.php ON LINE 69 {"Undefined index: HTTP_TIMESTAMP":8} []
[2016-07-09 16:26:17] error.ERROR: 8 IN FILE /Users/zhouhong/xianrou/yaframe/library/Sphinx/SphinxClient.php ON LINE 195 {"Undefined property: Sphinx\\SphinxClient::$_socket":8} []
[2016-07-09 16:26:17] error.ERROR: 8 IN FILE /Users/zhouhong/xianrou/yaframe/library/Sphinx/SphinxClient.php ON LINE 196 {"Undefined property: Sphinx\\SphinxClient::$_socket":8} []
[2016-07-09 16:26:17] error.ERROR: 2 IN FILE /Users/zhouhong/xianrou/yaframe/library/Sphinx/SphinxClient.php ON LINE 196 {"fclose() expects parameter 1 to be resource, null given":2} []
[2016-07-09 16:26:20] error.ERROR: 8 IN FILE /Users/zhouhong/xianrou/yaframe/application/Bootstrap.php ON LINE 147 {"Undefined index: ffmpeg":8} []
[2016-07-09 16:26:20] error.ERROR: 8 IN FILE /Users/zhouhong/xianrou/yaframe/application/Bootstrap.php ON LINE 148 {"Undefined index: ffprobe":8} []
[2016-07-09 16:26:20] error.ERROR: 2 IN FILE /Users/zhouhong/xianrou/yaframe/library/Sphinx/SphinxClient.php ON LINE 232 {"assert(): assert(is_int($port)) failed":2} []
[2016-07-09 16:26:20] error.ERROR: 8 IN FILE /Users/zhouhong/xianrou/yaframe/library/Http/BasicRequest.php ON LINE 66 {"Undefined index: HTTP_TOKEN":8} []
[2016-07-09 16:26:20] error.ERROR: 8 IN FILE /Users/zhouhong/xianrou/yaframe/library/Http/BasicRequest.php ON LINE 67 {"Undefined index: HTTP_SIGN":8} []
[2016-07-09 16:26:20] error.ERROR: 8 IN FILE /Users/zhouhong/xianrou/yaframe/library/Http/BasicRequest.php ON LINE 68 {"Undefined index: HTTP_VERSION":8} []
[2016-07-09 16:26:20] error.ERROR: 8 IN FILE /Users/zhouhong/xianrou/yaframe/library/Http/BasicRequest.php ON LINE 69 {"Undefined index: HTTP_TIMESTAMP":8} []
[2016-07-09 16:26:20] error.ERROR: 8 IN FILE /Users/zhouhong/xianrou/yaframe/library/Sphinx/SphinxClient.php ON LINE 195 {"Undefined property: Sphinx\\SphinxClient::$_socket":8} []
[2016-07-09 16:26:20] error.ERROR: 8 IN FILE /Users/zhouhong/xianrou/yaframe/library/Sphinx/SphinxClient.php ON LINE 196 {"Undefined property: Sphinx\\SphinxClient::$_socket":8} []
[2016-07-09 16:26:20] error.ERROR: 2 IN FILE /Users/zhouhong/xianrou/yaframe/library/Sphinx/SphinxClient.php ON LINE 196 {"fclose() expects parameter 1 to be resource, null given":2} []
[2016-07-09 16:26:41] error.ERROR: 8 IN FILE /Users/zhouhong/xianrou/yaframe/application/Bootstrap.php ON LINE 147 {"Undefined index: ffmpeg":8} []
[2016-07-09 16:26:41] error.ERROR: 8 IN FILE /Users/zhouhong/xianrou/yaframe/application/Bootstrap.php ON LINE 148 {"Undefined index: ffprobe":8} []
[2016-07-09 16:26:41] error.ERROR: 2 IN FILE /Users/zhouhong/xianrou/yaframe/library/Sphinx/SphinxClient.php ON LINE 232 {"assert(): assert(is_int($port)) failed":2} []
[2016-07-09 16:26:41] error.ERROR: 8 IN FILE /Users/zhouhong/xianrou/yaframe/library/Http/BasicRequest.php ON LINE 66 {"Undefined index: HTTP_TOKEN":8} []
[2016-07-09 16:26:41] error.ERROR: 8 IN FILE /Users/zhouhong/xianrou/yaframe/library/Http/BasicRequest.php ON LINE 67 {"Undefined index: HTTP_SIGN":8} []
[2016-07-09 16:26:41] error.ERROR: 8 IN FILE /Users/zhouhong/xianrou/yaframe/library/Http/BasicRequest.php ON LINE 68 {"Undefined index: HTTP_VERSION":8} []
[2016-07-09 16:26:41] error.ERROR: 8 IN FILE /Users/zhouhong/xianrou/yaframe/library/Http/BasicRequest.php ON LINE 69 {"Undefined index: HTTP_TIMESTAMP":8} []
[2016-07-09 16:26:41] error.ERROR: 8 IN FILE /Users/zhouhong/xianrou/yaframe/application/modules/Coffer/controllers/Order.php ON LINE 648 {"Undefined index: user_id":8} []
[2016-07-09 16:26:41] error.ERROR: 2 IN FILE /Users/zhouhong/xianrou/yaframe/application/models/Warehouse/ProductInfoData.php ON LINE 445 {"Declaration of Warehouse\\ProductInfoDataModel::getData($params) should be compatible with Common\\BaseModel::getData($params = Array, $columns = Array, $order = Array, $toArray = true)":2} []
[2016-07-09 16:26:41] error.ERROR: 8 IN FILE /Users/zhouhong/xianrou/yaframe/library/Sphinx/SphinxClient.php ON LINE 195 {"Undefined property: Sphinx\\SphinxClient::$_socket":8} []
[2016-07-09 16:26:41] error.ERROR: 8 IN FILE /Users/zhouhong/xianrou/yaframe/library/Sphinx/SphinxClient.php ON LINE 196 {"Undefined property: Sphinx\\SphinxClient::$_socket":8} []
[2016-07-09 16:26:41] error.ERROR: 2 IN FILE /Users/zhouhong/xianrou/yaframe/library/Sphinx/SphinxClient.php ON LINE 196 {"fclose() expects parameter 1 to be resource, null given":2} []
[2016-07-09 16:27:04] error.ERROR: 8 IN FILE /Users/zhouhong/xianrou/yaframe/application/Bootstrap.php ON LINE 147 {"Undefined index: ffmpeg":8} []
[2016-07-09 16:27:04] error.ERROR: 8 IN FILE /Users/zhouhong/xianrou/yaframe/application/Bootstrap.php ON LINE 148 {"Undefined index: ffprobe":8} []
[2016-07-09 16:27:04] error.ERROR: 2 IN FILE /Users/zhouhong/xianrou/yaframe/library/Sphinx/SphinxClient.php ON LINE 232 {"assert(): assert(is_int($port)) failed":2} []
[2016-07-09 16:27:04] error.ERROR: 8 IN FILE /Users/zhouhong/xianrou/yaframe/library/Http/BasicRequest.php ON LINE 67 {"Undefined index: HTTP_SIGN":8} []
[2016-07-09 16:27:04] error.ERROR: 8 IN FILE /Users/zhouhong/xianrou/yaframe/library/Http/BasicRequest.php ON LINE 68 {"Undefined index: HTTP_VERSION":8} []
[2016-07-09 16:27:04] error.ERROR: 8 IN FILE /Users/zhouhong/xianrou/yaframe/library/Http/BasicRequest.php ON LINE 69 {"Undefined index: HTTP_TIMESTAMP":8} []
[2016-07-09 16:27:04] error.ERROR: 2 IN FILE /Users/zhouhong/xianrou/yaframe/application/models/Warehouse/ProductInfoData.php ON LINE 445 {"Declaration of Warehouse\\ProductInfoDataModel::getData($params) should be compatible with Common\\BaseModel::getData($params = Array, $columns = Array, $order = Array, $toArray = true)":2} []
[2016-07-09 16:27:04] error.ERROR: 8 IN FILE /Users/zhouhong/xianrou/yaframe/library/Sphinx/SphinxClient.php ON LINE 195 {"Undefined property: Sphinx\\SphinxClient::$_socket":8} []
[2016-07-09 16:27:04] error.ERROR: 8 IN FILE /Users/zhouhong/xianrou/yaframe/library/Sphinx/SphinxClient.php ON LINE 196 {"Undefined property: Sphinx\\SphinxClient::$_socket":8} []
[2016-07-09 16:27:04] error.ERROR: 2 IN FILE /Users/zhouhong/xianrou/yaframe/library/Sphinx/SphinxClient.php ON LINE 196 {"fclose() expects parameter 1 to be resource, null given":2} []
[2016-07-09 16:27:19] error.ERROR: 8 IN FILE /Users/zhouhong/xianrou/yaframe/application/Bootstrap.php ON LINE 147 {"Undefined index: ffmpeg":8} []
[2016-07-09 16:27:19] error.ERROR: 8 IN FILE /Users/zhouhong/xianrou/yaframe/application/Bootstrap.php ON LINE 148 {"Undefined index: ffprobe":8} []
[2016-07-09 16:27:19] error.ERROR: 2 IN FILE /Users/zhouhong/xianrou/yaframe/library/Sphinx/SphinxClient.php ON LINE 232 {"assert(): assert(is_int($port)) failed":2} []
[2016-07-09 16:27:19] error.ERROR: 8 IN FILE /Users/zhouhong/xianrou/yaframe/library/Http/BasicRequest.php ON LINE 67 {"Undefined index: HTTP_SIGN":8} []
[2016-07-09 16:27:19] error.ERROR: 8 IN FILE /Users/zhouhong/xianrou/yaframe/library/Http/BasicRequest.php ON LINE 68 {"Undefined index: HTTP_VERSION":8} []
[2016-07-09 16:27:19] error.ERROR: 8 IN FILE /Users/zhouhong/xianrou/yaframe/library/Http/BasicRequest.php ON LINE 69 {"Undefined index: HTTP_TIMESTAMP":8} []
[2016-07-09 16:27:19] error.ERROR: 8 IN FILE /Users/zhouhong/xianrou/yaframe/application/modules/Coffer/controllers/Order.php ON LINE 648 {"Undefined index: user_id":8} []
[2016-07-09 16:27:19] error.ERROR: 2 IN FILE /Users/zhouhong/xianrou/yaframe/application/models/Warehouse/ProductInfoData.php ON LINE 445 {"Declaration of Warehouse\\ProductInfoDataModel::getData($params) should be compatible with Common\\BaseModel::getData($params = Array, $columns = Array, $order = Array, $toArray = true)":2} []
[2016-07-09 16:27:19] error.ERROR: 8 IN FILE /Users/zhouhong/xianrou/yaframe/library/Sphinx/SphinxClient.php ON LINE 195 {"Undefined property: Sphinx\\SphinxClient::$_socket":8} []
[2016-07-09 16:27:19] error.ERROR: 8 IN FILE /Users/zhouhong/xianrou/yaframe/library/Sphinx/SphinxClient.php ON LINE 196 {"Undefined property: Sphinx\\SphinxClient::$_socket":8} []
[2016-07-09 16:27:19] error.ERROR: 2 IN FILE /Users/zhouhong/xianrou/yaframe/library/Sphinx/SphinxClient.php ON LINE 196 {"fclose() expects parameter 1 to be resource, null given":2} []
[2016-07-09 16:27:40] error.ERROR: 8 IN FILE /Users/zhouhong/xianrou/yaframe/application/Bootstrap.php ON LINE 147 {"Undefined index: ffmpeg":8} []
[2016-07-09 16:27:40] error.ERROR: 8 IN FILE /Users/zhouhong/xianrou/yaframe/application/Bootstrap.php ON LINE 148 {"Undefined index: ffprobe":8} []
[2016-07-09 16:27:40] error.ERROR: 2 IN FILE /Users/zhouhong/xianrou/yaframe/library/Sphinx/SphinxClient.php ON LINE 232 {"assert(): assert(is_int($port)) failed":2} []
[2016-07-09 16:27:40] error.ERROR: 8 IN FILE /Users/zhouhong/xianrou/yaframe/library/Http/BasicRequest.php ON LINE 67 {"Undefined index: HTTP_SIGN":8} []
[2016-07-09 16:27:40] error.ERROR: 8 IN FILE /Users/zhouhong/xianrou/yaframe/library/Http/BasicRequest.php ON LINE 68 {"Undefined index: HTTP_VERSION":8} []
[2016-07-09 16:27:40] error.ERROR: 8 IN FILE /Users/zhouhong/xianrou/yaframe/library/Http/BasicRequest.php ON LINE 69 {"Undefined index: HTTP_TIMESTAMP":8} []
[2016-07-09 16:27:40] error.ERROR: 2 IN FILE /Users/zhouhong/xianrou/yaframe/application/models/Warehouse/ProductInfoData.php ON LINE 445 {"Declaration of Warehouse\\ProductInfoDataModel::getData($params) should be compatible with Common\\BaseModel::getData($params = Array, $columns = Array, $order = Array, $toArray = true)":2} []
[2016-07-09 16:27:40] error.ERROR: 8 IN FILE /Users/zhouhong/xianrou/yaframe/library/Sphinx/SphinxClient.php ON LINE 195 {"Undefined property: Sphinx\\SphinxClient::$_socket":8} []
[2016-07-09 16:27:40] error.ERROR: 8 IN FILE /Users/zhouhong/xianrou/yaframe/library/Sphinx/SphinxClient.php ON LINE 196 {"Undefined property: Sphinx\\SphinxClient::$_socket":8} []
[2016-07-09 16:27:40] error.ERROR: 2 IN FILE /Users/zhouhong/xianrou/yaframe/library/Sphinx/SphinxClient.php ON LINE 196 {"fclose() expects parameter 1 to be resource, null given":2} []
[2016-07-09 16:28:05] error.ERROR: 8 IN FILE /Users/zhouhong/xianrou/yaframe/application/Bootstrap.php ON LINE 147 {"Undefined index: ffmpeg":8} []
[2016-07-09 16:28:05] error.ERROR: 8 IN FILE /Users/zhouhong/xianrou/yaframe/application/Bootstrap.php ON LINE 148 {"Undefined index: ffprobe":8} []
[2016-07-09 16:28:05] error.ERROR: 2 IN FILE /Users/zhouhong/xianrou/yaframe/library/Sphinx/SphinxClient.php ON LINE 232 {"assert(): assert(is_int($port)) failed":2} []
[2016-07-09 16:28:05] error.ERROR: 8 IN FILE /Users/zhouhong/xianrou/yaframe/library/Http/BasicRequest.php ON LINE 67 {"Undefined index: HTTP_SIGN":8} []
[2016-07-09 16:28:05] error.ERROR: 8 IN FILE /Users/zhouhong/xianrou/yaframe/library/Http/BasicRequest.php ON LINE 68 {"Undefined index: HTTP_VERSION":8} []
[2016-07-09 16:28:05] error.ERROR: 8 IN FILE /Users/zhouhong/xianrou/yaframe/library/Http/BasicRequest.php ON LINE 69 {"Undefined index: HTTP_TIMESTAMP":8} []
[2016-07-09 16:28:05] error.ERROR: 2 IN FILE /Users/zhouhong/xianrou/yaframe/application/models/Warehouse/ProductInfoData.php ON LINE 445 {"Declaration of Warehouse\\ProductInfoDataModel::getData($params) should be compatible with Common\\BaseModel::getData($params = Array, $columns = Array, $order = Array, $toArray = true)":2} []
[2016-07-09 16:28:05] error.ERROR: 8 IN FILE /Users/zhouhong/xianrou/yaframe/library/Sphinx/SphinxClient.php ON LINE 195 {"Undefined property: Sphinx\\SphinxClient::$_socket":8} []
[2016-07-09 16:28:05] error.ERROR: 8 IN FILE /Users/zhouhong/xianrou/yaframe/library/Sphinx/SphinxClient.php ON LINE 196 {"Undefined property: Sphinx\\SphinxClient::$_socket":8} []
[2016-07-09 16:28:05] error.ERROR: 2 IN FILE /Users/zhouhong/xianrou/yaframe/library/Sphinx/SphinxClient.php ON LINE 196 {"fclose() expects parameter 1 to be resource, null given":2} []
