[2016-07-06 20:00:08] error.ERROR: 8 IN FILE /Users/zhouhong/xianrou/yaframe/application/Bootstrap.php ON LINE 147 {"Undefined index: ffmpeg":8} []
[2016-07-06 20:00:08] error.ERROR: 8 IN FILE /Users/zhouhong/xianrou/yaframe/application/Bootstrap.php ON LINE 148 {"Undefined index: ffprobe":8} []
[2016-07-06 20:00:08] error.ERROR: 2 IN FILE /Users/zhouhong/xianrou/yaframe/library/Sphinx/SphinxClient.php ON LINE 232 {"assert(): assert(is_int($port)) failed":2} []
[2016-07-06 20:00:08] error.ERROR: 8 IN FILE /Users/zhouhong/xianrou/yaframe/library/Http/BasicRequest.php ON LINE 67 {"Undefined index: HTTP_SIGN":8} []
[2016-07-06 20:00:08] error.ERROR: 8 IN FILE /Users/zhouhong/xianrou/yaframe/library/Http/BasicRequest.php ON LINE 68 {"Undefined index: HTTP_VERSION":8} []
[2016-07-06 20:00:08] error.ERROR: 8 IN FILE /Users/zhouhong/xianrou/yaframe/library/Http/BasicRequest.php ON LINE 69 {"Undefined index: HTTP_TIMESTAMP":8} []
[2016-07-06 20:00:08] error.ERROR: 8 IN FILE /Users/zhouhong/xianrou/yaframe/application/models/Commerce/OrderData.php ON LINE 110 {"Undefined index: status":8} []
[2016-07-06 20:00:08] error.ERROR: 2 IN FILE /Users/zhouhong/xianrou/yaframe/application/models/Warehouse/ProductInfoData.php ON LINE 446 {"Declaration of Warehouse\\ProductInfoDataModel::getData($params) should be compatible with Common\\BaseModel::getData($params = Array, $columns = Array, $order = Array, $toArray = true)":2} []
[2016-07-06 20:00:08] error.ERROR: 8 IN FILE /Users/zhouhong/xianrou/yaframe/application/models/Commerce/OrderData.php ON LINE 164 {"Undefined index: order_pay_status":8} []
[2016-07-06 20:00:08] error.ERROR: 8 IN FILE /Users/zhouhong/xianrou/yaframe/application/models/Commerce/OrderData.php ON LINE 254 {"Undefined index: user_id":8} []
[2016-07-06 20:00:08] error.ERROR: 8 IN FILE /Users/zhouhong/xianrou/yaframe/application/models/Commerce/OrderData.php ON LINE 164 {"Undefined index: order_pay_status":8} []
[2016-07-06 20:00:08] error.ERROR: 8 IN FILE /Users/zhouhong/xianrou/yaframe/library/Sphinx/SphinxClient.php ON LINE 195 {"Undefined property: Sphinx\\SphinxClient::$_socket":8} []
[2016-07-06 20:00:08] error.ERROR: 8 IN FILE /Users/zhouhong/xianrou/yaframe/library/Sphinx/SphinxClient.php ON LINE 196 {"Undefined property: Sphinx\\SphinxClient::$_socket":8} []
[2016-07-06 20:00:08] error.ERROR: 2 IN FILE /Users/zhouhong/xianrou/yaframe/library/Sphinx/SphinxClient.php ON LINE 196 {"fclose() expects parameter 1 to be resource, null given":2} []
[2016-07-06 20:00:42] error.ERROR: 8 IN FILE /Users/zhouhong/xianrou/yaframe/application/Bootstrap.php ON LINE 147 {"Undefined index: ffmpeg":8} []
[2016-07-06 20:00:42] error.ERROR: 8 IN FILE /Users/zhouhong/xianrou/yaframe/application/Bootstrap.php ON LINE 148 {"Undefined index: ffprobe":8} []
[2016-07-06 20:00:42] error.ERROR: 2 IN FILE /Users/zhouhong/xianrou/yaframe/library/Sphinx/SphinxClient.php ON LINE 232 {"assert(): assert(is_int($port)) failed":2} []
[2016-07-06 20:00:42] error.ERROR: 8 IN FILE /Users/zhouhong/xianrou/yaframe/library/Http/BasicRequest.php ON LINE 67 {"Undefined index: HTTP_SIGN":8} []
[2016-07-06 20:00:42] error.ERROR: 8 IN FILE /Users/zhouhong/xianrou/yaframe/library/Http/BasicRequest.php ON LINE 68 {"Undefined index: HTTP_VERSION":8} []
[2016-07-06 20:00:42] error.ERROR: 8 IN FILE /Users/zhouhong/xianrou/yaframe/library/Http/BasicRequest.php ON LINE 69 {"Undefined index: HTTP_TIMESTAMP":8} []
[2016-07-06 20:00:42] error.ERROR: 8 IN FILE /Users/zhouhong/xianrou/yaframe/application/models/Commerce/OrderData.php ON LINE 110 {"Undefined index: status":8} []
[2016-07-06 20:00:42] error.ERROR: 2 IN FILE /Users/zhouhong/xianrou/yaframe/application/models/Warehouse/ProductInfoData.php ON LINE 446 {"Declaration of Warehouse\\ProductInfoDataModel::getData($params) should be compatible with Common\\BaseModel::getData($params = Array, $columns = Array, $order = Array, $toArray = true)":2} []
[2016-07-06 20:00:42] error.ERROR: 8 IN FILE /Users/zhouhong/xianrou/yaframe/application/models/Commerce/OrderData.php ON LINE 164 {"Undefined index: order_pay_status":8} []
[2016-07-06 20:00:42] error.ERROR: 8 IN FILE /Users/zhouhong/xianrou/yaframe/application/models/Commerce/OrderData.php ON LINE 164 {"Undefined index: order_pay_status":8} []
[2016-07-06 20:00:42] error.ERROR: 8 IN FILE /Users/zhouhong/xianrou/yaframe/library/Sphinx/SphinxClient.php ON LINE 195 {"Undefined property: Sphinx\\SphinxClient::$_socket":8} []
[2016-07-06 20:00:42] error.ERROR: 8 IN FILE /Users/zhouhong/xianrou/yaframe/library/Sphinx/SphinxClient.php ON LINE 196 {"Undefined property: Sphinx\\SphinxClient::$_socket":8} []
[2016-07-06 20:00:42] error.ERROR: 2 IN FILE /Users/zhouhong/xianrou/yaframe/library/Sphinx/SphinxClient.php ON LINE 196 {"fclose() expects parameter 1 to be resource, null given":2} []
[2016-07-06 20:01:26] error.ERROR: 8 IN FILE /Users/zhouhong/xianrou/yaframe/application/Bootstrap.php ON LINE 147 {"Undefined index: ffmpeg":8} []
[2016-07-06 20:01:26] error.ERROR: 8 IN FILE /Users/zhouhong/xianrou/yaframe/application/Bootstrap.php ON LINE 148 {"Undefined index: ffprobe":8} []
[2016-07-06 20:01:26] error.ERROR: 2 IN FILE /Users/zhouhong/xianrou/yaframe/library/Sphinx/SphinxClient.php ON LINE 232 {"assert(): assert(is_int($port)) failed":2} []
[2016-07-06 20:01:26] error.ERROR: 8 IN FILE /Users/zhouhong/xianrou/yaframe/library/Http/BasicRequest.php ON LINE 67 {"Undefined index: HTTP_SIGN":8} []
[2016-07-06 20:01:26] error.ERROR: 8 IN FILE /Users/zhouhong/xianrou/yaframe/library/Http/BasicRequest.php ON LINE 68 {"Undefined index: HTTP_VERSION":8} []
[2016-07-06 20:01:26] error.ERROR: 8 IN FILE /Users/zhouhong/xianrou/yaframe/library/Http/BasicRequest.php ON LINE 69 {"Undefined index: HTTP_TIMESTAMP":8} []
[2016-07-06 20:01:26] error.ERROR: 8 IN FILE /Users/zhouhong/xianrou/yaframe/application/models/Commerce/OrderData.php ON LINE 110 {"Undefined index: status":8} []
[2016-07-06 20:01:26] error.ERROR: 2 IN FILE /Users/zhouhong/xianrou/yaframe/application/models/Warehouse/ProductInfoData.php ON LINE 446 {"Declaration of Warehouse\\ProductInfoDataModel::getData($params) should be compatible with Common\\BaseModel::getData($params = Array, $columns = Array, $order = Array, $toArray = true)":2} []
[2016-07-06 20:01:26] error.ERROR: 8 IN FILE /Users/zhouhong/xianrou/yaframe/application/models/Commerce/OrderData.php ON LINE 164 {"Undefined index: order_pay_status":8} []
[2016-07-06 20:01:26] error.ERROR: 8 IN FILE /Users/zhouhong/xianrou/yaframe/application/models/Commerce/OrderData.php ON LINE 164 {"Undefined index: order_pay_status":8} []
[2016-07-06 20:01:26] error.ERROR: 8 IN FILE /Users/zhouhong/xianrou/yaframe/library/Sphinx/SphinxClient.php ON LINE 195 {"Undefined property: Sphinx\\SphinxClient::$_socket":8} []
[2016-07-06 20:01:26] error.ERROR: 8 IN FILE /Users/zhouhong/xianrou/yaframe/library/Sphinx/SphinxClient.php ON LINE 196 {"Undefined property: Sphinx\\SphinxClient::$_socket":8} []
[2016-07-06 20:01:26] error.ERROR: 2 IN FILE /Users/zhouhong/xianrou/yaframe/library/Sphinx/SphinxClient.php ON LINE 196 {"fclose() expects parameter 1 to be resource, null given":2} []
[2016-07-06 20:01:32] error.ERROR: 8 IN FILE /Users/zhouhong/xianrou/yaframe/application/Bootstrap.php ON LINE 147 {"Undefined index: ffmpeg":8} []
[2016-07-06 20:01:32] error.ERROR: 8 IN FILE /Users/zhouhong/xianrou/yaframe/application/Bootstrap.php ON LINE 148 {"Undefined index: ffprobe":8} []
[2016-07-06 20:01:32] error.ERROR: 2 IN FILE /Users/zhouhong/xianrou/yaframe/library/Sphinx/SphinxClient.php ON LINE 232 {"assert(): assert(is_int($port)) failed":2} []
[2016-07-06 20:01:32] error.ERROR: 8 IN FILE /Users/zhouhong/xianrou/yaframe/library/Http/BasicRequest.php ON LINE 67 {"Undefined index: HTTP_SIGN":8} []
[2016-07-06 20:01:32] error.ERROR: 8 IN FILE /Users/zhouhong/xianrou/yaframe/library/Http/BasicRequest.php ON LINE 68 {"Undefined index: HTTP_VERSION":8} []
[2016-07-06 20:01:32] error.ERROR: 8 IN FILE /Users/zhouhong/xianrou/yaframe/library/Http/BasicRequest.php ON LINE 69 {"Undefined index: HTTP_TIMESTAMP":8} []
[2016-07-06 20:01:32] error.ERROR: 8 IN FILE /Users/zhouhong/xianrou/yaframe/application/models/Commerce/OrderData.php ON LINE 110 {"Undefined index: status":8} []
[2016-07-06 20:01:32] error.ERROR: 2 IN FILE /Users/zhouhong/xianrou/yaframe/application/models/Warehouse/ProductInfoData.php ON LINE 446 {"Declaration of Warehouse\\ProductInfoDataModel::getData($params) should be compatible with Common\\BaseModel::getData($params = Array, $columns = Array, $order = Array, $toArray = true)":2} []
[2016-07-06 20:01:32] error.ERROR: 8 IN FILE /Users/zhouhong/xianrou/yaframe/application/models/Commerce/OrderData.php ON LINE 164 {"Undefined index: order_pay_status":8} []
[2016-07-06 20:01:32] error.ERROR: 8 IN FILE /Users/zhouhong/xianrou/yaframe/application/models/Commerce/OrderData.php ON LINE 164 {"Undefined index: order_pay_status":8} []
[2016-07-06 20:01:32] error.ERROR: 8 IN FILE /Users/zhouhong/xianrou/yaframe/library/Sphinx/SphinxClient.php ON LINE 195 {"Undefined property: Sphinx\\SphinxClient::$_socket":8} []
[2016-07-06 20:01:32] error.ERROR: 8 IN FILE /Users/zhouhong/xianrou/yaframe/library/Sphinx/SphinxClient.php ON LINE 196 {"Undefined property: Sphinx\\SphinxClient::$_socket":8} []
[2016-07-06 20:01:32] error.ERROR: 2 IN FILE /Users/zhouhong/xianrou/yaframe/library/Sphinx/SphinxClient.php ON LINE 196 {"fclose() expects parameter 1 to be resource, null given":2} []
[2016-07-06 20:02:00] error.ERROR: 8 IN FILE /Users/zhouhong/xianrou/yaframe/application/Bootstrap.php ON LINE 147 {"Undefined index: ffmpeg":8} []
[2016-07-06 20:02:00] error.ERROR: 8 IN FILE /Users/zhouhong/xianrou/yaframe/application/Bootstrap.php ON LINE 148 {"Undefined index: ffprobe":8} []
[2016-07-06 20:02:00] error.ERROR: 2 IN FILE /Users/zhouhong/xianrou/yaframe/library/Sphinx/SphinxClient.php ON LINE 232 {"assert(): assert(is_int($port)) failed":2} []
[2016-07-06 20:02:00] error.ERROR: 8 IN FILE /Users/zhouhong/xianrou/yaframe/library/Http/BasicRequest.php ON LINE 67 {"Undefined index: HTTP_SIGN":8} []
[2016-07-06 20:02:00] error.ERROR: 8 IN FILE /Users/zhouhong/xianrou/yaframe/library/Http/BasicRequest.php ON LINE 68 {"Undefined index: HTTP_VERSION":8} []
[2016-07-06 20:02:00] error.ERROR: 8 IN FILE /Users/zhouhong/xianrou/yaframe/library/Http/BasicRequest.php ON LINE 69 {"Undefined index: HTTP_TIMESTAMP":8} []
[2016-07-06 20:02:00] error.ERROR: 8 IN FILE /Users/zhouhong/xianrou/yaframe/application/models/Commerce/OrderData.php ON LINE 110 {"Undefined index: status":8} []
[2016-07-06 20:02:00] error.ERROR: 2 IN FILE /Users/zhouhong/xianrou/yaframe/application/models/Warehouse/ProductInfoData.php ON LINE 446 {"Declaration of Warehouse\\ProductInfoDataModel::getData($params) should be compatible with Common\\BaseModel::getData($params = Array, $columns = Array, $order = Array, $toArray = true)":2} []
[2016-07-06 20:02:00] error.ERROR: 8 IN FILE /Users/zhouhong/xianrou/yaframe/library/Sphinx/SphinxClient.php ON LINE 195 {"Undefined property: Sphinx\\SphinxClient::$_socket":8} []
[2016-07-06 20:02:00] error.ERROR: 8 IN FILE /Users/zhouhong/xianrou/yaframe/library/Sphinx/SphinxClient.php ON LINE 196 {"Undefined property: Sphinx\\SphinxClient::$_socket":8} []
[2016-07-06 20:02:00] error.ERROR: 2 IN FILE /Users/zhouhong/xianrou/yaframe/library/Sphinx/SphinxClient.php ON LINE 196 {"fclose() expects parameter 1 to be resource, null given":2} []
[2016-07-06 20:02:43] error.ERROR: 8 IN FILE /Users/zhouhong/xianrou/yaframe/application/Bootstrap.php ON LINE 147 {"Undefined index: ffmpeg":8} []
[2016-07-06 20:02:43] error.ERROR: 8 IN FILE /Users/zhouhong/xianrou/yaframe/application/Bootstrap.php ON LINE 148 {"Undefined index: ffprobe":8} []
[2016-07-06 20:02:43] error.ERROR: 2 IN FILE /Users/zhouhong/xianrou/yaframe/library/Sphinx/SphinxClient.php ON LINE 232 {"assert(): assert(is_int($port)) failed":2} []
[2016-07-06 20:02:43] error.ERROR: 8 IN FILE /Users/zhouhong/xianrou/yaframe/library/Http/BasicRequest.php ON LINE 67 {"Undefined index: HTTP_SIGN":8} []
[2016-07-06 20:02:43] error.ERROR: 8 IN FILE /Users/zhouhong/xianrou/yaframe/library/Http/BasicRequest.php ON LINE 68 {"Undefined index: HTTP_VERSION":8} []
[2016-07-06 20:02:43] error.ERROR: 8 IN FILE /Users/zhouhong/xianrou/yaframe/library/Http/BasicRequest.php ON LINE 69 {"Undefined index: HTTP_TIMESTAMP":8} []
[2016-07-06 20:02:43] error.ERROR: 8 IN FILE /Users/zhouhong/xianrou/yaframe/application/models/Commerce/OrderData.php ON LINE 110 {"Undefined index: status":8} []
[2016-07-06 20:02:43] error.ERROR: 2 IN FILE /Users/zhouhong/xianrou/yaframe/application/models/Warehouse/ProductInfoData.php ON LINE 446 {"Declaration of Warehouse\\ProductInfoDataModel::getData($params) should be compatible with Common\\BaseModel::getData($params = Array, $columns = Array, $order = Array, $toArray = true)":2} []
[2016-07-06 20:02:43] error.ERROR: 8 IN FILE /Users/zhouhong/xianrou/yaframe/application/models/Commerce/OrderData.php ON LINE 165 {"Undefined index: order_pay_status":8} []
[2016-07-06 20:02:43] error.ERROR: 8 IN FILE /Users/zhouhong/xianrou/yaframe/application/models/Commerce/OrderData.php ON LINE 165 {"Undefined index: order_pay_status":8} []
[2016-07-06 20:02:43] error.ERROR: 8 IN FILE /Users/zhouhong/xianrou/yaframe/library/Sphinx/SphinxClient.php ON LINE 195 {"Undefined property: Sphinx\\SphinxClient::$_socket":8} []
[2016-07-06 20:02:43] error.ERROR: 8 IN FILE /Users/zhouhong/xianrou/yaframe/library/Sphinx/SphinxClient.php ON LINE 196 {"Undefined property: Sphinx\\SphinxClient::$_socket":8} []
[2016-07-06 20:02:43] error.ERROR: 2 IN FILE /Users/zhouhong/xianrou/yaframe/library/Sphinx/SphinxClient.php ON LINE 196 {"fclose() expects parameter 1 to be resource, null given":2} []
[2016-07-06 20:03:36] error.ERROR: 8 IN FILE /Users/zhouhong/xianrou/yaframe/application/Bootstrap.php ON LINE 147 {"Undefined index: ffmpeg":8} []
[2016-07-06 20:03:36] error.ERROR: 8 IN FILE /Users/zhouhong/xianrou/yaframe/application/Bootstrap.php ON LINE 148 {"Undefined index: ffprobe":8} []
[2016-07-06 20:03:36] error.ERROR: 2 IN FILE /Users/zhouhong/xianrou/yaframe/library/Sphinx/SphinxClient.php ON LINE 232 {"assert(): assert(is_int($port)) failed":2} []
[2016-07-06 20:03:36] error.ERROR: 8 IN FILE /Users/zhouhong/xianrou/yaframe/library/Http/BasicRequest.php ON LINE 67 {"Undefined index: HTTP_SIGN":8} []
[2016-07-06 20:03:36] error.ERROR: 8 IN FILE /Users/zhouhong/xianrou/yaframe/library/Http/BasicRequest.php ON LINE 68 {"Undefined index: HTTP_VERSION":8} []
[2016-07-06 20:03:36] error.ERROR: 8 IN FILE /Users/zhouhong/xianrou/yaframe/library/Http/BasicRequest.php ON LINE 69 {"Undefined index: HTTP_TIMESTAMP":8} []
[2016-07-06 20:03:36] error.ERROR: 8 IN FILE /Users/zhouhong/xianrou/yaframe/application/models/Commerce/OrderData.php ON LINE 110 {"Undefined index: status":8} []
[2016-07-06 20:03:36] error.ERROR: 2 IN FILE /Users/zhouhong/xianrou/yaframe/application/models/Warehouse/ProductInfoData.php ON LINE 446 {"Declaration of Warehouse\\ProductInfoDataModel::getData($params) should be compatible with Common\\BaseModel::getData($params = Array, $columns = Array, $order = Array, $toArray = true)":2} []
[2016-07-06 20:03:36] error.ERROR: 8 IN FILE /Users/zhouhong/xianrou/yaframe/application/models/Commerce/OrderData.php ON LINE 164 {"Undefined index: updated_time":8} []
[2016-07-06 20:03:36] error.ERROR: 8 IN FILE /Users/zhouhong/xianrou/yaframe/library/Sphinx/SphinxClient.php ON LINE 195 {"Undefined property: Sphinx\\SphinxClient::$_socket":8} []
[2016-07-06 20:03:36] error.ERROR: 8 IN FILE /Users/zhouhong/xianrou/yaframe/library/Sphinx/SphinxClient.php ON LINE 196 {"Undefined property: Sphinx\\SphinxClient::$_socket":8} []
[2016-07-06 20:03:36] error.ERROR: 2 IN FILE /Users/zhouhong/xianrou/yaframe/library/Sphinx/SphinxClient.php ON LINE 196 {"fclose() expects parameter 1 to be resource, null given":2} []
[2016-07-06 20:03:51] error.ERROR: 8 IN FILE /Users/zhouhong/xianrou/yaframe/application/Bootstrap.php ON LINE 147 {"Undefined index: ffmpeg":8} []
[2016-07-06 20:03:51] error.ERROR: 8 IN FILE /Users/zhouhong/xianrou/yaframe/application/Bootstrap.php ON LINE 148 {"Undefined index: ffprobe":8} []
[2016-07-06 20:03:51] error.ERROR: 2 IN FILE /Users/zhouhong/xianrou/yaframe/library/Sphinx/SphinxClient.php ON LINE 232 {"assert(): assert(is_int($port)) failed":2} []
[2016-07-06 20:03:51] error.ERROR: 8 IN FILE /Users/zhouhong/xianrou/yaframe/library/Http/BasicRequest.php ON LINE 67 {"Undefined index: HTTP_SIGN":8} []
[2016-07-06 20:03:51] error.ERROR: 8 IN FILE /Users/zhouhong/xianrou/yaframe/library/Http/BasicRequest.php ON LINE 68 {"Undefined index: HTTP_VERSION":8} []
[2016-07-06 20:03:51] error.ERROR: 8 IN FILE /Users/zhouhong/xianrou/yaframe/library/Http/BasicRequest.php ON LINE 69 {"Undefined index: HTTP_TIMESTAMP":8} []
[2016-07-06 20:03:51] error.ERROR: 8 IN FILE /Users/zhouhong/xianrou/yaframe/application/models/Commerce/OrderData.php ON LINE 110 {"Undefined index: status":8} []
[2016-07-06 20:03:51] error.ERROR: 2 IN FILE /Users/zhouhong/xianrou/yaframe/application/models/Warehouse/ProductInfoData.php ON LINE 446 {"Declaration of Warehouse\\ProductInfoDataModel::getData($params) should be compatible with Common\\BaseModel::getData($params = Array, $columns = Array, $order = Array, $toArray = true)":2} []
[2016-07-06 20:03:51] error.ERROR: 8 IN FILE /Users/zhouhong/xianrou/yaframe/application/models/Commerce/OrderData.php ON LINE 164 {"Undefined index: updated_time":8} []
[2016-07-06 20:03:51] error.ERROR: 8 IN FILE /Users/zhouhong/xianrou/yaframe/library/Sphinx/SphinxClient.php ON LINE 195 {"Undefined property: Sphinx\\SphinxClient::$_socket":8} []
[2016-07-06 20:03:51] error.ERROR: 8 IN FILE /Users/zhouhong/xianrou/yaframe/library/Sphinx/SphinxClient.php ON LINE 196 {"Undefined property: Sphinx\\SphinxClient::$_socket":8} []
[2016-07-06 20:03:51] error.ERROR: 2 IN FILE /Users/zhouhong/xianrou/yaframe/library/Sphinx/SphinxClient.php ON LINE 196 {"fclose() expects parameter 1 to be resource, null given":2} []
[2016-07-06 20:04:20] error.ERROR: 8 IN FILE /Users/zhouhong/xianrou/yaframe/application/Bootstrap.php ON LINE 147 {"Undefined index: ffmpeg":8} []
[2016-07-06 20:04:20] error.ERROR: 8 IN FILE /Users/zhouhong/xianrou/yaframe/application/Bootstrap.php ON LINE 148 {"Undefined index: ffprobe":8} []
[2016-07-06 20:04:20] error.ERROR: 2 IN FILE /Users/zhouhong/xianrou/yaframe/library/Sphinx/SphinxClient.php ON LINE 232 {"assert(): assert(is_int($port)) failed":2} []
[2016-07-06 20:04:20] error.ERROR: 8 IN FILE /Users/zhouhong/xianrou/yaframe/library/Http/BasicRequest.php ON LINE 67 {"Undefined index: HTTP_SIGN":8} []
[2016-07-06 20:04:20] error.ERROR: 8 IN FILE /Users/zhouhong/xianrou/yaframe/library/Http/BasicRequest.php ON LINE 68 {"Undefined index: HTTP_VERSION":8} []
[2016-07-06 20:04:20] error.ERROR: 8 IN FILE /Users/zhouhong/xianrou/yaframe/library/Http/BasicRequest.php ON LINE 69 {"Undefined index: HTTP_TIMESTAMP":8} []
[2016-07-06 20:04:20] error.ERROR: 8 IN FILE /Users/zhouhong/xianrou/yaframe/application/models/Commerce/OrderData.php ON LINE 110 {"Undefined index: status":8} []
[2016-07-06 20:04:20] error.ERROR: 2 IN FILE /Users/zhouhong/xianrou/yaframe/application/models/Warehouse/ProductInfoData.php ON LINE 446 {"Declaration of Warehouse\\ProductInfoDataModel::getData($params) should be compatible with Common\\BaseModel::getData($params = Array, $columns = Array, $order = Array, $toArray = true)":2} []
[2016-07-06 20:04:20] error.ERROR: 8 IN FILE /Users/zhouhong/xianrou/yaframe/application/models/Commerce/OrderData.php ON LINE 165 {"Undefined index: order_pay_status":8} []
[2016-07-06 20:04:20] error.ERROR: 8 IN FILE /Users/zhouhong/xianrou/yaframe/application/models/Commerce/OrderData.php ON LINE 165 {"Undefined index: order_pay_status":8} []
[2016-07-06 20:04:20] error.ERROR: 8 IN FILE /Users/zhouhong/xianrou/yaframe/library/Sphinx/SphinxClient.php ON LINE 195 {"Undefined property: Sphinx\\SphinxClient::$_socket":8} []
[2016-07-06 20:04:20] error.ERROR: 8 IN FILE /Users/zhouhong/xianrou/yaframe/library/Sphinx/SphinxClient.php ON LINE 196 {"Undefined property: Sphinx\\SphinxClient::$_socket":8} []
[2016-07-06 20:04:20] error.ERROR: 2 IN FILE /Users/zhouhong/xianrou/yaframe/library/Sphinx/SphinxClient.php ON LINE 196 {"fclose() expects parameter 1 to be resource, null given":2} []
[2016-07-06 20:05:03] error.ERROR: 8 IN FILE /Users/zhouhong/xianrou/yaframe/application/Bootstrap.php ON LINE 147 {"Undefined index: ffmpeg":8} []
[2016-07-06 20:05:03] error.ERROR: 8 IN FILE /Users/zhouhong/xianrou/yaframe/application/Bootstrap.php ON LINE 148 {"Undefined index: ffprobe":8} []
[2016-07-06 20:05:03] error.ERROR: 2 IN FILE /Users/zhouhong/xianrou/yaframe/library/Sphinx/SphinxClient.php ON LINE 232 {"assert(): assert(is_int($port)) failed":2} []
[2016-07-06 20:05:03] error.ERROR: 8 IN FILE /Users/zhouhong/xianrou/yaframe/library/Http/BasicRequest.php ON LINE 67 {"Undefined index: HTTP_SIGN":8} []
[2016-07-06 20:05:03] error.ERROR: 8 IN FILE /Users/zhouhong/xianrou/yaframe/library/Http/BasicRequest.php ON LINE 68 {"Undefined index: HTTP_VERSION":8} []
[2016-07-06 20:05:03] error.ERROR: 8 IN FILE /Users/zhouhong/xianrou/yaframe/library/Http/BasicRequest.php ON LINE 69 {"Undefined index: HTTP_TIMESTAMP":8} []
[2016-07-06 20:05:03] error.ERROR: 8 IN FILE /Users/zhouhong/xianrou/yaframe/application/models/Commerce/OrderData.php ON LINE 110 {"Undefined index: status":8} []
[2016-07-06 20:05:03] error.ERROR: 2 IN FILE /Users/zhouhong/xianrou/yaframe/application/models/Warehouse/ProductInfoData.php ON LINE 446 {"Declaration of Warehouse\\ProductInfoDataModel::getData($params) should be compatible with Common\\BaseModel::getData($params = Array, $columns = Array, $order = Array, $toArray = true)":2} []
[2016-07-06 20:05:03] error.ERROR: 8 IN FILE /Users/zhouhong/xianrou/yaframe/library/Sphinx/SphinxClient.php ON LINE 195 {"Undefined property: Sphinx\\SphinxClient::$_socket":8} []
[2016-07-06 20:05:03] error.ERROR: 8 IN FILE /Users/zhouhong/xianrou/yaframe/library/Sphinx/SphinxClient.php ON LINE 196 {"Undefined property: Sphinx\\SphinxClient::$_socket":8} []
[2016-07-06 20:05:03] error.ERROR: 2 IN FILE /Users/zhouhong/xianrou/yaframe/library/Sphinx/SphinxClient.php ON LINE 196 {"fclose() expects parameter 1 to be resource, null given":2} []
[2016-07-06 20:05:19] error.ERROR: 8 IN FILE /Users/zhouhong/xianrou/yaframe/application/Bootstrap.php ON LINE 147 {"Undefined index: ffmpeg":8} []
[2016-07-06 20:05:19] error.ERROR: 8 IN FILE /Users/zhouhong/xianrou/yaframe/application/Bootstrap.php ON LINE 148 {"Undefined index: ffprobe":8} []
[2016-07-06 20:05:19] error.ERROR: 2 IN FILE /Users/zhouhong/xianrou/yaframe/library/Sphinx/SphinxClient.php ON LINE 232 {"assert(): assert(is_int($port)) failed":2} []
[2016-07-06 20:05:19] error.ERROR: 8 IN FILE /Users/zhouhong/xianrou/yaframe/library/Http/BasicRequest.php ON LINE 67 {"Undefined index: HTTP_SIGN":8} []
[2016-07-06 20:05:19] error.ERROR: 8 IN FILE /Users/zhouhong/xianrou/yaframe/library/Http/BasicRequest.php ON LINE 68 {"Undefined index: HTTP_VERSION":8} []
[2016-07-06 20:05:19] error.ERROR: 8 IN FILE /Users/zhouhong/xianrou/yaframe/library/Http/BasicRequest.php ON LINE 69 {"Undefined index: HTTP_TIMESTAMP":8} []
[2016-07-06 20:05:19] error.ERROR: 8 IN FILE /Users/zhouhong/xianrou/yaframe/application/models/Commerce/OrderData.php ON LINE 110 {"Undefined index: status":8} []
[2016-07-06 20:05:19] error.ERROR: 2 IN FILE /Users/zhouhong/xianrou/yaframe/application/models/Warehouse/ProductInfoData.php ON LINE 446 {"Declaration of Warehouse\\ProductInfoDataModel::getData($params) should be compatible with Common\\BaseModel::getData($params = Array, $columns = Array, $order = Array, $toArray = true)":2} []
[2016-07-06 20:05:19] error.ERROR: 8 IN FILE /Users/zhouhong/xianrou/yaframe/application/models/Commerce/OrderData.php ON LINE 165 {"Undefined index: order_pay_status":8} []
[2016-07-06 20:05:19] error.ERROR: 8 IN FILE /Users/zhouhong/xianrou/yaframe/application/models/Commerce/OrderData.php ON LINE 165 {"Undefined index: order_pay_status":8} []
[2016-07-06 20:05:19] error.ERROR: 8 IN FILE /Users/zhouhong/xianrou/yaframe/library/Sphinx/SphinxClient.php ON LINE 195 {"Undefined property: Sphinx\\SphinxClient::$_socket":8} []
[2016-07-06 20:05:19] error.ERROR: 8 IN FILE /Users/zhouhong/xianrou/yaframe/library/Sphinx/SphinxClient.php ON LINE 196 {"Undefined property: Sphinx\\SphinxClient::$_socket":8} []
[2016-07-06 20:05:19] error.ERROR: 2 IN FILE /Users/zhouhong/xianrou/yaframe/library/Sphinx/SphinxClient.php ON LINE 196 {"fclose() expects parameter 1 to be resource, null given":2} []
[2016-07-06 20:07:23] error.ERROR: 8 IN FILE /Users/zhouhong/xianrou/yaframe/application/Bootstrap.php ON LINE 147 {"Undefined index: ffmpeg":8} []
[2016-07-06 20:07:23] error.ERROR: 8 IN FILE /Users/zhouhong/xianrou/yaframe/application/Bootstrap.php ON LINE 148 {"Undefined index: ffprobe":8} []
[2016-07-06 20:07:23] error.ERROR: 2 IN FILE /Users/zhouhong/xianrou/yaframe/library/Sphinx/SphinxClient.php ON LINE 232 {"assert(): assert(is_int($port)) failed":2} []
[2016-07-06 20:07:23] error.ERROR: 8 IN FILE /Users/zhouhong/xianrou/yaframe/library/Http/BasicRequest.php ON LINE 67 {"Undefined index: HTTP_SIGN":8} []
[2016-07-06 20:07:23] error.ERROR: 8 IN FILE /Users/zhouhong/xianrou/yaframe/library/Http/BasicRequest.php ON LINE 68 {"Undefined index: HTTP_VERSION":8} []
[2016-07-06 20:07:23] error.ERROR: 8 IN FILE /Users/zhouhong/xianrou/yaframe/library/Http/BasicRequest.php ON LINE 69 {"Undefined index: HTTP_TIMESTAMP":8} []
[2016-07-06 20:07:23] error.ERROR: 8 IN FILE /Users/zhouhong/xianrou/yaframe/application/models/Commerce/OrderData.php ON LINE 110 {"Undefined index: status":8} []
[2016-07-06 20:07:23] error.ERROR: 2 IN FILE /Users/zhouhong/xianrou/yaframe/application/models/Warehouse/ProductInfoData.php ON LINE 446 {"Declaration of Warehouse\\ProductInfoDataModel::getData($params) should be compatible with Common\\BaseModel::getData($params = Array, $columns = Array, $order = Array, $toArray = true)":2} []
[2016-07-06 20:07:23] error.ERROR: 8 IN FILE /Users/zhouhong/xianrou/yaframe/application/models/Commerce/OrderData.php ON LINE 164 {"Undefined index: order_pay_status":8} []
[2016-07-06 20:07:23] error.ERROR: 8 IN FILE /Users/zhouhong/xianrou/yaframe/application/models/Commerce/OrderData.php ON LINE 164 {"Undefined index: order_pay_status":8} []
[2016-07-06 20:07:23] error.ERROR: 8 IN FILE /Users/zhouhong/xianrou/yaframe/library/Sphinx/SphinxClient.php ON LINE 195 {"Undefined property: Sphinx\\SphinxClient::$_socket":8} []
[2016-07-06 20:07:23] error.ERROR: 8 IN FILE /Users/zhouhong/xianrou/yaframe/library/Sphinx/SphinxClient.php ON LINE 196 {"Undefined property: Sphinx\\SphinxClient::$_socket":8} []
[2016-07-06 20:07:23] error.ERROR: 2 IN FILE /Users/zhouhong/xianrou/yaframe/library/Sphinx/SphinxClient.php ON LINE 196 {"fclose() expects parameter 1 to be resource, null given":2} []
[2016-07-06 20:07:51] error.ERROR: 8 IN FILE /Users/zhouhong/xianrou/yaframe/application/Bootstrap.php ON LINE 147 {"Undefined index: ffmpeg":8} []
[2016-07-06 20:07:51] error.ERROR: 8 IN FILE /Users/zhouhong/xianrou/yaframe/application/Bootstrap.php ON LINE 148 {"Undefined index: ffprobe":8} []
[2016-07-06 20:07:51] error.ERROR: 2 IN FILE /Users/zhouhong/xianrou/yaframe/library/Sphinx/SphinxClient.php ON LINE 232 {"assert(): assert(is_int($port)) failed":2} []
[2016-07-06 20:07:51] error.ERROR: 8 IN FILE /Users/zhouhong/xianrou/yaframe/library/Http/BasicRequest.php ON LINE 67 {"Undefined index: HTTP_SIGN":8} []
[2016-07-06 20:07:51] error.ERROR: 8 IN FILE /Users/zhouhong/xianrou/yaframe/library/Http/BasicRequest.php ON LINE 68 {"Undefined index: HTTP_VERSION":8} []
[2016-07-06 20:07:51] error.ERROR: 8 IN FILE /Users/zhouhong/xianrou/yaframe/library/Http/BasicRequest.php ON LINE 69 {"Undefined index: HTTP_TIMESTAMP":8} []
[2016-07-06 20:07:51] error.ERROR: 8 IN FILE /Users/zhouhong/xianrou/yaframe/application/models/Commerce/OrderData.php ON LINE 110 {"Undefined index: status":8} []
[2016-07-06 20:07:51] error.ERROR: 2 IN FILE /Users/zhouhong/xianrou/yaframe/application/models/Warehouse/ProductInfoData.php ON LINE 446 {"Declaration of Warehouse\\ProductInfoDataModel::getData($params) should be compatible with Common\\BaseModel::getData($params = Array, $columns = Array, $order = Array, $toArray = true)":2} []
[2016-07-06 20:07:51] error.ERROR: 8 IN FILE /Users/zhouhong/xianrou/yaframe/application/models/Commerce/OrderData.php ON LINE 164 {"Undefined index: order_pay_status":8} []
[2016-07-06 20:07:51] error.ERROR: 8 IN FILE /Users/zhouhong/xianrou/yaframe/application/models/Commerce/OrderData.php ON LINE 164 {"Undefined index: order_pay_status":8} []
[2016-07-06 20:07:51] error.ERROR: 8 IN FILE /Users/zhouhong/xianrou/yaframe/library/Sphinx/SphinxClient.php ON LINE 195 {"Undefined property: Sphinx\\SphinxClient::$_socket":8} []
[2016-07-06 20:07:51] error.ERROR: 8 IN FILE /Users/zhouhong/xianrou/yaframe/library/Sphinx/SphinxClient.php ON LINE 196 {"Undefined property: Sphinx\\SphinxClient::$_socket":8} []
[2016-07-06 20:07:51] error.ERROR: 2 IN FILE /Users/zhouhong/xianrou/yaframe/library/Sphinx/SphinxClient.php ON LINE 196 {"fclose() expects parameter 1 to be resource, null given":2} []
[2016-07-06 20:09:11] error.ERROR: 8 IN FILE /Users/zhouhong/xianrou/yaframe/application/Bootstrap.php ON LINE 147 {"Undefined index: ffmpeg":8} []
[2016-07-06 20:09:11] error.ERROR: 8 IN FILE /Users/zhouhong/xianrou/yaframe/application/Bootstrap.php ON LINE 148 {"Undefined index: ffprobe":8} []
[2016-07-06 20:09:11] error.ERROR: 2 IN FILE /Users/zhouhong/xianrou/yaframe/library/Sphinx/SphinxClient.php ON LINE 232 {"assert(): assert(is_int($port)) failed":2} []
[2016-07-06 20:09:11] error.ERROR: 8 IN FILE /Users/zhouhong/xianrou/yaframe/library/Http/BasicRequest.php ON LINE 67 {"Undefined index: HTTP_SIGN":8} []
[2016-07-06 20:09:11] error.ERROR: 8 IN FILE /Users/zhouhong/xianrou/yaframe/library/Http/BasicRequest.php ON LINE 68 {"Undefined index: HTTP_VERSION":8} []
[2016-07-06 20:09:11] error.ERROR: 8 IN FILE /Users/zhouhong/xianrou/yaframe/library/Http/BasicRequest.php ON LINE 69 {"Undefined index: HTTP_TIMESTAMP":8} []
[2016-07-06 20:09:11] error.ERROR: 8 IN FILE /Users/zhouhong/xianrou/yaframe/application/models/Commerce/OrderData.php ON LINE 110 {"Undefined index: status":8} []
[2016-07-06 20:09:11] error.ERROR: 2 IN FILE /Users/zhouhong/xianrou/yaframe/application/models/Warehouse/ProductInfoData.php ON LINE 446 {"Declaration of Warehouse\\ProductInfoDataModel::getData($params) should be compatible with Common\\BaseModel::getData($params = Array, $columns = Array, $order = Array, $toArray = true)":2} []
[2016-07-06 20:09:11] error.ERROR: 8 IN FILE /Users/zhouhong/xianrou/yaframe/library/Sphinx/SphinxClient.php ON LINE 195 {"Undefined property: Sphinx\\SphinxClient::$_socket":8} []
[2016-07-06 20:09:11] error.ERROR: 8 IN FILE /Users/zhouhong/xianrou/yaframe/library/Sphinx/SphinxClient.php ON LINE 196 {"Undefined property: Sphinx\\SphinxClient::$_socket":8} []
[2016-07-06 20:09:11] error.ERROR: 2 IN FILE /Users/zhouhong/xianrou/yaframe/library/Sphinx/SphinxClient.php ON LINE 196 {"fclose() expects parameter 1 to be resource, null given":2} []
[2016-07-06 20:09:33] error.ERROR: 8 IN FILE /Users/zhouhong/xianrou/yaframe/application/Bootstrap.php ON LINE 147 {"Undefined index: ffmpeg":8} []
[2016-07-06 20:09:33] error.ERROR: 8 IN FILE /Users/zhouhong/xianrou/yaframe/application/Bootstrap.php ON LINE 148 {"Undefined index: ffprobe":8} []
[2016-07-06 20:09:33] error.ERROR: 2 IN FILE /Users/zhouhong/xianrou/yaframe/library/Sphinx/SphinxClient.php ON LINE 232 {"assert(): assert(is_int($port)) failed":2} []
[2016-07-06 20:09:33] error.ERROR: 8 IN FILE /Users/zhouhong/xianrou/yaframe/library/Http/BasicRequest.php ON LINE 67 {"Undefined index: HTTP_SIGN":8} []
[2016-07-06 20:09:33] error.ERROR: 8 IN FILE /Users/zhouhong/xianrou/yaframe/library/Http/BasicRequest.php ON LINE 68 {"Undefined index: HTTP_VERSION":8} []
[2016-07-06 20:09:33] error.ERROR: 8 IN FILE /Users/zhouhong/xianrou/yaframe/library/Http/BasicRequest.php ON LINE 69 {"Undefined index: HTTP_TIMESTAMP":8} []
[2016-07-06 20:09:33] error.ERROR: 8 IN FILE /Users/zhouhong/xianrou/yaframe/application/models/Commerce/OrderData.php ON LINE 110 {"Undefined index: status":8} []
[2016-07-06 20:09:33] error.ERROR: 2 IN FILE /Users/zhouhong/xianrou/yaframe/application/models/Warehouse/ProductInfoData.php ON LINE 446 {"Declaration of Warehouse\\ProductInfoDataModel::getData($params) should be compatible with Common\\BaseModel::getData($params = Array, $columns = Array, $order = Array, $toArray = true)":2} []
[2016-07-06 20:09:33] error.ERROR: 8 IN FILE /Users/zhouhong/xianrou/yaframe/library/Sphinx/SphinxClient.php ON LINE 195 {"Undefined property: Sphinx\\SphinxClient::$_socket":8} []
[2016-07-06 20:09:33] error.ERROR: 8 IN FILE /Users/zhouhong/xianrou/yaframe/library/Sphinx/SphinxClient.php ON LINE 196 {"Undefined property: Sphinx\\SphinxClient::$_socket":8} []
[2016-07-06 20:09:33] error.ERROR: 2 IN FILE /Users/zhouhong/xianrou/yaframe/library/Sphinx/SphinxClient.php ON LINE 196 {"fclose() expects parameter 1 to be resource, null given":2} []
[2016-07-06 20:09:55] error.ERROR: 8 IN FILE /Users/zhouhong/xianrou/yaframe/application/Bootstrap.php ON LINE 147 {"Undefined index: ffmpeg":8} []
[2016-07-06 20:09:55] error.ERROR: 8 IN FILE /Users/zhouhong/xianrou/yaframe/application/Bootstrap.php ON LINE 148 {"Undefined index: ffprobe":8} []
[2016-07-06 20:09:55] error.ERROR: 2 IN FILE /Users/zhouhong/xianrou/yaframe/library/Sphinx/SphinxClient.php ON LINE 232 {"assert(): assert(is_int($port)) failed":2} []
[2016-07-06 20:09:55] error.ERROR: 8 IN FILE /Users/zhouhong/xianrou/yaframe/library/Http/BasicRequest.php ON LINE 67 {"Undefined index: HTTP_SIGN":8} []
[2016-07-06 20:09:55] error.ERROR: 8 IN FILE /Users/zhouhong/xianrou/yaframe/library/Http/BasicRequest.php ON LINE 68 {"Undefined index: HTTP_VERSION":8} []
[2016-07-06 20:09:55] error.ERROR: 8 IN FILE /Users/zhouhong/xianrou/yaframe/library/Http/BasicRequest.php ON LINE 69 {"Undefined index: HTTP_TIMESTAMP":8} []
[2016-07-06 20:09:55] error.ERROR: 8 IN FILE /Users/zhouhong/xianrou/yaframe/application/models/Commerce/OrderData.php ON LINE 110 {"Undefined index: status":8} []
[2016-07-06 20:09:55] error.ERROR: 2 IN FILE /Users/zhouhong/xianrou/yaframe/application/models/Warehouse/ProductInfoData.php ON LINE 446 {"Declaration of Warehouse\\ProductInfoDataModel::getData($params) should be compatible with Common\\BaseModel::getData($params = Array, $columns = Array, $order = Array, $toArray = true)":2} []
[2016-07-06 20:09:55] error.ERROR: 8 IN FILE /Users/zhouhong/xianrou/yaframe/library/Sphinx/SphinxClient.php ON LINE 195 {"Undefined property: Sphinx\\SphinxClient::$_socket":8} []
[2016-07-06 20:09:55] error.ERROR: 8 IN FILE /Users/zhouhong/xianrou/yaframe/library/Sphinx/SphinxClient.php ON LINE 196 {"Undefined property: Sphinx\\SphinxClient::$_socket":8} []
[2016-07-06 20:09:55] error.ERROR: 2 IN FILE /Users/zhouhong/xianrou/yaframe/library/Sphinx/SphinxClient.php ON LINE 196 {"fclose() expects parameter 1 to be resource, null given":2} []
[2016-07-06 20:10:07] error.ERROR: 8 IN FILE /Users/zhouhong/xianrou/yaframe/application/Bootstrap.php ON LINE 147 {"Undefined index: ffmpeg":8} []
[2016-07-06 20:10:07] error.ERROR: 8 IN FILE /Users/zhouhong/xianrou/yaframe/application/Bootstrap.php ON LINE 148 {"Undefined index: ffprobe":8} []
[2016-07-06 20:10:07] error.ERROR: 2 IN FILE /Users/zhouhong/xianrou/yaframe/library/Sphinx/SphinxClient.php ON LINE 232 {"assert(): assert(is_int($port)) failed":2} []
[2016-07-06 20:10:07] error.ERROR: 8 IN FILE /Users/zhouhong/xianrou/yaframe/library/Http/BasicRequest.php ON LINE 67 {"Undefined index: HTTP_SIGN":8} []
[2016-07-06 20:10:07] error.ERROR: 8 IN FILE /Users/zhouhong/xianrou/yaframe/library/Http/BasicRequest.php ON LINE 68 {"Undefined index: HTTP_VERSION":8} []
[2016-07-06 20:10:07] error.ERROR: 8 IN FILE /Users/zhouhong/xianrou/yaframe/library/Http/BasicRequest.php ON LINE 69 {"Undefined index: HTTP_TIMESTAMP":8} []
[2016-07-06 20:10:07] error.ERROR: 8 IN FILE /Users/zhouhong/xianrou/yaframe/application/models/Commerce/OrderData.php ON LINE 110 {"Undefined index: status":8} []
[2016-07-06 20:10:07] error.ERROR: 2 IN FILE /Users/zhouhong/xianrou/yaframe/application/models/Warehouse/ProductInfoData.php ON LINE 446 {"Declaration of Warehouse\\ProductInfoDataModel::getData($params) should be compatible with Common\\BaseModel::getData($params = Array, $columns = Array, $order = Array, $toArray = true)":2} []
[2016-07-06 20:10:07] error.ERROR: 8 IN FILE /Users/zhouhong/xianrou/yaframe/library/Sphinx/SphinxClient.php ON LINE 195 {"Undefined property: Sphinx\\SphinxClient::$_socket":8} []
[2016-07-06 20:10:07] error.ERROR: 8 IN FILE /Users/zhouhong/xianrou/yaframe/library/Sphinx/SphinxClient.php ON LINE 196 {"Undefined property: Sphinx\\SphinxClient::$_socket":8} []
[2016-07-06 20:10:07] error.ERROR: 2 IN FILE /Users/zhouhong/xianrou/yaframe/library/Sphinx/SphinxClient.php ON LINE 196 {"fclose() expects parameter 1 to be resource, null given":2} []
[2016-07-06 20:10:14] error.ERROR: 8 IN FILE /Users/zhouhong/xianrou/yaframe/application/Bootstrap.php ON LINE 147 {"Undefined index: ffmpeg":8} []
[2016-07-06 20:10:14] error.ERROR: 8 IN FILE /Users/zhouhong/xianrou/yaframe/application/Bootstrap.php ON LINE 148 {"Undefined index: ffprobe":8} []
[2016-07-06 20:10:14] error.ERROR: 2 IN FILE /Users/zhouhong/xianrou/yaframe/library/Sphinx/SphinxClient.php ON LINE 232 {"assert(): assert(is_int($port)) failed":2} []
[2016-07-06 20:10:14] error.ERROR: 8 IN FILE /Users/zhouhong/xianrou/yaframe/library/Http/BasicRequest.php ON LINE 67 {"Undefined index: HTTP_SIGN":8} []
[2016-07-06 20:10:14] error.ERROR: 8 IN FILE /Users/zhouhong/xianrou/yaframe/library/Http/BasicRequest.php ON LINE 68 {"Undefined index: HTTP_VERSION":8} []
[2016-07-06 20:10:14] error.ERROR: 8 IN FILE /Users/zhouhong/xianrou/yaframe/library/Http/BasicRequest.php ON LINE 69 {"Undefined index: HTTP_TIMESTAMP":8} []
[2016-07-06 20:10:14] error.ERROR: 8 IN FILE /Users/zhouhong/xianrou/yaframe/application/models/Commerce/OrderData.php ON LINE 110 {"Undefined index: status":8} []
[2016-07-06 20:10:14] error.ERROR: 2 IN FILE /Users/zhouhong/xianrou/yaframe/application/models/Warehouse/ProductInfoData.php ON LINE 446 {"Declaration of Warehouse\\ProductInfoDataModel::getData($params) should be compatible with Common\\BaseModel::getData($params = Array, $columns = Array, $order = Array, $toArray = true)":2} []
[2016-07-06 20:10:14] error.ERROR: 8 IN FILE /Users/zhouhong/xianrou/yaframe/application/models/Commerce/OrderData.php ON LINE 164 {"Undefined index: order_pay_status":8} []
[2016-07-06 20:10:14] error.ERROR: 8 IN FILE /Users/zhouhong/xianrou/yaframe/application/models/Commerce/OrderData.php ON LINE 164 {"Undefined index: order_pay_status":8} []
[2016-07-06 20:10:14] error.ERROR: 8 IN FILE /Users/zhouhong/xianrou/yaframe/library/Sphinx/SphinxClient.php ON LINE 195 {"Undefined property: Sphinx\\SphinxClient::$_socket":8} []
[2016-07-06 20:10:14] error.ERROR: 8 IN FILE /Users/zhouhong/xianrou/yaframe/library/Sphinx/SphinxClient.php ON LINE 196 {"Undefined property: Sphinx\\SphinxClient::$_socket":8} []
[2016-07-06 20:10:14] error.ERROR: 2 IN FILE /Users/zhouhong/xianrou/yaframe/library/Sphinx/SphinxClient.php ON LINE 196 {"fclose() expects parameter 1 to be resource, null given":2} []
[2016-07-06 20:11:13] error.ERROR: 8 IN FILE /Users/zhouhong/xianrou/yaframe/application/Bootstrap.php ON LINE 147 {"Undefined index: ffmpeg":8} []
[2016-07-06 20:11:13] error.ERROR: 8 IN FILE /Users/zhouhong/xianrou/yaframe/application/Bootstrap.php ON LINE 148 {"Undefined index: ffprobe":8} []
[2016-07-06 20:11:13] error.ERROR: 2 IN FILE /Users/zhouhong/xianrou/yaframe/library/Sphinx/SphinxClient.php ON LINE 232 {"assert(): assert(is_int($port)) failed":2} []
[2016-07-06 20:11:13] error.ERROR: 8 IN FILE /Users/zhouhong/xianrou/yaframe/library/Http/BasicRequest.php ON LINE 67 {"Undefined index: HTTP_SIGN":8} []
[2016-07-06 20:11:13] error.ERROR: 8 IN FILE /Users/zhouhong/xianrou/yaframe/library/Http/BasicRequest.php ON LINE 68 {"Undefined index: HTTP_VERSION":8} []
[2016-07-06 20:11:13] error.ERROR: 8 IN FILE /Users/zhouhong/xianrou/yaframe/library/Http/BasicRequest.php ON LINE 69 {"Undefined index: HTTP_TIMESTAMP":8} []
[2016-07-06 20:11:13] error.ERROR: 8 IN FILE /Users/zhouhong/xianrou/yaframe/application/models/Commerce/OrderData.php ON LINE 110 {"Undefined index: status":8} []
[2016-07-06 20:11:13] error.ERROR: 2 IN FILE /Users/zhouhong/xianrou/yaframe/application/models/Warehouse/ProductInfoData.php ON LINE 446 {"Declaration of Warehouse\\ProductInfoDataModel::getData($params) should be compatible with Common\\BaseModel::getData($params = Array, $columns = Array, $order = Array, $toArray = true)":2} []
[2016-07-06 20:11:13] error.ERROR: 8 IN FILE /Users/zhouhong/xianrou/yaframe/application/models/Commerce/OrderData.php ON LINE 164 {"Undefined index: order_pay_status":8} []
[2016-07-06 20:11:13] error.ERROR: 8 IN FILE /Users/zhouhong/xianrou/yaframe/application/models/Commerce/OrderData.php ON LINE 164 {"Undefined index: order_pay_status":8} []
[2016-07-06 20:11:13] error.ERROR: 8 IN FILE /Users/zhouhong/xianrou/yaframe/library/Sphinx/SphinxClient.php ON LINE 195 {"Undefined property: Sphinx\\SphinxClient::$_socket":8} []
[2016-07-06 20:11:13] error.ERROR: 8 IN FILE /Users/zhouhong/xianrou/yaframe/library/Sphinx/SphinxClient.php ON LINE 196 {"Undefined property: Sphinx\\SphinxClient::$_socket":8} []
[2016-07-06 20:11:13] error.ERROR: 2 IN FILE /Users/zhouhong/xianrou/yaframe/library/Sphinx/SphinxClient.php ON LINE 196 {"fclose() expects parameter 1 to be resource, null given":2} []
[2016-07-06 20:11:49] error.ERROR: 8 IN FILE /Users/zhouhong/xianrou/yaframe/application/Bootstrap.php ON LINE 147 {"Undefined index: ffmpeg":8} []
[2016-07-06 20:11:49] error.ERROR: 8 IN FILE /Users/zhouhong/xianrou/yaframe/application/Bootstrap.php ON LINE 148 {"Undefined index: ffprobe":8} []
[2016-07-06 20:11:49] error.ERROR: 2 IN FILE /Users/zhouhong/xianrou/yaframe/library/Sphinx/SphinxClient.php ON LINE 232 {"assert(): assert(is_int($port)) failed":2} []
[2016-07-06 20:11:49] error.ERROR: 8 IN FILE /Users/zhouhong/xianrou/yaframe/library/Http/BasicRequest.php ON LINE 67 {"Undefined index: HTTP_SIGN":8} []
[2016-07-06 20:11:49] error.ERROR: 8 IN FILE /Users/zhouhong/xianrou/yaframe/library/Http/BasicRequest.php ON LINE 68 {"Undefined index: HTTP_VERSION":8} []
[2016-07-06 20:11:49] error.ERROR: 8 IN FILE /Users/zhouhong/xianrou/yaframe/library/Http/BasicRequest.php ON LINE 69 {"Undefined index: HTTP_TIMESTAMP":8} []
[2016-07-06 20:11:49] error.ERROR: 8 IN FILE /Users/zhouhong/xianrou/yaframe/application/models/Commerce/OrderData.php ON LINE 110 {"Undefined index: status":8} []
[2016-07-06 20:11:49] error.ERROR: 2 IN FILE /Users/zhouhong/xianrou/yaframe/application/models/Warehouse/ProductInfoData.php ON LINE 446 {"Declaration of Warehouse\\ProductInfoDataModel::getData($params) should be compatible with Common\\BaseModel::getData($params = Array, $columns = Array, $order = Array, $toArray = true)":2} []
[2016-07-06 20:11:49] error.ERROR: 8 IN FILE /Users/zhouhong/xianrou/yaframe/application/models/Commerce/OrderData.php ON LINE 164 {"Undefined index: order_pay_status":8} []
[2016-07-06 20:11:49] error.ERROR: 8 IN FILE /Users/zhouhong/xianrou/yaframe/application/models/Commerce/OrderData.php ON LINE 164 {"Undefined index: order_pay_status":8} []
[2016-07-06 20:11:49] error.ERROR: 8 IN FILE /Users/zhouhong/xianrou/yaframe/library/Sphinx/SphinxClient.php ON LINE 195 {"Undefined property: Sphinx\\SphinxClient::$_socket":8} []
[2016-07-06 20:11:49] error.ERROR: 8 IN FILE /Users/zhouhong/xianrou/yaframe/library/Sphinx/SphinxClient.php ON LINE 196 {"Undefined property: Sphinx\\SphinxClient::$_socket":8} []
[2016-07-06 20:11:49] error.ERROR: 2 IN FILE /Users/zhouhong/xianrou/yaframe/library/Sphinx/SphinxClient.php ON LINE 196 {"fclose() expects parameter 1 to be resource, null given":2} []
[2016-07-06 20:12:51] error.ERROR: 8 IN FILE /Users/zhouhong/xianrou/yaframe/application/Bootstrap.php ON LINE 147 {"Undefined index: ffmpeg":8} []
[2016-07-06 20:12:51] error.ERROR: 8 IN FILE /Users/zhouhong/xianrou/yaframe/application/Bootstrap.php ON LINE 148 {"Undefined index: ffprobe":8} []
[2016-07-06 20:12:51] error.ERROR: 2 IN FILE /Users/zhouhong/xianrou/yaframe/library/Sphinx/SphinxClient.php ON LINE 232 {"assert(): assert(is_int($port)) failed":2} []
[2016-07-06 20:12:51] error.ERROR: 8 IN FILE /Users/zhouhong/xianrou/yaframe/library/Http/BasicRequest.php ON LINE 67 {"Undefined index: HTTP_SIGN":8} []
[2016-07-06 20:12:51] error.ERROR: 8 IN FILE /Users/zhouhong/xianrou/yaframe/library/Http/BasicRequest.php ON LINE 68 {"Undefined index: HTTP_VERSION":8} []
[2016-07-06 20:12:51] error.ERROR: 8 IN FILE /Users/zhouhong/xianrou/yaframe/library/Http/BasicRequest.php ON LINE 69 {"Undefined index: HTTP_TIMESTAMP":8} []
[2016-07-06 20:12:51] error.ERROR: 8 IN FILE /Users/zhouhong/xianrou/yaframe/application/models/Commerce/OrderData.php ON LINE 110 {"Undefined index: status":8} []
[2016-07-06 20:12:51] error.ERROR: 2 IN FILE /Users/zhouhong/xianrou/yaframe/application/models/Warehouse/ProductInfoData.php ON LINE 446 {"Declaration of Warehouse\\ProductInfoDataModel::getData($params) should be compatible with Common\\BaseModel::getData($params = Array, $columns = Array, $order = Array, $toArray = true)":2} []
[2016-07-06 20:12:51] error.ERROR: 8 IN FILE /Users/zhouhong/xianrou/yaframe/application/models/Commerce/OrderData.php ON LINE 165 {"Undefined index: order_pay_status":8} []
[2016-07-06 20:12:51] error.ERROR: 8 IN FILE /Users/zhouhong/xianrou/yaframe/application/models/Commerce/OrderData.php ON LINE 165 {"Undefined index: order_pay_status":8} []
[2016-07-06 20:12:51] error.ERROR: 8 IN FILE /Users/zhouhong/xianrou/yaframe/library/Sphinx/SphinxClient.php ON LINE 195 {"Undefined property: Sphinx\\SphinxClient::$_socket":8} []
[2016-07-06 20:12:51] error.ERROR: 8 IN FILE /Users/zhouhong/xianrou/yaframe/library/Sphinx/SphinxClient.php ON LINE 196 {"Undefined property: Sphinx\\SphinxClient::$_socket":8} []
[2016-07-06 20:12:51] error.ERROR: 2 IN FILE /Users/zhouhong/xianrou/yaframe/library/Sphinx/SphinxClient.php ON LINE 196 {"fclose() expects parameter 1 to be resource, null given":2} []
[2016-07-06 20:13:31] error.ERROR: 8 IN FILE /Users/zhouhong/xianrou/yaframe/application/Bootstrap.php ON LINE 147 {"Undefined index: ffmpeg":8} []
[2016-07-06 20:13:31] error.ERROR: 8 IN FILE /Users/zhouhong/xianrou/yaframe/application/Bootstrap.php ON LINE 148 {"Undefined index: ffprobe":8} []
[2016-07-06 20:13:31] error.ERROR: 2 IN FILE /Users/zhouhong/xianrou/yaframe/library/Sphinx/SphinxClient.php ON LINE 232 {"assert(): assert(is_int($port)) failed":2} []
[2016-07-06 20:13:31] error.ERROR: 8 IN FILE /Users/zhouhong/xianrou/yaframe/library/Http/BasicRequest.php ON LINE 67 {"Undefined index: HTTP_SIGN":8} []
[2016-07-06 20:13:31] error.ERROR: 8 IN FILE /Users/zhouhong/xianrou/yaframe/library/Http/BasicRequest.php ON LINE 68 {"Undefined index: HTTP_VERSION":8} []
[2016-07-06 20:13:31] error.ERROR: 8 IN FILE /Users/zhouhong/xianrou/yaframe/library/Http/BasicRequest.php ON LINE 69 {"Undefined index: HTTP_TIMESTAMP":8} []
[2016-07-06 20:13:31] error.ERROR: 8 IN FILE /Users/zhouhong/xianrou/yaframe/application/models/Commerce/OrderData.php ON LINE 110 {"Undefined index: status":8} []
[2016-07-06 20:13:31] error.ERROR: 2 IN FILE /Users/zhouhong/xianrou/yaframe/application/models/Warehouse/ProductInfoData.php ON LINE 446 {"Declaration of Warehouse\\ProductInfoDataModel::getData($params) should be compatible with Common\\BaseModel::getData($params = Array, $columns = Array, $order = Array, $toArray = true)":2} []
[2016-07-06 20:13:31] error.ERROR: 8 IN FILE /Users/zhouhong/xianrou/yaframe/application/models/Commerce/OrderData.php ON LINE 165 {"Undefined index: order_pay_status":8} []
[2016-07-06 20:13:31] error.ERROR: 8 IN FILE /Users/zhouhong/xianrou/yaframe/library/Sphinx/SphinxClient.php ON LINE 195 {"Undefined property: Sphinx\\SphinxClient::$_socket":8} []
[2016-07-06 20:13:31] error.ERROR: 8 IN FILE /Users/zhouhong/xianrou/yaframe/library/Sphinx/SphinxClient.php ON LINE 196 {"Undefined property: Sphinx\\SphinxClient::$_socket":8} []
[2016-07-06 20:13:31] error.ERROR: 2 IN FILE /Users/zhouhong/xianrou/yaframe/library/Sphinx/SphinxClient.php ON LINE 196 {"fclose() expects parameter 1 to be resource, null given":2} []
[2016-07-06 20:13:54] error.ERROR: 8 IN FILE /Users/zhouhong/xianrou/yaframe/application/Bootstrap.php ON LINE 147 {"Undefined index: ffmpeg":8} []
[2016-07-06 20:13:54] error.ERROR: 8 IN FILE /Users/zhouhong/xianrou/yaframe/application/Bootstrap.php ON LINE 148 {"Undefined index: ffprobe":8} []
[2016-07-06 20:13:54] error.ERROR: 2 IN FILE /Users/zhouhong/xianrou/yaframe/library/Sphinx/SphinxClient.php ON LINE 232 {"assert(): assert(is_int($port)) failed":2} []
[2016-07-06 20:13:54] error.ERROR: 8 IN FILE /Users/zhouhong/xianrou/yaframe/library/Http/BasicRequest.php ON LINE 67 {"Undefined index: HTTP_SIGN":8} []
[2016-07-06 20:13:54] error.ERROR: 8 IN FILE /Users/zhouhong/xianrou/yaframe/library/Http/BasicRequest.php ON LINE 68 {"Undefined index: HTTP_VERSION":8} []
[2016-07-06 20:13:54] error.ERROR: 8 IN FILE /Users/zhouhong/xianrou/yaframe/library/Http/BasicRequest.php ON LINE 69 {"Undefined index: HTTP_TIMESTAMP":8} []
[2016-07-06 20:13:54] error.ERROR: 8 IN FILE /Users/zhouhong/xianrou/yaframe/application/models/Commerce/OrderData.php ON LINE 110 {"Undefined index: status":8} []
[2016-07-06 20:13:54] error.ERROR: 2 IN FILE /Users/zhouhong/xianrou/yaframe/application/models/Warehouse/ProductInfoData.php ON LINE 446 {"Declaration of Warehouse\\ProductInfoDataModel::getData($params) should be compatible with Common\\BaseModel::getData($params = Array, $columns = Array, $order = Array, $toArray = true)":2} []
[2016-07-06 20:13:54] error.ERROR: 8 IN FILE /Users/zhouhong/xianrou/yaframe/library/Sphinx/SphinxClient.php ON LINE 195 {"Undefined property: Sphinx\\SphinxClient::$_socket":8} []
[2016-07-06 20:13:54] error.ERROR: 8 IN FILE /Users/zhouhong/xianrou/yaframe/library/Sphinx/SphinxClient.php ON LINE 196 {"Undefined property: Sphinx\\SphinxClient::$_socket":8} []
[2016-07-06 20:13:54] error.ERROR: 2 IN FILE /Users/zhouhong/xianrou/yaframe/library/Sphinx/SphinxClient.php ON LINE 196 {"fclose() expects parameter 1 to be resource, null given":2} []
