[2016-07-01 15:02:14] error.ERROR: 8 IN FILE /Users/zhouhong/xianrou/yaframe/application/Bootstrap.php ON LINE 147 {"Undefined index: ffmpeg":8} []
[2016-07-01 15:02:14] error.ERROR: 8 IN FILE /Users/zhouhong/xianrou/yaframe/application/Bootstrap.php ON LINE 148 {"Undefined index: ffprobe":8} []
[2016-07-01 15:02:14] error.ERROR: 8 IN FILE /Users/zhouhong/xianrou/yaframe/library/Http/BasicRequest.php ON LINE 67 {"Undefined index: HTTP_SIGN":8} []
[2016-07-01 15:02:14] error.ERROR: 8 IN FILE /Users/zhouhong/xianrou/yaframe/library/Http/BasicRequest.php ON LINE 68 {"Undefined index: HTTP_VERSION":8} []
[2016-07-01 15:02:14] error.ERROR: 8 IN FILE /Users/zhouhong/xianrou/yaframe/library/Http/BasicRequest.php ON LINE 69 {"Undefined index: HTTP_TIMESTAMP":8} []
[2016-07-01 15:02:14] error.ERROR: 8 IN FILE /Users/zhouhong/xianrou/yaframe/application/models/Core/CommonRegion.php ON LINE 24 {"Undefined variable: name":8} []
[2016-07-01 15:02:14] error.ERROR: 2 IN FILE /Users/zhouhong/xianrou/yaframe/application/models/Warehouse/ProductInfoData.php ON LINE 281 {"Declaration of Warehouse\\ProductInfoDataModel::getData($uid) should be compatible with Common\\BaseModel::getData($params = Array, $columns = Array, $toArray = true)":2} []
[2016-07-01 15:02:14] error.ERROR: 8 IN FILE /Users/zhouhong/xianrou/yaframe/library/Http/BasicRequest.php ON LINE 67 {"Undefined index: HTTP_SIGN":8} []
[2016-07-01 15:02:14] error.ERROR: 8 IN FILE /Users/zhouhong/xianrou/yaframe/library/Http/BasicRequest.php ON LINE 68 {"Undefined index: HTTP_VERSION":8} []
[2016-07-01 15:02:14] error.ERROR: 8 IN FILE /Users/zhouhong/xianrou/yaframe/library/Http/BasicRequest.php ON LINE 69 {"Undefined index: HTTP_TIMESTAMP":8} []
[2016-07-01 15:02:14] error.ERROR: 8 IN FILE /Users/zhouhong/xianrou/yaframe/application/models/Core/CommonRegion.php ON LINE 24 {"Undefined variable: name":8} []
[2016-07-01 15:02:15] error.ERROR: 8 IN FILE /Users/zhouhong/xianrou/yaframe/application/Bootstrap.php ON LINE 147 {"Undefined index: ffmpeg":8} []
[2016-07-01 15:02:15] error.ERROR: 8 IN FILE /Users/zhouhong/xianrou/yaframe/application/Bootstrap.php ON LINE 148 {"Undefined index: ffprobe":8} []
[2016-07-01 15:02:15] error.ERROR: 8 IN FILE /Users/zhouhong/xianrou/yaframe/library/Http/BasicRequest.php ON LINE 67 {"Undefined index: HTTP_SIGN":8} []
[2016-07-01 15:02:15] error.ERROR: 8 IN FILE /Users/zhouhong/xianrou/yaframe/library/Http/BasicRequest.php ON LINE 68 {"Undefined index: HTTP_VERSION":8} []
[2016-07-01 15:02:15] error.ERROR: 8 IN FILE /Users/zhouhong/xianrou/yaframe/library/Http/BasicRequest.php ON LINE 69 {"Undefined index: HTTP_TIMESTAMP":8} []
[2016-07-01 15:02:15] error.ERROR: 8 IN FILE /Users/zhouhong/xianrou/yaframe/application/models/Core/CommonRegion.php ON LINE 24 {"Undefined variable: name":8} []
[2016-07-01 15:02:15] error.ERROR: 2 IN FILE /Users/zhouhong/xianrou/yaframe/application/models/Warehouse/ProductInfoData.php ON LINE 281 {"Declaration of Warehouse\\ProductInfoDataModel::getData($uid) should be compatible with Common\\BaseModel::getData($params = Array, $columns = Array, $toArray = true)":2} []
[2016-07-01 15:02:15] error.ERROR: 8 IN FILE /Users/zhouhong/xianrou/yaframe/library/Http/BasicRequest.php ON LINE 67 {"Undefined index: HTTP_SIGN":8} []
[2016-07-01 15:02:15] error.ERROR: 8 IN FILE /Users/zhouhong/xianrou/yaframe/library/Http/BasicRequest.php ON LINE 68 {"Undefined index: HTTP_VERSION":8} []
[2016-07-01 15:02:15] error.ERROR: 8 IN FILE /Users/zhouhong/xianrou/yaframe/library/Http/BasicRequest.php ON LINE 69 {"Undefined index: HTTP_TIMESTAMP":8} []
[2016-07-01 15:02:15] error.ERROR: 8 IN FILE /Users/zhouhong/xianrou/yaframe/application/models/Core/CommonRegion.php ON LINE 24 {"Undefined variable: name":8} []
[2016-07-01 15:02:26] error.ERROR: 8 IN FILE /Users/zhouhong/xianrou/yaframe/application/Bootstrap.php ON LINE 147 {"Undefined index: ffmpeg":8} []
[2016-07-01 15:02:26] error.ERROR: 8 IN FILE /Users/zhouhong/xianrou/yaframe/application/Bootstrap.php ON LINE 148 {"Undefined index: ffprobe":8} []
[2016-07-01 15:02:26] error.ERROR: 8 IN FILE /Users/zhouhong/xianrou/yaframe/library/Http/BasicRequest.php ON LINE 67 {"Undefined index: HTTP_SIGN":8} []
[2016-07-01 15:02:26] error.ERROR: 8 IN FILE /Users/zhouhong/xianrou/yaframe/library/Http/BasicRequest.php ON LINE 68 {"Undefined index: HTTP_VERSION":8} []
[2016-07-01 15:02:26] error.ERROR: 8 IN FILE /Users/zhouhong/xianrou/yaframe/library/Http/BasicRequest.php ON LINE 69 {"Undefined index: HTTP_TIMESTAMP":8} []
[2016-07-01 15:02:26] error.ERROR: 8 IN FILE /Users/zhouhong/xianrou/yaframe/application/models/Core/CommonRegion.php ON LINE 24 {"Undefined variable: name":8} []
[2016-07-01 15:02:26] error.ERROR: 2 IN FILE /Users/zhouhong/xianrou/yaframe/application/models/Warehouse/ProductInfoData.php ON LINE 281 {"Declaration of Warehouse\\ProductInfoDataModel::getData($uid) should be compatible with Common\\BaseModel::getData($params = Array, $columns = Array, $toArray = true)":2} []
[2016-07-01 15:02:42] error.ERROR: 8 IN FILE /Users/zhouhong/xianrou/yaframe/application/Bootstrap.php ON LINE 147 {"Undefined index: ffmpeg":8} []
[2016-07-01 15:02:42] error.ERROR: 8 IN FILE /Users/zhouhong/xianrou/yaframe/application/Bootstrap.php ON LINE 148 {"Undefined index: ffprobe":8} []
[2016-07-01 15:02:42] error.ERROR: 8 IN FILE /Users/zhouhong/xianrou/yaframe/library/Http/BasicRequest.php ON LINE 67 {"Undefined index: HTTP_SIGN":8} []
[2016-07-01 15:02:42] error.ERROR: 8 IN FILE /Users/zhouhong/xianrou/yaframe/library/Http/BasicRequest.php ON LINE 68 {"Undefined index: HTTP_VERSION":8} []
[2016-07-01 15:02:42] error.ERROR: 8 IN FILE /Users/zhouhong/xianrou/yaframe/library/Http/BasicRequest.php ON LINE 69 {"Undefined index: HTTP_TIMESTAMP":8} []
[2016-07-01 15:02:42] error.ERROR: 8 IN FILE /Users/zhouhong/xianrou/yaframe/application/models/Core/CommonRegion.php ON LINE 24 {"Undefined variable: name":8} []
[2016-07-01 15:02:42] error.ERROR: 2 IN FILE /Users/zhouhong/xianrou/yaframe/application/models/Warehouse/ProductInfoData.php ON LINE 281 {"Declaration of Warehouse\\ProductInfoDataModel::getData($uid) should be compatible with Common\\BaseModel::getData($params = Array, $columns = Array, $toArray = true)":2} []
[2016-07-01 15:02:42] error.ERROR: 8 IN FILE /Users/zhouhong/xianrou/yaframe/application/models/Warehouse/ProductInfoData.php ON LINE 215 {"Undefined index: share_id":8} []
[2016-07-01 15:02:42] error.ERROR: 8 IN FILE /Users/zhouhong/xianrou/yaframe/library/Http/BasicRequest.php ON LINE 67 {"Undefined index: HTTP_SIGN":8} []
[2016-07-01 15:02:42] error.ERROR: 8 IN FILE /Users/zhouhong/xianrou/yaframe/library/Http/BasicRequest.php ON LINE 68 {"Undefined index: HTTP_VERSION":8} []
[2016-07-01 15:02:42] error.ERROR: 8 IN FILE /Users/zhouhong/xianrou/yaframe/library/Http/BasicRequest.php ON LINE 69 {"Undefined index: HTTP_TIMESTAMP":8} []
[2016-07-01 15:02:42] error.ERROR: 8 IN FILE /Users/zhouhong/xianrou/yaframe/application/models/Core/CommonRegion.php ON LINE 24 {"Undefined variable: name":8} []
[2016-07-01 15:03:51] error.ERROR: 8 IN FILE /Users/zhouhong/xianrou/yaframe/application/Bootstrap.php ON LINE 147 {"Undefined index: ffmpeg":8} []
[2016-07-01 15:03:52] error.ERROR: 8 IN FILE /Users/zhouhong/xianrou/yaframe/application/Bootstrap.php ON LINE 148 {"Undefined index: ffprobe":8} []
[2016-07-01 15:03:52] error.ERROR: 8 IN FILE /Users/zhouhong/xianrou/yaframe/library/Http/BasicRequest.php ON LINE 67 {"Undefined index: HTTP_SIGN":8} []
[2016-07-01 15:03:52] error.ERROR: 8 IN FILE /Users/zhouhong/xianrou/yaframe/library/Http/BasicRequest.php ON LINE 68 {"Undefined index: HTTP_VERSION":8} []
[2016-07-01 15:03:52] error.ERROR: 8 IN FILE /Users/zhouhong/xianrou/yaframe/library/Http/BasicRequest.php ON LINE 69 {"Undefined index: HTTP_TIMESTAMP":8} []
[2016-07-01 15:03:52] error.ERROR: 8 IN FILE /Users/zhouhong/xianrou/yaframe/application/models/Core/CommonRegion.php ON LINE 24 {"Undefined variable: name":8} []
[2016-07-01 15:03:52] error.ERROR: 2 IN FILE /Users/zhouhong/xianrou/yaframe/application/models/Warehouse/ProductInfoData.php ON LINE 281 {"Declaration of Warehouse\\ProductInfoDataModel::getData($uid) should be compatible with Common\\BaseModel::getData($params = Array, $columns = Array, $toArray = true)":2} []
[2016-07-01 15:03:53] error.ERROR: 8 IN FILE /Users/zhouhong/xianrou/yaframe/application/Bootstrap.php ON LINE 147 {"Undefined index: ffmpeg":8} []
[2016-07-01 15:03:53] error.ERROR: 8 IN FILE /Users/zhouhong/xianrou/yaframe/application/Bootstrap.php ON LINE 148 {"Undefined index: ffprobe":8} []
[2016-07-01 15:03:53] error.ERROR: 8 IN FILE /Users/zhouhong/xianrou/yaframe/library/Http/BasicRequest.php ON LINE 67 {"Undefined index: HTTP_SIGN":8} []
[2016-07-01 15:03:53] error.ERROR: 8 IN FILE /Users/zhouhong/xianrou/yaframe/library/Http/BasicRequest.php ON LINE 68 {"Undefined index: HTTP_VERSION":8} []
[2016-07-01 15:03:53] error.ERROR: 8 IN FILE /Users/zhouhong/xianrou/yaframe/library/Http/BasicRequest.php ON LINE 69 {"Undefined index: HTTP_TIMESTAMP":8} []
[2016-07-01 15:03:53] error.ERROR: 8 IN FILE /Users/zhouhong/xianrou/yaframe/application/models/Core/CommonRegion.php ON LINE 24 {"Undefined variable: name":8} []
[2016-07-01 15:03:53] error.ERROR: 2 IN FILE /Users/zhouhong/xianrou/yaframe/application/models/Warehouse/ProductInfoData.php ON LINE 281 {"Declaration of Warehouse\\ProductInfoDataModel::getData($uid) should be compatible with Common\\BaseModel::getData($params = Array, $columns = Array, $toArray = true)":2} []
[2016-07-01 15:03:53] error.ERROR: 8 IN FILE /Users/zhouhong/xianrou/yaframe/library/Http/BasicRequest.php ON LINE 67 {"Undefined index: HTTP_SIGN":8} []
[2016-07-01 15:03:53] error.ERROR: 8 IN FILE /Users/zhouhong/xianrou/yaframe/library/Http/BasicRequest.php ON LINE 68 {"Undefined index: HTTP_VERSION":8} []
[2016-07-01 15:03:53] error.ERROR: 8 IN FILE /Users/zhouhong/xianrou/yaframe/library/Http/BasicRequest.php ON LINE 69 {"Undefined index: HTTP_TIMESTAMP":8} []
[2016-07-01 15:03:53] error.ERROR: 8 IN FILE /Users/zhouhong/xianrou/yaframe/application/models/Core/CommonRegion.php ON LINE 24 {"Undefined variable: name":8} []
[2016-07-01 15:03:54] error.ERROR: 8 IN FILE /Users/zhouhong/xianrou/yaframe/application/Bootstrap.php ON LINE 147 {"Undefined index: ffmpeg":8} []
[2016-07-01 15:03:54] error.ERROR: 8 IN FILE /Users/zhouhong/xianrou/yaframe/application/Bootstrap.php ON LINE 148 {"Undefined index: ffprobe":8} []
[2016-07-01 15:03:54] error.ERROR: 8 IN FILE /Users/zhouhong/xianrou/yaframe/library/Http/BasicRequest.php ON LINE 67 {"Undefined index: HTTP_SIGN":8} []
[2016-07-01 15:03:54] error.ERROR: 8 IN FILE /Users/zhouhong/xianrou/yaframe/library/Http/BasicRequest.php ON LINE 68 {"Undefined index: HTTP_VERSION":8} []
[2016-07-01 15:03:54] error.ERROR: 8 IN FILE /Users/zhouhong/xianrou/yaframe/library/Http/BasicRequest.php ON LINE 69 {"Undefined index: HTTP_TIMESTAMP":8} []
[2016-07-01 15:03:54] error.ERROR: 8 IN FILE /Users/zhouhong/xianrou/yaframe/application/models/Core/CommonRegion.php ON LINE 24 {"Undefined variable: name":8} []
[2016-07-01 15:03:54] error.ERROR: 2 IN FILE /Users/zhouhong/xianrou/yaframe/application/models/Warehouse/ProductInfoData.php ON LINE 281 {"Declaration of Warehouse\\ProductInfoDataModel::getData($uid) should be compatible with Common\\BaseModel::getData($params = Array, $columns = Array, $toArray = true)":2} []
[2016-07-01 15:03:54] error.ERROR: 8 IN FILE /Users/zhouhong/xianrou/yaframe/library/Http/BasicRequest.php ON LINE 67 {"Undefined index: HTTP_SIGN":8} []
[2016-07-01 15:03:54] error.ERROR: 8 IN FILE /Users/zhouhong/xianrou/yaframe/library/Http/BasicRequest.php ON LINE 68 {"Undefined index: HTTP_VERSION":8} []
[2016-07-01 15:03:54] error.ERROR: 8 IN FILE /Users/zhouhong/xianrou/yaframe/library/Http/BasicRequest.php ON LINE 69 {"Undefined index: HTTP_TIMESTAMP":8} []
[2016-07-01 15:03:54] error.ERROR: 8 IN FILE /Users/zhouhong/xianrou/yaframe/application/models/Core/CommonRegion.php ON LINE 24 {"Undefined variable: name":8} []
[2016-07-01 15:03:55] error.ERROR: 8 IN FILE /Users/zhouhong/xianrou/yaframe/application/Bootstrap.php ON LINE 147 {"Undefined index: ffmpeg":8} []
[2016-07-01 15:03:55] error.ERROR: 8 IN FILE /Users/zhouhong/xianrou/yaframe/application/Bootstrap.php ON LINE 148 {"Undefined index: ffprobe":8} []
[2016-07-01 15:03:55] error.ERROR: 8 IN FILE /Users/zhouhong/xianrou/yaframe/library/Http/BasicRequest.php ON LINE 67 {"Undefined index: HTTP_SIGN":8} []
[2016-07-01 15:03:55] error.ERROR: 8 IN FILE /Users/zhouhong/xianrou/yaframe/library/Http/BasicRequest.php ON LINE 68 {"Undefined index: HTTP_VERSION":8} []
[2016-07-01 15:03:55] error.ERROR: 8 IN FILE /Users/zhouhong/xianrou/yaframe/library/Http/BasicRequest.php ON LINE 69 {"Undefined index: HTTP_TIMESTAMP":8} []
[2016-07-01 15:03:55] error.ERROR: 8 IN FILE /Users/zhouhong/xianrou/yaframe/application/models/Core/CommonRegion.php ON LINE 24 {"Undefined variable: name":8} []
[2016-07-01 15:03:55] error.ERROR: 2 IN FILE /Users/zhouhong/xianrou/yaframe/application/models/Warehouse/ProductInfoData.php ON LINE 281 {"Declaration of Warehouse\\ProductInfoDataModel::getData($uid) should be compatible with Common\\BaseModel::getData($params = Array, $columns = Array, $toArray = true)":2} []
[2016-07-01 15:03:55] error.ERROR: 8 IN FILE /Users/zhouhong/xianrou/yaframe/library/Http/BasicRequest.php ON LINE 67 {"Undefined index: HTTP_SIGN":8} []
[2016-07-01 15:03:55] error.ERROR: 8 IN FILE /Users/zhouhong/xianrou/yaframe/library/Http/BasicRequest.php ON LINE 68 {"Undefined index: HTTP_VERSION":8} []
[2016-07-01 15:03:55] error.ERROR: 8 IN FILE /Users/zhouhong/xianrou/yaframe/library/Http/BasicRequest.php ON LINE 69 {"Undefined index: HTTP_TIMESTAMP":8} []
[2016-07-01 15:03:55] error.ERROR: 8 IN FILE /Users/zhouhong/xianrou/yaframe/application/models/Core/CommonRegion.php ON LINE 24 {"Undefined variable: name":8} []
[2016-07-01 15:03:56] error.ERROR: 8 IN FILE /Users/zhouhong/xianrou/yaframe/application/Bootstrap.php ON LINE 147 {"Undefined index: ffmpeg":8} []
[2016-07-01 15:03:56] error.ERROR: 8 IN FILE /Users/zhouhong/xianrou/yaframe/application/Bootstrap.php ON LINE 148 {"Undefined index: ffprobe":8} []
[2016-07-01 15:03:56] error.ERROR: 8 IN FILE /Users/zhouhong/xianrou/yaframe/library/Http/BasicRequest.php ON LINE 67 {"Undefined index: HTTP_SIGN":8} []
[2016-07-01 15:03:56] error.ERROR: 8 IN FILE /Users/zhouhong/xianrou/yaframe/library/Http/BasicRequest.php ON LINE 68 {"Undefined index: HTTP_VERSION":8} []
[2016-07-01 15:03:56] error.ERROR: 8 IN FILE /Users/zhouhong/xianrou/yaframe/library/Http/BasicRequest.php ON LINE 69 {"Undefined index: HTTP_TIMESTAMP":8} []
[2016-07-01 15:03:56] error.ERROR: 8 IN FILE /Users/zhouhong/xianrou/yaframe/application/models/Core/CommonRegion.php ON LINE 24 {"Undefined variable: name":8} []
[2016-07-01 15:03:56] error.ERROR: 2 IN FILE /Users/zhouhong/xianrou/yaframe/application/models/Warehouse/ProductInfoData.php ON LINE 281 {"Declaration of Warehouse\\ProductInfoDataModel::getData($uid) should be compatible with Common\\BaseModel::getData($params = Array, $columns = Array, $toArray = true)":2} []
[2016-07-01 15:03:56] error.ERROR: 8 IN FILE /Users/zhouhong/xianrou/yaframe/library/Http/BasicRequest.php ON LINE 67 {"Undefined index: HTTP_SIGN":8} []
[2016-07-01 15:03:56] error.ERROR: 8 IN FILE /Users/zhouhong/xianrou/yaframe/library/Http/BasicRequest.php ON LINE 68 {"Undefined index: HTTP_VERSION":8} []
[2016-07-01 15:03:56] error.ERROR: 8 IN FILE /Users/zhouhong/xianrou/yaframe/library/Http/BasicRequest.php ON LINE 69 {"Undefined index: HTTP_TIMESTAMP":8} []
[2016-07-01 15:03:56] error.ERROR: 8 IN FILE /Users/zhouhong/xianrou/yaframe/application/models/Core/CommonRegion.php ON LINE 24 {"Undefined variable: name":8} []
[2016-07-01 15:04:46] error.ERROR: 8 IN FILE /Users/zhouhong/xianrou/yaframe/application/Bootstrap.php ON LINE 147 {"Undefined index: ffmpeg":8} []
[2016-07-01 15:04:46] error.ERROR: 8 IN FILE /Users/zhouhong/xianrou/yaframe/application/Bootstrap.php ON LINE 148 {"Undefined index: ffprobe":8} []
[2016-07-01 15:04:46] error.ERROR: 8 IN FILE /Users/zhouhong/xianrou/yaframe/library/Http/BasicRequest.php ON LINE 67 {"Undefined index: HTTP_SIGN":8} []
[2016-07-01 15:04:46] error.ERROR: 8 IN FILE /Users/zhouhong/xianrou/yaframe/library/Http/BasicRequest.php ON LINE 68 {"Undefined index: HTTP_VERSION":8} []
[2016-07-01 15:04:46] error.ERROR: 8 IN FILE /Users/zhouhong/xianrou/yaframe/library/Http/BasicRequest.php ON LINE 69 {"Undefined index: HTTP_TIMESTAMP":8} []
[2016-07-01 15:04:46] error.ERROR: 8 IN FILE /Users/zhouhong/xianrou/yaframe/application/models/Core/CommonRegion.php ON LINE 24 {"Undefined variable: name":8} []
[2016-07-01 15:04:46] error.ERROR: 2 IN FILE /Users/zhouhong/xianrou/yaframe/application/models/Warehouse/ProductInfoData.php ON LINE 281 {"Declaration of Warehouse\\ProductInfoDataModel::getData($uid) should be compatible with Common\\BaseModel::getData($params = Array, $columns = Array, $toArray = true)":2} []
[2016-07-01 15:04:47] error.ERROR: 8 IN FILE /Users/zhouhong/xianrou/yaframe/application/Bootstrap.php ON LINE 147 {"Undefined index: ffmpeg":8} []
[2016-07-01 15:04:47] error.ERROR: 8 IN FILE /Users/zhouhong/xianrou/yaframe/application/Bootstrap.php ON LINE 148 {"Undefined index: ffprobe":8} []
[2016-07-01 15:04:47] error.ERROR: 8 IN FILE /Users/zhouhong/xianrou/yaframe/library/Http/BasicRequest.php ON LINE 67 {"Undefined index: HTTP_SIGN":8} []
[2016-07-01 15:04:47] error.ERROR: 8 IN FILE /Users/zhouhong/xianrou/yaframe/library/Http/BasicRequest.php ON LINE 68 {"Undefined index: HTTP_VERSION":8} []
[2016-07-01 15:04:47] error.ERROR: 8 IN FILE /Users/zhouhong/xianrou/yaframe/library/Http/BasicRequest.php ON LINE 69 {"Undefined index: HTTP_TIMESTAMP":8} []
[2016-07-01 15:04:47] error.ERROR: 8 IN FILE /Users/zhouhong/xianrou/yaframe/application/models/Core/CommonRegion.php ON LINE 24 {"Undefined variable: name":8} []
[2016-07-01 15:04:47] error.ERROR: 2 IN FILE /Users/zhouhong/xianrou/yaframe/application/models/Warehouse/ProductInfoData.php ON LINE 281 {"Declaration of Warehouse\\ProductInfoDataModel::getData($uid) should be compatible with Common\\BaseModel::getData($params = Array, $columns = Array, $toArray = true)":2} []
[2016-07-01 15:04:48] error.ERROR: 8 IN FILE /Users/zhouhong/xianrou/yaframe/application/Bootstrap.php ON LINE 147 {"Undefined index: ffmpeg":8} []
[2016-07-01 15:04:48] error.ERROR: 8 IN FILE /Users/zhouhong/xianrou/yaframe/application/Bootstrap.php ON LINE 148 {"Undefined index: ffprobe":8} []
[2016-07-01 15:04:48] error.ERROR: 8 IN FILE /Users/zhouhong/xianrou/yaframe/library/Http/BasicRequest.php ON LINE 67 {"Undefined index: HTTP_SIGN":8} []
[2016-07-01 15:04:48] error.ERROR: 8 IN FILE /Users/zhouhong/xianrou/yaframe/library/Http/BasicRequest.php ON LINE 68 {"Undefined index: HTTP_VERSION":8} []
[2016-07-01 15:04:48] error.ERROR: 8 IN FILE /Users/zhouhong/xianrou/yaframe/library/Http/BasicRequest.php ON LINE 69 {"Undefined index: HTTP_TIMESTAMP":8} []
[2016-07-01 15:04:48] error.ERROR: 8 IN FILE /Users/zhouhong/xianrou/yaframe/application/models/Core/CommonRegion.php ON LINE 24 {"Undefined variable: name":8} []
[2016-07-01 15:04:48] error.ERROR: 2 IN FILE /Users/zhouhong/xianrou/yaframe/application/models/Warehouse/ProductInfoData.php ON LINE 281 {"Declaration of Warehouse\\ProductInfoDataModel::getData($uid) should be compatible with Common\\BaseModel::getData($params = Array, $columns = Array, $toArray = true)":2} []
[2016-07-01 15:05:59] error.ERROR: 8 IN FILE /Users/zhouhong/xianrou/yaframe/application/Bootstrap.php ON LINE 147 {"Undefined index: ffmpeg":8} []
[2016-07-01 15:05:59] error.ERROR: 8 IN FILE /Users/zhouhong/xianrou/yaframe/application/Bootstrap.php ON LINE 148 {"Undefined index: ffprobe":8} []
[2016-07-01 15:05:59] error.ERROR: 8 IN FILE /Users/zhouhong/xianrou/yaframe/library/Http/BasicRequest.php ON LINE 67 {"Undefined index: HTTP_SIGN":8} []
[2016-07-01 15:05:59] error.ERROR: 8 IN FILE /Users/zhouhong/xianrou/yaframe/library/Http/BasicRequest.php ON LINE 68 {"Undefined index: HTTP_VERSION":8} []
[2016-07-01 15:05:59] error.ERROR: 8 IN FILE /Users/zhouhong/xianrou/yaframe/library/Http/BasicRequest.php ON LINE 69 {"Undefined index: HTTP_TIMESTAMP":8} []
[2016-07-01 15:05:59] error.ERROR: 8 IN FILE /Users/zhouhong/xianrou/yaframe/application/models/Core/CommonRegion.php ON LINE 24 {"Undefined variable: name":8} []
[2016-07-01 15:05:59] error.ERROR: 2 IN FILE /Users/zhouhong/xianrou/yaframe/application/models/Warehouse/ProductInfoData.php ON LINE 281 {"Declaration of Warehouse\\ProductInfoDataModel::getData($uid) should be compatible with Common\\BaseModel::getData($params = Array, $columns = Array, $toArray = true)":2} []
[2016-07-01 15:12:53] error.ERROR: 8 IN FILE /Users/zhouhong/xianrou/yaframe/application/Bootstrap.php ON LINE 147 {"Undefined index: ffmpeg":8} []
[2016-07-01 15:12:53] error.ERROR: 8 IN FILE /Users/zhouhong/xianrou/yaframe/application/Bootstrap.php ON LINE 148 {"Undefined index: ffprobe":8} []
[2016-07-01 15:12:53] error.ERROR: 8 IN FILE /Users/zhouhong/xianrou/yaframe/library/Http/BasicRequest.php ON LINE 67 {"Undefined index: HTTP_SIGN":8} []
[2016-07-01 15:12:53] error.ERROR: 8 IN FILE /Users/zhouhong/xianrou/yaframe/library/Http/BasicRequest.php ON LINE 68 {"Undefined index: HTTP_VERSION":8} []
[2016-07-01 15:12:53] error.ERROR: 8 IN FILE /Users/zhouhong/xianrou/yaframe/library/Http/BasicRequest.php ON LINE 69 {"Undefined index: HTTP_TIMESTAMP":8} []
[2016-07-01 15:12:54] error.ERROR: 8 IN FILE /Users/zhouhong/xianrou/yaframe/application/models/Core/CommonRegion.php ON LINE 24 {"Undefined variable: name":8} []
[2016-07-01 15:12:54] error.ERROR: 2 IN FILE /Users/zhouhong/xianrou/yaframe/application/models/Warehouse/ProductInfoData.php ON LINE 284 {"Declaration of Warehouse\\ProductInfoDataModel::getData($uid) should be compatible with Common\\BaseModel::getData($params = Array, $columns = Array, $toArray = true)":2} []
[2016-07-01 15:12:54] error.ERROR: 8 IN FILE /Users/zhouhong/xianrou/yaframe/application/models/Warehouse/ProductInfoData.php ON LINE 246 {"Undefined index: product_image":8} []
[2016-07-01 15:12:54] error.ERROR: 8 IN FILE /Users/zhouhong/xianrou/yaframe/application/models/Social/Image.php ON LINE 33 {"Undefined index: status":8} []
[2016-07-01 15:12:54] error.ERROR: 8 IN FILE /Users/zhouhong/xianrou/yaframe/application/models/Social/Image.php ON LINE 36 {"Undefined index: status":8} []
[2016-07-01 15:12:54] error.ERROR: 8 IN FILE /Users/zhouhong/xianrou/yaframe/application/models/Social/Image.php ON LINE 33 {"Undefined index: status":8} []
[2016-07-01 15:12:54] error.ERROR: 8 IN FILE /Users/zhouhong/xianrou/yaframe/application/models/Social/Image.php ON LINE 36 {"Undefined index: status":8} []
[2016-07-01 15:24:58] error.ERROR: 8 IN FILE /Users/zhouhong/xianrou/yaframe/application/Bootstrap.php ON LINE 147 {"Undefined index: ffmpeg":8} []
[2016-07-01 15:24:58] error.ERROR: 8 IN FILE /Users/zhouhong/xianrou/yaframe/application/Bootstrap.php ON LINE 148 {"Undefined index: ffprobe":8} []
[2016-07-01 15:24:58] error.ERROR: 8 IN FILE /Users/zhouhong/xianrou/yaframe/library/Http/BasicRequest.php ON LINE 67 {"Undefined index: HTTP_SIGN":8} []
[2016-07-01 15:24:58] error.ERROR: 8 IN FILE /Users/zhouhong/xianrou/yaframe/library/Http/BasicRequest.php ON LINE 68 {"Undefined index: HTTP_VERSION":8} []
[2016-07-01 15:24:58] error.ERROR: 8 IN FILE /Users/zhouhong/xianrou/yaframe/library/Http/BasicRequest.php ON LINE 69 {"Undefined index: HTTP_TIMESTAMP":8} []
[2016-07-01 15:24:59] error.ERROR: 8 IN FILE /Users/zhouhong/xianrou/yaframe/application/models/Core/CommonRegion.php ON LINE 24 {"Undefined variable: name":8} []
[2016-07-01 15:24:59] error.ERROR: 2 IN FILE /Users/zhouhong/xianrou/yaframe/application/models/Warehouse/ProductInfoData.php ON LINE 284 {"Declaration of Warehouse\\ProductInfoDataModel::getData($uid) should be compatible with Common\\BaseModel::getData($params = Array, $columns = Array, $toArray = true)":2} []
[2016-07-01 15:25:03] error.ERROR: 8 IN FILE /Users/zhouhong/xianrou/yaframe/application/Bootstrap.php ON LINE 147 {"Undefined index: ffmpeg":8} []
[2016-07-01 15:25:03] error.ERROR: 8 IN FILE /Users/zhouhong/xianrou/yaframe/application/Bootstrap.php ON LINE 148 {"Undefined index: ffprobe":8} []
[2016-07-01 15:25:03] error.ERROR: 8 IN FILE /Users/zhouhong/xianrou/yaframe/library/Http/BasicRequest.php ON LINE 67 {"Undefined index: HTTP_SIGN":8} []
[2016-07-01 15:25:03] error.ERROR: 8 IN FILE /Users/zhouhong/xianrou/yaframe/library/Http/BasicRequest.php ON LINE 68 {"Undefined index: HTTP_VERSION":8} []
[2016-07-01 15:25:03] error.ERROR: 8 IN FILE /Users/zhouhong/xianrou/yaframe/library/Http/BasicRequest.php ON LINE 69 {"Undefined index: HTTP_TIMESTAMP":8} []
[2016-07-01 15:25:03] error.ERROR: 8 IN FILE /Users/zhouhong/xianrou/yaframe/application/models/Core/CommonRegion.php ON LINE 24 {"Undefined variable: name":8} []
[2016-07-01 15:25:03] error.ERROR: 2 IN FILE /Users/zhouhong/xianrou/yaframe/application/models/Warehouse/ProductInfoData.php ON LINE 284 {"Declaration of Warehouse\\ProductInfoDataModel::getData($uid) should be compatible with Common\\BaseModel::getData($params = Array, $columns = Array, $toArray = true)":2} []
[2016-07-01 15:25:04] error.ERROR: 8 IN FILE /Users/zhouhong/xianrou/yaframe/application/Bootstrap.php ON LINE 147 {"Undefined index: ffmpeg":8} []
[2016-07-01 15:25:04] error.ERROR: 8 IN FILE /Users/zhouhong/xianrou/yaframe/application/Bootstrap.php ON LINE 148 {"Undefined index: ffprobe":8} []
[2016-07-01 15:25:04] error.ERROR: 8 IN FILE /Users/zhouhong/xianrou/yaframe/library/Http/BasicRequest.php ON LINE 67 {"Undefined index: HTTP_SIGN":8} []
[2016-07-01 15:25:04] error.ERROR: 8 IN FILE /Users/zhouhong/xianrou/yaframe/library/Http/BasicRequest.php ON LINE 68 {"Undefined index: HTTP_VERSION":8} []
[2016-07-01 15:25:04] error.ERROR: 8 IN FILE /Users/zhouhong/xianrou/yaframe/library/Http/BasicRequest.php ON LINE 69 {"Undefined index: HTTP_TIMESTAMP":8} []
[2016-07-01 15:25:04] error.ERROR: 8 IN FILE /Users/zhouhong/xianrou/yaframe/application/models/Core/CommonRegion.php ON LINE 24 {"Undefined variable: name":8} []
[2016-07-01 15:25:04] error.ERROR: 2 IN FILE /Users/zhouhong/xianrou/yaframe/application/models/Warehouse/ProductInfoData.php ON LINE 284 {"Declaration of Warehouse\\ProductInfoDataModel::getData($uid) should be compatible with Common\\BaseModel::getData($params = Array, $columns = Array, $toArray = true)":2} []
[2016-07-01 15:25:11] error.ERROR: 8 IN FILE /Users/zhouhong/xianrou/yaframe/application/Bootstrap.php ON LINE 147 {"Undefined index: ffmpeg":8} []
[2016-07-01 15:25:11] error.ERROR: 8 IN FILE /Users/zhouhong/xianrou/yaframe/application/Bootstrap.php ON LINE 148 {"Undefined index: ffprobe":8} []
[2016-07-01 15:25:11] error.ERROR: 8 IN FILE /Users/zhouhong/xianrou/yaframe/library/Http/BasicRequest.php ON LINE 67 {"Undefined index: HTTP_SIGN":8} []
[2016-07-01 15:25:11] error.ERROR: 8 IN FILE /Users/zhouhong/xianrou/yaframe/library/Http/BasicRequest.php ON LINE 68 {"Undefined index: HTTP_VERSION":8} []
[2016-07-01 15:25:11] error.ERROR: 8 IN FILE /Users/zhouhong/xianrou/yaframe/library/Http/BasicRequest.php ON LINE 69 {"Undefined index: HTTP_TIMESTAMP":8} []
[2016-07-01 15:25:11] error.ERROR: 8 IN FILE /Users/zhouhong/xianrou/yaframe/application/models/Core/CommonRegion.php ON LINE 24 {"Undefined variable: name":8} []
[2016-07-01 15:25:11] error.ERROR: 2 IN FILE /Users/zhouhong/xianrou/yaframe/application/models/Warehouse/ProductInfoData.php ON LINE 284 {"Declaration of Warehouse\\ProductInfoDataModel::getData($uid) should be compatible with Common\\BaseModel::getData($params = Array, $columns = Array, $toArray = true)":2} []
[2016-07-01 15:25:11] error.ERROR: 8 IN FILE /Users/zhouhong/xianrou/yaframe/library/Http/BasicRequest.php ON LINE 67 {"Undefined index: HTTP_SIGN":8} []
[2016-07-01 15:25:11] error.ERROR: 8 IN FILE /Users/zhouhong/xianrou/yaframe/library/Http/BasicRequest.php ON LINE 68 {"Undefined index: HTTP_VERSION":8} []
[2016-07-01 15:25:11] error.ERROR: 8 IN FILE /Users/zhouhong/xianrou/yaframe/library/Http/BasicRequest.php ON LINE 69 {"Undefined index: HTTP_TIMESTAMP":8} []
[2016-07-01 15:25:11] error.ERROR: 8 IN FILE /Users/zhouhong/xianrou/yaframe/application/models/Core/CommonRegion.php ON LINE 24 {"Undefined variable: name":8} []
[2016-07-01 15:25:13] error.ERROR: 8 IN FILE /Users/zhouhong/xianrou/yaframe/application/Bootstrap.php ON LINE 147 {"Undefined index: ffmpeg":8} []
[2016-07-01 15:25:13] error.ERROR: 8 IN FILE /Users/zhouhong/xianrou/yaframe/application/Bootstrap.php ON LINE 148 {"Undefined index: ffprobe":8} []
[2016-07-01 15:25:13] error.ERROR: 8 IN FILE /Users/zhouhong/xianrou/yaframe/library/Http/BasicRequest.php ON LINE 67 {"Undefined index: HTTP_SIGN":8} []
[2016-07-01 15:25:13] error.ERROR: 8 IN FILE /Users/zhouhong/xianrou/yaframe/library/Http/BasicRequest.php ON LINE 68 {"Undefined index: HTTP_VERSION":8} []
[2016-07-01 15:25:13] error.ERROR: 8 IN FILE /Users/zhouhong/xianrou/yaframe/library/Http/BasicRequest.php ON LINE 69 {"Undefined index: HTTP_TIMESTAMP":8} []
[2016-07-01 15:25:13] error.ERROR: 8 IN FILE /Users/zhouhong/xianrou/yaframe/application/models/Core/CommonRegion.php ON LINE 24 {"Undefined variable: name":8} []
[2016-07-01 15:25:13] error.ERROR: 2 IN FILE /Users/zhouhong/xianrou/yaframe/application/models/Warehouse/ProductInfoData.php ON LINE 284 {"Declaration of Warehouse\\ProductInfoDataModel::getData($uid) should be compatible with Common\\BaseModel::getData($params = Array, $columns = Array, $toArray = true)":2} []
[2016-07-01 15:25:13] error.ERROR: 8 IN FILE /Users/zhouhong/xianrou/yaframe/library/Http/BasicRequest.php ON LINE 67 {"Undefined index: HTTP_SIGN":8} []
[2016-07-01 15:25:13] error.ERROR: 8 IN FILE /Users/zhouhong/xianrou/yaframe/library/Http/BasicRequest.php ON LINE 68 {"Undefined index: HTTP_VERSION":8} []
[2016-07-01 15:25:13] error.ERROR: 8 IN FILE /Users/zhouhong/xianrou/yaframe/library/Http/BasicRequest.php ON LINE 69 {"Undefined index: HTTP_TIMESTAMP":8} []
[2016-07-01 15:25:13] error.ERROR: 8 IN FILE /Users/zhouhong/xianrou/yaframe/application/models/Core/CommonRegion.php ON LINE 24 {"Undefined variable: name":8} []
[2016-07-01 15:25:13] error.ERROR: 8 IN FILE /Users/zhouhong/xianrou/yaframe/application/Bootstrap.php ON LINE 147 {"Undefined index: ffmpeg":8} []
[2016-07-01 15:25:13] error.ERROR: 8 IN FILE /Users/zhouhong/xianrou/yaframe/application/Bootstrap.php ON LINE 148 {"Undefined index: ffprobe":8} []
[2016-07-01 15:25:13] error.ERROR: 8 IN FILE /Users/zhouhong/xianrou/yaframe/library/Http/BasicRequest.php ON LINE 67 {"Undefined index: HTTP_SIGN":8} []
[2016-07-01 15:25:13] error.ERROR: 8 IN FILE /Users/zhouhong/xianrou/yaframe/library/Http/BasicRequest.php ON LINE 68 {"Undefined index: HTTP_VERSION":8} []
[2016-07-01 15:25:13] error.ERROR: 8 IN FILE /Users/zhouhong/xianrou/yaframe/library/Http/BasicRequest.php ON LINE 69 {"Undefined index: HTTP_TIMESTAMP":8} []
[2016-07-01 15:25:13] error.ERROR: 8 IN FILE /Users/zhouhong/xianrou/yaframe/application/models/Core/CommonRegion.php ON LINE 24 {"Undefined variable: name":8} []
[2016-07-01 15:25:13] error.ERROR: 2 IN FILE /Users/zhouhong/xianrou/yaframe/application/models/Warehouse/ProductInfoData.php ON LINE 284 {"Declaration of Warehouse\\ProductInfoDataModel::getData($uid) should be compatible with Common\\BaseModel::getData($params = Array, $columns = Array, $toArray = true)":2} []
[2016-07-01 15:25:13] error.ERROR: 8 IN FILE /Users/zhouhong/xianrou/yaframe/library/Http/BasicRequest.php ON LINE 67 {"Undefined index: HTTP_SIGN":8} []
[2016-07-01 15:25:13] error.ERROR: 8 IN FILE /Users/zhouhong/xianrou/yaframe/library/Http/BasicRequest.php ON LINE 68 {"Undefined index: HTTP_VERSION":8} []
[2016-07-01 15:25:13] error.ERROR: 8 IN FILE /Users/zhouhong/xianrou/yaframe/library/Http/BasicRequest.php ON LINE 69 {"Undefined index: HTTP_TIMESTAMP":8} []
[2016-07-01 15:25:13] error.ERROR: 8 IN FILE /Users/zhouhong/xianrou/yaframe/application/models/Core/CommonRegion.php ON LINE 24 {"Undefined variable: name":8} []
[2016-07-01 15:25:14] error.ERROR: 8 IN FILE /Users/zhouhong/xianrou/yaframe/application/Bootstrap.php ON LINE 147 {"Undefined index: ffmpeg":8} []
[2016-07-01 15:25:14] error.ERROR: 8 IN FILE /Users/zhouhong/xianrou/yaframe/application/Bootstrap.php ON LINE 148 {"Undefined index: ffprobe":8} []
[2016-07-01 15:25:14] error.ERROR: 8 IN FILE /Users/zhouhong/xianrou/yaframe/library/Http/BasicRequest.php ON LINE 67 {"Undefined index: HTTP_SIGN":8} []
[2016-07-01 15:25:14] error.ERROR: 8 IN FILE /Users/zhouhong/xianrou/yaframe/library/Http/BasicRequest.php ON LINE 68 {"Undefined index: HTTP_VERSION":8} []
[2016-07-01 15:25:14] error.ERROR: 8 IN FILE /Users/zhouhong/xianrou/yaframe/library/Http/BasicRequest.php ON LINE 69 {"Undefined index: HTTP_TIMESTAMP":8} []
[2016-07-01 15:25:14] error.ERROR: 8 IN FILE /Users/zhouhong/xianrou/yaframe/application/models/Core/CommonRegion.php ON LINE 24 {"Undefined variable: name":8} []
[2016-07-01 15:25:14] error.ERROR: 2 IN FILE /Users/zhouhong/xianrou/yaframe/application/models/Warehouse/ProductInfoData.php ON LINE 284 {"Declaration of Warehouse\\ProductInfoDataModel::getData($uid) should be compatible with Common\\BaseModel::getData($params = Array, $columns = Array, $toArray = true)":2} []
[2016-07-01 15:25:14] error.ERROR: 8 IN FILE /Users/zhouhong/xianrou/yaframe/library/Http/BasicRequest.php ON LINE 67 {"Undefined index: HTTP_SIGN":8} []
[2016-07-01 15:25:14] error.ERROR: 8 IN FILE /Users/zhouhong/xianrou/yaframe/library/Http/BasicRequest.php ON LINE 68 {"Undefined index: HTTP_VERSION":8} []
[2016-07-01 15:25:14] error.ERROR: 8 IN FILE /Users/zhouhong/xianrou/yaframe/library/Http/BasicRequest.php ON LINE 69 {"Undefined index: HTTP_TIMESTAMP":8} []
[2016-07-01 15:25:14] error.ERROR: 8 IN FILE /Users/zhouhong/xianrou/yaframe/application/models/Core/CommonRegion.php ON LINE 24 {"Undefined variable: name":8} []
[2016-07-01 15:25:31] error.ERROR: 8 IN FILE /Users/zhouhong/xianrou/yaframe/application/Bootstrap.php ON LINE 147 {"Undefined index: ffmpeg":8} []
[2016-07-01 15:25:31] error.ERROR: 8 IN FILE /Users/zhouhong/xianrou/yaframe/application/Bootstrap.php ON LINE 148 {"Undefined index: ffprobe":8} []
[2016-07-01 15:25:31] error.ERROR: 8 IN FILE /Users/zhouhong/xianrou/yaframe/library/Http/BasicRequest.php ON LINE 67 {"Undefined index: HTTP_SIGN":8} []
[2016-07-01 15:25:31] error.ERROR: 8 IN FILE /Users/zhouhong/xianrou/yaframe/library/Http/BasicRequest.php ON LINE 68 {"Undefined index: HTTP_VERSION":8} []
[2016-07-01 15:25:31] error.ERROR: 8 IN FILE /Users/zhouhong/xianrou/yaframe/library/Http/BasicRequest.php ON LINE 69 {"Undefined index: HTTP_TIMESTAMP":8} []
[2016-07-01 15:25:31] error.ERROR: 8 IN FILE /Users/zhouhong/xianrou/yaframe/application/models/Core/CommonRegion.php ON LINE 24 {"Undefined variable: name":8} []
[2016-07-01 15:25:31] error.ERROR: 2 IN FILE /Users/zhouhong/xianrou/yaframe/application/models/Warehouse/ProductInfoData.php ON LINE 285 {"Declaration of Warehouse\\ProductInfoDataModel::getData($uid) should be compatible with Common\\BaseModel::getData($params = Array, $columns = Array, $toArray = true)":2} []
[2016-07-01 15:27:24] error.ERROR: 8 IN FILE /Users/zhouhong/xianrou/yaframe/application/Bootstrap.php ON LINE 147 {"Undefined index: ffmpeg":8} []
[2016-07-01 15:27:24] error.ERROR: 8 IN FILE /Users/zhouhong/xianrou/yaframe/application/Bootstrap.php ON LINE 148 {"Undefined index: ffprobe":8} []
[2016-07-01 15:27:24] error.ERROR: 8 IN FILE /Users/zhouhong/xianrou/yaframe/library/Http/BasicRequest.php ON LINE 67 {"Undefined index: HTTP_SIGN":8} []
[2016-07-01 15:27:24] error.ERROR: 8 IN FILE /Users/zhouhong/xianrou/yaframe/library/Http/BasicRequest.php ON LINE 68 {"Undefined index: HTTP_VERSION":8} []
[2016-07-01 15:27:24] error.ERROR: 8 IN FILE /Users/zhouhong/xianrou/yaframe/library/Http/BasicRequest.php ON LINE 69 {"Undefined index: HTTP_TIMESTAMP":8} []
[2016-07-01 15:27:24] error.ERROR: 8 IN FILE /Users/zhouhong/xianrou/yaframe/application/models/Core/CommonRegion.php ON LINE 24 {"Undefined variable: name":8} []
[2016-07-01 15:27:24] error.ERROR: 2 IN FILE /Users/zhouhong/xianrou/yaframe/application/models/Warehouse/ProductInfoData.php ON LINE 285 {"Declaration of Warehouse\\ProductInfoDataModel::getData($uid) should be compatible with Common\\BaseModel::getData($params = Array, $columns = Array, $toArray = true)":2} []
[2016-07-01 15:27:24] error.ERROR: 8 IN FILE /Users/zhouhong/xianrou/yaframe/library/Http/BasicRequest.php ON LINE 67 {"Undefined index: HTTP_SIGN":8} []
[2016-07-01 15:27:24] error.ERROR: 8 IN FILE /Users/zhouhong/xianrou/yaframe/library/Http/BasicRequest.php ON LINE 68 {"Undefined index: HTTP_VERSION":8} []
[2016-07-01 15:27:24] error.ERROR: 8 IN FILE /Users/zhouhong/xianrou/yaframe/library/Http/BasicRequest.php ON LINE 69 {"Undefined index: HTTP_TIMESTAMP":8} []
[2016-07-01 15:27:24] error.ERROR: 8 IN FILE /Users/zhouhong/xianrou/yaframe/application/models/Core/CommonRegion.php ON LINE 24 {"Undefined variable: name":8} []
[2016-07-01 15:27:26] error.ERROR: 8 IN FILE /Users/zhouhong/xianrou/yaframe/application/Bootstrap.php ON LINE 147 {"Undefined index: ffmpeg":8} []
[2016-07-01 15:27:26] error.ERROR: 8 IN FILE /Users/zhouhong/xianrou/yaframe/application/Bootstrap.php ON LINE 148 {"Undefined index: ffprobe":8} []
[2016-07-01 15:27:26] error.ERROR: 8 IN FILE /Users/zhouhong/xianrou/yaframe/library/Http/BasicRequest.php ON LINE 67 {"Undefined index: HTTP_SIGN":8} []
[2016-07-01 15:27:26] error.ERROR: 8 IN FILE /Users/zhouhong/xianrou/yaframe/library/Http/BasicRequest.php ON LINE 68 {"Undefined index: HTTP_VERSION":8} []
[2016-07-01 15:27:26] error.ERROR: 8 IN FILE /Users/zhouhong/xianrou/yaframe/library/Http/BasicRequest.php ON LINE 69 {"Undefined index: HTTP_TIMESTAMP":8} []
[2016-07-01 15:27:26] error.ERROR: 8 IN FILE /Users/zhouhong/xianrou/yaframe/application/models/Core/CommonRegion.php ON LINE 24 {"Undefined variable: name":8} []
[2016-07-01 15:27:26] error.ERROR: 2 IN FILE /Users/zhouhong/xianrou/yaframe/application/models/Warehouse/ProductInfoData.php ON LINE 285 {"Declaration of Warehouse\\ProductInfoDataModel::getData($uid) should be compatible with Common\\BaseModel::getData($params = Array, $columns = Array, $toArray = true)":2} []
[2016-07-01 15:27:26] error.ERROR: 8 IN FILE /Users/zhouhong/xianrou/yaframe/library/Http/BasicRequest.php ON LINE 67 {"Undefined index: HTTP_SIGN":8} []
[2016-07-01 15:27:26] error.ERROR: 8 IN FILE /Users/zhouhong/xianrou/yaframe/library/Http/BasicRequest.php ON LINE 68 {"Undefined index: HTTP_VERSION":8} []
[2016-07-01 15:27:26] error.ERROR: 8 IN FILE /Users/zhouhong/xianrou/yaframe/library/Http/BasicRequest.php ON LINE 69 {"Undefined index: HTTP_TIMESTAMP":8} []
[2016-07-01 15:27:26] error.ERROR: 8 IN FILE /Users/zhouhong/xianrou/yaframe/application/models/Core/CommonRegion.php ON LINE 24 {"Undefined variable: name":8} []
[2016-07-01 15:27:51] error.ERROR: 8 IN FILE /Users/zhouhong/xianrou/yaframe/application/Bootstrap.php ON LINE 147 {"Undefined index: ffmpeg":8} []
[2016-07-01 15:27:51] error.ERROR: 8 IN FILE /Users/zhouhong/xianrou/yaframe/application/Bootstrap.php ON LINE 148 {"Undefined index: ffprobe":8} []
[2016-07-01 15:27:51] error.ERROR: 8 IN FILE /Users/zhouhong/xianrou/yaframe/library/Http/BasicRequest.php ON LINE 67 {"Undefined index: HTTP_SIGN":8} []
[2016-07-01 15:27:51] error.ERROR: 8 IN FILE /Users/zhouhong/xianrou/yaframe/library/Http/BasicRequest.php ON LINE 68 {"Undefined index: HTTP_VERSION":8} []
[2016-07-01 15:27:51] error.ERROR: 8 IN FILE /Users/zhouhong/xianrou/yaframe/library/Http/BasicRequest.php ON LINE 69 {"Undefined index: HTTP_TIMESTAMP":8} []
[2016-07-01 15:27:51] error.ERROR: 8 IN FILE /Users/zhouhong/xianrou/yaframe/application/models/Core/CommonRegion.php ON LINE 24 {"Undefined variable: name":8} []
[2016-07-01 15:27:51] error.ERROR: 2 IN FILE /Users/zhouhong/xianrou/yaframe/application/models/Warehouse/ProductInfoData.php ON LINE 285 {"Declaration of Warehouse\\ProductInfoDataModel::getData($uid) should be compatible with Common\\BaseModel::getData($params = Array, $columns = Array, $toArray = true)":2} []
[2016-07-01 15:28:28] error.ERROR: 8 IN FILE /Users/zhouhong/xianrou/yaframe/application/Bootstrap.php ON LINE 147 {"Undefined index: ffmpeg":8} []
[2016-07-01 15:28:28] error.ERROR: 8 IN FILE /Users/zhouhong/xianrou/yaframe/application/Bootstrap.php ON LINE 148 {"Undefined index: ffprobe":8} []
[2016-07-01 15:28:28] error.ERROR: 8 IN FILE /Users/zhouhong/xianrou/yaframe/library/Http/BasicRequest.php ON LINE 67 {"Undefined index: HTTP_SIGN":8} []
[2016-07-01 15:28:28] error.ERROR: 8 IN FILE /Users/zhouhong/xianrou/yaframe/library/Http/BasicRequest.php ON LINE 68 {"Undefined index: HTTP_VERSION":8} []
[2016-07-01 15:28:28] error.ERROR: 8 IN FILE /Users/zhouhong/xianrou/yaframe/library/Http/BasicRequest.php ON LINE 69 {"Undefined index: HTTP_TIMESTAMP":8} []
[2016-07-01 15:28:28] error.ERROR: 8 IN FILE /Users/zhouhong/xianrou/yaframe/application/models/Core/CommonRegion.php ON LINE 24 {"Undefined variable: name":8} []
[2016-07-01 15:28:28] error.ERROR: 2 IN FILE /Users/zhouhong/xianrou/yaframe/application/models/Warehouse/ProductInfoData.php ON LINE 285 {"Declaration of Warehouse\\ProductInfoDataModel::getData($uid) should be compatible with Common\\BaseModel::getData($params = Array, $columns = Array, $toArray = true)":2} []
[2016-07-01 15:28:28] error.ERROR: 8 IN FILE /Users/zhouhong/xianrou/yaframe/library/Http/BasicRequest.php ON LINE 67 {"Undefined index: HTTP_SIGN":8} []
[2016-07-01 15:28:28] error.ERROR: 8 IN FILE /Users/zhouhong/xianrou/yaframe/library/Http/BasicRequest.php ON LINE 68 {"Undefined index: HTTP_VERSION":8} []
[2016-07-01 15:28:28] error.ERROR: 8 IN FILE /Users/zhouhong/xianrou/yaframe/library/Http/BasicRequest.php ON LINE 69 {"Undefined index: HTTP_TIMESTAMP":8} []
[2016-07-01 15:28:28] error.ERROR: 8 IN FILE /Users/zhouhong/xianrou/yaframe/application/models/Core/CommonRegion.php ON LINE 24 {"Undefined variable: name":8} []
[2016-07-01 15:29:03] error.ERROR: 8 IN FILE /Users/zhouhong/xianrou/yaframe/application/Bootstrap.php ON LINE 147 {"Undefined index: ffmpeg":8} []
[2016-07-01 15:29:03] error.ERROR: 8 IN FILE /Users/zhouhong/xianrou/yaframe/application/Bootstrap.php ON LINE 148 {"Undefined index: ffprobe":8} []
[2016-07-01 15:29:03] error.ERROR: 8 IN FILE /Users/zhouhong/xianrou/yaframe/library/Http/BasicRequest.php ON LINE 67 {"Undefined index: HTTP_SIGN":8} []
[2016-07-01 15:29:03] error.ERROR: 8 IN FILE /Users/zhouhong/xianrou/yaframe/library/Http/BasicRequest.php ON LINE 68 {"Undefined index: HTTP_VERSION":8} []
[2016-07-01 15:29:03] error.ERROR: 8 IN FILE /Users/zhouhong/xianrou/yaframe/library/Http/BasicRequest.php ON LINE 69 {"Undefined index: HTTP_TIMESTAMP":8} []
[2016-07-01 15:29:03] error.ERROR: 8 IN FILE /Users/zhouhong/xianrou/yaframe/application/models/Core/CommonRegion.php ON LINE 24 {"Undefined variable: name":8} []
[2016-07-01 15:29:03] error.ERROR: 2 IN FILE /Users/zhouhong/xianrou/yaframe/application/models/Warehouse/ProductInfoData.php ON LINE 285 {"Declaration of Warehouse\\ProductInfoDataModel::getData($uid) should be compatible with Common\\BaseModel::getData($params = Array, $columns = Array, $toArray = true)":2} []
[2016-07-01 15:29:18] error.ERROR: 8 IN FILE /Users/zhouhong/xianrou/yaframe/application/Bootstrap.php ON LINE 147 {"Undefined index: ffmpeg":8} []
[2016-07-01 15:29:18] error.ERROR: 8 IN FILE /Users/zhouhong/xianrou/yaframe/application/Bootstrap.php ON LINE 148 {"Undefined index: ffprobe":8} []
[2016-07-01 15:29:18] error.ERROR: 8 IN FILE /Users/zhouhong/xianrou/yaframe/library/Http/BasicRequest.php ON LINE 67 {"Undefined index: HTTP_SIGN":8} []
[2016-07-01 15:29:18] error.ERROR: 8 IN FILE /Users/zhouhong/xianrou/yaframe/library/Http/BasicRequest.php ON LINE 68 {"Undefined index: HTTP_VERSION":8} []
[2016-07-01 15:29:18] error.ERROR: 8 IN FILE /Users/zhouhong/xianrou/yaframe/library/Http/BasicRequest.php ON LINE 69 {"Undefined index: HTTP_TIMESTAMP":8} []
[2016-07-01 15:29:18] error.ERROR: 8 IN FILE /Users/zhouhong/xianrou/yaframe/application/models/Core/CommonRegion.php ON LINE 24 {"Undefined variable: name":8} []
[2016-07-01 15:29:18] error.ERROR: 2 IN FILE /Users/zhouhong/xianrou/yaframe/application/models/Warehouse/ProductInfoData.php ON LINE 285 {"Declaration of Warehouse\\ProductInfoDataModel::getData($uid) should be compatible with Common\\BaseModel::getData($params = Array, $columns = Array, $toArray = true)":2} []
[2016-07-01 15:29:55] error.ERROR: 8 IN FILE /Users/zhouhong/xianrou/yaframe/application/Bootstrap.php ON LINE 147 {"Undefined index: ffmpeg":8} []
[2016-07-01 15:29:55] error.ERROR: 8 IN FILE /Users/zhouhong/xianrou/yaframe/application/Bootstrap.php ON LINE 148 {"Undefined index: ffprobe":8} []
[2016-07-01 15:29:55] error.ERROR: 8 IN FILE /Users/zhouhong/xianrou/yaframe/library/Http/BasicRequest.php ON LINE 67 {"Undefined index: HTTP_SIGN":8} []
[2016-07-01 15:29:55] error.ERROR: 8 IN FILE /Users/zhouhong/xianrou/yaframe/library/Http/BasicRequest.php ON LINE 68 {"Undefined index: HTTP_VERSION":8} []
[2016-07-01 15:29:55] error.ERROR: 8 IN FILE /Users/zhouhong/xianrou/yaframe/library/Http/BasicRequest.php ON LINE 69 {"Undefined index: HTTP_TIMESTAMP":8} []
[2016-07-01 15:29:55] error.ERROR: 8 IN FILE /Users/zhouhong/xianrou/yaframe/application/models/Core/CommonRegion.php ON LINE 24 {"Undefined variable: name":8} []
[2016-07-01 15:29:55] error.ERROR: 2 IN FILE /Users/zhouhong/xianrou/yaframe/application/models/Warehouse/ProductInfoData.php ON LINE 285 {"Declaration of Warehouse\\ProductInfoDataModel::getData($uid) should be compatible with Common\\BaseModel::getData($params = Array, $columns = Array, $toArray = true)":2} []
[2016-07-01 15:30:36] error.ERROR: 8 IN FILE /Users/zhouhong/xianrou/yaframe/application/Bootstrap.php ON LINE 147 {"Undefined index: ffmpeg":8} []
[2016-07-01 15:30:36] error.ERROR: 8 IN FILE /Users/zhouhong/xianrou/yaframe/application/Bootstrap.php ON LINE 148 {"Undefined index: ffprobe":8} []
[2016-07-01 15:30:36] error.ERROR: 8 IN FILE /Users/zhouhong/xianrou/yaframe/library/Http/BasicRequest.php ON LINE 67 {"Undefined index: HTTP_SIGN":8} []
[2016-07-01 15:30:36] error.ERROR: 8 IN FILE /Users/zhouhong/xianrou/yaframe/library/Http/BasicRequest.php ON LINE 68 {"Undefined index: HTTP_VERSION":8} []
[2016-07-01 15:30:36] error.ERROR: 8 IN FILE /Users/zhouhong/xianrou/yaframe/library/Http/BasicRequest.php ON LINE 69 {"Undefined index: HTTP_TIMESTAMP":8} []
[2016-07-01 15:30:37] error.ERROR: 8 IN FILE /Users/zhouhong/xianrou/yaframe/application/models/Core/CommonRegion.php ON LINE 24 {"Undefined variable: name":8} []
[2016-07-01 15:30:37] error.ERROR: 2 IN FILE /Users/zhouhong/xianrou/yaframe/application/models/Warehouse/ProductInfoData.php ON LINE 285 {"Declaration of Warehouse\\ProductInfoDataModel::getData($uid) should be compatible with Common\\BaseModel::getData($params = Array, $columns = Array, $toArray = true)":2} []
[2016-07-01 15:31:35] error.ERROR: 8 IN FILE /Users/zhouhong/xianrou/yaframe/application/Bootstrap.php ON LINE 147 {"Undefined index: ffmpeg":8} []
[2016-07-01 15:31:35] error.ERROR: 8 IN FILE /Users/zhouhong/xianrou/yaframe/application/Bootstrap.php ON LINE 148 {"Undefined index: ffprobe":8} []
[2016-07-01 15:31:35] error.ERROR: 8 IN FILE /Users/zhouhong/xianrou/yaframe/library/Http/BasicRequest.php ON LINE 67 {"Undefined index: HTTP_SIGN":8} []
[2016-07-01 15:31:35] error.ERROR: 8 IN FILE /Users/zhouhong/xianrou/yaframe/library/Http/BasicRequest.php ON LINE 68 {"Undefined index: HTTP_VERSION":8} []
[2016-07-01 15:31:35] error.ERROR: 8 IN FILE /Users/zhouhong/xianrou/yaframe/library/Http/BasicRequest.php ON LINE 69 {"Undefined index: HTTP_TIMESTAMP":8} []
[2016-07-01 15:31:35] error.ERROR: 8 IN FILE /Users/zhouhong/xianrou/yaframe/application/models/Core/CommonRegion.php ON LINE 24 {"Undefined variable: name":8} []
[2016-07-01 15:31:35] error.ERROR: 2 IN FILE /Users/zhouhong/xianrou/yaframe/application/models/Warehouse/ProductInfoData.php ON LINE 285 {"Declaration of Warehouse\\ProductInfoDataModel::getData($uid) should be compatible with Common\\BaseModel::getData($params = Array, $columns = Array, $toArray = true)":2} []
[2016-07-01 15:31:35] error.ERROR: 8 IN FILE /Users/zhouhong/xianrou/yaframe/application/models/Warehouse/ProductInfoData.php ON LINE 225 {"Undefined index: share_id":8} []
[2016-07-01 15:31:35] error.ERROR: 8 IN FILE /Users/zhouhong/xianrou/yaframe/library/Http/BasicRequest.php ON LINE 67 {"Undefined index: HTTP_SIGN":8} []
[2016-07-01 15:31:35] error.ERROR: 8 IN FILE /Users/zhouhong/xianrou/yaframe/library/Http/BasicRequest.php ON LINE 68 {"Undefined index: HTTP_VERSION":8} []
[2016-07-01 15:31:35] error.ERROR: 8 IN FILE /Users/zhouhong/xianrou/yaframe/library/Http/BasicRequest.php ON LINE 69 {"Undefined index: HTTP_TIMESTAMP":8} []
[2016-07-01 15:31:35] error.ERROR: 8 IN FILE /Users/zhouhong/xianrou/yaframe/application/models/Core/CommonRegion.php ON LINE 24 {"Undefined variable: name":8} []
[2016-07-01 15:32:26] error.ERROR: 8 IN FILE /Users/zhouhong/xianrou/yaframe/application/Bootstrap.php ON LINE 147 {"Undefined index: ffmpeg":8} []
[2016-07-01 15:32:26] error.ERROR: 8 IN FILE /Users/zhouhong/xianrou/yaframe/application/Bootstrap.php ON LINE 148 {"Undefined index: ffprobe":8} []
[2016-07-01 15:32:26] error.ERROR: 8 IN FILE /Users/zhouhong/xianrou/yaframe/library/Http/BasicRequest.php ON LINE 67 {"Undefined index: HTTP_SIGN":8} []
[2016-07-01 15:32:26] error.ERROR: 8 IN FILE /Users/zhouhong/xianrou/yaframe/library/Http/BasicRequest.php ON LINE 68 {"Undefined index: HTTP_VERSION":8} []
[2016-07-01 15:32:26] error.ERROR: 8 IN FILE /Users/zhouhong/xianrou/yaframe/library/Http/BasicRequest.php ON LINE 69 {"Undefined index: HTTP_TIMESTAMP":8} []
[2016-07-01 15:32:26] error.ERROR: 8 IN FILE /Users/zhouhong/xianrou/yaframe/application/models/Core/CommonRegion.php ON LINE 24 {"Undefined variable: name":8} []
[2016-07-01 15:32:26] error.ERROR: 2 IN FILE /Users/zhouhong/xianrou/yaframe/application/models/Warehouse/ProductInfoData.php ON LINE 286 {"Declaration of Warehouse\\ProductInfoDataModel::getData($uid) should be compatible with Common\\BaseModel::getData($params = Array, $columns = Array, $toArray = true)":2} []
[2016-07-01 15:32:45] error.ERROR: 8 IN FILE /Users/zhouhong/xianrou/yaframe/application/Bootstrap.php ON LINE 147 {"Undefined index: ffmpeg":8} []
[2016-07-01 15:32:45] error.ERROR: 8 IN FILE /Users/zhouhong/xianrou/yaframe/application/Bootstrap.php ON LINE 148 {"Undefined index: ffprobe":8} []
[2016-07-01 15:32:45] error.ERROR: 8 IN FILE /Users/zhouhong/xianrou/yaframe/library/Http/BasicRequest.php ON LINE 67 {"Undefined index: HTTP_SIGN":8} []
[2016-07-01 15:32:45] error.ERROR: 8 IN FILE /Users/zhouhong/xianrou/yaframe/library/Http/BasicRequest.php ON LINE 68 {"Undefined index: HTTP_VERSION":8} []
[2016-07-01 15:32:45] error.ERROR: 8 IN FILE /Users/zhouhong/xianrou/yaframe/library/Http/BasicRequest.php ON LINE 69 {"Undefined index: HTTP_TIMESTAMP":8} []
[2016-07-01 15:32:45] error.ERROR: 8 IN FILE /Users/zhouhong/xianrou/yaframe/application/models/Core/CommonRegion.php ON LINE 24 {"Undefined variable: name":8} []
[2016-07-01 15:32:45] error.ERROR: 2 IN FILE /Users/zhouhong/xianrou/yaframe/application/models/Warehouse/ProductInfoData.php ON LINE 286 {"Declaration of Warehouse\\ProductInfoDataModel::getData($uid) should be compatible with Common\\BaseModel::getData($params = Array, $columns = Array, $toArray = true)":2} []
[2016-07-01 15:33:32] error.ERROR: 8 IN FILE /Users/zhouhong/xianrou/yaframe/application/Bootstrap.php ON LINE 147 {"Undefined index: ffmpeg":8} []
[2016-07-01 15:33:32] error.ERROR: 8 IN FILE /Users/zhouhong/xianrou/yaframe/application/Bootstrap.php ON LINE 148 {"Undefined index: ffprobe":8} []
[2016-07-01 15:33:32] error.ERROR: 8 IN FILE /Users/zhouhong/xianrou/yaframe/library/Http/BasicRequest.php ON LINE 67 {"Undefined index: HTTP_SIGN":8} []
[2016-07-01 15:33:32] error.ERROR: 8 IN FILE /Users/zhouhong/xianrou/yaframe/library/Http/BasicRequest.php ON LINE 68 {"Undefined index: HTTP_VERSION":8} []
[2016-07-01 15:33:32] error.ERROR: 8 IN FILE /Users/zhouhong/xianrou/yaframe/library/Http/BasicRequest.php ON LINE 69 {"Undefined index: HTTP_TIMESTAMP":8} []
[2016-07-01 15:33:32] error.ERROR: 8 IN FILE /Users/zhouhong/xianrou/yaframe/application/models/Core/CommonRegion.php ON LINE 24 {"Undefined variable: name":8} []
[2016-07-01 15:33:32] error.ERROR: 2 IN FILE /Users/zhouhong/xianrou/yaframe/application/models/Warehouse/ProductInfoData.php ON LINE 286 {"Declaration of Warehouse\\ProductInfoDataModel::getData($uid) should be compatible with Common\\BaseModel::getData($params = Array, $columns = Array, $toArray = true)":2} []
[2016-07-01 15:33:32] error.ERROR: 8 IN FILE /Users/zhouhong/xianrou/yaframe/application/models/Warehouse/ProductInfoData.php ON LINE 226 {"Undefined index: share_id":8} []
[2016-07-01 15:34:09] error.ERROR: 8 IN FILE /Users/zhouhong/xianrou/yaframe/application/Bootstrap.php ON LINE 147 {"Undefined index: ffmpeg":8} []
[2016-07-01 15:34:09] error.ERROR: 8 IN FILE /Users/zhouhong/xianrou/yaframe/application/Bootstrap.php ON LINE 148 {"Undefined index: ffprobe":8} []
[2016-07-01 15:34:09] error.ERROR: 8 IN FILE /Users/zhouhong/xianrou/yaframe/library/Http/BasicRequest.php ON LINE 67 {"Undefined index: HTTP_SIGN":8} []
[2016-07-01 15:34:09] error.ERROR: 8 IN FILE /Users/zhouhong/xianrou/yaframe/library/Http/BasicRequest.php ON LINE 68 {"Undefined index: HTTP_VERSION":8} []
[2016-07-01 15:34:09] error.ERROR: 8 IN FILE /Users/zhouhong/xianrou/yaframe/library/Http/BasicRequest.php ON LINE 69 {"Undefined index: HTTP_TIMESTAMP":8} []
[2016-07-01 15:34:09] error.ERROR: 8 IN FILE /Users/zhouhong/xianrou/yaframe/application/models/Core/CommonRegion.php ON LINE 24 {"Undefined variable: name":8} []
[2016-07-01 15:34:09] error.ERROR: 2 IN FILE /Users/zhouhong/xianrou/yaframe/application/models/Warehouse/ProductInfoData.php ON LINE 286 {"Declaration of Warehouse\\ProductInfoDataModel::getData($uid) should be compatible with Common\\BaseModel::getData($params = Array, $columns = Array, $toArray = true)":2} []
[2016-07-01 15:35:09] error.ERROR: 8 IN FILE /Users/zhouhong/xianrou/yaframe/application/Bootstrap.php ON LINE 147 {"Undefined index: ffmpeg":8} []
[2016-07-01 15:35:09] error.ERROR: 8 IN FILE /Users/zhouhong/xianrou/yaframe/application/Bootstrap.php ON LINE 148 {"Undefined index: ffprobe":8} []
[2016-07-01 15:35:09] error.ERROR: 8 IN FILE /Users/zhouhong/xianrou/yaframe/library/Http/BasicRequest.php ON LINE 67 {"Undefined index: HTTP_SIGN":8} []
[2016-07-01 15:35:09] error.ERROR: 8 IN FILE /Users/zhouhong/xianrou/yaframe/library/Http/BasicRequest.php ON LINE 68 {"Undefined index: HTTP_VERSION":8} []
[2016-07-01 15:35:09] error.ERROR: 8 IN FILE /Users/zhouhong/xianrou/yaframe/library/Http/BasicRequest.php ON LINE 69 {"Undefined index: HTTP_TIMESTAMP":8} []
[2016-07-01 15:35:09] error.ERROR: 8 IN FILE /Users/zhouhong/xianrou/yaframe/application/models/Core/CommonRegion.php ON LINE 24 {"Undefined variable: name":8} []
[2016-07-01 15:35:09] error.ERROR: 2 IN FILE /Users/zhouhong/xianrou/yaframe/application/models/Warehouse/ProductInfoData.php ON LINE 286 {"Declaration of Warehouse\\ProductInfoDataModel::getData($uid) should be compatible with Common\\BaseModel::getData($params = Array, $columns = Array, $toArray = true)":2} []
[2016-07-01 15:35:09] error.ERROR: 8 IN FILE /Users/zhouhong/xianrou/yaframe/application/models/Warehouse/ProductInfoData.php ON LINE 248 {"Undefined index: product_image":8} []
[2016-07-01 15:35:09] error.ERROR: 8 IN FILE /Users/zhouhong/xianrou/yaframe/application/models/Social/Image.php ON LINE 33 {"Undefined index: status":8} []
[2016-07-01 15:35:09] error.ERROR: 8 IN FILE /Users/zhouhong/xianrou/yaframe/application/models/Social/Image.php ON LINE 36 {"Undefined index: status":8} []
[2016-07-01 15:35:09] error.ERROR: 8 IN FILE /Users/zhouhong/xianrou/yaframe/application/models/Social/Image.php ON LINE 33 {"Undefined index: status":8} []
[2016-07-01 15:35:09] error.ERROR: 8 IN FILE /Users/zhouhong/xianrou/yaframe/application/models/Social/Image.php ON LINE 36 {"Undefined index: status":8} []
[2016-07-01 15:36:45] error.ERROR: 8 IN FILE /Users/zhouhong/xianrou/yaframe/application/Bootstrap.php ON LINE 147 {"Undefined index: ffmpeg":8} []
[2016-07-01 15:36:45] error.ERROR: 8 IN FILE /Users/zhouhong/xianrou/yaframe/application/Bootstrap.php ON LINE 148 {"Undefined index: ffprobe":8} []
[2016-07-01 15:36:45] error.ERROR: 8 IN FILE /Users/zhouhong/xianrou/yaframe/library/Http/BasicRequest.php ON LINE 67 {"Undefined index: HTTP_SIGN":8} []
[2016-07-01 15:36:45] error.ERROR: 8 IN FILE /Users/zhouhong/xianrou/yaframe/library/Http/BasicRequest.php ON LINE 68 {"Undefined index: HTTP_VERSION":8} []
[2016-07-01 15:36:45] error.ERROR: 8 IN FILE /Users/zhouhong/xianrou/yaframe/library/Http/BasicRequest.php ON LINE 69 {"Undefined index: HTTP_TIMESTAMP":8} []
[2016-07-01 15:36:45] error.ERROR: 8 IN FILE /Users/zhouhong/xianrou/yaframe/application/models/Core/CommonRegion.php ON LINE 24 {"Undefined variable: name":8} []
[2016-07-01 15:36:45] error.ERROR: 2 IN FILE /Users/zhouhong/xianrou/yaframe/application/models/Warehouse/ProductInfoData.php ON LINE 286 {"Declaration of Warehouse\\ProductInfoDataModel::getData($uid) should be compatible with Common\\BaseModel::getData($params = Array, $columns = Array, $toArray = true)":2} []
[2016-07-01 15:36:45] error.ERROR: 8 IN FILE /Users/zhouhong/xianrou/yaframe/application/models/Warehouse/ProductInfoData.php ON LINE 248 {"Undefined index: product_image":8} []
[2016-07-01 15:36:45] error.ERROR: 8 IN FILE /Users/zhouhong/xianrou/yaframe/application/models/Social/Image.php ON LINE 33 {"Undefined index: status":8} []
[2016-07-01 15:36:45] error.ERROR: 8 IN FILE /Users/zhouhong/xianrou/yaframe/application/models/Social/Image.php ON LINE 36 {"Undefined index: status":8} []
[2016-07-01 15:36:45] error.ERROR: 8 IN FILE /Users/zhouhong/xianrou/yaframe/application/models/Social/Image.php ON LINE 33 {"Undefined index: status":8} []
[2016-07-01 15:36:45] error.ERROR: 8 IN FILE /Users/zhouhong/xianrou/yaframe/application/models/Social/Image.php ON LINE 36 {"Undefined index: status":8} []
[2016-07-01 15:37:12] error.ERROR: 8 IN FILE /Users/zhouhong/xianrou/yaframe/application/Bootstrap.php ON LINE 147 {"Undefined index: ffmpeg":8} []
[2016-07-01 15:37:12] error.ERROR: 8 IN FILE /Users/zhouhong/xianrou/yaframe/application/Bootstrap.php ON LINE 148 {"Undefined index: ffprobe":8} []
[2016-07-01 15:37:12] error.ERROR: 8 IN FILE /Users/zhouhong/xianrou/yaframe/library/Http/BasicRequest.php ON LINE 67 {"Undefined index: HTTP_SIGN":8} []
[2016-07-01 15:37:12] error.ERROR: 8 IN FILE /Users/zhouhong/xianrou/yaframe/library/Http/BasicRequest.php ON LINE 68 {"Undefined index: HTTP_VERSION":8} []
[2016-07-01 15:37:12] error.ERROR: 8 IN FILE /Users/zhouhong/xianrou/yaframe/library/Http/BasicRequest.php ON LINE 69 {"Undefined index: HTTP_TIMESTAMP":8} []
[2016-07-01 15:37:12] error.ERROR: 8 IN FILE /Users/zhouhong/xianrou/yaframe/application/models/Core/CommonRegion.php ON LINE 24 {"Undefined variable: name":8} []
[2016-07-01 15:37:12] error.ERROR: 2 IN FILE /Users/zhouhong/xianrou/yaframe/application/models/Warehouse/ProductInfoData.php ON LINE 287 {"Declaration of Warehouse\\ProductInfoDataModel::getData($uid) should be compatible with Common\\BaseModel::getData($params = Array, $columns = Array, $toArray = true)":2} []
[2016-07-01 15:37:50] error.ERROR: 8 IN FILE /Users/zhouhong/xianrou/yaframe/application/Bootstrap.php ON LINE 147 {"Undefined index: ffmpeg":8} []
[2016-07-01 15:37:50] error.ERROR: 8 IN FILE /Users/zhouhong/xianrou/yaframe/application/Bootstrap.php ON LINE 148 {"Undefined index: ffprobe":8} []
[2016-07-01 15:37:50] error.ERROR: 8 IN FILE /Users/zhouhong/xianrou/yaframe/library/Http/BasicRequest.php ON LINE 67 {"Undefined index: HTTP_SIGN":8} []
[2016-07-01 15:37:50] error.ERROR: 8 IN FILE /Users/zhouhong/xianrou/yaframe/library/Http/BasicRequest.php ON LINE 68 {"Undefined index: HTTP_VERSION":8} []
[2016-07-01 15:37:50] error.ERROR: 8 IN FILE /Users/zhouhong/xianrou/yaframe/library/Http/BasicRequest.php ON LINE 69 {"Undefined index: HTTP_TIMESTAMP":8} []
[2016-07-01 15:37:50] error.ERROR: 8 IN FILE /Users/zhouhong/xianrou/yaframe/application/models/Core/CommonRegion.php ON LINE 24 {"Undefined variable: name":8} []
[2016-07-01 15:37:50] error.ERROR: 2 IN FILE /Users/zhouhong/xianrou/yaframe/application/models/Warehouse/ProductInfoData.php ON LINE 288 {"Declaration of Warehouse\\ProductInfoDataModel::getData($uid) should be compatible with Common\\BaseModel::getData($params = Array, $columns = Array, $toArray = true)":2} []
[2016-07-01 15:38:01] error.ERROR: 8 IN FILE /Users/zhouhong/xianrou/yaframe/application/Bootstrap.php ON LINE 147 {"Undefined index: ffmpeg":8} []
[2016-07-01 15:38:01] error.ERROR: 8 IN FILE /Users/zhouhong/xianrou/yaframe/application/Bootstrap.php ON LINE 148 {"Undefined index: ffprobe":8} []
[2016-07-01 15:38:01] error.ERROR: 8 IN FILE /Users/zhouhong/xianrou/yaframe/library/Http/BasicRequest.php ON LINE 67 {"Undefined index: HTTP_SIGN":8} []
[2016-07-01 15:38:01] error.ERROR: 8 IN FILE /Users/zhouhong/xianrou/yaframe/library/Http/BasicRequest.php ON LINE 68 {"Undefined index: HTTP_VERSION":8} []
[2016-07-01 15:38:01] error.ERROR: 8 IN FILE /Users/zhouhong/xianrou/yaframe/library/Http/BasicRequest.php ON LINE 69 {"Undefined index: HTTP_TIMESTAMP":8} []
[2016-07-01 15:38:01] error.ERROR: 8 IN FILE /Users/zhouhong/xianrou/yaframe/application/models/Core/CommonRegion.php ON LINE 24 {"Undefined variable: name":8} []
[2016-07-01 15:38:01] error.ERROR: 2 IN FILE /Users/zhouhong/xianrou/yaframe/application/models/Warehouse/ProductInfoData.php ON LINE 288 {"Declaration of Warehouse\\ProductInfoDataModel::getData($uid) should be compatible with Common\\BaseModel::getData($params = Array, $columns = Array, $toArray = true)":2} []
[2016-07-01 15:39:14] error.ERROR: 8 IN FILE /Users/zhouhong/xianrou/yaframe/application/Bootstrap.php ON LINE 147 {"Undefined index: ffmpeg":8} []
[2016-07-01 15:39:14] error.ERROR: 8 IN FILE /Users/zhouhong/xianrou/yaframe/application/Bootstrap.php ON LINE 148 {"Undefined index: ffprobe":8} []
[2016-07-01 15:39:14] error.ERROR: 8 IN FILE /Users/zhouhong/xianrou/yaframe/library/Http/BasicRequest.php ON LINE 67 {"Undefined index: HTTP_SIGN":8} []
[2016-07-01 15:39:14] error.ERROR: 8 IN FILE /Users/zhouhong/xianrou/yaframe/library/Http/BasicRequest.php ON LINE 68 {"Undefined index: HTTP_VERSION":8} []
[2016-07-01 15:39:14] error.ERROR: 8 IN FILE /Users/zhouhong/xianrou/yaframe/library/Http/BasicRequest.php ON LINE 69 {"Undefined index: HTTP_TIMESTAMP":8} []
[2016-07-01 15:39:14] error.ERROR: 8 IN FILE /Users/zhouhong/xianrou/yaframe/application/models/Core/CommonRegion.php ON LINE 24 {"Undefined variable: name":8} []
[2016-07-01 15:39:14] error.ERROR: 2 IN FILE /Users/zhouhong/xianrou/yaframe/application/models/Warehouse/ProductInfoData.php ON LINE 288 {"Declaration of Warehouse\\ProductInfoDataModel::getData($uid) should be compatible with Common\\BaseModel::getData($params = Array, $columns = Array, $toArray = true)":2} []
[2016-07-01 15:39:15] error.ERROR: 8 IN FILE /Users/zhouhong/xianrou/yaframe/application/Bootstrap.php ON LINE 147 {"Undefined index: ffmpeg":8} []
[2016-07-01 15:39:15] error.ERROR: 8 IN FILE /Users/zhouhong/xianrou/yaframe/application/Bootstrap.php ON LINE 148 {"Undefined index: ffprobe":8} []
[2016-07-01 15:39:15] error.ERROR: 8 IN FILE /Users/zhouhong/xianrou/yaframe/library/Http/BasicRequest.php ON LINE 67 {"Undefined index: HTTP_SIGN":8} []
[2016-07-01 15:39:15] error.ERROR: 8 IN FILE /Users/zhouhong/xianrou/yaframe/library/Http/BasicRequest.php ON LINE 68 {"Undefined index: HTTP_VERSION":8} []
[2016-07-01 15:39:15] error.ERROR: 8 IN FILE /Users/zhouhong/xianrou/yaframe/library/Http/BasicRequest.php ON LINE 69 {"Undefined index: HTTP_TIMESTAMP":8} []
[2016-07-01 15:39:15] error.ERROR: 8 IN FILE /Users/zhouhong/xianrou/yaframe/application/models/Core/CommonRegion.php ON LINE 24 {"Undefined variable: name":8} []
[2016-07-01 15:39:15] error.ERROR: 2 IN FILE /Users/zhouhong/xianrou/yaframe/application/models/Warehouse/ProductInfoData.php ON LINE 288 {"Declaration of Warehouse\\ProductInfoDataModel::getData($uid) should be compatible with Common\\BaseModel::getData($params = Array, $columns = Array, $toArray = true)":2} []
[2016-07-01 15:39:39] error.ERROR: 8 IN FILE /Users/zhouhong/xianrou/yaframe/application/Bootstrap.php ON LINE 147 {"Undefined index: ffmpeg":8} []
[2016-07-01 15:39:39] error.ERROR: 8 IN FILE /Users/zhouhong/xianrou/yaframe/application/Bootstrap.php ON LINE 148 {"Undefined index: ffprobe":8} []
[2016-07-01 15:39:39] error.ERROR: 8 IN FILE /Users/zhouhong/xianrou/yaframe/library/Http/BasicRequest.php ON LINE 67 {"Undefined index: HTTP_SIGN":8} []
[2016-07-01 15:39:39] error.ERROR: 8 IN FILE /Users/zhouhong/xianrou/yaframe/library/Http/BasicRequest.php ON LINE 68 {"Undefined index: HTTP_VERSION":8} []
[2016-07-01 15:39:39] error.ERROR: 8 IN FILE /Users/zhouhong/xianrou/yaframe/library/Http/BasicRequest.php ON LINE 69 {"Undefined index: HTTP_TIMESTAMP":8} []
[2016-07-01 15:39:39] error.ERROR: 8 IN FILE /Users/zhouhong/xianrou/yaframe/application/models/Core/CommonRegion.php ON LINE 24 {"Undefined variable: name":8} []
[2016-07-01 15:39:39] error.ERROR: 2 IN FILE /Users/zhouhong/xianrou/yaframe/application/models/Warehouse/ProductInfoData.php ON LINE 288 {"Declaration of Warehouse\\ProductInfoDataModel::getData($uid) should be compatible with Common\\BaseModel::getData($params = Array, $columns = Array, $toArray = true)":2} []
[2016-07-01 15:39:52] error.ERROR: 8 IN FILE /Users/zhouhong/xianrou/yaframe/application/Bootstrap.php ON LINE 147 {"Undefined index: ffmpeg":8} []
[2016-07-01 15:39:52] error.ERROR: 8 IN FILE /Users/zhouhong/xianrou/yaframe/application/Bootstrap.php ON LINE 148 {"Undefined index: ffprobe":8} []
[2016-07-01 15:39:52] error.ERROR: 8 IN FILE /Users/zhouhong/xianrou/yaframe/library/Http/BasicRequest.php ON LINE 67 {"Undefined index: HTTP_SIGN":8} []
[2016-07-01 15:39:52] error.ERROR: 8 IN FILE /Users/zhouhong/xianrou/yaframe/library/Http/BasicRequest.php ON LINE 68 {"Undefined index: HTTP_VERSION":8} []
[2016-07-01 15:39:52] error.ERROR: 8 IN FILE /Users/zhouhong/xianrou/yaframe/library/Http/BasicRequest.php ON LINE 69 {"Undefined index: HTTP_TIMESTAMP":8} []
[2016-07-01 15:39:52] error.ERROR: 8 IN FILE /Users/zhouhong/xianrou/yaframe/application/models/Core/CommonRegion.php ON LINE 24 {"Undefined variable: name":8} []
[2016-07-01 15:39:52] error.ERROR: 2 IN FILE /Users/zhouhong/xianrou/yaframe/application/models/Warehouse/ProductInfoData.php ON LINE 289 {"Declaration of Warehouse\\ProductInfoDataModel::getData($uid) should be compatible with Common\\BaseModel::getData($params = Array, $columns = Array, $toArray = true)":2} []
[2016-07-01 15:41:33] error.ERROR: 8 IN FILE /Users/zhouhong/xianrou/yaframe/application/Bootstrap.php ON LINE 147 {"Undefined index: ffmpeg":8} []
[2016-07-01 15:41:33] error.ERROR: 8 IN FILE /Users/zhouhong/xianrou/yaframe/application/Bootstrap.php ON LINE 148 {"Undefined index: ffprobe":8} []
[2016-07-01 15:41:33] error.ERROR: 8 IN FILE /Users/zhouhong/xianrou/yaframe/library/Http/BasicRequest.php ON LINE 67 {"Undefined index: HTTP_SIGN":8} []
[2016-07-01 15:41:33] error.ERROR: 8 IN FILE /Users/zhouhong/xianrou/yaframe/library/Http/BasicRequest.php ON LINE 68 {"Undefined index: HTTP_VERSION":8} []
[2016-07-01 15:41:33] error.ERROR: 8 IN FILE /Users/zhouhong/xianrou/yaframe/library/Http/BasicRequest.php ON LINE 69 {"Undefined index: HTTP_TIMESTAMP":8} []
[2016-07-01 15:41:33] error.ERROR: 8 IN FILE /Users/zhouhong/xianrou/yaframe/application/models/Core/CommonRegion.php ON LINE 24 {"Undefined variable: name":8} []
[2016-07-01 15:41:33] error.ERROR: 2 IN FILE /Users/zhouhong/xianrou/yaframe/application/models/Warehouse/ProductInfoData.php ON LINE 289 {"Declaration of Warehouse\\ProductInfoDataModel::getData($uid) should be compatible with Common\\BaseModel::getData($params = Array, $columns = Array, $toArray = true)":2} []
[2016-07-01 15:41:33] error.ERROR: 8 IN FILE /Users/zhouhong/xianrou/yaframe/application/models/Warehouse/ProductInfoData.php ON LINE 259 {"Undefined variable: result":8} []
[2016-07-01 15:41:35] error.ERROR: 8 IN FILE /Users/zhouhong/xianrou/yaframe/application/Bootstrap.php ON LINE 147 {"Undefined index: ffmpeg":8} []
[2016-07-01 15:41:35] error.ERROR: 8 IN FILE /Users/zhouhong/xianrou/yaframe/application/Bootstrap.php ON LINE 148 {"Undefined index: ffprobe":8} []
[2016-07-01 15:41:35] error.ERROR: 8 IN FILE /Users/zhouhong/xianrou/yaframe/library/Http/BasicRequest.php ON LINE 67 {"Undefined index: HTTP_SIGN":8} []
[2016-07-01 15:41:35] error.ERROR: 8 IN FILE /Users/zhouhong/xianrou/yaframe/library/Http/BasicRequest.php ON LINE 68 {"Undefined index: HTTP_VERSION":8} []
[2016-07-01 15:41:35] error.ERROR: 8 IN FILE /Users/zhouhong/xianrou/yaframe/library/Http/BasicRequest.php ON LINE 69 {"Undefined index: HTTP_TIMESTAMP":8} []
[2016-07-01 15:41:35] error.ERROR: 8 IN FILE /Users/zhouhong/xianrou/yaframe/application/models/Core/CommonRegion.php ON LINE 24 {"Undefined variable: name":8} []
[2016-07-01 15:41:35] error.ERROR: 2 IN FILE /Users/zhouhong/xianrou/yaframe/application/models/Warehouse/ProductInfoData.php ON LINE 289 {"Declaration of Warehouse\\ProductInfoDataModel::getData($uid) should be compatible with Common\\BaseModel::getData($params = Array, $columns = Array, $toArray = true)":2} []
[2016-07-01 15:41:35] error.ERROR: 8 IN FILE /Users/zhouhong/xianrou/yaframe/application/models/Warehouse/ProductInfoData.php ON LINE 259 {"Undefined variable: result":8} []
[2016-07-01 15:42:11] error.ERROR: 8 IN FILE /Users/zhouhong/xianrou/yaframe/application/Bootstrap.php ON LINE 147 {"Undefined index: ffmpeg":8} []
[2016-07-01 15:42:11] error.ERROR: 8 IN FILE /Users/zhouhong/xianrou/yaframe/application/Bootstrap.php ON LINE 148 {"Undefined index: ffprobe":8} []
[2016-07-01 15:42:11] error.ERROR: 8 IN FILE /Users/zhouhong/xianrou/yaframe/library/Http/BasicRequest.php ON LINE 67 {"Undefined index: HTTP_SIGN":8} []
[2016-07-01 15:42:11] error.ERROR: 8 IN FILE /Users/zhouhong/xianrou/yaframe/library/Http/BasicRequest.php ON LINE 68 {"Undefined index: HTTP_VERSION":8} []
[2016-07-01 15:42:11] error.ERROR: 8 IN FILE /Users/zhouhong/xianrou/yaframe/library/Http/BasicRequest.php ON LINE 69 {"Undefined index: HTTP_TIMESTAMP":8} []
[2016-07-01 15:42:11] error.ERROR: 8 IN FILE /Users/zhouhong/xianrou/yaframe/application/models/Core/CommonRegion.php ON LINE 24 {"Undefined variable: name":8} []
[2016-07-01 15:42:11] error.ERROR: 2 IN FILE /Users/zhouhong/xianrou/yaframe/application/models/Warehouse/ProductInfoData.php ON LINE 290 {"Declaration of Warehouse\\ProductInfoDataModel::getData($uid) should be compatible with Common\\BaseModel::getData($params = Array, $columns = Array, $toArray = true)":2} []
[2016-07-01 15:42:19] error.ERROR: 8 IN FILE /Users/zhouhong/xianrou/yaframe/application/Bootstrap.php ON LINE 147 {"Undefined index: ffmpeg":8} []
[2016-07-01 15:42:19] error.ERROR: 8 IN FILE /Users/zhouhong/xianrou/yaframe/application/Bootstrap.php ON LINE 148 {"Undefined index: ffprobe":8} []
[2016-07-01 15:42:19] error.ERROR: 8 IN FILE /Users/zhouhong/xianrou/yaframe/library/Http/BasicRequest.php ON LINE 67 {"Undefined index: HTTP_SIGN":8} []
[2016-07-01 15:42:19] error.ERROR: 8 IN FILE /Users/zhouhong/xianrou/yaframe/library/Http/BasicRequest.php ON LINE 68 {"Undefined index: HTTP_VERSION":8} []
[2016-07-01 15:42:19] error.ERROR: 8 IN FILE /Users/zhouhong/xianrou/yaframe/library/Http/BasicRequest.php ON LINE 69 {"Undefined index: HTTP_TIMESTAMP":8} []
[2016-07-01 15:42:20] error.ERROR: 8 IN FILE /Users/zhouhong/xianrou/yaframe/application/models/Core/CommonRegion.php ON LINE 24 {"Undefined variable: name":8} []
[2016-07-01 15:42:20] error.ERROR: 2 IN FILE /Users/zhouhong/xianrou/yaframe/application/models/Warehouse/ProductInfoData.php ON LINE 290 {"Declaration of Warehouse\\ProductInfoDataModel::getData($uid) should be compatible with Common\\BaseModel::getData($params = Array, $columns = Array, $toArray = true)":2} []
[2016-07-01 15:42:20] error.ERROR: 8 IN FILE /Users/zhouhong/xianrou/yaframe/application/models/Social/Image.php ON LINE 33 {"Undefined index: status":8} []
[2016-07-01 15:42:20] error.ERROR: 8 IN FILE /Users/zhouhong/xianrou/yaframe/application/models/Social/Image.php ON LINE 36 {"Undefined index: status":8} []
[2016-07-01 15:43:38] error.ERROR: 8 IN FILE /Users/zhouhong/xianrou/yaframe/application/Bootstrap.php ON LINE 147 {"Undefined index: ffmpeg":8} []
[2016-07-01 15:43:38] error.ERROR: 8 IN FILE /Users/zhouhong/xianrou/yaframe/application/Bootstrap.php ON LINE 148 {"Undefined index: ffprobe":8} []
[2016-07-01 15:43:38] error.ERROR: 8 IN FILE /Users/zhouhong/xianrou/yaframe/library/Http/BasicRequest.php ON LINE 67 {"Undefined index: HTTP_SIGN":8} []
[2016-07-01 15:43:38] error.ERROR: 8 IN FILE /Users/zhouhong/xianrou/yaframe/library/Http/BasicRequest.php ON LINE 68 {"Undefined index: HTTP_VERSION":8} []
[2016-07-01 15:43:38] error.ERROR: 8 IN FILE /Users/zhouhong/xianrou/yaframe/library/Http/BasicRequest.php ON LINE 69 {"Undefined index: HTTP_TIMESTAMP":8} []
[2016-07-01 15:43:38] error.ERROR: 8 IN FILE /Users/zhouhong/xianrou/yaframe/application/models/Core/CommonRegion.php ON LINE 24 {"Undefined variable: name":8} []
[2016-07-01 15:43:38] error.ERROR: 2 IN FILE /Users/zhouhong/xianrou/yaframe/application/models/Warehouse/ProductInfoData.php ON LINE 290 {"Declaration of Warehouse\\ProductInfoDataModel::getData($uid) should be compatible with Common\\BaseModel::getData($params = Array, $columns = Array, $toArray = true)":2} []
[2016-07-01 15:43:38] error.ERROR: 8 IN FILE /Users/zhouhong/xianrou/yaframe/application/models/Social/Image.php ON LINE 33 {"Undefined index: status":8} []
[2016-07-01 15:43:38] error.ERROR: 8 IN FILE /Users/zhouhong/xianrou/yaframe/application/models/Social/Image.php ON LINE 36 {"Undefined index: status":8} []
[2016-07-01 15:43:46] error.ERROR: 8 IN FILE /Users/zhouhong/xianrou/yaframe/application/Bootstrap.php ON LINE 147 {"Undefined index: ffmpeg":8} []
[2016-07-01 15:43:46] error.ERROR: 8 IN FILE /Users/zhouhong/xianrou/yaframe/application/Bootstrap.php ON LINE 148 {"Undefined index: ffprobe":8} []
[2016-07-01 15:43:46] error.ERROR: 8 IN FILE /Users/zhouhong/xianrou/yaframe/library/Http/BasicRequest.php ON LINE 67 {"Undefined index: HTTP_SIGN":8} []
[2016-07-01 15:43:46] error.ERROR: 8 IN FILE /Users/zhouhong/xianrou/yaframe/library/Http/BasicRequest.php ON LINE 68 {"Undefined index: HTTP_VERSION":8} []
[2016-07-01 15:43:46] error.ERROR: 8 IN FILE /Users/zhouhong/xianrou/yaframe/library/Http/BasicRequest.php ON LINE 69 {"Undefined index: HTTP_TIMESTAMP":8} []
[2016-07-01 15:43:46] error.ERROR: 8 IN FILE /Users/zhouhong/xianrou/yaframe/application/models/Core/CommonRegion.php ON LINE 24 {"Undefined variable: name":8} []
[2016-07-01 15:43:46] error.ERROR: 2 IN FILE /Users/zhouhong/xianrou/yaframe/application/models/Warehouse/ProductInfoData.php ON LINE 290 {"Declaration of Warehouse\\ProductInfoDataModel::getData($uid) should be compatible with Common\\BaseModel::getData($params = Array, $columns = Array, $toArray = true)":2} []
[2016-07-01 15:43:46] error.ERROR: 8 IN FILE /Users/zhouhong/xianrou/yaframe/application/models/Social/Image.php ON LINE 33 {"Undefined index: status":8} []
[2016-07-01 15:43:46] error.ERROR: 8 IN FILE /Users/zhouhong/xianrou/yaframe/application/models/Social/Image.php ON LINE 36 {"Undefined index: status":8} []
[2016-07-01 15:44:58] error.ERROR: 8 IN FILE /Users/zhouhong/xianrou/yaframe/application/Bootstrap.php ON LINE 147 {"Undefined index: ffmpeg":8} []
[2016-07-01 15:44:58] error.ERROR: 8 IN FILE /Users/zhouhong/xianrou/yaframe/application/Bootstrap.php ON LINE 148 {"Undefined index: ffprobe":8} []
[2016-07-01 15:44:58] error.ERROR: 8 IN FILE /Users/zhouhong/xianrou/yaframe/library/Http/BasicRequest.php ON LINE 67 {"Undefined index: HTTP_SIGN":8} []
[2016-07-01 15:44:58] error.ERROR: 8 IN FILE /Users/zhouhong/xianrou/yaframe/library/Http/BasicRequest.php ON LINE 68 {"Undefined index: HTTP_VERSION":8} []
[2016-07-01 15:44:58] error.ERROR: 8 IN FILE /Users/zhouhong/xianrou/yaframe/library/Http/BasicRequest.php ON LINE 69 {"Undefined index: HTTP_TIMESTAMP":8} []
[2016-07-01 15:44:58] error.ERROR: 8 IN FILE /Users/zhouhong/xianrou/yaframe/application/models/Core/CommonRegion.php ON LINE 24 {"Undefined variable: name":8} []
[2016-07-01 15:44:58] error.ERROR: 2 IN FILE /Users/zhouhong/xianrou/yaframe/application/models/Warehouse/ProductInfoData.php ON LINE 291 {"Declaration of Warehouse\\ProductInfoDataModel::getData($uid) should be compatible with Common\\BaseModel::getData($params = Array, $columns = Array, $toArray = true)":2} []
[2016-07-01 15:44:58] error.ERROR: 2 IN FILE /Users/zhouhong/xianrou/yaframe/library/Http/BasicResponse.php ON LINE 83 {"Cannot modify header information - headers already sent by (output started at /Users/zhouhong/xianrou/yaframe/application/models/Warehouse/ProductInfoData.php:272)":2} []
[2016-07-01 15:44:58] error.ERROR: 2 IN FILE /Users/zhouhong/xianrou/yaframe/library/Http/BasicResponse.php ON LINE 84 {"Cannot modify header information - headers already sent by (output started at /Users/zhouhong/xianrou/yaframe/application/models/Warehouse/ProductInfoData.php:272)":2} []
[2016-07-01 15:45:12] error.ERROR: 8 IN FILE /Users/zhouhong/xianrou/yaframe/application/Bootstrap.php ON LINE 147 {"Undefined index: ffmpeg":8} []
[2016-07-01 15:45:12] error.ERROR: 8 IN FILE /Users/zhouhong/xianrou/yaframe/application/Bootstrap.php ON LINE 148 {"Undefined index: ffprobe":8} []
[2016-07-01 15:45:12] error.ERROR: 8 IN FILE /Users/zhouhong/xianrou/yaframe/library/Http/BasicRequest.php ON LINE 67 {"Undefined index: HTTP_SIGN":8} []
[2016-07-01 15:45:12] error.ERROR: 8 IN FILE /Users/zhouhong/xianrou/yaframe/library/Http/BasicRequest.php ON LINE 68 {"Undefined index: HTTP_VERSION":8} []
[2016-07-01 15:45:12] error.ERROR: 8 IN FILE /Users/zhouhong/xianrou/yaframe/library/Http/BasicRequest.php ON LINE 69 {"Undefined index: HTTP_TIMESTAMP":8} []
[2016-07-01 15:45:12] error.ERROR: 8 IN FILE /Users/zhouhong/xianrou/yaframe/application/models/Core/CommonRegion.php ON LINE 24 {"Undefined variable: name":8} []
[2016-07-01 15:45:12] error.ERROR: 2 IN FILE /Users/zhouhong/xianrou/yaframe/application/models/Warehouse/ProductInfoData.php ON LINE 291 {"Declaration of Warehouse\\ProductInfoDataModel::getData($uid) should be compatible with Common\\BaseModel::getData($params = Array, $columns = Array, $toArray = true)":2} []
[2016-07-01 15:51:47] error.ERROR: 8 IN FILE /Users/zhouhong/xianrou/yaframe/application/Bootstrap.php ON LINE 147 {"Undefined index: ffmpeg":8} []
[2016-07-01 15:51:47] error.ERROR: 8 IN FILE /Users/zhouhong/xianrou/yaframe/application/Bootstrap.php ON LINE 148 {"Undefined index: ffprobe":8} []
[2016-07-01 15:51:47] error.ERROR: 8 IN FILE /Users/zhouhong/xianrou/yaframe/library/Http/BasicRequest.php ON LINE 67 {"Undefined index: HTTP_SIGN":8} []
[2016-07-01 15:51:47] error.ERROR: 8 IN FILE /Users/zhouhong/xianrou/yaframe/library/Http/BasicRequest.php ON LINE 68 {"Undefined index: HTTP_VERSION":8} []
[2016-07-01 15:51:47] error.ERROR: 8 IN FILE /Users/zhouhong/xianrou/yaframe/library/Http/BasicRequest.php ON LINE 69 {"Undefined index: HTTP_TIMESTAMP":8} []
[2016-07-01 15:51:47] error.ERROR: 8 IN FILE /Users/zhouhong/xianrou/yaframe/application/models/Core/CommonRegion.php ON LINE 24 {"Undefined variable: name":8} []
[2016-07-01 15:51:47] error.ERROR: 2 IN FILE /Users/zhouhong/xianrou/yaframe/application/models/Warehouse/ProductInfoData.php ON LINE 291 {"Declaration of Warehouse\\ProductInfoDataModel::getData($uid) should be compatible with Common\\BaseModel::getData($params = Array, $columns = Array, $toArray = true)":2} []
[2016-07-01 15:53:46] error.ERROR: 8 IN FILE /Users/zhouhong/xianrou/yaframe/application/Bootstrap.php ON LINE 147 {"Undefined index: ffmpeg":8} []
[2016-07-01 15:53:46] error.ERROR: 8 IN FILE /Users/zhouhong/xianrou/yaframe/application/Bootstrap.php ON LINE 148 {"Undefined index: ffprobe":8} []
[2016-07-01 15:53:46] error.ERROR: 8 IN FILE /Users/zhouhong/xianrou/yaframe/library/Http/BasicRequest.php ON LINE 67 {"Undefined index: HTTP_SIGN":8} []
[2016-07-01 15:53:46] error.ERROR: 8 IN FILE /Users/zhouhong/xianrou/yaframe/library/Http/BasicRequest.php ON LINE 68 {"Undefined index: HTTP_VERSION":8} []
[2016-07-01 15:53:46] error.ERROR: 8 IN FILE /Users/zhouhong/xianrou/yaframe/library/Http/BasicRequest.php ON LINE 69 {"Undefined index: HTTP_TIMESTAMP":8} []
[2016-07-01 15:53:46] error.ERROR: 8 IN FILE /Users/zhouhong/xianrou/yaframe/application/models/Core/CommonRegion.php ON LINE 24 {"Undefined variable: name":8} []
[2016-07-01 15:53:46] error.ERROR: 2 IN FILE /Users/zhouhong/xianrou/yaframe/application/models/Warehouse/ProductInfoData.php ON LINE 287 {"Declaration of Warehouse\\ProductInfoDataModel::getData($uid) should be compatible with Common\\BaseModel::getData($params = Array, $columns = Array, $toArray = true)":2} []
[2016-07-01 15:54:23] error.ERROR: 8 IN FILE /Users/zhouhong/xianrou/yaframe/application/Bootstrap.php ON LINE 147 {"Undefined index: ffmpeg":8} []
[2016-07-01 15:54:23] error.ERROR: 8 IN FILE /Users/zhouhong/xianrou/yaframe/application/Bootstrap.php ON LINE 148 {"Undefined index: ffprobe":8} []
[2016-07-01 15:54:23] error.ERROR: 8 IN FILE /Users/zhouhong/xianrou/yaframe/library/Http/BasicRequest.php ON LINE 67 {"Undefined index: HTTP_SIGN":8} []
[2016-07-01 15:54:23] error.ERROR: 8 IN FILE /Users/zhouhong/xianrou/yaframe/library/Http/BasicRequest.php ON LINE 68 {"Undefined index: HTTP_VERSION":8} []
[2016-07-01 15:54:23] error.ERROR: 8 IN FILE /Users/zhouhong/xianrou/yaframe/library/Http/BasicRequest.php ON LINE 69 {"Undefined index: HTTP_TIMESTAMP":8} []
[2016-07-01 15:54:23] error.ERROR: 8 IN FILE /Users/zhouhong/xianrou/yaframe/application/models/Core/CommonRegion.php ON LINE 24 {"Undefined variable: name":8} []
[2016-07-01 15:54:23] error.ERROR: 2 IN FILE /Users/zhouhong/xianrou/yaframe/application/models/Warehouse/ProductInfoData.php ON LINE 287 {"Declaration of Warehouse\\ProductInfoDataModel::getData($uid) should be compatible with Common\\BaseModel::getData($params = Array, $columns = Array, $toArray = true)":2} []
[2016-07-01 15:56:02] error.ERROR: 8 IN FILE /Users/zhouhong/xianrou/yaframe/application/Bootstrap.php ON LINE 147 {"Undefined index: ffmpeg":8} []
[2016-07-01 15:56:02] error.ERROR: 8 IN FILE /Users/zhouhong/xianrou/yaframe/application/Bootstrap.php ON LINE 148 {"Undefined index: ffprobe":8} []
[2016-07-01 15:56:02] error.ERROR: 8 IN FILE /Users/zhouhong/xianrou/yaframe/library/Http/BasicRequest.php ON LINE 67 {"Undefined index: HTTP_SIGN":8} []
[2016-07-01 15:56:02] error.ERROR: 8 IN FILE /Users/zhouhong/xianrou/yaframe/library/Http/BasicRequest.php ON LINE 68 {"Undefined index: HTTP_VERSION":8} []
[2016-07-01 15:56:02] error.ERROR: 8 IN FILE /Users/zhouhong/xianrou/yaframe/library/Http/BasicRequest.php ON LINE 69 {"Undefined index: HTTP_TIMESTAMP":8} []
[2016-07-01 15:56:02] error.ERROR: 8 IN FILE /Users/zhouhong/xianrou/yaframe/application/models/Core/CommonRegion.php ON LINE 24 {"Undefined variable: name":8} []
[2016-07-01 15:56:02] error.ERROR: 2 IN FILE /Users/zhouhong/xianrou/yaframe/application/models/Warehouse/ProductInfoData.php ON LINE 293 {"Declaration of Warehouse\\ProductInfoDataModel::getData($uid) should be compatible with Common\\BaseModel::getData($params = Array, $columns = Array, $toArray = true)":2} []
[2016-07-01 15:56:40] error.ERROR: 8 IN FILE /Users/zhouhong/xianrou/yaframe/application/Bootstrap.php ON LINE 147 {"Undefined index: ffmpeg":8} []
[2016-07-01 15:56:40] error.ERROR: 8 IN FILE /Users/zhouhong/xianrou/yaframe/application/Bootstrap.php ON LINE 148 {"Undefined index: ffprobe":8} []
[2016-07-01 15:56:40] error.ERROR: 8 IN FILE /Users/zhouhong/xianrou/yaframe/library/Http/BasicRequest.php ON LINE 67 {"Undefined index: HTTP_SIGN":8} []
[2016-07-01 15:56:40] error.ERROR: 8 IN FILE /Users/zhouhong/xianrou/yaframe/library/Http/BasicRequest.php ON LINE 68 {"Undefined index: HTTP_VERSION":8} []
[2016-07-01 15:56:40] error.ERROR: 8 IN FILE /Users/zhouhong/xianrou/yaframe/library/Http/BasicRequest.php ON LINE 69 {"Undefined index: HTTP_TIMESTAMP":8} []
[2016-07-01 15:56:40] error.ERROR: 8 IN FILE /Users/zhouhong/xianrou/yaframe/application/models/Core/CommonRegion.php ON LINE 24 {"Undefined variable: name":8} []
[2016-07-01 15:56:40] error.ERROR: 2 IN FILE /Users/zhouhong/xianrou/yaframe/application/models/Warehouse/ProductInfoData.php ON LINE 293 {"Declaration of Warehouse\\ProductInfoDataModel::getData($uid) should be compatible with Common\\BaseModel::getData($params = Array, $columns = Array, $toArray = true)":2} []
[2016-07-01 15:59:09] error.ERROR: 8 IN FILE /Users/zhouhong/xianrou/yaframe/application/Bootstrap.php ON LINE 147 {"Undefined index: ffmpeg":8} []
[2016-07-01 15:59:09] error.ERROR: 8 IN FILE /Users/zhouhong/xianrou/yaframe/application/Bootstrap.php ON LINE 148 {"Undefined index: ffprobe":8} []
[2016-07-01 15:59:09] error.ERROR: 8 IN FILE /Users/zhouhong/xianrou/yaframe/library/Http/BasicRequest.php ON LINE 67 {"Undefined index: HTTP_SIGN":8} []
[2016-07-01 15:59:09] error.ERROR: 8 IN FILE /Users/zhouhong/xianrou/yaframe/library/Http/BasicRequest.php ON LINE 68 {"Undefined index: HTTP_VERSION":8} []
[2016-07-01 15:59:09] error.ERROR: 8 IN FILE /Users/zhouhong/xianrou/yaframe/library/Http/BasicRequest.php ON LINE 69 {"Undefined index: HTTP_TIMESTAMP":8} []
[2016-07-01 15:59:09] error.ERROR: 8 IN FILE /Users/zhouhong/xianrou/yaframe/application/models/Core/CommonRegion.php ON LINE 24 {"Undefined variable: name":8} []
[2016-07-01 15:59:09] error.ERROR: 8 IN FILE /Users/zhouhong/xianrou/yaframe/library/Http/BasicRequest.php ON LINE 67 {"Undefined index: HTTP_SIGN":8} []
[2016-07-01 15:59:09] error.ERROR: 8 IN FILE /Users/zhouhong/xianrou/yaframe/library/Http/BasicRequest.php ON LINE 68 {"Undefined index: HTTP_VERSION":8} []
[2016-07-01 15:59:09] error.ERROR: 8 IN FILE /Users/zhouhong/xianrou/yaframe/library/Http/BasicRequest.php ON LINE 69 {"Undefined index: HTTP_TIMESTAMP":8} []
[2016-07-01 15:59:09] error.ERROR: 8 IN FILE /Users/zhouhong/xianrou/yaframe/application/models/Core/CommonRegion.php ON LINE 24 {"Undefined variable: name":8} []
[2016-07-01 15:59:31] error.ERROR: 8 IN FILE /Users/zhouhong/xianrou/yaframe/application/Bootstrap.php ON LINE 147 {"Undefined index: ffmpeg":8} []
[2016-07-01 15:59:31] error.ERROR: 8 IN FILE /Users/zhouhong/xianrou/yaframe/application/Bootstrap.php ON LINE 148 {"Undefined index: ffprobe":8} []
[2016-07-01 15:59:31] error.ERROR: 8 IN FILE /Users/zhouhong/xianrou/yaframe/library/Http/BasicRequest.php ON LINE 67 {"Undefined index: HTTP_SIGN":8} []
[2016-07-01 15:59:31] error.ERROR: 8 IN FILE /Users/zhouhong/xianrou/yaframe/library/Http/BasicRequest.php ON LINE 68 {"Undefined index: HTTP_VERSION":8} []
[2016-07-01 15:59:31] error.ERROR: 8 IN FILE /Users/zhouhong/xianrou/yaframe/library/Http/BasicRequest.php ON LINE 69 {"Undefined index: HTTP_TIMESTAMP":8} []
[2016-07-01 15:59:31] error.ERROR: 8 IN FILE /Users/zhouhong/xianrou/yaframe/application/models/Core/CommonRegion.php ON LINE 24 {"Undefined variable: name":8} []
[2016-07-01 15:59:31] error.ERROR: 2 IN FILE /Users/zhouhong/xianrou/yaframe/application/models/Warehouse/ProductInfoData.php ON LINE 293 {"Declaration of Warehouse\\ProductInfoDataModel::getData($uid) should be compatible with Common\\BaseModel::getData($params = Array, $columns = Array, $toArray = true)":2} []
[2016-07-01 15:59:35] error.ERROR: 8 IN FILE /Users/zhouhong/xianrou/yaframe/library/Http/BasicRequest.php ON LINE 67 {"Undefined index: HTTP_SIGN":8} []
[2016-07-01 15:59:35] error.ERROR: 8 IN FILE /Users/zhouhong/xianrou/yaframe/library/Http/BasicRequest.php ON LINE 68 {"Undefined index: HTTP_VERSION":8} []
[2016-07-01 15:59:35] error.ERROR: 8 IN FILE /Users/zhouhong/xianrou/yaframe/library/Http/BasicRequest.php ON LINE 69 {"Undefined index: HTTP_TIMESTAMP":8} []
[2016-07-01 15:59:35] error.ERROR: 8 IN FILE /Users/zhouhong/xianrou/yaframe/application/models/Core/CommonRegion.php ON LINE 24 {"Undefined variable: name":8} []
[2016-07-01 15:59:35] error.ERROR: 8 IN FILE /Users/zhouhong/xianrou/yaframe/library/Http/BasicResponse.php ON LINE 96 {"unserialize(): Error at offset 0 of 29 bytes":8} []
[2016-07-01 15:59:35] error.ERROR: 2 IN FILE /Users/zhouhong/xianrou/yaframe/library/Http/BasicResponse.php ON LINE 101 {"array_merge(): Argument #2 is not an array":2} []
